Execute pipeline with following supplementary args: --smtpPort 25 --listenerMode NOOP --launcherMode FAULT_LOCALIZATION  --gitrepourl https://github.com/INRIA/spoon --gitrepopullrequest 4751
java -cp /usr/local/openjdk-11/lib/tools.jar:repairnator-pipeline.jar -Dlogback.configurationFile=/root/logback.xml fr.inria.spirals.repairnator.pipeline.Launcher -d --runId null -o /var/log --ghOauth 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 --faultLocalization --flacocoThreshold 0.0 --flacocoTopK null --flacocoResultsRepository flacocobot/2022-flacocobot-experiment --ghOauth  --smtpPort 25 --listenerMode NOOP --launcherMode FAULT_LOCALIZATION  --gitrepourl https://github.com/INRIA/spoon --gitrepopullrequest 4751

18:52:25.652 [main] INFO  f.i.s.r.p.g.GithubInitSerializerEngines - Initialize file serializer engines.
18:52:25.653 [main] INFO  f.i.s.r.p.g.GithubInitSerializerEngines - MongoDB won't be used for serialization.
18:52:25.653 [main] INFO  f.i.s.r.p.github.GithubInitNotifiers - The email notifier engine won't be used.
18:52:25.667 [main] INFO  f.i.s.r.p.i.ProjectInspector - ----------------------------------------------------------------------
18:52:25.667 [main] INFO  f.i.s.r.p.i.ProjectInspector - PIPELINE STEPS
18:52:25.667 [main] INFO  f.i.s.r.p.i.ProjectInspector - ----------------------------------------------------------------------
18:52:25.667 [main] INFO  f.i.s.r.p.i.ProjectInspector - CloneCheckoutGitPullRequest
18:52:25.667 [main] INFO  f.i.s.r.p.i.ProjectInspector - BuildProject
18:52:25.667 [main] INFO  f.i.s.r.p.i.ProjectInspector - TestProject
18:52:25.667 [main] INFO  f.i.s.r.p.i.ProjectInspector - ComputeClasspath
18:52:25.667 [main] INFO  f.i.s.r.p.i.ProjectInspector - ComputeSourceDir
18:52:25.667 [main] INFO  f.i.s.r.p.i.ProjectInspector - ComputeTestDir
18:52:25.667 [main] INFO  f.i.s.r.p.i.ProjectInspector - GatherTestInformation
18:52:25.667 [main] INFO  f.i.s.r.p.i.ProjectInspector - FlacocoLocalization
18:52:25.668 [main] INFO  f.i.s.r.p.i.ProjectInspector - PushFaultLocalizationSuggestionsOnGitHubRepository
18:52:25.668 [main] INFO  f.i.s.r.p.s.CloneCheckoutGitPullRequest - Cloning repository https://github.com/INRIA/spoon.git in the following directory: ./workspace/INRIA-spoon-master-4751_repo
18:53:32.226 [Thread-8] ERROR f.i.s.r.p.m.output.MavenErrorHandler - Jun 20, 2022 6:53:32 PM org.junit.jupiter.engine.discovery.MethodSelectorResolver resolve
18:53:32.226 [Thread-8] ERROR f.i.s.r.p.m.output.MavenErrorHandler - WARNING: Possible configuration error: method [public void spoon.test.prettyprinter.TestSniperPrinter.testNoChangeDiff(java.io.File) throws java.io.IOException] resulted in multiple TestDescriptors [org.junit.jupiter.engine.descriptor.TestMethodTestDescriptor, org.junit.jupiter.engine.descriptor.TestTemplateTestDescriptor]. This is typically the result of annotating a method with multiple competing annotations such as @Test, @RepeatedTest, @ParameterizedTest, @TestFactory, etc.
18:53:32.325 [Thread-8] ERROR f.i.s.r.p.m.output.MavenErrorHandler - Jun 20, 2022 6:53:32 PM org.junit.jupiter.engine.discovery.MethodSelectorResolver resolve
18:53:32.325 [Thread-8] ERROR f.i.s.r.p.m.output.MavenErrorHandler - WARNING: Possible configuration error: method [public void spoon.test.prettyprinter.TestSniperPrinter.testNoChangeDiff(java.io.File) throws java.io.IOException] resulted in multiple TestDescriptors [org.junit.jupiter.engine.descriptor.TestMethodTestDescriptor, org.junit.jupiter.engine.descriptor.TestTemplateTestDescriptor]. This is typically the result of annotating a method with multiple competing annotations such as @Test, @RepeatedTest, @ParameterizedTest, @TestFactory, etc.
18:56:22.523 [Thread-7] ERROR f.i.s.r.p.m.o.MavenFilterOutputHandler - [ERROR] Tests run: 4, Failures: 0, Errors: 1, Skipped: 0, Time elapsed: 18.211 s <<< FAILURE! - in spoon.processing.CtGenerationTest
18:56:22.524 [Thread-7] ERROR f.i.s.r.p.m.o.MavenFilterOutputHandler - [ERROR] spoon.processing.CtGenerationTest.testGenerateCloneVisitor  Time elapsed: 4.168 s  <<< ERROR!
18:56:29.895 [Thread-7] ERROR f.i.s.r.p.m.o.MavenFilterOutputHandler - [ERROR] Tests run: 4, Failures: 0, Errors: 2, Skipped: 0, Time elapsed: 6.574 s <<< FAILURE! - in spoon.reflect.visitor.CtScannerTest
18:56:29.896 [Thread-7] ERROR f.i.s.r.p.m.o.MavenFilterOutputHandler - [ERROR] spoon.reflect.visitor.CtScannerTest.testScannerContract  Time elapsed: 1.657 s  <<< ERROR!
18:56:29.904 [Thread-7] ERROR f.i.s.r.p.m.o.MavenFilterOutputHandler - [ERROR] spoon.reflect.visitor.CtScannerTest.testScannerCallsAllProperties  Time elapsed: 4.862 s  <<< ERROR!
18:56:31.493 [Thread-7] ERROR f.i.s.r.p.m.o.MavenFilterOutputHandler - [ERROR] Tests run: 1, Failures: 0, Errors: 1, Skipped: 0, Time elapsed: 1.598 s <<< FAILURE! - in spoon.reflect.visitor.CtInheritanceScannerMethodsTest
18:56:31.494 [Thread-7] ERROR f.i.s.r.p.m.o.MavenFilterOutputHandler - [ERROR] spoon.reflect.visitor.CtInheritanceScannerMethodsTest.testMethodsInInheritanceScanner  Time elapsed: 1.597 s  <<< ERROR!
18:56:33.102 [Thread-7] ERROR f.i.s.r.p.m.o.MavenFilterOutputHandler - [ERROR] Tests run: 90, Failures: 1, Errors: 0, Skipped: 0, Time elapsed: 0.732 s <<< FAILURE! - in spoon.reflect.visitor.CtInheritanceScannerTest
18:56:33.102 [Thread-7] ERROR f.i.s.r.p.m.o.MavenFilterOutputHandler - [ERROR] spoon.reflect.visitor.CtInheritanceScannerTest.createTestcases  Time elapsed: 0.01 s  <<< FAILURE!
18:56:34.697 [Thread-7] ERROR f.i.s.r.p.m.o.MavenFilterOutputHandler - [ERROR] Tests run: 1, Failures: 0, Errors: 1, Skipped: 0, Time elapsed: 1.597 s <<< FAILURE! - in spoon.reflect.visitor.CtVisitorTest
18:56:34.697 [Thread-7] ERROR f.i.s.r.p.m.o.MavenFilterOutputHandler - [ERROR] spoon.reflect.visitor.CtVisitorTest.testMethodsInVisitor  Time elapsed: 1.596 s  <<< ERROR!
18:56:37.936 [Thread-7] ERROR f.i.s.r.p.m.o.MavenFilterOutputHandler - [ERROR] Tests run: 8, Failures: 1, Errors: 0, Skipped: 0, Time elapsed: 3.238 s <<< FAILURE! - in spoon.reflect.ast.CloneTest
18:56:37.936 [Thread-7] ERROR f.i.s.r.p.m.o.MavenFilterOutputHandler - [ERROR] spoon.reflect.ast.CloneTest.testCloneMethodsDeclaredInAST  Time elapsed: 1.578 s  <<< FAILURE!
18:57:19.554 [Thread-7] ERROR f.i.s.r.p.m.o.MavenFilterOutputHandler - [ERROR] Tests run: 27, Failures: 1, Errors: 0, Skipped: 1, Time elapsed: 19.738 s <<< FAILURE! - in spoon.support.visitor.java.JavaReflectionTreeBuilderTest
18:57:19.554 [Thread-7] ERROR f.i.s.r.p.m.o.MavenFilterOutputHandler - [ERROR] spoon.support.visitor.java.JavaReflectionTreeBuilderTest.testShadowModelEqualsNormalModel  Time elapsed: 17.544 s  <<< FAILURE!
18:59:00.500 [Thread-7] ERROR f.i.s.r.p.m.o.MavenFilterOutputHandler - [ERROR] Tests run: 4, Failures: 2, Errors: 0, Skipped: 0, Time elapsed: 98.811 s <<< FAILURE! - in spoon.test.main.MainTest
18:59:00.500 [Thread-7] ERROR f.i.s.r.p.m.o.MavenFilterOutputHandler - [ERROR] spoon.test.main.MainTest.testTest  Time elapsed: 81.535 s  <<< FAILURE!
18:59:00.505 [Thread-7] ERROR f.i.s.r.p.m.o.MavenFilterOutputHandler - [ERROR] spoon.test.main.MainTest.testGenericContract  Time elapsed: 17.214 s  <<< FAILURE!
18:59:16.113 [Thread-7] ERROR f.i.s.r.p.m.o.MavenFilterOutputHandler - [ERROR] Tests run: 132, Failures: 0, Errors: 1, Skipped: 0, Time elapsed: 0.266 s <<< FAILURE! - in spoon.test.intercession.OneCanCallSetterWithNullParameterizedTest
18:59:16.113 [Thread-7] ERROR f.i.s.r.p.m.o.MavenFilterOutputHandler - [ERROR] spoon.test.intercession.OneCanCallSetterWithNullParameterizedTest.createTests  Time elapsed: 0.001 s  <<< ERROR!
19:04:11.499 [Thread-7] ERROR f.i.s.r.p.m.o.MavenFilterOutputHandler - [ERROR] Tests run: 8, Failures: 2, Errors: 1, Skipped: 0, Time elapsed: 283.06 s <<< FAILURE! - in spoon.test.architecture.SpoonArchitectureEnforcerTest
19:04:11.501 [Thread-7] ERROR f.i.s.r.p.m.o.MavenFilterOutputHandler - [ERROR] spoon.test.architecture.SpoonArchitectureEnforcerTest.metamodelPackageRule  Time elapsed: 2.144 s  <<< ERROR!
19:04:11.505 [Thread-7] ERROR f.i.s.r.p.m.o.MavenFilterOutputHandler - [ERROR] spoon.test.architecture.SpoonArchitectureEnforcerTest.testSrcMainJava  Time elapsed: 227.771 s  <<< FAILURE!
19:04:11.510 [Thread-7] ERROR f.i.s.r.p.m.o.MavenFilterOutputHandler - [ERROR] spoon.test.architecture.SpoonArchitectureEnforcerTest.testSpecPackage  Time elapsed: 8.091 s  <<< FAILURE!
19:04:11.692 [Thread-7] ERROR f.i.s.r.p.m.o.MavenFilterOutputHandler - [ERROR] Tests run: 12, Failures: 0, Errors: 1, Skipped: 0, Time elapsed: 0.116 s <<< FAILURE! - in spoon.test.compilationunit.TestCompilationUnit
19:04:11.692 [Thread-7] ERROR f.i.s.r.p.m.o.MavenFilterOutputHandler - [ERROR] spoon.test.compilationunit.TestCompilationUnit.testPrintImport  Time elapsed: 0.016 s  <<< ERROR!
19:04:16.095 [Thread-7] ERROR f.i.s.r.p.m.o.MavenFilterOutputHandler - [ERROR] Tests run: 89, Failures: 1, Errors: 0, Skipped: 0, Time elapsed: 0.073 s <<< FAILURE! - in spoon.test.replace.ReplaceParametrizedTest
19:04:16.096 [Thread-7] ERROR f.i.s.r.p.m.o.MavenFilterOutputHandler - [ERROR] spoon.test.replace.ReplaceParametrizedTest.createTests  Time elapsed: 0 s  <<< FAILURE!
19:04:19.281 [Thread-7] ERROR f.i.s.r.p.m.o.MavenFilterOutputHandler - [ERROR] Tests run: 75, Failures: 1, Errors: 0, Skipped: 0, Time elapsed: 0.031 s <<< FAILURE! - in spoon.test.parent.SetParentTest
19:04:19.282 [Thread-7] ERROR f.i.s.r.p.m.o.MavenFilterOutputHandler - [ERROR] spoon.test.parent.SetParentTest.createReceiverList  Time elapsed: 0 s  <<< FAILURE!
19:04:21.824 [Thread-8] ERROR f.i.s.r.p.m.output.MavenErrorHandler - one contract failed for @spoon.reflect.annotations.PropertySetter(role = spoon.reflect.path.CtRole.SUB_PACKAGE)
19:04:21.824 [Thread-8] ERROR f.i.s.r.p.m.output.MavenErrorHandler - public abstract <T extends spoon.reflect.declaration.CtModule> T setRootPackage(spoon.reflect.declaration.CtPackage arg0);
19:04:23.303 [Thread-7] ERROR f.i.s.r.p.m.o.MavenFilterOutputHandler - [ERROR] Tests run: 75, Failures: 1, Errors: 0, Skipped: 0, Time elapsed: 3.974 s <<< FAILURE! - in spoon.test.parent.ContractOnSettersParametrizedTest
19:04:23.305 [Thread-7] ERROR f.i.s.r.p.m.o.MavenFilterOutputHandler - [ERROR] spoon.test.parent.ContractOnSettersParametrizedTest.data  Time elapsed: 0.026 s  <<< FAILURE!
19:04:27.837 [Thread-7] ERROR f.i.s.r.p.m.o.MavenFilterOutputHandler - [ERROR] Tests run: 14, Failures: 0, Errors: 4, Skipped: 0, Time elapsed: 0.153 s <<< FAILURE! - in spoon.test.snippets.SnippetTest
19:04:27.837 [Thread-7] ERROR f.i.s.r.p.m.o.MavenFilterOutputHandler - [ERROR] spoon.test.snippets.SnippetTest.testCompileAndReplaceSnippetsIn  Time elapsed: 0.006 s  <<< ERROR!
19:04:27.842 [Thread-7] ERROR f.i.s.r.p.m.o.MavenFilterOutputHandler - [ERROR] spoon.test.snippets.SnippetTest.testCompileSnippetsWithCtComment  Time elapsed: 0.004 s  <<< ERROR!
19:04:27.848 [Thread-7] ERROR f.i.s.r.p.m.o.MavenFilterOutputHandler - [ERROR] spoon.test.snippets.SnippetTest.testSnippetCompilationInUnnamedPackage  Time elapsed: 0.005 s  <<< ERROR!
19:04:27.855 [Thread-7] ERROR f.i.s.r.p.m.o.MavenFilterOutputHandler - [ERROR] spoon.test.snippets.SnippetTest.testCommentSnippetCompilation  Time elapsed: 0.005 s  <<< ERROR!
19:04:33.618 [Thread-8] ERROR f.i.s.r.p.m.output.MavenErrorHandler - Jun 20, 2022 7:04:33 PM org.junit.jupiter.engine.descriptor.MethodBasedTestDescriptor lambda$invokeTestWatchers$3
19:04:33.618 [Thread-8] ERROR f.i.s.r.p.m.output.MavenErrorHandler - WARNING: Failed to invoke TestWatcher [spoon.test.GitHubIssue$UnresolvedBugExtension] for method [spoon.test.prettyprinter.TestSniperPrinter#testRoundBracketPrintingInComplexArithmeticExpression()] with display name [testRoundBracketPrintingInComplexArithmeticExpression()]
19:04:33.618 [Thread-8] ERROR f.i.s.r.p.m.output.MavenErrorHandler - org.opentest4j.AssertionFailedError: Method testRoundBracketPrintingInComplexArithmeticExpression must fail
19:04:33.618 [Thread-8] ERROR f.i.s.r.p.m.output.MavenErrorHandler - 	at org.junit.jupiter.api.AssertionUtils.fail(AssertionUtils.java:39)
19:04:33.618 [Thread-8] ERROR f.i.s.r.p.m.output.MavenErrorHandler - 	at org.junit.jupiter.api.Assertions.fail(Assertions.java:134)
19:04:33.618 [Thread-8] ERROR f.i.s.r.p.m.output.MavenErrorHandler - 	at spoon.test.GitHubIssue$UnresolvedBugExtension.testSuccessful(GitHubIssue.java:63)
19:04:33.618 [Thread-8] ERROR f.i.s.r.p.m.output.MavenErrorHandler - 	at org.junit.jupiter.engine.descriptor.TestMethodTestDescriptor.lambda$nodeFinished$15(TestMethodTestDescriptor.java:297)
19:04:33.618 [Thread-8] ERROR f.i.s.r.p.m.output.MavenErrorHandler - 	at org.junit.jupiter.engine.descriptor.MethodBasedTestDescriptor.lambda$invokeTestWatchers$3(MethodBasedTestDescriptor.java:134)
19:04:33.619 [Thread-8] ERROR f.i.s.r.p.m.output.MavenErrorHandler - 	at java.base/java.util.ArrayList.forEach(ArrayList.java:1540)
19:04:33.619 [Thread-8] ERROR f.i.s.r.p.m.output.MavenErrorHandler - 	at org.junit.jupiter.engine.descriptor.MethodBasedTestDescriptor.invokeTestWatchers(MethodBasedTestDescriptor.java:132)
19:04:33.619 [Thread-8] ERROR f.i.s.r.p.m.output.MavenErrorHandler - 	at org.junit.jupiter.engine.descriptor.TestMethodTestDescriptor.nodeFinished(TestMethodTestDescriptor.java:294)
19:04:33.619 [Thread-8] ERROR f.i.s.r.p.m.output.MavenErrorHandler - 	at org.junit.jupiter.engine.descriptor.TestMethodTestDescriptor.nodeFinished(TestMethodTestDescriptor.java:66)
19:04:33.619 [Thread-8] ERROR f.i.s.r.p.m.output.MavenErrorHandler - 	at org.junit.platform.engine.support.hierarchical.NodeTestTask.reportCompletion(NodeTestTask.java:188)
19:04:33.619 [Thread-8] ERROR f.i.s.r.p.m.output.MavenErrorHandler - 	at org.junit.platform.engine.support.hierarchical.NodeTestTask.execute(NodeTestTask.java:100)
19:04:33.619 [Thread-8] ERROR f.i.s.r.p.m.output.MavenErrorHandler - 	at java.base/java.util.ArrayList.forEach(ArrayList.java:1540)
19:04:33.619 [Thread-8] ERROR f.i.s.r.p.m.output.MavenErrorHandler - 	at org.junit.platform.engine.support.hierarchical.SameThreadHierarchicalTestExecutorService.invokeAll(SameThreadHierarchicalTestExecutorService.java:41)
19:04:33.619 [Thread-8] ERROR f.i.s.r.p.m.output.MavenErrorHandler - 	at org.junit.platform.engine.support.hierarchical.NodeTestTask.lambda$executeRecursively$6(NodeTestTask.java:155)
19:04:33.619 [Thread-8] ERROR f.i.s.r.p.m.output.MavenErrorHandler - 	at org.junit.platform.engine.support.hierarchical.ThrowableCollector.execute(ThrowableCollector.java:73)
19:04:33.619 [Thread-8] ERROR f.i.s.r.p.m.output.MavenErrorHandler - 	at org.junit.platform.engine.support.hierarchical.NodeTestTask.lambda$executeRecursively$8(NodeTestTask.java:141)
19:04:33.619 [Thread-8] ERROR f.i.s.r.p.m.output.MavenErrorHandler - 	at org.junit.platform.engine.support.hierarchical.Node.around(Node.java:137)
19:04:33.619 [Thread-8] ERROR f.i.s.r.p.m.output.MavenErrorHandler - 	at org.junit.platform.engine.support.hierarchical.NodeTestTask.lambda$executeRecursively$9(NodeTestTask.java:139)
19:04:33.620 [Thread-8] ERROR f.i.s.r.p.m.output.MavenErrorHandler - 	at org.junit.platform.engine.support.hierarchical.ThrowableCollector.execute(ThrowableCollector.java:73)
19:04:33.620 [Thread-8] ERROR f.i.s.r.p.m.output.MavenErrorHandler - 	at org.junit.platform.engine.support.hierarchical.NodeTestTask.executeRecursively(NodeTestTask.java:138)
19:04:33.620 [Thread-8] ERROR f.i.s.r.p.m.output.MavenErrorHandler - 	at org.junit.platform.engine.support.hierarchical.NodeTestTask.execute(NodeTestTask.java:95)
19:04:33.620 [Thread-8] ERROR f.i.s.r.p.m.output.MavenErrorHandler - 	at java.base/java.util.ArrayList.forEach(ArrayList.java:1540)
19:04:33.620 [Thread-8] ERROR f.i.s.r.p.m.output.MavenErrorHandler - 	at org.junit.platform.engine.support.hierarchical.SameThreadHierarchicalTestExecutorService.invokeAll(SameThreadHierarchicalTestExecutorService.java:41)
19:04:33.620 [Thread-8] ERROR f.i.s.r.p.m.output.MavenErrorHandler - 	at org.junit.platform.engine.support.hierarchical.NodeTestTask.lambda$executeRecursively$6(NodeTestTask.java:155)
19:04:33.620 [Thread-8] ERROR f.i.s.r.p.m.output.MavenErrorHandler - 	at org.junit.platform.engine.support.hierarchical.ThrowableCollector.execute(ThrowableCollector.java:73)
19:04:33.620 [Thread-8] ERROR f.i.s.r.p.m.output.MavenErrorHandler - 	at org.junit.platform.engine.support.hierarchical.NodeTestTask.lambda$executeRecursively$8(NodeTestTask.java:141)
19:04:33.620 [Thread-8] ERROR f.i.s.r.p.m.output.MavenErrorHandler - 	at org.junit.platform.engine.support.hierarchical.Node.around(Node.java:137)
19:04:33.620 [Thread-8] ERROR f.i.s.r.p.m.output.MavenErrorHandler - 	at org.junit.platform.engine.support.hierarchical.NodeTestTask.lambda$executeRecursively$9(NodeTestTask.java:139)
19:04:33.620 [Thread-8] ERROR f.i.s.r.p.m.output.MavenErrorHandler - 	at org.junit.platform.engine.support.hierarchical.ThrowableCollector.execute(ThrowableCollector.java:73)
19:04:33.620 [Thread-8] ERROR f.i.s.r.p.m.output.MavenErrorHandler - 	at org.junit.platform.engine.support.hierarchical.NodeTestTask.executeRecursively(NodeTestTask.java:138)
19:04:33.620 [Thread-8] ERROR f.i.s.r.p.m.output.MavenErrorHandler - 	at org.junit.platform.engine.support.hierarchical.NodeTestTask.execute(NodeTestTask.java:95)
19:04:33.621 [Thread-8] ERROR f.i.s.r.p.m.output.MavenErrorHandler - 	at org.junit.platform.engine.support.hierarchical.SameThreadHierarchicalTestExecutorService.submit(SameThreadHierarchicalTestExecutorService.java:35)
19:04:33.621 [Thread-8] ERROR f.i.s.r.p.m.output.MavenErrorHandler - 	at org.junit.platform.engine.support.hierarchical.HierarchicalTestExecutor.execute(HierarchicalTestExecutor.java:57)
19:04:33.621 [Thread-8] ERROR f.i.s.r.p.m.output.MavenErrorHandler - 	at org.junit.platform.engine.support.hierarchical.HierarchicalTestEngine.execute(HierarchicalTestEngine.java:54)
19:04:33.621 [Thread-8] ERROR f.i.s.r.p.m.output.MavenErrorHandler - 	at org.junit.platform.launcher.core.EngineExecutionOrchestrator.execute(EngineExecutionOrchestrator.java:107)
19:04:33.621 [Thread-8] ERROR f.i.s.r.p.m.output.MavenErrorHandler - 	at org.junit.platform.launcher.core.EngineExecutionOrchestrator.execute(EngineExecutionOrchestrator.java:88)
19:04:33.621 [Thread-8] ERROR f.i.s.r.p.m.output.MavenErrorHandler - 	at org.junit.platform.launcher.core.EngineExecutionOrchestrator.lambda$execute$0(EngineExecutionOrchestrator.java:54)
19:04:33.621 [Thread-8] ERROR f.i.s.r.p.m.output.MavenErrorHandler - 	at org.junit.platform.launcher.core.EngineExecutionOrchestrator.withInterceptedStreams(EngineExecutionOrchestrator.java:67)
19:04:33.621 [Thread-8] ERROR f.i.s.r.p.m.output.MavenErrorHandler - 	at org.junit.platform.launcher.core.EngineExecutionOrchestrator.execute(EngineExecutionOrchestrator.java:52)
19:04:33.621 [Thread-8] ERROR f.i.s.r.p.m.output.MavenErrorHandler - 	at org.junit.platform.launcher.core.DefaultLauncher.execute(DefaultLauncher.java:114)
19:04:33.622 [Thread-8] ERROR f.i.s.r.p.m.output.MavenErrorHandler - 	at org.junit.platform.launcher.core.DefaultLauncher.execute(DefaultLauncher.java:86)
19:04:33.622 [Thread-8] ERROR f.i.s.r.p.m.output.MavenErrorHandler - 	at org.junit.platform.launcher.core.DefaultLauncherSession$DelegatingLauncher.execute(DefaultLauncherSession.java:86)
19:04:33.622 [Thread-8] ERROR f.i.s.r.p.m.output.MavenErrorHandler - 	at org.apache.maven.surefire.junitplatform.LazyLauncher.execute(LazyLauncher.java:55)
19:04:33.622 [Thread-8] ERROR f.i.s.r.p.m.output.MavenErrorHandler - 	at org.apache.maven.surefire.junitplatform.JUnitPlatformProvider.execute(JUnitPlatformProvider.java:223)
19:04:33.622 [Thread-8] ERROR f.i.s.r.p.m.output.MavenErrorHandler - 	at org.apache.maven.surefire.junitplatform.JUnitPlatformProvider.invokeAllTests(JUnitPlatformProvider.java:175)
19:04:33.622 [Thread-8] ERROR f.i.s.r.p.m.output.MavenErrorHandler - 	at org.apache.maven.surefire.junitplatform.JUnitPlatformProvider.invoke(JUnitPlatformProvider.java:139)
19:04:33.622 [Thread-8] ERROR f.i.s.r.p.m.output.MavenErrorHandler - 	at org.apache.maven.surefire.booter.ForkedBooter.runSuitesInProcess(ForkedBooter.java:456)
19:04:33.622 [Thread-8] ERROR f.i.s.r.p.m.output.MavenErrorHandler - 	at org.apache.maven.surefire.booter.ForkedBooter.execute(ForkedBooter.java:169)
19:04:33.622 [Thread-8] ERROR f.i.s.r.p.m.output.MavenErrorHandler - 	at org.apache.maven.surefire.booter.ForkedBooter.run(ForkedBooter.java:595)
19:04:33.622 [Thread-8] ERROR f.i.s.r.p.m.output.MavenErrorHandler - 	at org.apache.maven.surefire.booter.ForkedBooter.main(ForkedBooter.java:581)
19:04:33.622 [Thread-8] ERROR f.i.s.r.p.m.output.MavenErrorHandler - 
19:04:33.759 [Thread-8] ERROR f.i.s.r.p.m.output.MavenErrorHandler - Jun 20, 2022 7:04:33 PM org.junit.jupiter.engine.descriptor.MethodBasedTestDescriptor lambda$invokeTestWatchers$3
19:04:33.760 [Thread-8] ERROR f.i.s.r.p.m.output.MavenErrorHandler - WARNING: Failed to invoke TestWatcher [spoon.test.GitHubIssue$UnresolvedBugExtension] for method [spoon.test.prettyprinter.TestSniperPrinter#testNoChangeDiff(java.io.File)] with display name [[2] src/test/java/spoon/test/prettyprinter/testclasses/difftest/ExceptionTest.java]
19:04:33.760 [Thread-8] ERROR f.i.s.r.p.m.output.MavenErrorHandler - org.opentest4j.AssertionFailedError: Method testNoChangeDiff must fail
19:04:33.760 [Thread-8] ERROR f.i.s.r.p.m.output.MavenErrorHandler - 	at org.junit.jupiter.api.AssertionUtils.fail(AssertionUtils.java:39)
19:04:33.760 [Thread-8] ERROR f.i.s.r.p.m.output.MavenErrorHandler - 	at org.junit.jupiter.api.Assertions.fail(Assertions.java:134)
19:04:33.760 [Thread-8] ERROR f.i.s.r.p.m.output.MavenErrorHandler - 	at spoon.test.GitHubIssue$UnresolvedBugExtension.testSuccessful(GitHubIssue.java:63)
19:04:33.760 [Thread-8] ERROR f.i.s.r.p.m.output.MavenErrorHandler - 	at org.junit.jupiter.engine.descriptor.TestMethodTestDescriptor.lambda$nodeFinished$15(TestMethodTestDescriptor.java:297)
19:04:33.760 [Thread-8] ERROR f.i.s.r.p.m.output.MavenErrorHandler - 	at org.junit.jupiter.engine.descriptor.MethodBasedTestDescriptor.lambda$invokeTestWatchers$3(MethodBasedTestDescriptor.java:134)
19:04:33.760 [Thread-8] ERROR f.i.s.r.p.m.output.MavenErrorHandler - 	at java.base/java.util.ArrayList.forEach(ArrayList.java:1540)
19:04:33.760 [Thread-8] ERROR f.i.s.r.p.m.output.MavenErrorHandler - 	at org.junit.jupiter.engine.descriptor.MethodBasedTestDescriptor.invokeTestWatchers(MethodBasedTestDescriptor.java:132)
19:04:33.760 [Thread-8] ERROR f.i.s.r.p.m.output.MavenErrorHandler - 	at org.junit.jupiter.engine.descriptor.TestMethodTestDescriptor.nodeFinished(TestMethodTestDescriptor.java:294)
19:04:33.760 [Thread-8] ERROR f.i.s.r.p.m.output.MavenErrorHandler - 	at org.junit.jupiter.engine.descriptor.TestMethodTestDescriptor.nodeFinished(TestMethodTestDescriptor.java:66)
19:04:33.760 [Thread-8] ERROR f.i.s.r.p.m.output.MavenErrorHandler - 	at org.junit.platform.engine.support.hierarchical.NodeTestTask.reportCompletion(NodeTestTask.java:188)
19:04:33.760 [Thread-8] ERROR f.i.s.r.p.m.output.MavenErrorHandler - 	at org.junit.platform.engine.support.hierarchical.NodeTestTask.execute(NodeTestTask.java:100)
19:04:33.760 [Thread-8] ERROR f.i.s.r.p.m.output.MavenErrorHandler - 	at org.junit.platform.engine.support.hierarchical.SameThreadHierarchicalTestExecutorService.submit(SameThreadHierarchicalTestExecutorService.java:35)
19:04:33.760 [Thread-8] ERROR f.i.s.r.p.m.output.MavenErrorHandler - 	at org.junit.platform.engine.support.hierarchical.NodeTestTask$DefaultDynamicTestExecutor.execute(NodeTestTask.java:226)
19:04:33.760 [Thread-8] ERROR f.i.s.r.p.m.output.MavenErrorHandler - 	at org.junit.platform.engine.support.hierarchical.NodeTestTask$DefaultDynamicTestExecutor.execute(NodeTestTask.java:204)
19:04:33.760 [Thread-8] ERROR f.i.s.r.p.m.output.MavenErrorHandler - 	at org.junit.jupiter.engine.descriptor.TestTemplateTestDescriptor.execute(TestTemplateTestDescriptor.java:139)
19:04:33.761 [Thread-8] ERROR f.i.s.r.p.m.output.MavenErrorHandler - 	at org.junit.jupiter.engine.descriptor.TestTemplateTestDescriptor.lambda$execute$2(TestTemplateTestDescriptor.java:107)
19:04:33.761 [Thread-8] ERROR f.i.s.r.p.m.output.MavenErrorHandler - 	at java.base/java.util.stream.ForEachOps$ForEachOp$OfRef.accept(ForEachOps.java:183)
19:04:33.761 [Thread-8] ERROR f.i.s.r.p.m.output.MavenErrorHandler - 	at java.base/java.util.stream.ReferencePipeline$3$1.accept(ReferencePipeline.java:195)
19:04:33.761 [Thread-8] ERROR f.i.s.r.p.m.output.MavenErrorHandler - 	at java.base/java.util.stream.ReferencePipeline$2$1.accept(ReferencePipeline.java:177)
19:04:33.761 [Thread-8] ERROR f.i.s.r.p.m.output.MavenErrorHandler - 	at java.base/java.util.stream.ReferencePipeline$3$1.accept(ReferencePipeline.java:195)
19:04:33.761 [Thread-8] ERROR f.i.s.r.p.m.output.MavenErrorHandler - 	at java.base/java.util.stream.ForEachOps$ForEachOp$OfRef.accept(ForEachOps.java:183)
19:04:33.761 [Thread-8] ERROR f.i.s.r.p.m.output.MavenErrorHandler - 	at java.base/java.util.stream.ReferencePipeline$3$1.accept(ReferencePipeline.java:195)
19:04:33.761 [Thread-8] ERROR f.i.s.r.p.m.output.MavenErrorHandler - 	at java.base/java.util.stream.ReferencePipeline$3$1.accept(ReferencePipeline.java:195)
19:04:33.761 [Thread-8] ERROR f.i.s.r.p.m.output.MavenErrorHandler - 	at java.base/java.util.stream.ReferencePipeline$3$1.accept(ReferencePipeline.java:195)
19:04:33.761 [Thread-8] ERROR f.i.s.r.p.m.output.MavenErrorHandler - 	at java.base/java.util.stream.ForEachOps$ForEachOp$OfRef.accept(ForEachOps.java:183)
19:04:33.761 [Thread-8] ERROR f.i.s.r.p.m.output.MavenErrorHandler - 	at java.base/java.util.stream.ReferencePipeline$3$1.accept(ReferencePipeline.java:195)
19:04:33.761 [Thread-8] ERROR f.i.s.r.p.m.output.MavenErrorHandler - 	at java.base/java.util.ArrayList$ArrayListSpliterator.forEachRemaining(ArrayList.java:1654)
19:04:33.761 [Thread-8] ERROR f.i.s.r.p.m.output.MavenErrorHandler - 	at java.base/java.util.stream.ReferencePipeline$Head.forEach(ReferencePipeline.java:658)
19:04:33.761 [Thread-8] ERROR f.i.s.r.p.m.output.MavenErrorHandler - 	at java.base/java.util.stream.ReferencePipeline$7$1.accept(ReferencePipeline.java:274)
19:04:33.761 [Thread-8] ERROR f.i.s.r.p.m.output.MavenErrorHandler - 	at java.base/java.util.stream.ReferencePipeline$3$1.accept(ReferencePipeline.java:195)
19:04:33.761 [Thread-8] ERROR f.i.s.r.p.m.output.MavenErrorHandler - 	at java.base/java.util.stream.ReferencePipeline$3$1.accept(ReferencePipeline.java:195)
19:04:33.761 [Thread-8] ERROR f.i.s.r.p.m.output.MavenErrorHandler - 	at java.base/java.util.Spliterators$ArraySpliterator.forEachRemaining(Spliterators.java:948)
19:04:33.761 [Thread-8] ERROR f.i.s.r.p.m.output.MavenErrorHandler - 	at java.base/java.util.stream.AbstractPipeline.copyInto(AbstractPipeline.java:484)
19:04:33.761 [Thread-8] ERROR f.i.s.r.p.m.output.MavenErrorHandler - 	at java.base/java.util.stream.AbstractPipeline.wrapAndCopyInto(AbstractPipeline.java:474)
19:04:33.761 [Thread-8] ERROR f.i.s.r.p.m.output.MavenErrorHandler - 	at java.base/java.util.stream.ForEachOps$ForEachOp.evaluateSequential(ForEachOps.java:150)
19:04:33.761 [Thread-8] ERROR f.i.s.r.p.m.output.MavenErrorHandler - 	at java.base/java.util.stream.ForEachOps$ForEachOp$OfRef.evaluateSequential(ForEachOps.java:173)
19:04:33.761 [Thread-8] ERROR f.i.s.r.p.m.output.MavenErrorHandler - 	at java.base/java.util.stream.AbstractPipeline.evaluate(AbstractPipeline.java:234)
19:04:33.761 [Thread-8] ERROR f.i.s.r.p.m.output.MavenErrorHandler - 	at java.base/java.util.stream.ReferencePipeline.forEach(ReferencePipeline.java:497)
19:04:33.761 [Thread-8] ERROR f.i.s.r.p.m.output.MavenErrorHandler - 	at java.base/java.util.stream.ReferencePipeline$7$1.accept(ReferencePipeline.java:274)
19:04:33.761 [Thread-8] ERROR f.i.s.r.p.m.output.MavenErrorHandler - 	at java.base/java.util.stream.ReferencePipeline$3$1.accept(ReferencePipeline.java:195)
19:04:33.761 [Thread-8] ERROR f.i.s.r.p.m.output.MavenErrorHandler - 	at java.base/java.util.stream.ReferencePipeline$3$1.accept(ReferencePipeline.java:195)
19:04:33.761 [Thread-8] ERROR f.i.s.r.p.m.output.MavenErrorHandler - 	at java.base/java.util.stream.ReferencePipeline$3$1.accept(ReferencePipeline.java:195)
19:04:33.761 [Thread-8] ERROR f.i.s.r.p.m.output.MavenErrorHandler - 	at java.base/java.util.ArrayList$ArrayListSpliterator.forEachRemaining(ArrayList.java:1654)
19:04:33.761 [Thread-8] ERROR f.i.s.r.p.m.output.MavenErrorHandler - 	at java.base/java.util.stream.AbstractPipeline.copyInto(AbstractPipeline.java:484)
19:04:33.761 [Thread-8] ERROR f.i.s.r.p.m.output.MavenErrorHandler - 	at java.base/java.util.stream.AbstractPipeline.wrapAndCopyInto(AbstractPipeline.java:474)
19:04:33.761 [Thread-8] ERROR f.i.s.r.p.m.output.MavenErrorHandler - 	at java.base/java.util.stream.ForEachOps$ForEachOp.evaluateSequential(ForEachOps.java:150)
19:04:33.761 [Thread-8] ERROR f.i.s.r.p.m.output.MavenErrorHandler - 	at java.base/java.util.stream.ForEachOps$ForEachOp$OfRef.evaluateSequential(ForEachOps.java:173)
19:04:33.761 [Thread-8] ERROR f.i.s.r.p.m.output.MavenErrorHandler - 	at java.base/java.util.stream.AbstractPipeline.evaluate(AbstractPipeline.java:234)
19:04:33.762 [Thread-8] ERROR f.i.s.r.p.m.output.MavenErrorHandler - 	at java.base/java.util.stream.ReferencePipeline.forEach(ReferencePipeline.java:497)
19:04:33.762 [Thread-8] ERROR f.i.s.r.p.m.output.MavenErrorHandler - 	at java.base/java.util.stream.ReferencePipeline$7$1.accept(ReferencePipeline.java:274)
19:04:33.762 [Thread-8] ERROR f.i.s.r.p.m.output.MavenErrorHandler - 	at java.base/java.util.ArrayList$ArrayListSpliterator.forEachRemaining(ArrayList.java:1654)
19:04:33.762 [Thread-8] ERROR f.i.s.r.p.m.output.MavenErrorHandler - 	at java.base/java.util.stream.AbstractPipeline.copyInto(AbstractPipeline.java:484)
19:04:33.762 [Thread-8] ERROR f.i.s.r.p.m.output.MavenErrorHandler - 	at java.base/java.util.stream.AbstractPipeline.wrapAndCopyInto(AbstractPipeline.java:474)
19:04:33.762 [Thread-8] ERROR f.i.s.r.p.m.output.MavenErrorHandler - 	at java.base/java.util.stream.ForEachOps$ForEachOp.evaluateSequential(ForEachOps.java:150)
19:04:33.762 [Thread-8] ERROR f.i.s.r.p.m.output.MavenErrorHandler - 	at java.base/java.util.stream.ForEachOps$ForEachOp$OfRef.evaluateSequential(ForEachOps.java:173)
19:04:33.762 [Thread-8] ERROR f.i.s.r.p.m.output.MavenErrorHandler - 	at java.base/java.util.stream.AbstractPipeline.evaluate(AbstractPipeline.java:234)
19:04:33.762 [Thread-8] ERROR f.i.s.r.p.m.output.MavenErrorHandler - 	at java.base/java.util.stream.ReferencePipeline.forEach(ReferencePipeline.java:497)
19:04:33.762 [Thread-8] ERROR f.i.s.r.p.m.output.MavenErrorHandler - 	at org.junit.jupiter.engine.descriptor.TestTemplateTestDescriptor.execute(TestTemplateTestDescriptor.java:107)
19:04:33.762 [Thread-8] ERROR f.i.s.r.p.m.output.MavenErrorHandler - 	at org.junit.jupiter.engine.descriptor.TestTemplateTestDescriptor.execute(TestTemplateTestDescriptor.java:42)
19:04:33.763 [Thread-8] ERROR f.i.s.r.p.m.output.MavenErrorHandler - 	at org.junit.platform.engine.support.hierarchical.NodeTestTask.lambda$executeRecursively$6(NodeTestTask.java:151)
19:04:33.763 [Thread-8] ERROR f.i.s.r.p.m.output.MavenErrorHandler - 	at org.junit.platform.engine.support.hierarchical.ThrowableCollector.execute(ThrowableCollector.java:73)
19:04:33.763 [Thread-8] ERROR f.i.s.r.p.m.output.MavenErrorHandler - 	at org.junit.platform.engine.support.hierarchical.NodeTestTask.lambda$executeRecursively$8(NodeTestTask.java:141)
19:04:33.763 [Thread-8] ERROR f.i.s.r.p.m.output.MavenErrorHandler - 	at org.junit.platform.engine.support.hierarchical.Node.around(Node.java:137)
19:04:33.763 [Thread-8] ERROR f.i.s.r.p.m.output.MavenErrorHandler - 	at org.junit.platform.engine.support.hierarchical.NodeTestTask.lambda$executeRecursively$9(NodeTestTask.java:139)
19:04:33.763 [Thread-8] ERROR f.i.s.r.p.m.output.MavenErrorHandler - 	at org.junit.platform.engine.support.hierarchical.ThrowableCollector.execute(ThrowableCollector.java:73)
19:04:33.763 [Thread-8] ERROR f.i.s.r.p.m.output.MavenErrorHandler - 	at org.junit.platform.engine.support.hierarchical.NodeTestTask.executeRecursively(NodeTestTask.java:138)
19:04:33.763 [Thread-8] ERROR f.i.s.r.p.m.output.MavenErrorHandler - 	at org.junit.platform.engine.support.hierarchical.NodeTestTask.execute(NodeTestTask.java:95)
19:04:33.763 [Thread-8] ERROR f.i.s.r.p.m.output.MavenErrorHandler - 	at java.base/java.util.ArrayList.forEach(ArrayList.java:1540)
19:04:33.763 [Thread-8] ERROR f.i.s.r.p.m.output.MavenErrorHandler - 	at org.junit.platform.engine.support.hierarchical.SameThreadHierarchicalTestExecutorService.invokeAll(SameThreadHierarchicalTestExecutorService.java:41)
19:04:33.763 [Thread-8] ERROR f.i.s.r.p.m.output.MavenErrorHandler - 	at org.junit.platform.engine.support.hierarchical.NodeTestTask.lambda$executeRecursively$6(NodeTestTask.java:155)
19:04:33.763 [Thread-8] ERROR f.i.s.r.p.m.output.MavenErrorHandler - 	at org.junit.platform.engine.support.hierarchical.ThrowableCollector.execute(ThrowableCollector.java:73)
19:04:33.763 [Thread-8] ERROR f.i.s.r.p.m.output.MavenErrorHandler - 	at org.junit.platform.engine.support.hierarchical.NodeTestTask.lambda$executeRecursively$8(NodeTestTask.java:141)
19:04:33.763 [Thread-8] ERROR f.i.s.r.p.m.output.MavenErrorHandler - 	at org.junit.platform.engine.support.hierarchical.Node.around(Node.java:137)
19:04:33.763 [Thread-8] ERROR f.i.s.r.p.m.output.MavenErrorHandler - 	at org.junit.platform.engine.support.hierarchical.NodeTestTask.lambda$executeRecursively$9(NodeTestTask.java:139)
19:04:33.763 [Thread-8] ERROR f.i.s.r.p.m.output.MavenErrorHandler - 	at org.junit.platform.engine.support.hierarchical.ThrowableCollector.execute(ThrowableCollector.java:73)
19:04:33.763 [Thread-8] ERROR f.i.s.r.p.m.output.MavenErrorHandler - 	at org.junit.platform.engine.support.hierarchical.NodeTestTask.executeRecursively(NodeTestTask.java:138)
19:04:33.763 [Thread-8] ERROR f.i.s.r.p.m.output.MavenErrorHandler - 	at org.junit.platform.engine.support.hierarchical.NodeTestTask.execute(NodeTestTask.java:95)
19:04:33.763 [Thread-8] ERROR f.i.s.r.p.m.output.MavenErrorHandler - 	at java.base/java.util.ArrayList.forEach(ArrayList.java:1540)
19:04:33.763 [Thread-8] ERROR f.i.s.r.p.m.output.MavenErrorHandler - 	at org.junit.platform.engine.support.hierarchical.SameThreadHierarchicalTestExecutorService.invokeAll(SameThreadHierarchicalTestExecutorService.java:41)
19:04:33.764 [Thread-8] ERROR f.i.s.r.p.m.output.MavenErrorHandler - 	at org.junit.platform.engine.support.hierarchical.NodeTestTask.lambda$executeRecursively$6(NodeTestTask.java:155)
19:04:33.764 [Thread-8] ERROR f.i.s.r.p.m.output.MavenErrorHandler - 	at org.junit.platform.engine.support.hierarchical.ThrowableCollector.execute(ThrowableCollector.java:73)
19:04:33.764 [Thread-8] ERROR f.i.s.r.p.m.output.MavenErrorHandler - 	at org.junit.platform.engine.support.hierarchical.NodeTestTask.lambda$executeRecursively$8(NodeTestTask.java:141)
19:04:33.764 [Thread-8] ERROR f.i.s.r.p.m.output.MavenErrorHandler - 	at org.junit.platform.engine.support.hierarchical.Node.around(Node.java:137)
19:04:33.764 [Thread-8] ERROR f.i.s.r.p.m.output.MavenErrorHandler - 	at org.junit.platform.engine.support.hierarchical.NodeTestTask.lambda$executeRecursively$9(NodeTestTask.java:139)
19:04:33.764 [Thread-8] ERROR f.i.s.r.p.m.output.MavenErrorHandler - 	at org.junit.platform.engine.support.hierarchical.ThrowableCollector.execute(ThrowableCollector.java:73)
19:04:33.764 [Thread-8] ERROR f.i.s.r.p.m.output.MavenErrorHandler - 	at org.junit.platform.engine.support.hierarchical.NodeTestTask.executeRecursively(NodeTestTask.java:138)
19:04:33.764 [Thread-8] ERROR f.i.s.r.p.m.output.MavenErrorHandler - 	at org.junit.platform.engine.support.hierarchical.NodeTestTask.execute(NodeTestTask.java:95)
19:04:33.764 [Thread-8] ERROR f.i.s.r.p.m.output.MavenErrorHandler - 	at org.junit.platform.engine.support.hierarchical.SameThreadHierarchicalTestExecutorService.submit(SameThreadHierarchicalTestExecutorService.java:35)
19:04:33.764 [Thread-8] ERROR f.i.s.r.p.m.output.MavenErrorHandler - 	at org.junit.platform.engine.support.hierarchical.HierarchicalTestExecutor.execute(HierarchicalTestExecutor.java:57)
19:04:33.764 [Thread-8] ERROR f.i.s.r.p.m.output.MavenErrorHandler - 	at org.junit.platform.engine.support.hierarchical.HierarchicalTestEngine.execute(HierarchicalTestEngine.java:54)
19:04:33.764 [Thread-8] ERROR f.i.s.r.p.m.output.MavenErrorHandler - 	at org.junit.platform.launcher.core.EngineExecutionOrchestrator.execute(EngineExecutionOrchestrator.java:107)
19:04:33.764 [Thread-8] ERROR f.i.s.r.p.m.output.MavenErrorHandler - 	at org.junit.platform.launcher.core.EngineExecutionOrchestrator.execute(EngineExecutionOrchestrator.java:88)
19:04:33.764 [Thread-8] ERROR f.i.s.r.p.m.output.MavenErrorHandler - 	at org.junit.platform.launcher.core.EngineExecutionOrchestrator.lambda$execute$0(EngineExecutionOrchestrator.java:54)
19:04:33.764 [Thread-8] ERROR f.i.s.r.p.m.output.MavenErrorHandler - 	at org.junit.platform.launcher.core.EngineExecutionOrchestrator.withInterceptedStreams(EngineExecutionOrchestrator.java:67)
19:04:33.764 [Thread-8] ERROR f.i.s.r.p.m.output.MavenErrorHandler - 	at org.junit.platform.launcher.core.EngineExecutionOrchestrator.execute(EngineExecutionOrchestrator.java:52)
19:04:33.764 [Thread-8] ERROR f.i.s.r.p.m.output.MavenErrorHandler - 	at org.junit.platform.launcher.core.DefaultLauncher.execute(DefaultLauncher.java:114)
19:04:33.764 [Thread-8] ERROR f.i.s.r.p.m.output.MavenErrorHandler - 	at org.junit.platform.launcher.core.DefaultLauncher.execute(DefaultLauncher.java:86)
19:04:33.764 [Thread-8] ERROR f.i.s.r.p.m.output.MavenErrorHandler - 	at org.junit.platform.launcher.core.DefaultLauncherSession$DelegatingLauncher.execute(DefaultLauncherSession.java:86)
19:04:33.764 [Thread-8] ERROR f.i.s.r.p.m.output.MavenErrorHandler - 	at org.apache.maven.surefire.junitplatform.LazyLauncher.execute(LazyLauncher.java:55)
19:04:33.764 [Thread-8] ERROR f.i.s.r.p.m.output.MavenErrorHandler - 	at org.apache.maven.surefire.junitplatform.JUnitPlatformProvider.execute(JUnitPlatformProvider.java:223)
19:04:33.764 [Thread-8] ERROR f.i.s.r.p.m.output.MavenErrorHandler - 	at org.apache.maven.surefire.junitplatform.JUnitPlatformProvider.invokeAllTests(JUnitPlatformProvider.java:175)
19:04:33.764 [Thread-8] ERROR f.i.s.r.p.m.output.MavenErrorHandler - 	at org.apache.maven.surefire.junitplatform.JUnitPlatformProvider.invoke(JUnitPlatformProvider.java:139)
19:04:33.764 [Thread-8] ERROR f.i.s.r.p.m.output.MavenErrorHandler - 	at org.apache.maven.surefire.booter.ForkedBooter.runSuitesInProcess(ForkedBooter.java:456)
19:04:33.764 [Thread-8] ERROR f.i.s.r.p.m.output.MavenErrorHandler - 	at org.apache.maven.surefire.booter.ForkedBooter.execute(ForkedBooter.java:169)
19:04:33.764 [Thread-8] ERROR f.i.s.r.p.m.output.MavenErrorHandler - 	at org.apache.maven.surefire.booter.ForkedBooter.run(ForkedBooter.java:595)
19:04:33.764 [Thread-8] ERROR f.i.s.r.p.m.output.MavenErrorHandler - 	at org.apache.maven.surefire.booter.ForkedBooter.main(ForkedBooter.java:581)
19:04:33.765 [Thread-8] ERROR f.i.s.r.p.m.output.MavenErrorHandler - 
19:04:33.999 [Thread-8] ERROR f.i.s.r.p.m.output.MavenErrorHandler - Jun 20, 2022 7:04:33 PM org.junit.jupiter.engine.descriptor.MethodBasedTestDescriptor lambda$invokeTestWatchers$3
19:04:33.999 [Thread-8] ERROR f.i.s.r.p.m.output.MavenErrorHandler - WARNING: Failed to invoke TestWatcher [spoon.test.GitHubIssue$UnresolvedBugExtension] for method [spoon.test.prettyprinter.TestSniperPrinter#testSniperDoesNotPrintTheDeletedAnnotation()] with display name [testSniperDoesNotPrintTheDeletedAnnotation()]
19:04:33.999 [Thread-8] ERROR f.i.s.r.p.m.output.MavenErrorHandler - org.opentest4j.AssertionFailedError: Method testSniperDoesNotPrintTheDeletedAnnotation must fail
19:04:33.999 [Thread-8] ERROR f.i.s.r.p.m.output.MavenErrorHandler - 	at org.junit.jupiter.api.AssertionUtils.fail(AssertionUtils.java:39)
19:04:33.999 [Thread-8] ERROR f.i.s.r.p.m.output.MavenErrorHandler - 	at org.junit.jupiter.api.Assertions.fail(Assertions.java:134)
19:04:33.999 [Thread-8] ERROR f.i.s.r.p.m.output.MavenErrorHandler - 	at spoon.test.GitHubIssue$UnresolvedBugExtension.testSuccessful(GitHubIssue.java:63)
19:04:33.999 [Thread-8] ERROR f.i.s.r.p.m.output.MavenErrorHandler - 	at org.junit.jupiter.engine.descriptor.TestMethodTestDescriptor.lambda$nodeFinished$15(TestMethodTestDescriptor.java:297)
19:04:33.999 [Thread-8] ERROR f.i.s.r.p.m.output.MavenErrorHandler - 	at org.junit.jupiter.engine.descriptor.MethodBasedTestDescriptor.lambda$invokeTestWatchers$3(MethodBasedTestDescriptor.java:134)
19:04:33.999 [Thread-8] ERROR f.i.s.r.p.m.output.MavenErrorHandler - 	at java.base/java.util.ArrayList.forEach(ArrayList.java:1540)
19:04:33.999 [Thread-8] ERROR f.i.s.r.p.m.output.MavenErrorHandler - 	at org.junit.jupiter.engine.descriptor.MethodBasedTestDescriptor.invokeTestWatchers(MethodBasedTestDescriptor.java:132)
19:04:33.999 [Thread-8] ERROR f.i.s.r.p.m.output.MavenErrorHandler - 	at org.junit.jupiter.engine.descriptor.TestMethodTestDescriptor.nodeFinished(TestMethodTestDescriptor.java:294)
19:04:33.999 [Thread-8] ERROR f.i.s.r.p.m.output.MavenErrorHandler - 	at org.junit.jupiter.engine.descriptor.TestMethodTestDescriptor.nodeFinished(TestMethodTestDescriptor.java:66)
19:04:33.999 [Thread-8] ERROR f.i.s.r.p.m.output.MavenErrorHandler - 	at org.junit.platform.engine.support.hierarchical.NodeTestTask.reportCompletion(NodeTestTask.java:188)
19:04:33.999 [Thread-8] ERROR f.i.s.r.p.m.output.MavenErrorHandler - 	at org.junit.platform.engine.support.hierarchical.NodeTestTask.execute(NodeTestTask.java:100)
19:04:33.999 [Thread-8] ERROR f.i.s.r.p.m.output.MavenErrorHandler - 	at java.base/java.util.ArrayList.forEach(ArrayList.java:1540)
19:04:33.999 [Thread-8] ERROR f.i.s.r.p.m.output.MavenErrorHandler - 	at org.junit.platform.engine.support.hierarchical.SameThreadHierarchicalTestExecutorService.invokeAll(SameThreadHierarchicalTestExecutorService.java:41)
19:04:34.000 [Thread-8] ERROR f.i.s.r.p.m.output.MavenErrorHandler - 	at org.junit.platform.engine.support.hierarchical.NodeTestTask.lambda$executeRecursively$6(NodeTestTask.java:155)
19:04:34.000 [Thread-8] ERROR f.i.s.r.p.m.output.MavenErrorHandler - 	at org.junit.platform.engine.support.hierarchical.ThrowableCollector.execute(ThrowableCollector.java:73)
19:04:34.000 [Thread-8] ERROR f.i.s.r.p.m.output.MavenErrorHandler - 	at org.junit.platform.engine.support.hierarchical.NodeTestTask.lambda$executeRecursively$8(NodeTestTask.java:141)
19:04:34.000 [Thread-8] ERROR f.i.s.r.p.m.output.MavenErrorHandler - 	at org.junit.platform.engine.support.hierarchical.Node.around(Node.java:137)
19:04:34.000 [Thread-8] ERROR f.i.s.r.p.m.output.MavenErrorHandler - 	at org.junit.platform.engine.support.hierarchical.NodeTestTask.lambda$executeRecursively$9(NodeTestTask.java:139)
19:04:34.000 [Thread-8] ERROR f.i.s.r.p.m.output.MavenErrorHandler - 	at org.junit.platform.engine.support.hierarchical.ThrowableCollector.execute(ThrowableCollector.java:73)
19:04:34.000 [Thread-8] ERROR f.i.s.r.p.m.output.MavenErrorHandler - 	at org.junit.platform.engine.support.hierarchical.NodeTestTask.executeRecursively(NodeTestTask.java:138)
19:04:34.001 [Thread-8] ERROR f.i.s.r.p.m.output.MavenErrorHandler - 	at org.junit.platform.engine.support.hierarchical.NodeTestTask.execute(NodeTestTask.java:95)
19:04:34.001 [Thread-8] ERROR f.i.s.r.p.m.output.MavenErrorHandler - 	at java.base/java.util.ArrayList.forEach(ArrayList.java:1540)
19:04:34.001 [Thread-8] ERROR f.i.s.r.p.m.output.MavenErrorHandler - 	at org.junit.platform.engine.support.hierarchical.SameThreadHierarchicalTestExecutorService.invokeAll(SameThreadHierarchicalTestExecutorService.java:41)
19:04:34.001 [Thread-8] ERROR f.i.s.r.p.m.output.MavenErrorHandler - 	at org.junit.platform.engine.support.hierarchical.NodeTestTask.lambda$executeRecursively$6(NodeTestTask.java:155)
19:04:34.001 [Thread-8] ERROR f.i.s.r.p.m.output.MavenErrorHandler - 	at org.junit.platform.engine.support.hierarchical.ThrowableCollector.execute(ThrowableCollector.java:73)
19:04:34.001 [Thread-8] ERROR f.i.s.r.p.m.output.MavenErrorHandler - 	at org.junit.platform.engine.support.hierarchical.NodeTestTask.lambda$executeRecursively$8(NodeTestTask.java:141)
19:04:34.001 [Thread-8] ERROR f.i.s.r.p.m.output.MavenErrorHandler - 	at org.junit.platform.engine.support.hierarchical.Node.around(Node.java:137)
19:04:34.001 [Thread-8] ERROR f.i.s.r.p.m.output.MavenErrorHandler - 	at org.junit.platform.engine.support.hierarchical.NodeTestTask.lambda$executeRecursively$9(NodeTestTask.java:139)
19:04:34.001 [Thread-8] ERROR f.i.s.r.p.m.output.MavenErrorHandler - 	at org.junit.platform.engine.support.hierarchical.ThrowableCollector.execute(ThrowableCollector.java:73)
19:04:34.001 [Thread-8] ERROR f.i.s.r.p.m.output.MavenErrorHandler - 	at org.junit.platform.engine.support.hierarchical.NodeTestTask.executeRecursively(NodeTestTask.java:138)
19:04:34.002 [Thread-8] ERROR f.i.s.r.p.m.output.MavenErrorHandler - 	at org.junit.platform.engine.support.hierarchical.NodeTestTask.execute(NodeTestTask.java:95)
19:04:34.002 [Thread-8] ERROR f.i.s.r.p.m.output.MavenErrorHandler - 	at org.junit.platform.engine.support.hierarchical.SameThreadHierarchicalTestExecutorService.submit(SameThreadHierarchicalTestExecutorService.java:35)
19:04:34.002 [Thread-8] ERROR f.i.s.r.p.m.output.MavenErrorHandler - 	at org.junit.platform.engine.support.hierarchical.HierarchicalTestExecutor.execute(HierarchicalTestExecutor.java:57)
19:04:34.002 [Thread-8] ERROR f.i.s.r.p.m.output.MavenErrorHandler - 	at org.junit.platform.engine.support.hierarchical.HierarchicalTestEngine.execute(HierarchicalTestEngine.java:54)
19:04:34.002 [Thread-8] ERROR f.i.s.r.p.m.output.MavenErrorHandler - 	at org.junit.platform.launcher.core.EngineExecutionOrchestrator.execute(EngineExecutionOrchestrator.java:107)
19:04:34.002 [Thread-8] ERROR f.i.s.r.p.m.output.MavenErrorHandler - 	at org.junit.platform.launcher.core.EngineExecutionOrchestrator.execute(EngineExecutionOrchestrator.java:88)
19:04:34.002 [Thread-8] ERROR f.i.s.r.p.m.output.MavenErrorHandler - 	at org.junit.platform.launcher.core.EngineExecutionOrchestrator.lambda$execute$0(EngineExecutionOrchestrator.java:54)
19:04:34.002 [Thread-8] ERROR f.i.s.r.p.m.output.MavenErrorHandler - 	at org.junit.platform.launcher.core.EngineExecutionOrchestrator.withInterceptedStreams(EngineExecutionOrchestrator.java:67)
19:04:34.002 [Thread-8] ERROR f.i.s.r.p.m.output.MavenErrorHandler - 	at org.junit.platform.launcher.core.EngineExecutionOrchestrator.execute(EngineExecutionOrchestrator.java:52)
19:04:34.002 [Thread-8] ERROR f.i.s.r.p.m.output.MavenErrorHandler - 	at org.junit.platform.launcher.core.DefaultLauncher.execute(DefaultLauncher.java:114)
19:04:34.002 [Thread-8] ERROR f.i.s.r.p.m.output.MavenErrorHandler - 	at org.junit.platform.launcher.core.DefaultLauncher.execute(DefaultLauncher.java:86)
19:04:34.002 [Thread-8] ERROR f.i.s.r.p.m.output.MavenErrorHandler - 	at org.junit.platform.launcher.core.DefaultLauncherSession$DelegatingLauncher.execute(DefaultLauncherSession.java:86)
19:04:34.002 [Thread-8] ERROR f.i.s.r.p.m.output.MavenErrorHandler - 	at org.apache.maven.surefire.junitplatform.LazyLauncher.execute(LazyLauncher.java:55)
19:04:34.002 [Thread-8] ERROR f.i.s.r.p.m.output.MavenErrorHandler - 	at org.apache.maven.surefire.junitplatform.JUnitPlatformProvider.execute(JUnitPlatformProvider.java:223)
19:04:34.002 [Thread-8] ERROR f.i.s.r.p.m.output.MavenErrorHandler - 	at org.apache.maven.surefire.junitplatform.JUnitPlatformProvider.invokeAllTests(JUnitPlatformProvider.java:175)
19:04:34.002 [Thread-8] ERROR f.i.s.r.p.m.output.MavenErrorHandler - 	at org.apache.maven.surefire.junitplatform.JUnitPlatformProvider.invoke(JUnitPlatformProvider.java:139)
19:04:34.002 [Thread-8] ERROR f.i.s.r.p.m.output.MavenErrorHandler - 	at org.apache.maven.surefire.booter.ForkedBooter.runSuitesInProcess(ForkedBooter.java:456)
19:04:34.002 [Thread-8] ERROR f.i.s.r.p.m.output.MavenErrorHandler - 	at org.apache.maven.surefire.booter.ForkedBooter.execute(ForkedBooter.java:169)
19:04:34.002 [Thread-8] ERROR f.i.s.r.p.m.output.MavenErrorHandler - 	at org.apache.maven.surefire.booter.ForkedBooter.run(ForkedBooter.java:595)
19:04:34.002 [Thread-8] ERROR f.i.s.r.p.m.output.MavenErrorHandler - 	at org.apache.maven.surefire.booter.ForkedBooter.main(ForkedBooter.java:581)
19:04:34.002 [Thread-8] ERROR f.i.s.r.p.m.output.MavenErrorHandler - 
19:04:34.042 [Thread-7] ERROR f.i.s.r.p.m.o.MavenFilterOutputHandler - [ERROR] Tests run: 56, Failures: 0, Errors: 1, Skipped: 0, Time elapsed: 0.036 s <<< FAILURE! - in spoon.test.prettyprinter.TestSniperPrinter$SquareBracketPrintingInArrayInitialisation
19:04:34.042 [Thread-7] ERROR f.i.s.r.p.m.o.MavenFilterOutputHandler - [ERROR] spoon.test.prettyprinter.TestSniperPrinter.testAddedImportStatementPlacedOnSeparateLineInFileWithoutPackageStatement  Time elapsed: 0.018 s  <<< ERROR!
19:04:34.736 [Thread-7] ERROR f.i.s.r.p.m.o.MavenFilterOutputHandler - [ERROR] Tests run: 12, Failures: 1, Errors: 0, Skipped: 1, Time elapsed: 0.077 s <<< FAILURE! - in spoon.test.module.TestModule
19:04:34.736 [Thread-7] ERROR f.i.s.r.p.m.o.MavenFilterOutputHandler - [ERROR] spoon.test.module.TestModule.testGetModuleAfterChangingItsName  Time elapsed: 0.001 s  <<< FAILURE!
19:04:45.437 [Thread-7] ERROR f.i.s.r.p.m.o.MavenFilterOutputHandler - [ERROR] Tests run: 7, Failures: 0, Errors: 1, Skipped: 0, Time elapsed: 0.266 s <<< FAILURE! - in spoon.test.factory.FactoryTest
19:04:45.437 [Thread-7] ERROR f.i.s.r.p.m.o.MavenFilterOutputHandler - [ERROR] spoon.test.factory.FactoryTest.testCtModel  Time elapsed: 0.006 s  <<< ERROR!
19:04:46.858 [Thread-7] ERROR f.i.s.r.p.m.o.MavenFilterOutputHandler - [ERROR] Tests run: 16, Failures: 0, Errors: 7, Skipped: 0, Time elapsed: 0.291 s <<< FAILURE! - in spoon.test.path.PathTest
19:04:46.858 [Thread-7] ERROR f.i.s.r.p.m.o.MavenFilterOutputHandler - [ERROR] spoon.test.path.PathTest.testFastPathWithIndex  Time elapsed: 0.018 s  <<< ERROR!
19:04:46.863 [Thread-7] ERROR f.i.s.r.p.m.o.MavenFilterOutputHandler - [ERROR] spoon.test.path.PathTest.testSignatureOfVarargMethod  Time elapsed: 0.019 s  <<< ERROR!
19:04:46.867 [Thread-7] ERROR f.i.s.r.p.m.o.MavenFilterOutputHandler - [ERROR] spoon.test.path.PathTest.testFieldOfArrayType  Time elapsed: 0.017 s  <<< ERROR!
19:04:46.872 [Thread-7] ERROR f.i.s.r.p.m.o.MavenFilterOutputHandler - [ERROR] spoon.test.path.PathTest.testRoles  Time elapsed: 0.019 s  <<< ERROR!
19:04:46.876 [Thread-7] ERROR f.i.s.r.p.m.o.MavenFilterOutputHandler - [ERROR] spoon.test.path.PathTest.testAmbiguousName  Time elapsed: 0.017 s  <<< ERROR!
19:04:46.880 [Thread-7] ERROR f.i.s.r.p.m.o.MavenFilterOutputHandler - [ERROR] spoon.test.path.PathTest.testGenericTypeReferenceInSuperType  Time elapsed: 0.017 s  <<< ERROR!
19:04:46.884 [Thread-7] ERROR f.i.s.r.p.m.o.MavenFilterOutputHandler - [ERROR] spoon.test.path.PathTest.testAmbiguousTypeMembers  Time elapsed: 0.016 s  <<< ERROR!
19:05:16.499 [Thread-7] ERROR f.i.s.r.p.m.o.MavenFilterOutputHandler - [ERROR] Tests run: 51, Failures: 0, Errors: 2, Skipped: 0, Time elapsed: 12.689 s <<< FAILURE! - in spoon.test.imports.ImportTest
19:05:16.500 [Thread-7] ERROR f.i.s.r.p.m.o.MavenFilterOutputHandler - [ERROR] spoon.test.imports.ImportTest.testCanAccess  Time elapsed: 0.083 s  <<< ERROR!
19:05:16.504 [Thread-7] ERROR f.i.s.r.p.m.o.MavenFilterOutputHandler - [ERROR] spoon.test.imports.ImportTest.testImportStarredPackageWithNonVisibleClass  Time elapsed: 0.028 s  <<< ERROR!
19:05:37.693 [Thread-7] ERROR f.i.s.r.p.m.o.MavenFilterOutputHandler - [ERROR] Tests run: 16, Failures: 1, Errors: 0, Skipped: 0, Time elapsed: 20.772 s <<< FAILURE! - in spoon.test.api.MetamodelTest
19:05:37.694 [Thread-7] ERROR f.i.s.r.p.m.o.MavenFilterOutputHandler - [ERROR] spoon.test.api.MetamodelTest.testRoleOnField  Time elapsed: 2.287 s  <<< FAILURE!
19:06:00.391 [Thread-7] ERROR f.i.s.r.p.m.o.MavenFilterOutputHandler - [ERROR] Tests run: 23, Failures: 2, Errors: 0, Skipped: 0, Time elapsed: 22.697 s <<< FAILURE! - in spoon.test.api.APITest
19:06:00.392 [Thread-7] ERROR f.i.s.r.p.m.o.MavenFilterOutputHandler - [ERROR] spoon.test.api.APITest.testOutputDestinationHandlerWithCUFactory  Time elapsed: 0.002 s  <<< FAILURE!
19:06:00.397 [Thread-7] ERROR f.i.s.r.p.m.o.MavenFilterOutputHandler - [ERROR] spoon.test.api.APITest.testSetterInNodes  Time elapsed: 13.386 s  <<< FAILURE!
19:06:00.981 [Thread-7] ERROR f.i.s.r.p.m.o.MavenFilterOutputHandler - [ERROR] Failures: 
19:06:00.981 [Thread-7] ERROR f.i.s.r.p.m.o.MavenFilterOutputHandler - [ERROR]   CloneTest.testCloneMethodsDeclaredInAST:116 spoon.support.reflect.declaration.CtRootPackageImpl hasn't clone method. ==> expected: not <null>
19:06:00.981 [Thread-7] ERROR f.i.s.r.p.m.o.MavenFilterOutputHandler - [ERROR] spoon.reflect.visitor.CtInheritanceScannerTest.createTestcases
19:06:00.982 [Thread-7] ERROR f.i.s.r.p.m.o.MavenFilterOutputHandler - [ERROR]   Run 83: CtInheritanceScannerTest.lambda$createTestcases$0:59->testCtInheritanceScanner:135 visitCtModule does not call scanCtShadowable
19:06:00.983 [Thread-7] ERROR f.i.s.r.p.m.o.MavenFilterOutputHandler - [ERROR]   JavaReflectionTreeBuilderTest.testShadowModelEqualsNormalModel:222->checkShadowTypeIsEqual:235 expected: <false> but was: <true>
19:06:00.983 [Thread-7] ERROR f.i.s.r.p.m.o.MavenFilterOutputHandler - [ERROR]   APITest.testOutputDestinationHandlerWithCUFactory:563 expected: </tmp/spoon4962977529271023415/simplemodule_my.beautiful.pack_package-info.java> but was: </tmp/spoon4962977529271023415/unnamed module_my.beautiful.pack_package-info.java>
19:06:00.983 [Thread-7] ERROR f.i.s.r.p.m.o.MavenFilterOutputHandler - [ERROR]   APITest.testSetterInNodes:432 Check the method setRootPackage(spoon.reflect.declaration.CtPackage) in the declaring class spoon.support.reflect.declaration.CtModuleImpl ==> expected: <true> but was: <false>
19:06:00.983 [Thread-7] ERROR f.i.s.r.p.m.o.MavenFilterOutputHandler - [ERROR]   MetamodelTest.testRoleOnField:220 expected: <[]> but was: <[private spoon.reflect.declaration.CtModule declaringModule;]>
19:06:00.983 [Thread-7] ERROR f.i.s.r.p.m.o.MavenFilterOutputHandler - [ERROR]   SpoonArchitectureEnforcerTest.testSpecPackage:448->assertSetEquals:457 you have created a new package or removed an existing one, please declare it explicitly in SpoonArchitectureEnforcerTest#testSpecPackage
19:06:00.983 [Thread-7] ERROR f.i.s.r.p.m.o.MavenFilterOutputHandler - [ERROR]   SpoonArchitectureEnforcerTest.testSrcMainJava:216->checkFields:534 Some Fields have no read/write ==> expected: <[]> but was: <[private java.lang.String lowercase = null;]>
19:06:00.983 [Thread-7] ERROR f.i.s.r.p.m.o.MavenFilterOutputHandler - [ERROR]   MainTest.testGenericContract:108 not equal:  (unknown file)
19:06:00.983 [Thread-7] ERROR f.i.s.r.p.m.o.MavenFilterOutputHandler - [ERROR]   MainTest.testTest:130 not equal:  (unknown file)
19:06:00.983 [Thread-7] ERROR f.i.s.r.p.m.o.MavenFilterOutputHandler - [ERROR]   TestModule.testGetModuleAfterChangingItsName:298 expected: spoon.support.reflect.declaration.CtModuleImpl@32597d30<module newName {
19:06:00.984 [Thread-7] ERROR f.i.s.r.p.m.o.MavenFilterOutputHandler - [ERROR] spoon.test.parent.ContractOnSettersParametrizedTest.data
19:06:00.984 [Thread-7] ERROR f.i.s.r.p.m.o.MavenFilterOutputHandler - [ERROR]   Run 48: ContractOnSettersParametrizedTest.lambda$data$0:70->testContract:240 spoon.reflect.declaration.CtModule#setRootPackage(spoon.reflect.declaration.CtPackage) doesn't initializes parent ==> expected: <true> but was: <false>
19:06:00.985 [Thread-7] ERROR f.i.s.r.p.m.o.MavenFilterOutputHandler - [ERROR] spoon.test.parent.SetParentTest.createReceiverList
19:06:00.986 [Thread-7] ERROR f.i.s.r.p.m.o.MavenFilterOutputHandler - [ERROR]   Run 48: SetParentTest.lambda$createReceiverList$0:51->testSetParentDoesNotAlterState:78 expected: <true> but was: <false>
19:06:00.986 [Thread-7] ERROR f.i.s.r.p.m.o.MavenFilterOutputHandler - [ERROR] spoon.test.replace.ReplaceParametrizedTest.createTests
19:06:00.987 [Thread-7] ERROR f.i.s.r.p.m.o.MavenFilterOutputHandler - [ERROR]   Run 56: ReplaceParametrizedTest.lambda$createTests$0:65->testContract:159 Settable field CtModule#subPackage<spoon.reflect.declaration.CtPackage> should set value.
19:06:00.987 [Thread-7] ERROR f.i.s.r.p.m.o.MavenFilterOutputHandler - [ERROR] Errors: 
19:06:00.988 [Thread-7] ERROR f.i.s.r.p.m.o.MavenFilterOutputHandler - [ERROR]   CtGenerationTest.testGenerateCloneVisitor:148  Spoon Get more than one setter. Please make an more ingenious method to get setter method. 0 @spoon.reflect.annotations.MetamodelPropertyField(role = spoon.reflect.path.CtRole.MODIFIER)
19:06:00.988 [Thread-7] ERROR f.i.s.r.p.m.o.MavenFilterOutputHandler - [ERROR]   CtInheritanceScannerMethodsTest.testMethodsInInheritanceScanner:41  NullPointer
19:06:00.988 [Thread-7] ERROR f.i.s.r.p.m.o.MavenFilterOutputHandler - [ERROR]   CtScannerTest.testScannerCallsAllProperties:155->lambda$testScannerCallsAllProperties$1:196  NullPointer
19:06:00.988 [Thread-7] ERROR f.i.s.r.p.m.o.MavenFilterOutputHandler - [ERROR]   CtScannerTest.testScannerContract:82  NullPointer
19:06:00.988 [Thread-7] ERROR f.i.s.r.p.m.o.MavenFilterOutputHandler - [ERROR]   CtVisitorTest.testMethodsInVisitor:41  NullPointer
19:06:00.988 [Thread-7] ERROR f.i.s.r.p.m.o.MavenFilterOutputHandler - [ERROR]   SpoonArchitectureEnforcerTest.metamodelPackageRule:243 NullPointer
19:06:00.988 [Thread-7] ERROR f.i.s.r.p.m.o.MavenFilterOutputHandler - [ERROR]   TestCompilationUnit.testPrintImport:340 NullPointer
19:06:00.988 [Thread-7] ERROR f.i.s.r.p.m.o.MavenFilterOutputHandler - [ERROR]   FactoryTest.testCtModel:149 NullPointer
19:06:00.988 [Thread-7] ERROR f.i.s.r.p.m.o.MavenFilterOutputHandler - [ERROR]   ImportTest.testCanAccess:488  NullPointer
19:06:00.988 [Thread-7] ERROR f.i.s.r.p.m.o.MavenFilterOutputHandler - [ERROR]   ImportTest.testImportStarredPackageWithNonVisibleClass:1281  SnippetCompilation This method must return a result of type T at PublicSuperClass.java:6
19:06:00.988 [Thread-7] ERROR f.i.s.r.p.m.o.MavenFilterOutputHandler - [ERROR] spoon.test.intercession.OneCanCallSetterWithNullParameterizedTest.createTests
19:06:00.990 [Thread-7] ERROR f.i.s.r.p.m.o.MavenFilterOutputHandler - [ERROR]   Run 97: OneCanCallSetterWithNullParameterizedTest.testNullSafe:75  InvocationTarget
19:06:00.990 [Thread-7] ERROR f.i.s.r.p.m.o.MavenFilterOutputHandler - [ERROR]   PathTest.testAmbiguousName:380  CtPath
19:06:00.991 [Thread-7] ERROR f.i.s.r.p.m.o.MavenFilterOutputHandler - [ERROR]   PathTest.testAmbiguousTypeMembers:306  CtPath
19:06:00.991 [Thread-7] ERROR f.i.s.r.p.m.o.MavenFilterOutputHandler - [ERROR]   PathTest.testFastPathWithIndex:266  CtPath
19:06:00.991 [Thread-7] ERROR f.i.s.r.p.m.o.MavenFilterOutputHandler - [ERROR]   PathTest.testFieldOfArrayType:404  CtPath
19:06:00.991 [Thread-7] ERROR f.i.s.r.p.m.o.MavenFilterOutputHandler - [ERROR]   PathTest.testGenericTypeReferenceInSuperType:342  CtPath
19:06:00.991 [Thread-7] ERROR f.i.s.r.p.m.o.MavenFilterOutputHandler - [ERROR]   PathTest.testRoles:283  CtPath
19:06:00.991 [Thread-7] ERROR f.i.s.r.p.m.o.MavenFilterOutputHandler - [ERROR]   PathTest.testSignatureOfVarargMethod:355  CtPath
19:06:00.991 [Thread-7] ERROR f.i.s.r.p.m.o.MavenFilterOutputHandler - [ERROR]   TestSniperPrinter.testAddedImportStatementPlacedOnSeparateLineInFileWithoutPackageStatement:571->testSniper:954  Spoon Unexpected PrintEvent: class spoon.support.sniper.SniperJavaPrettyPrinter$2
19:06:00.991 [Thread-7] ERROR f.i.s.r.p.m.o.MavenFilterOutputHandler - [ERROR]   SnippetTest.testCommentSnippetCompilation:216  CtPath
19:06:00.991 [Thread-7] ERROR f.i.s.r.p.m.o.MavenFilterOutputHandler - [ERROR]   SnippetTest.testCompileAndReplaceSnippetsIn:162  CtPath
19:06:00.991 [Thread-7] ERROR f.i.s.r.p.m.o.MavenFilterOutputHandler - [ERROR]   SnippetTest.testCompileSnippetsWithCtComment:187  CtPath
19:06:00.991 [Thread-7] ERROR f.i.s.r.p.m.o.MavenFilterOutputHandler - [ERROR]   SnippetTest.testSnippetCompilationInUnnamedPackage:241  CtPath
19:06:00.991 [Thread-7] ERROR f.i.s.r.p.m.o.MavenFilterOutputHandler - [ERROR] Tests run: 1719, Failures: 14, Errors: 23, Skipped: 13
19:06:01.568 [Thread-7] ERROR f.i.s.r.p.m.o.MavenFilterOutputHandler - [ERROR] Failed to execute goal org.apache.maven.plugins:maven-surefire-plugin:3.0.0-M7:test (default-test) on project spoon-core: There are test failures.
19:06:01.568 [Thread-7] ERROR f.i.s.r.p.m.o.MavenFilterOutputHandler - [ERROR] 
19:06:01.568 [Thread-7] ERROR f.i.s.r.p.m.o.MavenFilterOutputHandler - [ERROR] Please refer to /root/workspace/INRIA-spoon-master-4751_repo/target/surefire-reports for the individual test results.
19:06:01.568 [Thread-7] ERROR f.i.s.r.p.m.o.MavenFilterOutputHandler - [ERROR] Please refer to dump files (if any exist) [date].dump, [date]-jvmRun[N].dump and [date].dumpstream.
19:06:01.568 [Thread-7] ERROR f.i.s.r.p.m.o.MavenFilterOutputHandler - [ERROR] -> [Help 1]
19:06:01.573 [Thread-7] ERROR f.i.s.r.p.m.o.MavenFilterOutputHandler - [ERROR] 
19:06:01.573 [Thread-7] ERROR f.i.s.r.p.m.o.MavenFilterOutputHandler - [ERROR] Re-run Maven using the -X switch to enable full debug logging.
19:06:01.573 [Thread-7] ERROR f.i.s.r.p.m.o.MavenFilterOutputHandler - [ERROR] 
19:06:01.573 [Thread-7] ERROR f.i.s.r.p.m.o.MavenFilterOutputHandler - [ERROR] For more information about the errors and possible solutions, please read the following articles:
19:06:01.573 [Thread-7] ERROR f.i.s.r.p.m.o.MavenFilterOutputHandler - [ERROR] [Help 1] http://cwiki.apache.org/confluence/display/MAVEN/MojoFailureException
19:06:05.954 [main] INFO  f.i.s.r.p.s.paths.ComputeSourceDir - 1 source dir was found:
19:06:05.954 [main] INFO  f.i.s.r.p.s.paths.ComputeSourceDir - /root/workspace/INRIA-spoon-master-4751_repo/src/main/java
19:06:05.998 [main] INFO  f.i.s.r.p.step.paths.ComputeTestDir - It seems the step is entering in a loop while searching the test dir. The following file has already been visited: /root/workspace/INRIA-spoon-master-4751_repo/pom.xml
19:06:05.999 [main] INFO  f.i.s.r.p.step.paths.ComputeTestDir - 1 test dir was found:
19:06:05.999 [main] INFO  f.i.s.r.p.step.paths.ComputeTestDir - /root/workspace/INRIA-spoon-master-4751_repo/src/test/java
19:06:06.265 [main] INFO  f.i.s.r.p.s.g.GatherTestInformation - Get the following failing module path: /root/workspace/INRIA-spoon-master-4751_repo
19:06:06.275 [main] INFO  f.i.s.r.p.s.g.GatherTestInformation - Get the following failing module path: /root/workspace/INRIA-spoon-master-4751_repo
19:06:06.279 [main] INFO  f.i.s.r.p.s.g.GatherTestInformation - Get the following failing module path: /root/workspace/INRIA-spoon-master-4751_repo
19:06:06.279 [main] INFO  f.i.s.r.p.s.g.GatherTestInformation - Get the following failing module path: /root/workspace/INRIA-spoon-master-4751_repo
19:06:06.285 [main] INFO  f.i.s.r.p.s.g.GatherTestInformation - Get the following failing module path: /root/workspace/INRIA-spoon-master-4751_repo
19:06:06.292 [main] INFO  f.i.s.r.p.s.g.GatherTestInformation - Get the following failing module path: /root/workspace/INRIA-spoon-master-4751_repo
19:06:06.295 [main] INFO  f.i.s.r.p.s.g.GatherTestInformation - Get the following failing module path: /root/workspace/INRIA-spoon-master-4751_repo
19:06:06.295 [main] INFO  f.i.s.r.p.s.g.GatherTestInformation - Get the following failing module path: /root/workspace/INRIA-spoon-master-4751_repo
19:06:06.295 [main] INFO  f.i.s.r.p.s.g.GatherTestInformation - Get the following failing module path: /root/workspace/INRIA-spoon-master-4751_repo
19:06:06.296 [main] INFO  f.i.s.r.p.s.g.GatherTestInformation - Get the following failing module path: /root/workspace/INRIA-spoon-master-4751_repo
19:06:06.297 [main] INFO  f.i.s.r.p.s.g.GatherTestInformation - Get the following failing module path: /root/workspace/INRIA-spoon-master-4751_repo
19:06:06.302 [main] INFO  f.i.s.r.p.s.g.GatherTestInformation - Get the following failing module path: /root/workspace/INRIA-spoon-master-4751_repo
19:06:06.302 [main] INFO  f.i.s.r.p.s.g.GatherTestInformation - Get the following failing module path: /root/workspace/INRIA-spoon-master-4751_repo
19:06:06.302 [main] INFO  f.i.s.r.p.s.g.GatherTestInformation - Get the following failing module path: /root/workspace/INRIA-spoon-master-4751_repo
19:06:06.304 [main] INFO  f.i.s.r.p.s.g.GatherTestInformation - Get the following failing module path: /root/workspace/INRIA-spoon-master-4751_repo
19:06:06.315 [main] INFO  f.i.s.r.p.s.g.GatherTestInformation - Get the following failing module path: /root/workspace/INRIA-spoon-master-4751_repo
19:06:06.320 [main] INFO  f.i.s.r.p.s.g.GatherTestInformation - Get the following failing module path: /root/workspace/INRIA-spoon-master-4751_repo
19:06:06.320 [main] INFO  f.i.s.r.p.s.g.GatherTestInformation - Get the following failing module path: /root/workspace/INRIA-spoon-master-4751_repo
19:06:06.320 [main] INFO  f.i.s.r.p.s.g.GatherTestInformation - Get the following failing module path: /root/workspace/INRIA-spoon-master-4751_repo
19:06:06.322 [main] INFO  f.i.s.r.p.s.g.GatherTestInformation - Get the following failing module path: /root/workspace/INRIA-spoon-master-4751_repo
19:06:06.327 [main] INFO  f.i.s.r.p.s.g.GatherTestInformation - Get the following failing module path: /root/workspace/INRIA-spoon-master-4751_repo
19:06:06.327 [main] INFO  f.i.s.r.p.s.g.GatherTestInformation - Get the following failing module path: /root/workspace/INRIA-spoon-master-4751_repo
19:06:06.327 [main] INFO  f.i.s.r.p.s.g.GatherTestInformation - ---Test results---
19:06:06.327 [main] INFO  f.i.s.r.p.s.g.GatherTestInformation -    Total tests: 2175
19:06:06.327 [main] INFO  f.i.s.r.p.s.g.GatherTestInformation -    Tests run: 2162
19:06:06.327 [main] INFO  f.i.s.r.p.s.g.GatherTestInformation -    Tests passing: 2125
19:06:06.327 [main] INFO  f.i.s.r.p.s.g.GatherTestInformation -    Failures: 14
19:06:06.327 [main] INFO  f.i.s.r.p.s.g.GatherTestInformation -    Errors: 23
19:06:06.327 [main] INFO  f.i.s.r.p.s.g.GatherTestInformation -    Skipped: 13
[0] INFO Flacoco - Running Flacoco...
[188] WARN Processor - ClassNotFoundException: spoon.support.visitor.java.internal.ModuleRuntimeBuilderContext
[189] WARN Processor - [file:/root/workspace/INRIA-spoon-master-4751_repo/target/classes/, file:/root/workspace/INRIA-spoon-master-4751_repo/target/test-classes/, file:/root/./workspace/INRIA-spoon-master-4751_repo/.m2/org/eclipse/jdt/org.eclipse.jdt.core/3.29.0/org.eclipse.jdt.core-3.29.0.jar, file:/root/./workspace/INRIA-spoon-master-4751_repo/.m2/com/martiansoftware/jsap/2.1/jsap-2.1.jar, file:/root/./workspace/INRIA-spoon-master-4751_repo/.m2/org/slf4j/slf4j-api/1.7.36/slf4j-api-1.7.36.jar, file:/root/./workspace/INRIA-spoon-master-4751_repo/.m2/commons-io/commons-io/2.11.0/commons-io-2.11.0.jar, file:/root/./workspace/INRIA-spoon-master-4751_repo/.m2/org/apache/maven/maven-model/3.8.6/maven-model-3.8.6.jar, file:/root/./workspace/INRIA-spoon-master-4751_repo/.m2/org/codehaus/plexus/plexus-utils/3.3.1/plexus-utils-3.3.1.jar, file:/root/./workspace/INRIA-spoon-master-4751_repo/.m2/org/apache/commons/commons-lang3/3.12.0/commons-lang3-3.12.0.jar, file:/root/./workspace/INRIA-spoon-master-4751_repo/.m2/org/tukaani/xz/1.9/xz-1.9.jar, file:/root/./workspace/INRIA-spoon-master-4751_repo/.m2/com/fasterxml/jackson/core/jackson-databind/2.13.3/jackson-databind-2.13.3.jar, file:/root/./workspace/INRIA-spoon-master-4751_repo/.m2/com/fasterxml/jackson/core/jackson-annotations/2.13.3/jackson-annotations-2.13.3.jar, file:/root/./workspace/INRIA-spoon-master-4751_repo/.m2/com/fasterxml/jackson/core/jackson-core/2.13.3/jackson-core-2.13.3.jar, file:/root/./workspace/INRIA-spoon-master-4751_repo/.m2/org/apache/commons/commons-compress/1.21/commons-compress-1.21.jar, file:/root/./workspace/INRIA-spoon-master-4751_repo/.m2/com/google/guava/guava/31.1-jre/guava-31.1-jre.jar, file:/root/./workspace/INRIA-spoon-master-4751_repo/.m2/com/google/guava/failureaccess/1.0.1/failureaccess-1.0.1.jar, file:/root/./workspace/INRIA-spoon-master-4751_repo/.m2/com/google/guava/listenablefuture/9999.0-empty-to-avoid-conflict-with-guava/listenablefuture-9999.0-empty-to-avoid-conflict-with-guava.jar, file:/root/./workspace/INRIA-spoon-master-4751_repo/.m2/com/google/code/findbugs/jsr305/3.0.2/jsr305-3.0.2.jar, file:/root/./workspace/INRIA-spoon-master-4751_repo/.m2/org/checkerframework/checker-qual/3.12.0/checker-qual-3.12.0.jar, file:/root/./workspace/INRIA-spoon-master-4751_repo/.m2/com/google/errorprone/error_prone_annotations/2.11.0/error_prone_annotations-2.11.0.jar, file:/root/./workspace/INRIA-spoon-master-4751_repo/.m2/com/google/j2objc/j2objc-annotations/1.3/j2objc-annotations-1.3.jar, file:/root/./workspace/INRIA-spoon-master-4751_repo/.m2/ch/qos/logback/logback-classic/1.2.11/logback-classic-1.2.11.jar, file:/root/./workspace/INRIA-spoon-master-4751_repo/.m2/ch/qos/logback/logback-core/1.2.11/logback-core-1.2.11.jar, file:/root/./workspace/INRIA-spoon-master-4751_repo/.m2/com/mysema/querydsl/querydsl-core/3.7.4/querydsl-core-3.7.4.jar, file:/root/./workspace/INRIA-spoon-master-4751_repo/.m2/org/apache/maven/shared/maven-invoker/3.2.0/maven-invoker-3.2.0.jar, file:/root/./workspace/INRIA-spoon-master-4751_repo/.m2/org/apache/maven/shared/maven-shared-utils/3.3.4/maven-shared-utils-3.3.4.jar, file:/root/./workspace/INRIA-spoon-master-4751_repo/.m2/javax/inject/javax.inject/1/javax.inject-1.jar, file:/root/./workspace/INRIA-spoon-master-4751_repo/.m2/javax/validation/validation-api/2.0.1.Final/validation-api-2.0.1.Final.jar, file:/root/./workspace/INRIA-spoon-master-4751_repo/.m2/uk/org/lidalia/slf4j-test/1.2.0/slf4j-test-1.2.0.jar, file:/root/./workspace/INRIA-spoon-master-4751_repo/.m2/uk/org/lidalia/lidalia-lang/1.0.0/lidalia-lang-1.0.0.jar, file:/root/./workspace/INRIA-spoon-master-4751_repo/.m2/uk/org/lidalia/lidalia-slf4j-ext/1.0.0/lidalia-slf4j-ext-1.0.0.jar, file:/root/./workspace/INRIA-spoon-master-4751_repo/.m2/joda-time/joda-time/2.2/joda-time-2.2.jar, file:/root/./workspace/INRIA-spoon-master-4751_repo/.m2/org/kohsuke/metainf-services/metainf-services/1.9/metainf-services-1.9.jar, file:/root/./workspace/INRIA-spoon-master-4751_repo/.m2/org/mockito/mockito-core/4.6.1/mockito-core-4.6.1.jar, file:/root/./workspace/INRIA-spoon-master-4751_repo/.m2/net/bytebuddy/byte-buddy/1.12.10/byte-buddy-1.12.10.jar, file:/root/./workspace/INRIA-spoon-master-4751_repo/.m2/net/bytebuddy/byte-buddy-agent/1.12.10/byte-buddy-agent-1.12.10.jar, file:/root/./workspace/INRIA-spoon-master-4751_repo/.m2/org/objenesis/objenesis/3.2/objenesis-3.2.jar, file:/root/./workspace/INRIA-spoon-master-4751_repo/.m2/org/junit/jupiter/junit-jupiter-engine/5.8.2/junit-jupiter-engine-5.8.2.jar, file:/root/./workspace/INRIA-spoon-master-4751_repo/.m2/org/junit/platform/junit-platform-engine/1.8.2/junit-platform-engine-1.8.2.jar, file:/root/./workspace/INRIA-spoon-master-4751_repo/.m2/org/opentest4j/opentest4j/1.2.0/opentest4j-1.2.0.jar, file:/root/./workspace/INRIA-spoon-master-4751_repo/.m2/org/junit/platform/junit-platform-commons/1.8.2/junit-platform-commons-1.8.2.jar, file:/root/./workspace/INRIA-spoon-master-4751_repo/.m2/org/junit/jupiter/junit-jupiter-api/5.8.2/junit-jupiter-api-5.8.2.jar, file:/root/./workspace/INRIA-spoon-master-4751_repo/.m2/org/apiguardian/apiguardian-api/1.1.2/apiguardian-api-1.1.2.jar, file:/root/./workspace/INRIA-spoon-master-4751_repo/.m2/org/junit/jupiter/junit-jupiter-params/5.8.2/junit-jupiter-params-5.8.2.jar, file:/root/./workspace/INRIA-spoon-master-4751_repo/.m2/org/junit/platform/junit-platform-launcher/1.8.2/junit-platform-launcher-1.8.2.jar, file:/root/./workspace/INRIA-spoon-master-4751_repo/.m2/org/mockito/mockito-junit-jupiter/4.6.1/mockito-junit-jupiter-4.6.1.jar, file:/root/./workspace/INRIA-spoon-master-4751_repo/.m2/com/github/stefanbirkner/system-rules/1.19.0/system-rules-1.19.0.jar, file:/root/./workspace/INRIA-spoon-master-4751_repo/.m2/junit/junit/4.11-beta-1/junit-4.11-beta-1.jar, file:/root/./workspace/INRIA-spoon-master-4751_repo/.m2/org/hamcrest/hamcrest-core/1.3/hamcrest-core-1.3.jar, file:/root/./workspace/INRIA-spoon-master-4751_repo/target/classes/, file:/root/./workspace/INRIA-spoon-master-4751_repo/target/test-classes/]
[189] WARN Processor - ClassNotFoundException: spoon.support.visitor.java.internal.RecordComponentRuntimeBuilderContext
[189] WARN Processor - [file:/root/workspace/INRIA-spoon-master-4751_repo/target/classes/, file:/root/workspace/INRIA-spoon-master-4751_repo/target/test-classes/, file:/root/./workspace/INRIA-spoon-master-4751_repo/.m2/org/eclipse/jdt/org.eclipse.jdt.core/3.29.0/org.eclipse.jdt.core-3.29.0.jar, file:/root/./workspace/INRIA-spoon-master-4751_repo/.m2/com/martiansoftware/jsap/2.1/jsap-2.1.jar, file:/root/./workspace/INRIA-spoon-master-4751_repo/.m2/org/slf4j/slf4j-api/1.7.36/slf4j-api-1.7.36.jar, file:/root/./workspace/INRIA-spoon-master-4751_repo/.m2/commons-io/commons-io/2.11.0/commons-io-2.11.0.jar, file:/root/./workspace/INRIA-spoon-master-4751_repo/.m2/org/apache/maven/maven-model/3.8.6/maven-model-3.8.6.jar, file:/root/./workspace/INRIA-spoon-master-4751_repo/.m2/org/codehaus/plexus/plexus-utils/3.3.1/plexus-utils-3.3.1.jar, file:/root/./workspace/INRIA-spoon-master-4751_repo/.m2/org/apache/commons/commons-lang3/3.12.0/commons-lang3-3.12.0.jar, file:/root/./workspace/INRIA-spoon-master-4751_repo/.m2/org/tukaani/xz/1.9/xz-1.9.jar, file:/root/./workspace/INRIA-spoon-master-4751_repo/.m2/com/fasterxml/jackson/core/jackson-databind/2.13.3/jackson-databind-2.13.3.jar, file:/root/./workspace/INRIA-spoon-master-4751_repo/.m2/com/fasterxml/jackson/core/jackson-annotations/2.13.3/jackson-annotations-2.13.3.jar, file:/root/./workspace/INRIA-spoon-master-4751_repo/.m2/com/fasterxml/jackson/core/jackson-core/2.13.3/jackson-core-2.13.3.jar, file:/root/./workspace/INRIA-spoon-master-4751_repo/.m2/org/apache/commons/commons-compress/1.21/commons-compress-1.21.jar, file:/root/./workspace/INRIA-spoon-master-4751_repo/.m2/com/google/guava/guava/31.1-jre/guava-31.1-jre.jar, file:/root/./workspace/INRIA-spoon-master-4751_repo/.m2/com/google/guava/failureaccess/1.0.1/failureaccess-1.0.1.jar, file:/root/./workspace/INRIA-spoon-master-4751_repo/.m2/com/google/guava/listenablefuture/9999.0-empty-to-avoid-conflict-with-guava/listenablefuture-9999.0-empty-to-avoid-conflict-with-guava.jar, file:/root/./workspace/INRIA-spoon-master-4751_repo/.m2/com/google/code/findbugs/jsr305/3.0.2/jsr305-3.0.2.jar, file:/root/./workspace/INRIA-spoon-master-4751_repo/.m2/org/checkerframework/checker-qual/3.12.0/checker-qual-3.12.0.jar, file:/root/./workspace/INRIA-spoon-master-4751_repo/.m2/com/google/errorprone/error_prone_annotations/2.11.0/error_prone_annotations-2.11.0.jar, file:/root/./workspace/INRIA-spoon-master-4751_repo/.m2/com/google/j2objc/j2objc-annotations/1.3/j2objc-annotations-1.3.jar, file:/root/./workspace/INRIA-spoon-master-4751_repo/.m2/ch/qos/logback/logback-classic/1.2.11/logback-classic-1.2.11.jar, file:/root/./workspace/INRIA-spoon-master-4751_repo/.m2/ch/qos/logback/logback-core/1.2.11/logback-core-1.2.11.jar, file:/root/./workspace/INRIA-spoon-master-4751_repo/.m2/com/mysema/querydsl/querydsl-core/3.7.4/querydsl-core-3.7.4.jar, file:/root/./workspace/INRIA-spoon-master-4751_repo/.m2/org/apache/maven/shared/maven-invoker/3.2.0/maven-invoker-3.2.0.jar, file:/root/./workspace/INRIA-spoon-master-4751_repo/.m2/org/apache/maven/shared/maven-shared-utils/3.3.4/maven-shared-utils-3.3.4.jar, file:/root/./workspace/INRIA-spoon-master-4751_repo/.m2/javax/inject/javax.inject/1/javax.inject-1.jar, file:/root/./workspace/INRIA-spoon-master-4751_repo/.m2/javax/validation/validation-api/2.0.1.Final/validation-api-2.0.1.Final.jar, file:/root/./workspace/INRIA-spoon-master-4751_repo/.m2/uk/org/lidalia/slf4j-test/1.2.0/slf4j-test-1.2.0.jar, file:/root/./workspace/INRIA-spoon-master-4751_repo/.m2/uk/org/lidalia/lidalia-lang/1.0.0/lidalia-lang-1.0.0.jar, file:/root/./workspace/INRIA-spoon-master-4751_repo/.m2/uk/org/lidalia/lidalia-slf4j-ext/1.0.0/lidalia-slf4j-ext-1.0.0.jar, file:/root/./workspace/INRIA-spoon-master-4751_repo/.m2/joda-time/joda-time/2.2/joda-time-2.2.jar, file:/root/./workspace/INRIA-spoon-master-4751_repo/.m2/org/kohsuke/metainf-services/metainf-services/1.9/metainf-services-1.9.jar, file:/root/./workspace/INRIA-spoon-master-4751_repo/.m2/org/mockito/mockito-core/4.6.1/mockito-core-4.6.1.jar, file:/root/./workspace/INRIA-spoon-master-4751_repo/.m2/net/bytebuddy/byte-buddy/1.12.10/byte-buddy-1.12.10.jar, file:/root/./workspace/INRIA-spoon-master-4751_repo/.m2/net/bytebuddy/byte-buddy-agent/1.12.10/byte-buddy-agent-1.12.10.jar, file:/root/./workspace/INRIA-spoon-master-4751_repo/.m2/org/objenesis/objenesis/3.2/objenesis-3.2.jar, file:/root/./workspace/INRIA-spoon-master-4751_repo/.m2/org/junit/jupiter/junit-jupiter-engine/5.8.2/junit-jupiter-engine-5.8.2.jar, file:/root/./workspace/INRIA-spoon-master-4751_repo/.m2/org/junit/platform/junit-platform-engine/1.8.2/junit-platform-engine-1.8.2.jar, file:/root/./workspace/INRIA-spoon-master-4751_repo/.m2/org/opentest4j/opentest4j/1.2.0/opentest4j-1.2.0.jar, file:/root/./workspace/INRIA-spoon-master-4751_repo/.m2/org/junit/platform/junit-platform-commons/1.8.2/junit-platform-commons-1.8.2.jar, file:/root/./workspace/INRIA-spoon-master-4751_repo/.m2/org/junit/jupiter/junit-jupiter-api/5.8.2/junit-jupiter-api-5.8.2.jar, file:/root/./workspace/INRIA-spoon-master-4751_repo/.m2/org/apiguardian/apiguardian-api/1.1.2/apiguardian-api-1.1.2.jar, file:/root/./workspace/INRIA-spoon-master-4751_repo/.m2/org/junit/jupiter/junit-jupiter-params/5.8.2/junit-jupiter-params-5.8.2.jar, file:/root/./workspace/INRIA-spoon-master-4751_repo/.m2/org/junit/platform/junit-platform-launcher/1.8.2/junit-platform-launcher-1.8.2.jar, file:/root/./workspace/INRIA-spoon-master-4751_repo/.m2/org/mockito/mockito-junit-jupiter/4.6.1/mockito-junit-jupiter-4.6.1.jar, file:/root/./workspace/INRIA-spoon-master-4751_repo/.m2/com/github/stefanbirkner/system-rules/1.19.0/system-rules-1.19.0.jar, file:/root/./workspace/INRIA-spoon-master-4751_repo/.m2/junit/junit/4.11-beta-1/junit-4.11-beta-1.jar, file:/root/./workspace/INRIA-spoon-master-4751_repo/.m2/org/hamcrest/hamcrest-core/1.3/hamcrest-core-1.3.jar, file:/root/./workspace/INRIA-spoon-master-4751_repo/target/classes/, file:/root/./workspace/INRIA-spoon-master-4751_repo/target/test-classes/]
[545] WARN Processor - ClassNotFoundException: spoon.support.visitor.java.internal.ModuleRuntimeBuilderContext
[545] WARN Processor - [file:/root/workspace/INRIA-spoon-master-4751_repo/target/classes/, file:/root/workspace/INRIA-spoon-master-4751_repo/target/test-classes/, file:/root/./workspace/INRIA-spoon-master-4751_repo/.m2/org/eclipse/jdt/org.eclipse.jdt.core/3.29.0/org.eclipse.jdt.core-3.29.0.jar, file:/root/./workspace/INRIA-spoon-master-4751_repo/.m2/com/martiansoftware/jsap/2.1/jsap-2.1.jar, file:/root/./workspace/INRIA-spoon-master-4751_repo/.m2/org/slf4j/slf4j-api/1.7.36/slf4j-api-1.7.36.jar, file:/root/./workspace/INRIA-spoon-master-4751_repo/.m2/commons-io/commons-io/2.11.0/commons-io-2.11.0.jar, file:/root/./workspace/INRIA-spoon-master-4751_repo/.m2/org/apache/maven/maven-model/3.8.6/maven-model-3.8.6.jar, file:/root/./workspace/INRIA-spoon-master-4751_repo/.m2/org/codehaus/plexus/plexus-utils/3.3.1/plexus-utils-3.3.1.jar, file:/root/./workspace/INRIA-spoon-master-4751_repo/.m2/org/apache/commons/commons-lang3/3.12.0/commons-lang3-3.12.0.jar, file:/root/./workspace/INRIA-spoon-master-4751_repo/.m2/org/tukaani/xz/1.9/xz-1.9.jar, file:/root/./workspace/INRIA-spoon-master-4751_repo/.m2/com/fasterxml/jackson/core/jackson-databind/2.13.3/jackson-databind-2.13.3.jar, file:/root/./workspace/INRIA-spoon-master-4751_repo/.m2/com/fasterxml/jackson/core/jackson-annotations/2.13.3/jackson-annotations-2.13.3.jar, file:/root/./workspace/INRIA-spoon-master-4751_repo/.m2/com/fasterxml/jackson/core/jackson-core/2.13.3/jackson-core-2.13.3.jar, file:/root/./workspace/INRIA-spoon-master-4751_repo/.m2/org/apache/commons/commons-compress/1.21/commons-compress-1.21.jar, file:/root/./workspace/INRIA-spoon-master-4751_repo/.m2/com/google/guava/guava/31.1-jre/guava-31.1-jre.jar, file:/root/./workspace/INRIA-spoon-master-4751_repo/.m2/com/google/guava/failureaccess/1.0.1/failureaccess-1.0.1.jar, file:/root/./workspace/INRIA-spoon-master-4751_repo/.m2/com/google/guava/listenablefuture/9999.0-empty-to-avoid-conflict-with-guava/listenablefuture-9999.0-empty-to-avoid-conflict-with-guava.jar, file:/root/./workspace/INRIA-spoon-master-4751_repo/.m2/com/google/code/findbugs/jsr305/3.0.2/jsr305-3.0.2.jar, file:/root/./workspace/INRIA-spoon-master-4751_repo/.m2/org/checkerframework/checker-qual/3.12.0/checker-qual-3.12.0.jar, file:/root/./workspace/INRIA-spoon-master-4751_repo/.m2/com/google/errorprone/error_prone_annotations/2.11.0/error_prone_annotations-2.11.0.jar, file:/root/./workspace/INRIA-spoon-master-4751_repo/.m2/com/google/j2objc/j2objc-annotations/1.3/j2objc-annotations-1.3.jar, file:/root/./workspace/INRIA-spoon-master-4751_repo/.m2/ch/qos/logback/logback-classic/1.2.11/logback-classic-1.2.11.jar, file:/root/./workspace/INRIA-spoon-master-4751_repo/.m2/ch/qos/logback/logback-core/1.2.11/logback-core-1.2.11.jar, file:/root/./workspace/INRIA-spoon-master-4751_repo/.m2/com/mysema/querydsl/querydsl-core/3.7.4/querydsl-core-3.7.4.jar, file:/root/./workspace/INRIA-spoon-master-4751_repo/.m2/org/apache/maven/shared/maven-invoker/3.2.0/maven-invoker-3.2.0.jar, file:/root/./workspace/INRIA-spoon-master-4751_repo/.m2/org/apache/maven/shared/maven-shared-utils/3.3.4/maven-shared-utils-3.3.4.jar, file:/root/./workspace/INRIA-spoon-master-4751_repo/.m2/javax/inject/javax.inject/1/javax.inject-1.jar, file:/root/./workspace/INRIA-spoon-master-4751_repo/.m2/javax/validation/validation-api/2.0.1.Final/validation-api-2.0.1.Final.jar, file:/root/./workspace/INRIA-spoon-master-4751_repo/.m2/uk/org/lidalia/slf4j-test/1.2.0/slf4j-test-1.2.0.jar, file:/root/./workspace/INRIA-spoon-master-4751_repo/.m2/uk/org/lidalia/lidalia-lang/1.0.0/lidalia-lang-1.0.0.jar, file:/root/./workspace/INRIA-spoon-master-4751_repo/.m2/uk/org/lidalia/lidalia-slf4j-ext/1.0.0/lidalia-slf4j-ext-1.0.0.jar, file:/root/./workspace/INRIA-spoon-master-4751_repo/.m2/joda-time/joda-time/2.2/joda-time-2.2.jar, file:/root/./workspace/INRIA-spoon-master-4751_repo/.m2/org/kohsuke/metainf-services/metainf-services/1.9/metainf-services-1.9.jar, file:/root/./workspace/INRIA-spoon-master-4751_repo/.m2/org/mockito/mockito-core/4.6.1/mockito-core-4.6.1.jar, file:/root/./workspace/INRIA-spoon-master-4751_repo/.m2/net/bytebuddy/byte-buddy/1.12.10/byte-buddy-1.12.10.jar, file:/root/./workspace/INRIA-spoon-master-4751_repo/.m2/net/bytebuddy/byte-buddy-agent/1.12.10/byte-buddy-agent-1.12.10.jar, file:/root/./workspace/INRIA-spoon-master-4751_repo/.m2/org/objenesis/objenesis/3.2/objenesis-3.2.jar, file:/root/./workspace/INRIA-spoon-master-4751_repo/.m2/org/junit/jupiter/junit-jupiter-engine/5.8.2/junit-jupiter-engine-5.8.2.jar, file:/root/./workspace/INRIA-spoon-master-4751_repo/.m2/org/junit/platform/junit-platform-engine/1.8.2/junit-platform-engine-1.8.2.jar, file:/root/./workspace/INRIA-spoon-master-4751_repo/.m2/org/opentest4j/opentest4j/1.2.0/opentest4j-1.2.0.jar, file:/root/./workspace/INRIA-spoon-master-4751_repo/.m2/org/junit/platform/junit-platform-commons/1.8.2/junit-platform-commons-1.8.2.jar, file:/root/./workspace/INRIA-spoon-master-4751_repo/.m2/org/junit/jupiter/junit-jupiter-api/5.8.2/junit-jupiter-api-5.8.2.jar, file:/root/./workspace/INRIA-spoon-master-4751_repo/.m2/org/apiguardian/apiguardian-api/1.1.2/apiguardian-api-1.1.2.jar, file:/root/./workspace/INRIA-spoon-master-4751_repo/.m2/org/junit/jupiter/junit-jupiter-params/5.8.2/junit-jupiter-params-5.8.2.jar, file:/root/./workspace/INRIA-spoon-master-4751_repo/.m2/org/junit/platform/junit-platform-launcher/1.8.2/junit-platform-launcher-1.8.2.jar, file:/root/./workspace/INRIA-spoon-master-4751_repo/.m2/org/mockito/mockito-junit-jupiter/4.6.1/mockito-junit-jupiter-4.6.1.jar, file:/root/./workspace/INRIA-spoon-master-4751_repo/.m2/com/github/stefanbirkner/system-rules/1.19.0/system-rules-1.19.0.jar, file:/root/./workspace/INRIA-spoon-master-4751_repo/.m2/junit/junit/4.11-beta-1/junit-4.11-beta-1.jar, file:/root/./workspace/INRIA-spoon-master-4751_repo/.m2/org/hamcrest/hamcrest-core/1.3/hamcrest-core-1.3.jar, file:/root/./workspace/INRIA-spoon-master-4751_repo/target/classes/, file:/root/./workspace/INRIA-spoon-master-4751_repo/target/test-classes/]
[545] WARN Processor - ClassNotFoundException: spoon.support.visitor.java.internal.RecordComponentRuntimeBuilderContext
[545] WARN Processor - [file:/root/workspace/INRIA-spoon-master-4751_repo/target/classes/, file:/root/workspace/INRIA-spoon-master-4751_repo/target/test-classes/, file:/root/./workspace/INRIA-spoon-master-4751_repo/.m2/org/eclipse/jdt/org.eclipse.jdt.core/3.29.0/org.eclipse.jdt.core-3.29.0.jar, file:/root/./workspace/INRIA-spoon-master-4751_repo/.m2/com/martiansoftware/jsap/2.1/jsap-2.1.jar, file:/root/./workspace/INRIA-spoon-master-4751_repo/.m2/org/slf4j/slf4j-api/1.7.36/slf4j-api-1.7.36.jar, file:/root/./workspace/INRIA-spoon-master-4751_repo/.m2/commons-io/commons-io/2.11.0/commons-io-2.11.0.jar, file:/root/./workspace/INRIA-spoon-master-4751_repo/.m2/org/apache/maven/maven-model/3.8.6/maven-model-3.8.6.jar, file:/root/./workspace/INRIA-spoon-master-4751_repo/.m2/org/codehaus/plexus/plexus-utils/3.3.1/plexus-utils-3.3.1.jar, file:/root/./workspace/INRIA-spoon-master-4751_repo/.m2/org/apache/commons/commons-lang3/3.12.0/commons-lang3-3.12.0.jar, file:/root/./workspace/INRIA-spoon-master-4751_repo/.m2/org/tukaani/xz/1.9/xz-1.9.jar, file:/root/./workspace/INRIA-spoon-master-4751_repo/.m2/com/fasterxml/jackson/core/jackson-databind/2.13.3/jackson-databind-2.13.3.jar, file:/root/./workspace/INRIA-spoon-master-4751_repo/.m2/com/fasterxml/jackson/core/jackson-annotations/2.13.3/jackson-annotations-2.13.3.jar, file:/root/./workspace/INRIA-spoon-master-4751_repo/.m2/com/fasterxml/jackson/core/jackson-core/2.13.3/jackson-core-2.13.3.jar, file:/root/./workspace/INRIA-spoon-master-4751_repo/.m2/org/apache/commons/commons-compress/1.21/commons-compress-1.21.jar, file:/root/./workspace/INRIA-spoon-master-4751_repo/.m2/com/google/guava/guava/31.1-jre/guava-31.1-jre.jar, file:/root/./workspace/INRIA-spoon-master-4751_repo/.m2/com/google/guava/failureaccess/1.0.1/failureaccess-1.0.1.jar, file:/root/./workspace/INRIA-spoon-master-4751_repo/.m2/com/google/guava/listenablefuture/9999.0-empty-to-avoid-conflict-with-guava/listenablefuture-9999.0-empty-to-avoid-conflict-with-guava.jar, file:/root/./workspace/INRIA-spoon-master-4751_repo/.m2/com/google/code/findbugs/jsr305/3.0.2/jsr305-3.0.2.jar, file:/root/./workspace/INRIA-spoon-master-4751_repo/.m2/org/checkerframework/checker-qual/3.12.0/checker-qual-3.12.0.jar, file:/root/./workspace/INRIA-spoon-master-4751_repo/.m2/com/google/errorprone/error_prone_annotations/2.11.0/error_prone_annotations-2.11.0.jar, file:/root/./workspace/INRIA-spoon-master-4751_repo/.m2/com/google/j2objc/j2objc-annotations/1.3/j2objc-annotations-1.3.jar, file:/root/./workspace/INRIA-spoon-master-4751_repo/.m2/ch/qos/logback/logback-classic/1.2.11/logback-classic-1.2.11.jar, file:/root/./workspace/INRIA-spoon-master-4751_repo/.m2/ch/qos/logback/logback-core/1.2.11/logback-core-1.2.11.jar, file:/root/./workspace/INRIA-spoon-master-4751_repo/.m2/com/mysema/querydsl/querydsl-core/3.7.4/querydsl-core-3.7.4.jar, file:/root/./workspace/INRIA-spoon-master-4751_repo/.m2/org/apache/maven/shared/maven-invoker/3.2.0/maven-invoker-3.2.0.jar, file:/root/./workspace/INRIA-spoon-master-4751_repo/.m2/org/apache/maven/shared/maven-shared-utils/3.3.4/maven-shared-utils-3.3.4.jar, file:/root/./workspace/INRIA-spoon-master-4751_repo/.m2/javax/inject/javax.inject/1/javax.inject-1.jar, file:/root/./workspace/INRIA-spoon-master-4751_repo/.m2/javax/validation/validation-api/2.0.1.Final/validation-api-2.0.1.Final.jar, file:/root/./workspace/INRIA-spoon-master-4751_repo/.m2/uk/org/lidalia/slf4j-test/1.2.0/slf4j-test-1.2.0.jar, file:/root/./workspace/INRIA-spoon-master-4751_repo/.m2/uk/org/lidalia/lidalia-lang/1.0.0/lidalia-lang-1.0.0.jar, file:/root/./workspace/INRIA-spoon-master-4751_repo/.m2/uk/org/lidalia/lidalia-slf4j-ext/1.0.0/lidalia-slf4j-ext-1.0.0.jar, file:/root/./workspace/INRIA-spoon-master-4751_repo/.m2/joda-time/joda-time/2.2/joda-time-2.2.jar, file:/root/./workspace/INRIA-spoon-master-4751_repo/.m2/org/kohsuke/metainf-services/metainf-services/1.9/metainf-services-1.9.jar, file:/root/./workspace/INRIA-spoon-master-4751_repo/.m2/org/mockito/mockito-core/4.6.1/mockito-core-4.6.1.jar, file:/root/./workspace/INRIA-spoon-master-4751_repo/.m2/net/bytebuddy/byte-buddy/1.12.10/byte-buddy-1.12.10.jar, file:/root/./workspace/INRIA-spoon-master-4751_repo/.m2/net/bytebuddy/byte-buddy-agent/1.12.10/byte-buddy-agent-1.12.10.jar, file:/root/./workspace/INRIA-spoon-master-4751_repo/.m2/org/objenesis/objenesis/3.2/objenesis-3.2.jar, file:/root/./workspace/INRIA-spoon-master-4751_repo/.m2/org/junit/jupiter/junit-jupiter-engine/5.8.2/junit-jupiter-engine-5.8.2.jar, file:/root/./workspace/INRIA-spoon-master-4751_repo/.m2/org/junit/platform/junit-platform-engine/1.8.2/junit-platform-engine-1.8.2.jar, file:/root/./workspace/INRIA-spoon-master-4751_repo/.m2/org/opentest4j/opentest4j/1.2.0/opentest4j-1.2.0.jar, file:/root/./workspace/INRIA-spoon-master-4751_repo/.m2/org/junit/platform/junit-platform-commons/1.8.2/junit-platform-commons-1.8.2.jar, file:/root/./workspace/INRIA-spoon-master-4751_repo/.m2/org/junit/jupiter/junit-jupiter-api/5.8.2/junit-jupiter-api-5.8.2.jar, file:/root/./workspace/INRIA-spoon-master-4751_repo/.m2/org/apiguardian/apiguardian-api/1.1.2/apiguardian-api-1.1.2.jar, file:/root/./workspace/INRIA-spoon-master-4751_repo/.m2/org/junit/jupiter/junit-jupiter-params/5.8.2/junit-jupiter-params-5.8.2.jar, file:/root/./workspace/INRIA-spoon-master-4751_repo/.m2/org/junit/platform/junit-platform-launcher/1.8.2/junit-platform-launcher-1.8.2.jar, file:/root/./workspace/INRIA-spoon-master-4751_repo/.m2/org/mockito/mockito-junit-jupiter/4.6.1/mockito-junit-jupiter-4.6.1.jar, file:/root/./workspace/INRIA-spoon-master-4751_repo/.m2/com/github/stefanbirkner/system-rules/1.19.0/system-rules-1.19.0.jar, file:/root/./workspace/INRIA-spoon-master-4751_repo/.m2/junit/junit/4.11-beta-1/junit-4.11-beta-1.jar, file:/root/./workspace/INRIA-spoon-master-4751_repo/.m2/org/hamcrest/hamcrest-core/1.3/hamcrest-core-1.3.jar, file:/root/./workspace/INRIA-spoon-master-4751_repo/target/classes/, file:/root/./workspace/INRIA-spoon-master-4751_repo/target/test-classes/]
[595] WARN Processor - ClassNotFoundException: spoon.support.visitor.java.internal.ModuleRuntimeBuilderContext
[595] WARN Processor - [file:/root/workspace/INRIA-spoon-master-4751_repo/target/classes/, file:/root/workspace/INRIA-spoon-master-4751_repo/target/test-classes/, file:/root/./workspace/INRIA-spoon-master-4751_repo/.m2/org/eclipse/jdt/org.eclipse.jdt.core/3.29.0/org.eclipse.jdt.core-3.29.0.jar, file:/root/./workspace/INRIA-spoon-master-4751_repo/.m2/com/martiansoftware/jsap/2.1/jsap-2.1.jar, file:/root/./workspace/INRIA-spoon-master-4751_repo/.m2/org/slf4j/slf4j-api/1.7.36/slf4j-api-1.7.36.jar, file:/root/./workspace/INRIA-spoon-master-4751_repo/.m2/commons-io/commons-io/2.11.0/commons-io-2.11.0.jar, file:/root/./workspace/INRIA-spoon-master-4751_repo/.m2/org/apache/maven/maven-model/3.8.6/maven-model-3.8.6.jar, file:/root/./workspace/INRIA-spoon-master-4751_repo/.m2/org/codehaus/plexus/plexus-utils/3.3.1/plexus-utils-3.3.1.jar, file:/root/./workspace/INRIA-spoon-master-4751_repo/.m2/org/apache/commons/commons-lang3/3.12.0/commons-lang3-3.12.0.jar, file:/root/./workspace/INRIA-spoon-master-4751_repo/.m2/org/tukaani/xz/1.9/xz-1.9.jar, file:/root/./workspace/INRIA-spoon-master-4751_repo/.m2/com/fasterxml/jackson/core/jackson-databind/2.13.3/jackson-databind-2.13.3.jar, file:/root/./workspace/INRIA-spoon-master-4751_repo/.m2/com/fasterxml/jackson/core/jackson-annotations/2.13.3/jackson-annotations-2.13.3.jar, file:/root/./workspace/INRIA-spoon-master-4751_repo/.m2/com/fasterxml/jackson/core/jackson-core/2.13.3/jackson-core-2.13.3.jar, file:/root/./workspace/INRIA-spoon-master-4751_repo/.m2/org/apache/commons/commons-compress/1.21/commons-compress-1.21.jar, file:/root/./workspace/INRIA-spoon-master-4751_repo/.m2/com/google/guava/guava/31.1-jre/guava-31.1-jre.jar, file:/root/./workspace/INRIA-spoon-master-4751_repo/.m2/com/google/guava/failureaccess/1.0.1/failureaccess-1.0.1.jar, file:/root/./workspace/INRIA-spoon-master-4751_repo/.m2/com/google/guava/listenablefuture/9999.0-empty-to-avoid-conflict-with-guava/listenablefuture-9999.0-empty-to-avoid-conflict-with-guava.jar, file:/root/./workspace/INRIA-spoon-master-4751_repo/.m2/com/google/code/findbugs/jsr305/3.0.2/jsr305-3.0.2.jar, file:/root/./workspace/INRIA-spoon-master-4751_repo/.m2/org/checkerframework/checker-qual/3.12.0/checker-qual-3.12.0.jar, file:/root/./workspace/INRIA-spoon-master-4751_repo/.m2/com/google/errorprone/error_prone_annotations/2.11.0/error_prone_annotations-2.11.0.jar, file:/root/./workspace/INRIA-spoon-master-4751_repo/.m2/com/google/j2objc/j2objc-annotations/1.3/j2objc-annotations-1.3.jar, file:/root/./workspace/INRIA-spoon-master-4751_repo/.m2/ch/qos/logback/logback-classic/1.2.11/logback-classic-1.2.11.jar, file:/root/./workspace/INRIA-spoon-master-4751_repo/.m2/ch/qos/logback/logback-core/1.2.11/logback-core-1.2.11.jar, file:/root/./workspace/INRIA-spoon-master-4751_repo/.m2/com/mysema/querydsl/querydsl-core/3.7.4/querydsl-core-3.7.4.jar, file:/root/./workspace/INRIA-spoon-master-4751_repo/.m2/org/apache/maven/shared/maven-invoker/3.2.0/maven-invoker-3.2.0.jar, file:/root/./workspace/INRIA-spoon-master-4751_repo/.m2/org/apache/maven/shared/maven-shared-utils/3.3.4/maven-shared-utils-3.3.4.jar, file:/root/./workspace/INRIA-spoon-master-4751_repo/.m2/javax/inject/javax.inject/1/javax.inject-1.jar, file:/root/./workspace/INRIA-spoon-master-4751_repo/.m2/javax/validation/validation-api/2.0.1.Final/validation-api-2.0.1.Final.jar, file:/root/./workspace/INRIA-spoon-master-4751_repo/.m2/uk/org/lidalia/slf4j-test/1.2.0/slf4j-test-1.2.0.jar, file:/root/./workspace/INRIA-spoon-master-4751_repo/.m2/uk/org/lidalia/lidalia-lang/1.0.0/lidalia-lang-1.0.0.jar, file:/root/./workspace/INRIA-spoon-master-4751_repo/.m2/uk/org/lidalia/lidalia-slf4j-ext/1.0.0/lidalia-slf4j-ext-1.0.0.jar, file:/root/./workspace/INRIA-spoon-master-4751_repo/.m2/joda-time/joda-time/2.2/joda-time-2.2.jar, file:/root/./workspace/INRIA-spoon-master-4751_repo/.m2/org/kohsuke/metainf-services/metainf-services/1.9/metainf-services-1.9.jar, file:/root/./workspace/INRIA-spoon-master-4751_repo/.m2/org/mockito/mockito-core/4.6.1/mockito-core-4.6.1.jar, file:/root/./workspace/INRIA-spoon-master-4751_repo/.m2/net/bytebuddy/byte-buddy/1.12.10/byte-buddy-1.12.10.jar, file:/root/./workspace/INRIA-spoon-master-4751_repo/.m2/net/bytebuddy/byte-buddy-agent/1.12.10/byte-buddy-agent-1.12.10.jar, file:/root/./workspace/INRIA-spoon-master-4751_repo/.m2/org/objenesis/objenesis/3.2/objenesis-3.2.jar, file:/root/./workspace/INRIA-spoon-master-4751_repo/.m2/org/junit/jupiter/junit-jupiter-engine/5.8.2/junit-jupiter-engine-5.8.2.jar, file:/root/./workspace/INRIA-spoon-master-4751_repo/.m2/org/junit/platform/junit-platform-engine/1.8.2/junit-platform-engine-1.8.2.jar, file:/root/./workspace/INRIA-spoon-master-4751_repo/.m2/org/opentest4j/opentest4j/1.2.0/opentest4j-1.2.0.jar, file:/root/./workspace/INRIA-spoon-master-4751_repo/.m2/org/junit/platform/junit-platform-commons/1.8.2/junit-platform-commons-1.8.2.jar, file:/root/./workspace/INRIA-spoon-master-4751_repo/.m2/org/junit/jupiter/junit-jupiter-api/5.8.2/junit-jupiter-api-5.8.2.jar, file:/root/./workspace/INRIA-spoon-master-4751_repo/.m2/org/apiguardian/apiguardian-api/1.1.2/apiguardian-api-1.1.2.jar, file:/root/./workspace/INRIA-spoon-master-4751_repo/.m2/org/junit/jupiter/junit-jupiter-params/5.8.2/junit-jupiter-params-5.8.2.jar, file:/root/./workspace/INRIA-spoon-master-4751_repo/.m2/org/junit/platform/junit-platform-launcher/1.8.2/junit-platform-launcher-1.8.2.jar, file:/root/./workspace/INRIA-spoon-master-4751_repo/.m2/org/mockito/mockito-junit-jupiter/4.6.1/mockito-junit-jupiter-4.6.1.jar, file:/root/./workspace/INRIA-spoon-master-4751_repo/.m2/com/github/stefanbirkner/system-rules/1.19.0/system-rules-1.19.0.jar, file:/root/./workspace/INRIA-spoon-master-4751_repo/.m2/junit/junit/4.11-beta-1/junit-4.11-beta-1.jar, file:/root/./workspace/INRIA-spoon-master-4751_repo/.m2/org/hamcrest/hamcrest-core/1.3/hamcrest-core-1.3.jar, file:/root/./workspace/INRIA-spoon-master-4751_repo/target/classes/, file:/root/./workspace/INRIA-spoon-master-4751_repo/target/test-classes/]
[596] WARN Processor - ClassNotFoundException: spoon.support.visitor.java.internal.RecordComponentRuntimeBuilderContext
[596] WARN Processor - [file:/root/workspace/INRIA-spoon-master-4751_repo/target/classes/, file:/root/workspace/INRIA-spoon-master-4751_repo/target/test-classes/, file:/root/./workspace/INRIA-spoon-master-4751_repo/.m2/org/eclipse/jdt/org.eclipse.jdt.core/3.29.0/org.eclipse.jdt.core-3.29.0.jar, file:/root/./workspace/INRIA-spoon-master-4751_repo/.m2/com/martiansoftware/jsap/2.1/jsap-2.1.jar, file:/root/./workspace/INRIA-spoon-master-4751_repo/.m2/org/slf4j/slf4j-api/1.7.36/slf4j-api-1.7.36.jar, file:/root/./workspace/INRIA-spoon-master-4751_repo/.m2/commons-io/commons-io/2.11.0/commons-io-2.11.0.jar, file:/root/./workspace/INRIA-spoon-master-4751_repo/.m2/org/apache/maven/maven-model/3.8.6/maven-model-3.8.6.jar, file:/root/./workspace/INRIA-spoon-master-4751_repo/.m2/org/codehaus/plexus/plexus-utils/3.3.1/plexus-utils-3.3.1.jar, file:/root/./workspace/INRIA-spoon-master-4751_repo/.m2/org/apache/commons/commons-lang3/3.12.0/commons-lang3-3.12.0.jar, file:/root/./workspace/INRIA-spoon-master-4751_repo/.m2/org/tukaani/xz/1.9/xz-1.9.jar, file:/root/./workspace/INRIA-spoon-master-4751_repo/.m2/com/fasterxml/jackson/core/jackson-databind/2.13.3/jackson-databind-2.13.3.jar, file:/root/./workspace/INRIA-spoon-master-4751_repo/.m2/com/fasterxml/jackson/core/jackson-annotations/2.13.3/jackson-annotations-2.13.3.jar, file:/root/./workspace/INRIA-spoon-master-4751_repo/.m2/com/fasterxml/jackson/core/jackson-core/2.13.3/jackson-core-2.13.3.jar, file:/root/./workspace/INRIA-spoon-master-4751_repo/.m2/org/apache/commons/commons-compress/1.21/commons-compress-1.21.jar, file:/root/./workspace/INRIA-spoon-master-4751_repo/.m2/com/google/guava/guava/31.1-jre/guava-31.1-jre.jar, file:/root/./workspace/INRIA-spoon-master-4751_repo/.m2/com/google/guava/failureaccess/1.0.1/failureaccess-1.0.1.jar, file:/root/./workspace/INRIA-spoon-master-4751_repo/.m2/com/google/guava/listenablefuture/9999.0-empty-to-avoid-conflict-with-guava/listenablefuture-9999.0-empty-to-avoid-conflict-with-guava.jar, file:/root/./workspace/INRIA-spoon-master-4751_repo/.m2/com/google/code/findbugs/jsr305/3.0.2/jsr305-3.0.2.jar, file:/root/./workspace/INRIA-spoon-master-4751_repo/.m2/org/checkerframework/checker-qual/3.12.0/checker-qual-3.12.0.jar, file:/root/./workspace/INRIA-spoon-master-4751_repo/.m2/com/google/errorprone/error_prone_annotations/2.11.0/error_prone_annotations-2.11.0.jar, file:/root/./workspace/INRIA-spoon-master-4751_repo/.m2/com/google/j2objc/j2objc-annotations/1.3/j2objc-annotations-1.3.jar, file:/root/./workspace/INRIA-spoon-master-4751_repo/.m2/ch/qos/logback/logback-classic/1.2.11/logback-classic-1.2.11.jar, file:/root/./workspace/INRIA-spoon-master-4751_repo/.m2/ch/qos/logback/logback-core/1.2.11/logback-core-1.2.11.jar, file:/root/./workspace/INRIA-spoon-master-4751_repo/.m2/com/mysema/querydsl/querydsl-core/3.7.4/querydsl-core-3.7.4.jar, file:/root/./workspace/INRIA-spoon-master-4751_repo/.m2/org/apache/maven/shared/maven-invoker/3.2.0/maven-invoker-3.2.0.jar, file:/root/./workspace/INRIA-spoon-master-4751_repo/.m2/org/apache/maven/shared/maven-shared-utils/3.3.4/maven-shared-utils-3.3.4.jar, file:/root/./workspace/INRIA-spoon-master-4751_repo/.m2/javax/inject/javax.inject/1/javax.inject-1.jar, file:/root/./workspace/INRIA-spoon-master-4751_repo/.m2/javax/validation/validation-api/2.0.1.Final/validation-api-2.0.1.Final.jar, file:/root/./workspace/INRIA-spoon-master-4751_repo/.m2/uk/org/lidalia/slf4j-test/1.2.0/slf4j-test-1.2.0.jar, file:/root/./workspace/INRIA-spoon-master-4751_repo/.m2/uk/org/lidalia/lidalia-lang/1.0.0/lidalia-lang-1.0.0.jar, file:/root/./workspace/INRIA-spoon-master-4751_repo/.m2/uk/org/lidalia/lidalia-slf4j-ext/1.0.0/lidalia-slf4j-ext-1.0.0.jar, file:/root/./workspace/INRIA-spoon-master-4751_repo/.m2/joda-time/joda-time/2.2/joda-time-2.2.jar, file:/root/./workspace/INRIA-spoon-master-4751_repo/.m2/org/kohsuke/metainf-services/metainf-services/1.9/metainf-services-1.9.jar, file:/root/./workspace/INRIA-spoon-master-4751_repo/.m2/org/mockito/mockito-core/4.6.1/mockito-core-4.6.1.jar, file:/root/./workspace/INRIA-spoon-master-4751_repo/.m2/net/bytebuddy/byte-buddy/1.12.10/byte-buddy-1.12.10.jar, file:/root/./workspace/INRIA-spoon-master-4751_repo/.m2/net/bytebuddy/byte-buddy-agent/1.12.10/byte-buddy-agent-1.12.10.jar, file:/root/./workspace/INRIA-spoon-master-4751_repo/.m2/org/objenesis/objenesis/3.2/objenesis-3.2.jar, file:/root/./workspace/INRIA-spoon-master-4751_repo/.m2/org/junit/jupiter/junit-jupiter-engine/5.8.2/junit-jupiter-engine-5.8.2.jar, file:/root/./workspace/INRIA-spoon-master-4751_repo/.m2/org/junit/platform/junit-platform-engine/1.8.2/junit-platform-engine-1.8.2.jar, file:/root/./workspace/INRIA-spoon-master-4751_repo/.m2/org/opentest4j/opentest4j/1.2.0/opentest4j-1.2.0.jar, file:/root/./workspace/INRIA-spoon-master-4751_repo/.m2/org/junit/platform/junit-platform-commons/1.8.2/junit-platform-commons-1.8.2.jar, file:/root/./workspace/INRIA-spoon-master-4751_repo/.m2/org/junit/jupiter/junit-jupiter-api/5.8.2/junit-jupiter-api-5.8.2.jar, file:/root/./workspace/INRIA-spoon-master-4751_repo/.m2/org/apiguardian/apiguardian-api/1.1.2/apiguardian-api-1.1.2.jar, file:/root/./workspace/INRIA-spoon-master-4751_repo/.m2/org/junit/jupiter/junit-jupiter-params/5.8.2/junit-jupiter-params-5.8.2.jar, file:/root/./workspace/INRIA-spoon-master-4751_repo/.m2/org/junit/platform/junit-platform-launcher/1.8.2/junit-platform-launcher-1.8.2.jar, file:/root/./workspace/INRIA-spoon-master-4751_repo/.m2/org/mockito/mockito-junit-jupiter/4.6.1/mockito-junit-jupiter-4.6.1.jar, file:/root/./workspace/INRIA-spoon-master-4751_repo/.m2/com/github/stefanbirkner/system-rules/1.19.0/system-rules-1.19.0.jar, file:/root/./workspace/INRIA-spoon-master-4751_repo/.m2/junit/junit/4.11-beta-1/junit-4.11-beta-1.jar, file:/root/./workspace/INRIA-spoon-master-4751_repo/.m2/org/hamcrest/hamcrest-core/1.3/hamcrest-core-1.3.jar, file:/root/./workspace/INRIA-spoon-master-4751_repo/target/classes/, file:/root/./workspace/INRIA-spoon-master-4751_repo/target/test-classes/]
[638] WARN Processor - ClassNotFoundException: spoon.support.visitor.java.internal.ModuleRuntimeBuilderContext
[638] WARN Processor - [file:/root/workspace/INRIA-spoon-master-4751_repo/target/classes/, file:/root/workspace/INRIA-spoon-master-4751_repo/target/test-classes/, file:/root/./workspace/INRIA-spoon-master-4751_repo/.m2/org/eclipse/jdt/org.eclipse.jdt.core/3.29.0/org.eclipse.jdt.core-3.29.0.jar, file:/root/./workspace/INRIA-spoon-master-4751_repo/.m2/com/martiansoftware/jsap/2.1/jsap-2.1.jar, file:/root/./workspace/INRIA-spoon-master-4751_repo/.m2/org/slf4j/slf4j-api/1.7.36/slf4j-api-1.7.36.jar, file:/root/./workspace/INRIA-spoon-master-4751_repo/.m2/commons-io/commons-io/2.11.0/commons-io-2.11.0.jar, file:/root/./workspace/INRIA-spoon-master-4751_repo/.m2/org/apache/maven/maven-model/3.8.6/maven-model-3.8.6.jar, file:/root/./workspace/INRIA-spoon-master-4751_repo/.m2/org/codehaus/plexus/plexus-utils/3.3.1/plexus-utils-3.3.1.jar, file:/root/./workspace/INRIA-spoon-master-4751_repo/.m2/org/apache/commons/commons-lang3/3.12.0/commons-lang3-3.12.0.jar, file:/root/./workspace/INRIA-spoon-master-4751_repo/.m2/org/tukaani/xz/1.9/xz-1.9.jar, file:/root/./workspace/INRIA-spoon-master-4751_repo/.m2/com/fasterxml/jackson/core/jackson-databind/2.13.3/jackson-databind-2.13.3.jar, file:/root/./workspace/INRIA-spoon-master-4751_repo/.m2/com/fasterxml/jackson/core/jackson-annotations/2.13.3/jackson-annotations-2.13.3.jar, file:/root/./workspace/INRIA-spoon-master-4751_repo/.m2/com/fasterxml/jackson/core/jackson-core/2.13.3/jackson-core-2.13.3.jar, file:/root/./workspace/INRIA-spoon-master-4751_repo/.m2/org/apache/commons/commons-compress/1.21/commons-compress-1.21.jar, file:/root/./workspace/INRIA-spoon-master-4751_repo/.m2/com/google/guava/guava/31.1-jre/guava-31.1-jre.jar, file:/root/./workspace/INRIA-spoon-master-4751_repo/.m2/com/google/guava/failureaccess/1.0.1/failureaccess-1.0.1.jar, file:/root/./workspace/INRIA-spoon-master-4751_repo/.m2/com/google/guava/listenablefuture/9999.0-empty-to-avoid-conflict-with-guava/listenablefuture-9999.0-empty-to-avoid-conflict-with-guava.jar, file:/root/./workspace/INRIA-spoon-master-4751_repo/.m2/com/google/code/findbugs/jsr305/3.0.2/jsr305-3.0.2.jar, file:/root/./workspace/INRIA-spoon-master-4751_repo/.m2/org/checkerframework/checker-qual/3.12.0/checker-qual-3.12.0.jar, file:/root/./workspace/INRIA-spoon-master-4751_repo/.m2/com/google/errorprone/error_prone_annotations/2.11.0/error_prone_annotations-2.11.0.jar, file:/root/./workspace/INRIA-spoon-master-4751_repo/.m2/com/google/j2objc/j2objc-annotations/1.3/j2objc-annotations-1.3.jar, file:/root/./workspace/INRIA-spoon-master-4751_repo/.m2/ch/qos/logback/logback-classic/1.2.11/logback-classic-1.2.11.jar, file:/root/./workspace/INRIA-spoon-master-4751_repo/.m2/ch/qos/logback/logback-core/1.2.11/logback-core-1.2.11.jar, file:/root/./workspace/INRIA-spoon-master-4751_repo/.m2/com/mysema/querydsl/querydsl-core/3.7.4/querydsl-core-3.7.4.jar, file:/root/./workspace/INRIA-spoon-master-4751_repo/.m2/org/apache/maven/shared/maven-invoker/3.2.0/maven-invoker-3.2.0.jar, file:/root/./workspace/INRIA-spoon-master-4751_repo/.m2/org/apache/maven/shared/maven-shared-utils/3.3.4/maven-shared-utils-3.3.4.jar, file:/root/./workspace/INRIA-spoon-master-4751_repo/.m2/javax/inject/javax.inject/1/javax.inject-1.jar, file:/root/./workspace/INRIA-spoon-master-4751_repo/.m2/javax/validation/validation-api/2.0.1.Final/validation-api-2.0.1.Final.jar, file:/root/./workspace/INRIA-spoon-master-4751_repo/.m2/uk/org/lidalia/slf4j-test/1.2.0/slf4j-test-1.2.0.jar, file:/root/./workspace/INRIA-spoon-master-4751_repo/.m2/uk/org/lidalia/lidalia-lang/1.0.0/lidalia-lang-1.0.0.jar, file:/root/./workspace/INRIA-spoon-master-4751_repo/.m2/uk/org/lidalia/lidalia-slf4j-ext/1.0.0/lidalia-slf4j-ext-1.0.0.jar, file:/root/./workspace/INRIA-spoon-master-4751_repo/.m2/joda-time/joda-time/2.2/joda-time-2.2.jar, file:/root/./workspace/INRIA-spoon-master-4751_repo/.m2/org/kohsuke/metainf-services/metainf-services/1.9/metainf-services-1.9.jar, file:/root/./workspace/INRIA-spoon-master-4751_repo/.m2/org/mockito/mockito-core/4.6.1/mockito-core-4.6.1.jar, file:/root/./workspace/INRIA-spoon-master-4751_repo/.m2/net/bytebuddy/byte-buddy/1.12.10/byte-buddy-1.12.10.jar, file:/root/./workspace/INRIA-spoon-master-4751_repo/.m2/net/bytebuddy/byte-buddy-agent/1.12.10/byte-buddy-agent-1.12.10.jar, file:/root/./workspace/INRIA-spoon-master-4751_repo/.m2/org/objenesis/objenesis/3.2/objenesis-3.2.jar, file:/root/./workspace/INRIA-spoon-master-4751_repo/.m2/org/junit/jupiter/junit-jupiter-engine/5.8.2/junit-jupiter-engine-5.8.2.jar, file:/root/./workspace/INRIA-spoon-master-4751_repo/.m2/org/junit/platform/junit-platform-engine/1.8.2/junit-platform-engine-1.8.2.jar, file:/root/./workspace/INRIA-spoon-master-4751_repo/.m2/org/opentest4j/opentest4j/1.2.0/opentest4j-1.2.0.jar, file:/root/./workspace/INRIA-spoon-master-4751_repo/.m2/org/junit/platform/junit-platform-commons/1.8.2/junit-platform-commons-1.8.2.jar, file:/root/./workspace/INRIA-spoon-master-4751_repo/.m2/org/junit/jupiter/junit-jupiter-api/5.8.2/junit-jupiter-api-5.8.2.jar, file:/root/./workspace/INRIA-spoon-master-4751_repo/.m2/org/apiguardian/apiguardian-api/1.1.2/apiguardian-api-1.1.2.jar, file:/root/./workspace/INRIA-spoon-master-4751_repo/.m2/org/junit/jupiter/junit-jupiter-params/5.8.2/junit-jupiter-params-5.8.2.jar, file:/root/./workspace/INRIA-spoon-master-4751_repo/.m2/org/junit/platform/junit-platform-launcher/1.8.2/junit-platform-launcher-1.8.2.jar, file:/root/./workspace/INRIA-spoon-master-4751_repo/.m2/org/mockito/mockito-junit-jupiter/4.6.1/mockito-junit-jupiter-4.6.1.jar, file:/root/./workspace/INRIA-spoon-master-4751_repo/.m2/com/github/stefanbirkner/system-rules/1.19.0/system-rules-1.19.0.jar, file:/root/./workspace/INRIA-spoon-master-4751_repo/.m2/junit/junit/4.11-beta-1/junit-4.11-beta-1.jar, file:/root/./workspace/INRIA-spoon-master-4751_repo/.m2/org/hamcrest/hamcrest-core/1.3/hamcrest-core-1.3.jar, file:/root/./workspace/INRIA-spoon-master-4751_repo/target/classes/, file:/root/./workspace/INRIA-spoon-master-4751_repo/target/test-classes/]
[638] WARN Processor - ClassNotFoundException: spoon.support.visitor.java.internal.RecordComponentRuntimeBuilderContext
[638] WARN Processor - [file:/root/workspace/INRIA-spoon-master-4751_repo/target/classes/, file:/root/workspace/INRIA-spoon-master-4751_repo/target/test-classes/, file:/root/./workspace/INRIA-spoon-master-4751_repo/.m2/org/eclipse/jdt/org.eclipse.jdt.core/3.29.0/org.eclipse.jdt.core-3.29.0.jar, file:/root/./workspace/INRIA-spoon-master-4751_repo/.m2/com/martiansoftware/jsap/2.1/jsap-2.1.jar, file:/root/./workspace/INRIA-spoon-master-4751_repo/.m2/org/slf4j/slf4j-api/1.7.36/slf4j-api-1.7.36.jar, file:/root/./workspace/INRIA-spoon-master-4751_repo/.m2/commons-io/commons-io/2.11.0/commons-io-2.11.0.jar, file:/root/./workspace/INRIA-spoon-master-4751_repo/.m2/org/apache/maven/maven-model/3.8.6/maven-model-3.8.6.jar, file:/root/./workspace/INRIA-spoon-master-4751_repo/.m2/org/codehaus/plexus/plexus-utils/3.3.1/plexus-utils-3.3.1.jar, file:/root/./workspace/INRIA-spoon-master-4751_repo/.m2/org/apache/commons/commons-lang3/3.12.0/commons-lang3-3.12.0.jar, file:/root/./workspace/INRIA-spoon-master-4751_repo/.m2/org/tukaani/xz/1.9/xz-1.9.jar, file:/root/./workspace/INRIA-spoon-master-4751_repo/.m2/com/fasterxml/jackson/core/jackson-databind/2.13.3/jackson-databind-2.13.3.jar, file:/root/./workspace/INRIA-spoon-master-4751_repo/.m2/com/fasterxml/jackson/core/jackson-annotations/2.13.3/jackson-annotations-2.13.3.jar, file:/root/./workspace/INRIA-spoon-master-4751_repo/.m2/com/fasterxml/jackson/core/jackson-core/2.13.3/jackson-core-2.13.3.jar, file:/root/./workspace/INRIA-spoon-master-4751_repo/.m2/org/apache/commons/commons-compress/1.21/commons-compress-1.21.jar, file:/root/./workspace/INRIA-spoon-master-4751_repo/.m2/com/google/guava/guava/31.1-jre/guava-31.1-jre.jar, file:/root/./workspace/INRIA-spoon-master-4751_repo/.m2/com/google/guava/failureaccess/1.0.1/failureaccess-1.0.1.jar, file:/root/./workspace/INRIA-spoon-master-4751_repo/.m2/com/google/guava/listenablefuture/9999.0-empty-to-avoid-conflict-with-guava/listenablefuture-9999.0-empty-to-avoid-conflict-with-guava.jar, file:/root/./workspace/INRIA-spoon-master-4751_repo/.m2/com/google/code/findbugs/jsr305/3.0.2/jsr305-3.0.2.jar, file:/root/./workspace/INRIA-spoon-master-4751_repo/.m2/org/checkerframework/checker-qual/3.12.0/checker-qual-3.12.0.jar, file:/root/./workspace/INRIA-spoon-master-4751_repo/.m2/com/google/errorprone/error_prone_annotations/2.11.0/error_prone_annotations-2.11.0.jar, file:/root/./workspace/INRIA-spoon-master-4751_repo/.m2/com/google/j2objc/j2objc-annotations/1.3/j2objc-annotations-1.3.jar, file:/root/./workspace/INRIA-spoon-master-4751_repo/.m2/ch/qos/logback/logback-classic/1.2.11/logback-classic-1.2.11.jar, file:/root/./workspace/INRIA-spoon-master-4751_repo/.m2/ch/qos/logback/logback-core/1.2.11/logback-core-1.2.11.jar, file:/root/./workspace/INRIA-spoon-master-4751_repo/.m2/com/mysema/querydsl/querydsl-core/3.7.4/querydsl-core-3.7.4.jar, file:/root/./workspace/INRIA-spoon-master-4751_repo/.m2/org/apache/maven/shared/maven-invoker/3.2.0/maven-invoker-3.2.0.jar, file:/root/./workspace/INRIA-spoon-master-4751_repo/.m2/org/apache/maven/shared/maven-shared-utils/3.3.4/maven-shared-utils-3.3.4.jar, file:/root/./workspace/INRIA-spoon-master-4751_repo/.m2/javax/inject/javax.inject/1/javax.inject-1.jar, file:/root/./workspace/INRIA-spoon-master-4751_repo/.m2/javax/validation/validation-api/2.0.1.Final/validation-api-2.0.1.Final.jar, file:/root/./workspace/INRIA-spoon-master-4751_repo/.m2/uk/org/lidalia/slf4j-test/1.2.0/slf4j-test-1.2.0.jar, file:/root/./workspace/INRIA-spoon-master-4751_repo/.m2/uk/org/lidalia/lidalia-lang/1.0.0/lidalia-lang-1.0.0.jar, file:/root/./workspace/INRIA-spoon-master-4751_repo/.m2/uk/org/lidalia/lidalia-slf4j-ext/1.0.0/lidalia-slf4j-ext-1.0.0.jar, file:/root/./workspace/INRIA-spoon-master-4751_repo/.m2/joda-time/joda-time/2.2/joda-time-2.2.jar, file:/root/./workspace/INRIA-spoon-master-4751_repo/.m2/org/kohsuke/metainf-services/metainf-services/1.9/metainf-services-1.9.jar, file:/root/./workspace/INRIA-spoon-master-4751_repo/.m2/org/mockito/mockito-core/4.6.1/mockito-core-4.6.1.jar, file:/root/./workspace/INRIA-spoon-master-4751_repo/.m2/net/bytebuddy/byte-buddy/1.12.10/byte-buddy-1.12.10.jar, file:/root/./workspace/INRIA-spoon-master-4751_repo/.m2/net/bytebuddy/byte-buddy-agent/1.12.10/byte-buddy-agent-1.12.10.jar, file:/root/./workspace/INRIA-spoon-master-4751_repo/.m2/org/objenesis/objenesis/3.2/objenesis-3.2.jar, file:/root/./workspace/INRIA-spoon-master-4751_repo/.m2/org/junit/jupiter/junit-jupiter-engine/5.8.2/junit-jupiter-engine-5.8.2.jar, file:/root/./workspace/INRIA-spoon-master-4751_repo/.m2/org/junit/platform/junit-platform-engine/1.8.2/junit-platform-engine-1.8.2.jar, file:/root/./workspace/INRIA-spoon-master-4751_repo/.m2/org/opentest4j/opentest4j/1.2.0/opentest4j-1.2.0.jar, file:/root/./workspace/INRIA-spoon-master-4751_repo/.m2/org/junit/platform/junit-platform-commons/1.8.2/junit-platform-commons-1.8.2.jar, file:/root/./workspace/INRIA-spoon-master-4751_repo/.m2/org/junit/jupiter/junit-jupiter-api/5.8.2/junit-jupiter-api-5.8.2.jar, file:/root/./workspace/INRIA-spoon-master-4751_repo/.m2/org/apiguardian/apiguardian-api/1.1.2/apiguardian-api-1.1.2.jar, file:/root/./workspace/INRIA-spoon-master-4751_repo/.m2/org/junit/jupiter/junit-jupiter-params/5.8.2/junit-jupiter-params-5.8.2.jar, file:/root/./workspace/INRIA-spoon-master-4751_repo/.m2/org/junit/platform/junit-platform-launcher/1.8.2/junit-platform-launcher-1.8.2.jar, file:/root/./workspace/INRIA-spoon-master-4751_repo/.m2/org/mockito/mockito-junit-jupiter/4.6.1/mockito-junit-jupiter-4.6.1.jar, file:/root/./workspace/INRIA-spoon-master-4751_repo/.m2/com/github/stefanbirkner/system-rules/1.19.0/system-rules-1.19.0.jar, file:/root/./workspace/INRIA-spoon-master-4751_repo/.m2/junit/junit/4.11-beta-1/junit-4.11-beta-1.jar, file:/root/./workspace/INRIA-spoon-master-4751_repo/.m2/org/hamcrest/hamcrest-core/1.3/hamcrest-core-1.3.jar, file:/root/./workspace/INRIA-spoon-master-4751_repo/target/classes/, file:/root/./workspace/INRIA-spoon-master-4751_repo/target/test-classes/]
[99113] WARN CoverageRunner - Test [Manual]TestMethod=spoon.MavenLauncherTest#testTypeResolution result was not reported by test-runner.
[170255] WARN CoverageRunner - Test [Manual]TestMethod=spoon.generating.CorrectIdentifierTest#keyWord result was not reported by test-runner.
[170255] WARN CoverageRunner - Test [Manual]TestMethod=spoon.generating.CorrectIdentifierTest#keyWord2 result was not reported by test-runner.
[170255] WARN CoverageRunner - Test [Manual]TestMethod=spoon.generating.CorrectIdentifierTest#keyWord3 result was not reported by test-runner.
[178760] WARN CoverageRunner - Test [Manual]TestMethod=spoon.support.visitor.java.JavaReflectionTreeBuilderTest#testShadowRecords result was not reported by test-runner.
[422039] WARN CoverageRunner - Test [Manual]TestMethod=spoon.test.intercession.IntercessionTest#testResetCollectionInSetters result was not reported by test-runner.
[719652] WARN CoverageRunner - Test [Manual]TestMethod=spoon.test.spoonifier.SpoonifierTest#testOnAllTestClasses result was not reported by test-runner.
[721480] WARN CoverageRunner - Test [Manual]TestMethod=spoon.test.spoonifier.SpoonifierTest#testSpoonifierElement result was not reported by test-runner.
[818388] WARN CoverageRunner - Test [Manual]TestMethod=spoon.test.comment.CommentTest#testDocumentationContract result was not reported by test-runner.
[922960] WARN CoverageRunner - Test [Manual]TestMethod=spoon.test.parent.ParentTest#testParentSetInSetter result was not reported by test-runner.
[1070642] WARN CoverageRunner - Test [Manual]TestMethod=spoon.test.prettyprinter.LoopSniperJavaPrettyPrinterTest#whileWithBraces result was not reported by test-runner.
[1147214] WARN CoverageRunner - Test [Manual]TestMethod=spoon.test.prettyprinter.DefaultPrettyPrinterTest#testCheckstyleCompliance result was not reported by test-runner.
[1147214] WARN CoverageRunner - Test [Manual]TestMethod=spoon.test.module.TestModule#testGetModuleAfterChangingItsName result was not reported by test-runner.
[1147214] WARN CoverageRunner - Test [Manual]TestMethod=spoon.test.module.TestModule#testModuleNames result was not reported by test-runner.
[1147214] WARN CoverageRunner - Test [Manual]TestMethod=spoon.test.module.TestModule#testSimpleModuleCanBeBuilt result was not reported by test-runner.
[1147214] WARN CoverageRunner - Test [Manual]TestMethod=spoon.test.module.TestModule#testMultipleModulesAndParents result was not reported by test-runner.
[1147214] WARN CoverageRunner - Test [Manual]TestMethod=spoon.test.module.TestModule#testModuleComplianceLevelException result was not reported by test-runner.
[1147214] WARN CoverageRunner - Test [Manual]TestMethod=spoon.test.module.TestModule#testModuleOverlappingPackages result was not reported by test-runner.
[1147214] WARN CoverageRunner - Test [Manual]TestMethod=spoon.test.module.TestModule#testModulePrintDoesNotDuplicate result was not reported by test-runner.
[1147214] WARN CoverageRunner - Test [Manual]TestMethod=spoon.test.module.TestModule#testCompleteModuleInfoContentNoClasspath result was not reported by test-runner.
[1147214] WARN CoverageRunner - Test [Manual]TestMethod=spoon.test.module.TestModule#testModuleInfoShouldBeCorrectlyPrettyPrinted result was not reported by test-runner.
[1147214] WARN CoverageRunner - Test [Manual]TestMethod=spoon.test.module.TestModule#testModuleInfoWithComments result was not reported by test-runner.
[1147215] WARN CoverageRunner - Test [Manual]TestMethod=spoon.test.module.TestModule#testDirectiveOrders result was not reported by test-runner.
[1147215] WARN CoverageRunner - Test [Manual]TestMethod=spoon.test.module.TestModule#testGetParentOfRootPackageOfModule result was not reported by test-runner.
[1584129] WARN CoverageRunner - Test [Manual]TestMethod=spoon.MavenLauncherTest#testTypeResolution result was not reported by test-runner.
[1654548] WARN CoverageRunner - Test [Manual]TestMethod=spoon.generating.CorrectIdentifierTest#keyWord result was not reported by test-runner.
[1654548] WARN CoverageRunner - Test [Manual]TestMethod=spoon.generating.CorrectIdentifierTest#keyWord2 result was not reported by test-runner.
[1654548] WARN CoverageRunner - Test [Manual]TestMethod=spoon.generating.CorrectIdentifierTest#keyWord3 result was not reported by test-runner.
[1662898] WARN CoverageRunner - Test [Manual]TestMethod=spoon.support.visitor.java.JavaReflectionTreeBuilderTest#testShadowRecords result was not reported by test-runner.
[1698627] WARN CoverageRunner - Test [Manual]TestMethod=spoon.test.intercession.IntercessionTest#testResetCollectionInSetters result was not reported by test-runner.
[1698933] WARN CoverageRunner - Test [Manual]TestMethod=spoon.test.spoonifier.SpoonifierTest#testOnAllTestClasses result was not reported by test-runner.
[1698935] WARN CoverageRunner - Test [Manual]TestMethod=spoon.test.spoonifier.SpoonifierTest#testSpoonifierElement result was not reported by test-runner.
[1699028] WARN CoverageRunner - Test [Manual]TestMethod=spoon.test.comment.CommentTest#testDocumentationContract result was not reported by test-runner.
[1699144] WARN CoverageRunner - Test [Manual]TestMethod=spoon.test.parent.ParentTest#testParentSetInSetter result was not reported by test-runner.
[1699295] WARN CoverageRunner - Test [Manual]TestMethod=spoon.test.prettyprinter.LoopSniperJavaPrettyPrinterTest#whileWithBraces result was not reported by test-runner.
[1699386] WARN CoverageRunner - Test [Manual]TestMethod=spoon.test.prettyprinter.DefaultPrettyPrinterTest#testCheckstyleCompliance result was not reported by test-runner.
[1699386] WARN CoverageRunner - Test [Manual]TestMethod=spoon.test.module.TestModule#testGetModuleAfterChangingItsName result was not reported by test-runner.
[1699386] WARN CoverageRunner - Test [Manual]TestMethod=spoon.test.module.TestModule#testModuleNames result was not reported by test-runner.
[1699386] WARN CoverageRunner - Test [Manual]TestMethod=spoon.test.module.TestModule#testSimpleModuleCanBeBuilt result was not reported by test-runner.
[1699386] WARN CoverageRunner - Test [Manual]TestMethod=spoon.test.module.TestModule#testMultipleModulesAndParents result was not reported by test-runner.
[1699386] WARN CoverageRunner - Test [Manual]TestMethod=spoon.test.module.TestModule#testModuleComplianceLevelException result was not reported by test-runner.
[1699386] WARN CoverageRunner - Test [Manual]TestMethod=spoon.test.module.TestModule#testModuleOverlappingPackages result was not reported by test-runner.
[1699386] WARN CoverageRunner - Test [Manual]TestMethod=spoon.test.module.TestModule#testModulePrintDoesNotDuplicate result was not reported by test-runner.
[1699386] WARN CoverageRunner - Test [Manual]TestMethod=spoon.test.module.TestModule#testCompleteModuleInfoContentNoClasspath result was not reported by test-runner.
[1699386] WARN CoverageRunner - Test [Manual]TestMethod=spoon.test.module.TestModule#testModuleInfoShouldBeCorrectlyPrettyPrinted result was not reported by test-runner.
[1699386] WARN CoverageRunner - Test [Manual]TestMethod=spoon.test.module.TestModule#testModuleInfoWithComments result was not reported by test-runner.
[1699386] WARN CoverageRunner - Test [Manual]TestMethod=spoon.test.module.TestModule#testDirectiveOrders result was not reported by test-runner.
[1699386] WARN CoverageRunner - Test [Manual]TestMethod=spoon.test.module.TestModule#testGetParentOfRootPackageOfModule result was not reported by test-runner.
[1699881] INFO CoverageRunner - Tests found: 3096
[1699881] INFO CoverageRunner - Tests executed: 3048
19:34:27.880 [main] INFO  fr.inria.jtravis.JTravis - GitHub ratelimit: Limit: 5000 Remaining: 4896 Reset hour: 04:55:50
19:34:31.095 [main] INFO  f.i.s.r.p.s.f.FlacocoLocalization - 
19:34:31.099 [main] INFO  f.i.s.r.p.i.ProjectInspector - ----------------------------------------------------------------------
19:34:31.099 [main] INFO  f.i.s.r.p.i.ProjectInspector - PIPELINE EXECUTION SUMMARY
19:34:31.099 [main] INFO  f.i.s.r.p.i.ProjectInspector - ----------------------------------------------------------------------
19:34:31.099 [main] INFO  f.i.s.r.p.i.ProjectInspector - CloneCheckoutGitPullRequest.........................SUCCESS [    8 s ]
19:34:31.099 [main] INFO  f.i.s.r.p.i.ProjectInspector - BuildProject........................................SUCCESS [   53 s ]
19:34:31.099 [main] INFO  f.i.s.r.p.i.ProjectInspector - TestProject.........................................SUCCESS [  755 s ]
19:34:31.099 [main] INFO  f.i.s.r.p.i.ProjectInspector - ComputeClasspath....................................SUCCESS [    4 s ]
19:34:31.099 [main] INFO  f.i.s.r.p.i.ProjectInspector - ComputeSourceDir....................................SUCCESS [    0 s ]
19:34:31.099 [main] INFO  f.i.s.r.p.i.ProjectInspector - ComputeTestDir......................................SUCCESS [    0 s ]
19:34:31.099 [main] INFO  f.i.s.r.p.i.ProjectInspector - GatherTestInformation...............................SUCCESS [    0 s ]
19:34:31.099 [main] INFO  f.i.s.r.p.i.ProjectInspector - FlacocoLocalization.................................SUCCESS [ 1701 s ]
19:34:31.099 [main] INFO  f.i.s.r.p.i.ProjectInspector - PushFaultLocalizationSuggestionsOnGitHubRepository..SUCCESS [    3 s ]
19:34:31.099 [main] INFO  f.i.s.r.p.i.ProjectInspector - ----------------------------------------------------------------------
19:34:31.099 [main] INFO  f.i.s.r.p.i.ProjectInspector - PIPELINE FINDING: TEST FAILURE
19:34:31.099 [main] INFO  f.i.s.r.p.i.ProjectInspector - ----------------------------------------------------------------------
19:34:31.099 [main] INFO  f.i.s.r.p.github.GithubMainProcess - Inspector is finished. The process will exit now.
