Execute pipeline with following supplementary args: --smtpPort 25 --listenerMode NOOP --launcherMode FAULT_LOCALIZATION  --gitrepourl https://github.com/apache/pinot --gitrepopullrequest 8542
java -cp /usr/local/openjdk-11/lib/tools.jar:repairnator-pipeline.jar -Dlogback.configurationFile=/root/logback.xml fr.inria.spirals.repairnator.pipeline.Launcher -d --runId null -o /var/log --ghOauth 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 --faultLocalization --flacocoThreshold 0.0 --flacocoTopK null --flacocoResultsRepository flacocobot/2022-flacocobot-experiment --ghOauth  --smtpPort 25 --listenerMode NOOP --launcherMode FAULT_LOCALIZATION  --gitrepourl https://github.com/apache/pinot --gitrepopullrequest 8542

11:49:47.695 [main] INFO  f.i.s.r.p.g.GithubInitSerializerEngines - Initialize file serializer engines.
11:49:47.696 [main] INFO  f.i.s.r.p.g.GithubInitSerializerEngines - MongoDB won't be used for serialization.
11:49:47.696 [main] INFO  f.i.s.r.p.github.GithubInitNotifiers - The email notifier engine won't be used.
11:49:47.709 [main] INFO  f.i.s.r.p.i.ProjectInspector - ----------------------------------------------------------------------
11:49:47.709 [main] INFO  f.i.s.r.p.i.ProjectInspector - PIPELINE STEPS
11:49:47.709 [main] INFO  f.i.s.r.p.i.ProjectInspector - ----------------------------------------------------------------------
11:49:47.709 [main] INFO  f.i.s.r.p.i.ProjectInspector - CloneCheckoutGitPullRequest
11:49:47.710 [main] INFO  f.i.s.r.p.i.ProjectInspector - BuildProject
11:49:47.710 [main] INFO  f.i.s.r.p.i.ProjectInspector - TestProject
11:49:47.710 [main] INFO  f.i.s.r.p.i.ProjectInspector - ComputeClasspath
11:49:47.710 [main] INFO  f.i.s.r.p.i.ProjectInspector - ComputeSourceDir
11:49:47.710 [main] INFO  f.i.s.r.p.i.ProjectInspector - ComputeTestDir
11:49:47.710 [main] INFO  f.i.s.r.p.i.ProjectInspector - GatherTestInformation
11:49:47.710 [main] INFO  f.i.s.r.p.i.ProjectInspector - FlacocoLocalization
11:49:47.710 [main] INFO  f.i.s.r.p.i.ProjectInspector - PushFaultLocalizationSuggestionsOnGitHubRepository
11:49:47.710 [main] INFO  f.i.s.r.p.s.CloneCheckoutGitPullRequest - Cloning repository https://github.com/apache/pinot.git in the following directory: ./workspace/apache-pinot-master-8542_repo
11:58:08.325 [Thread-7] ERROR f.i.s.r.p.m.o.MavenFilterOutputHandler - [ERROR] WARNING: An illegal reflective access operation has occurred
11:58:08.326 [Thread-7] ERROR f.i.s.r.p.m.o.MavenFilterOutputHandler - [ERROR] WARNING: Illegal reflective access by org.apache.pinot.spi.config.ConfigUtilsTest (file:/root/workspace/apache-pinot-master-8542_repo/pinot-spi/target/test-classes/) to field java.util.Collections$UnmodifiableMap.m
11:58:08.326 [Thread-7] ERROR f.i.s.r.p.m.o.MavenFilterOutputHandler - [ERROR] WARNING: Please consider reporting this to the maintainers of org.apache.pinot.spi.config.ConfigUtilsTest
11:58:08.326 [Thread-7] ERROR f.i.s.r.p.m.o.MavenFilterOutputHandler - [ERROR] WARNING: Use --illegal-access=warn to enable warnings of further illegal reflective access operations
11:58:08.326 [Thread-7] ERROR f.i.s.r.p.m.o.MavenFilterOutputHandler - [ERROR] WARNING: All illegal access operations will be denied in a future release
11:58:17.211 [Thread-7] ERROR f.i.s.r.p.m.o.MavenFilterOutputHandler - [ERROR] WARNING: An illegal reflective access operation has occurred
11:58:17.211 [Thread-7] ERROR f.i.s.r.p.m.o.MavenFilterOutputHandler - [ERROR] WARNING: Illegal reflective access by xerial.larray.buffer.UnsafeUtil (file:/root/workspace/apache-pinot-master-8542_repo/.m2/org/xerial/larray/larray-buffer/0.4.1/larray-buffer-0.4.1.jar) to constructor java.nio.DirectByteBuffer(long,int,java.lang.Object)
11:58:17.211 [Thread-7] ERROR f.i.s.r.p.m.o.MavenFilterOutputHandler - [ERROR] WARNING: Please consider reporting this to the maintainers of xerial.larray.buffer.UnsafeUtil
11:58:17.211 [Thread-7] ERROR f.i.s.r.p.m.o.MavenFilterOutputHandler - [ERROR] WARNING: Use --illegal-access=warn to enable warnings of further illegal reflective access operations
11:58:17.211 [Thread-7] ERROR f.i.s.r.p.m.o.MavenFilterOutputHandler - [ERROR] WARNING: All illegal access operations will be denied in a future release
11:58:36.090 [Thread-8] ERROR f.i.s.r.p.m.output.MavenErrorHandler - java.lang.NullPointerException
11:58:36.090 [Thread-8] ERROR f.i.s.r.p.m.output.MavenErrorHandler - 	at org.testng.reporters.JUnitXMLReporter.generateReport(JUnitXMLReporter.java:152)
11:58:36.090 [Thread-8] ERROR f.i.s.r.p.m.output.MavenErrorHandler - 	at org.testng.reporters.JUnitXMLReporter.onFinish(JUnitXMLReporter.java:112)
11:58:36.090 [Thread-8] ERROR f.i.s.r.p.m.output.MavenErrorHandler - 	at org.testng.TestRunner.fireEvent(TestRunner.java:1187)
11:58:36.090 [Thread-8] ERROR f.i.s.r.p.m.output.MavenErrorHandler - 	at org.testng.TestRunner.afterRun(TestRunner.java:976)
11:58:36.090 [Thread-8] ERROR f.i.s.r.p.m.output.MavenErrorHandler - 	at org.testng.TestRunner.run(TestRunner.java:606)
11:58:36.090 [Thread-8] ERROR f.i.s.r.p.m.output.MavenErrorHandler - 	at org.testng.SuiteRunner.runTest(SuiteRunner.java:380)
11:58:36.090 [Thread-8] ERROR f.i.s.r.p.m.output.MavenErrorHandler - 	at org.testng.SuiteRunner.runSequentially(SuiteRunner.java:375)
11:58:36.090 [Thread-8] ERROR f.i.s.r.p.m.output.MavenErrorHandler - 	at org.testng.SuiteRunner.privateRun(SuiteRunner.java:340)
11:58:36.090 [Thread-8] ERROR f.i.s.r.p.m.output.MavenErrorHandler - 	at org.testng.SuiteRunner.run(SuiteRunner.java:289)
11:58:36.090 [Thread-8] ERROR f.i.s.r.p.m.output.MavenErrorHandler - 	at org.testng.SuiteRunnerWorker.runSuite(SuiteRunnerWorker.java:52)
11:58:36.090 [Thread-8] ERROR f.i.s.r.p.m.output.MavenErrorHandler - 	at org.testng.SuiteRunnerWorker.run(SuiteRunnerWorker.java:86)
11:58:36.090 [Thread-8] ERROR f.i.s.r.p.m.output.MavenErrorHandler - 	at org.testng.TestNG.runSuitesSequentially(TestNG.java:1301)
11:58:36.090 [Thread-8] ERROR f.i.s.r.p.m.output.MavenErrorHandler - 	at org.testng.TestNG.runSuitesLocally(TestNG.java:1226)
11:58:36.090 [Thread-8] ERROR f.i.s.r.p.m.output.MavenErrorHandler - 	at org.testng.TestNG.runSuites(TestNG.java:1144)
11:58:36.090 [Thread-8] ERROR f.i.s.r.p.m.output.MavenErrorHandler - 	at org.testng.TestNG.run(TestNG.java:1115)
11:58:36.091 [Thread-8] ERROR f.i.s.r.p.m.output.MavenErrorHandler - 	at org.apache.maven.surefire.testng.TestNGExecutor.run(TestNGExecutor.java:136)
11:58:36.091 [Thread-8] ERROR f.i.s.r.p.m.output.MavenErrorHandler - 	at org.apache.maven.surefire.testng.TestNGDirectoryTestSuite.executeSingleClass(TestNGDirectoryTestSuite.java:112)
11:58:36.091 [Thread-8] ERROR f.i.s.r.p.m.output.MavenErrorHandler - 	at org.apache.maven.surefire.testng.TestNGDirectoryTestSuite.execute(TestNGDirectoryTestSuite.java:99)
11:58:36.091 [Thread-8] ERROR f.i.s.r.p.m.output.MavenErrorHandler - 	at org.apache.maven.surefire.testng.TestNGProvider.invoke(TestNGProvider.java:145)
11:58:36.091 [Thread-8] ERROR f.i.s.r.p.m.output.MavenErrorHandler - 	at org.apache.maven.surefire.booter.ForkedBooter.runSuitesInProcess(ForkedBooter.java:428)
11:58:36.091 [Thread-8] ERROR f.i.s.r.p.m.output.MavenErrorHandler - 	at org.apache.maven.surefire.booter.ForkedBooter.execute(ForkedBooter.java:162)
11:58:36.091 [Thread-8] ERROR f.i.s.r.p.m.output.MavenErrorHandler - 	at org.apache.maven.surefire.booter.ForkedBooter.run(ForkedBooter.java:562)
11:58:36.091 [Thread-8] ERROR f.i.s.r.p.m.output.MavenErrorHandler - 	at org.apache.maven.surefire.booter.ForkedBooter.main(ForkedBooter.java:548)
11:58:36.091 [Thread-8] ERROR f.i.s.r.p.m.output.MavenErrorHandler - [TestNG] Reporter org.testng.reporters.JUnitReportReporter@6a84bc2a failed
11:58:36.091 [Thread-8] ERROR f.i.s.r.p.m.output.MavenErrorHandler - java.lang.NullPointerException
11:58:36.091 [Thread-8] ERROR f.i.s.r.p.m.output.MavenErrorHandler - 	at org.testng.reporters.JUnitReportReporter.generateReport(JUnitReportReporter.java:146)
11:58:36.091 [Thread-8] ERROR f.i.s.r.p.m.output.MavenErrorHandler - 	at org.testng.TestNG.generateReports(TestNG.java:1192)
11:58:36.091 [Thread-8] ERROR f.i.s.r.p.m.output.MavenErrorHandler - 	at org.testng.TestNG.run(TestNG.java:1120)
11:58:36.091 [Thread-8] ERROR f.i.s.r.p.m.output.MavenErrorHandler - 	at org.apache.maven.surefire.testng.TestNGExecutor.run(TestNGExecutor.java:136)
11:58:36.091 [Thread-8] ERROR f.i.s.r.p.m.output.MavenErrorHandler - 	at org.apache.maven.surefire.testng.TestNGDirectoryTestSuite.executeSingleClass(TestNGDirectoryTestSuite.java:112)
11:58:36.091 [Thread-8] ERROR f.i.s.r.p.m.output.MavenErrorHandler - 	at org.apache.maven.surefire.testng.TestNGDirectoryTestSuite.execute(TestNGDirectoryTestSuite.java:99)
11:58:36.091 [Thread-8] ERROR f.i.s.r.p.m.output.MavenErrorHandler - 	at org.apache.maven.surefire.testng.TestNGProvider.invoke(TestNGProvider.java:145)
11:58:36.091 [Thread-8] ERROR f.i.s.r.p.m.output.MavenErrorHandler - 	at org.apache.maven.surefire.booter.ForkedBooter.runSuitesInProcess(ForkedBooter.java:428)
11:58:36.091 [Thread-8] ERROR f.i.s.r.p.m.output.MavenErrorHandler - 	at org.apache.maven.surefire.booter.ForkedBooter.execute(ForkedBooter.java:162)
11:58:36.091 [Thread-8] ERROR f.i.s.r.p.m.output.MavenErrorHandler - 	at org.apache.maven.surefire.booter.ForkedBooter.run(ForkedBooter.java:562)
11:58:36.091 [Thread-8] ERROR f.i.s.r.p.m.output.MavenErrorHandler - 	at org.apache.maven.surefire.booter.ForkedBooter.main(ForkedBooter.java:548)
11:59:45.671 [Thread-7] ERROR f.i.s.r.p.m.o.MavenFilterOutputHandler - [ERROR] WARNING: An illegal reflective access operation has occurred
11:59:45.671 [Thread-7] ERROR f.i.s.r.p.m.o.MavenFilterOutputHandler - [ERROR] WARNING: Illegal reflective access by org.codehaus.groovy.vmplugin.v7.Java7$1 (file:/root/workspace/apache-pinot-master-8542_repo/.m2/org/codehaus/groovy/groovy-all/2.4.21/groovy-all-2.4.21.jar) to constructor java.lang.invoke.MethodHandles$Lookup(java.lang.Class,int)
11:59:45.671 [Thread-7] ERROR f.i.s.r.p.m.o.MavenFilterOutputHandler - [ERROR] WARNING: Please consider reporting this to the maintainers of org.codehaus.groovy.vmplugin.v7.Java7$1
11:59:45.671 [Thread-7] ERROR f.i.s.r.p.m.o.MavenFilterOutputHandler - [ERROR] WARNING: Use --illegal-access=warn to enable warnings of further illegal reflective access operations
11:59:45.671 [Thread-7] ERROR f.i.s.r.p.m.o.MavenFilterOutputHandler - [ERROR] WARNING: All illegal access operations will be denied in a future release
11:59:59.634 [Thread-7] ERROR f.i.s.r.p.m.o.MavenFilterOutputHandler - [ERROR] WARNING: An illegal reflective access operation has occurred
11:59:59.634 [Thread-7] ERROR f.i.s.r.p.m.o.MavenFilterOutputHandler - [ERROR] WARNING: Illegal reflective access by org.codehaus.groovy.vmplugin.v7.Java7$1 (file:/root/workspace/apache-pinot-master-8542_repo/.m2/org/codehaus/groovy/groovy-all/2.4.21/groovy-all-2.4.21.jar) to constructor java.lang.invoke.MethodHandles$Lookup(java.lang.Class,int)
11:59:59.634 [Thread-7] ERROR f.i.s.r.p.m.o.MavenFilterOutputHandler - [ERROR] WARNING: Please consider reporting this to the maintainers of org.codehaus.groovy.vmplugin.v7.Java7$1
11:59:59.634 [Thread-7] ERROR f.i.s.r.p.m.o.MavenFilterOutputHandler - [ERROR] WARNING: Use --illegal-access=warn to enable warnings of further illegal reflective access operations
11:59:59.634 [Thread-7] ERROR f.i.s.r.p.m.o.MavenFilterOutputHandler - [ERROR] WARNING: All illegal access operations will be denied in a future release
12:00:03.059 [Thread-7] ERROR f.i.s.r.p.m.o.MavenFilterOutputHandler - [ERROR] WARNING: An illegal reflective access operation has occurred
12:00:03.059 [Thread-7] ERROR f.i.s.r.p.m.o.MavenFilterOutputHandler - [ERROR] WARNING: Illegal reflective access by org.codehaus.groovy.vmplugin.v7.Java7$1 (file:/root/workspace/apache-pinot-master-8542_repo/.m2/org/codehaus/groovy/groovy-all/2.4.21/groovy-all-2.4.21.jar) to constructor java.lang.invoke.MethodHandles$Lookup(java.lang.Class,int)
12:00:03.059 [Thread-7] ERROR f.i.s.r.p.m.o.MavenFilterOutputHandler - [ERROR] WARNING: Please consider reporting this to the maintainers of org.codehaus.groovy.vmplugin.v7.Java7$1
12:00:03.059 [Thread-7] ERROR f.i.s.r.p.m.o.MavenFilterOutputHandler - [ERROR] WARNING: Use --illegal-access=warn to enable warnings of further illegal reflective access operations
12:00:03.059 [Thread-7] ERROR f.i.s.r.p.m.o.MavenFilterOutputHandler - [ERROR] WARNING: All illegal access operations will be denied in a future release
12:00:05.206 [Thread-7] ERROR f.i.s.r.p.m.o.MavenFilterOutputHandler - [ERROR] WARNING: An illegal reflective access operation has occurred
12:00:05.206 [Thread-7] ERROR f.i.s.r.p.m.o.MavenFilterOutputHandler - [ERROR] WARNING: Illegal reflective access by org.codehaus.groovy.vmplugin.v7.Java7$1 (file:/root/workspace/apache-pinot-master-8542_repo/.m2/org/codehaus/groovy/groovy-all/2.4.21/groovy-all-2.4.21.jar) to constructor java.lang.invoke.MethodHandles$Lookup(java.lang.Class,int)
12:00:05.206 [Thread-7] ERROR f.i.s.r.p.m.o.MavenFilterOutputHandler - [ERROR] WARNING: Please consider reporting this to the maintainers of org.codehaus.groovy.vmplugin.v7.Java7$1
12:00:05.206 [Thread-7] ERROR f.i.s.r.p.m.o.MavenFilterOutputHandler - [ERROR] WARNING: Use --illegal-access=warn to enable warnings of further illegal reflective access operations
12:00:05.206 [Thread-7] ERROR f.i.s.r.p.m.o.MavenFilterOutputHandler - [ERROR] WARNING: All illegal access operations will be denied in a future release
12:00:58.297 [Thread-7] ERROR f.i.s.r.p.m.o.MavenFilterOutputHandler - [ERROR] WARNING: An illegal reflective access operation has occurred
12:00:58.297 [Thread-7] ERROR f.i.s.r.p.m.o.MavenFilterOutputHandler - [ERROR] WARNING: Illegal reflective access by org.codehaus.groovy.vmplugin.v7.Java7$1 (file:/root/workspace/apache-pinot-master-8542_repo/.m2/org/codehaus/groovy/groovy-all/2.4.21/groovy-all-2.4.21.jar) to constructor java.lang.invoke.MethodHandles$Lookup(java.lang.Class,int)
12:00:58.297 [Thread-7] ERROR f.i.s.r.p.m.o.MavenFilterOutputHandler - [ERROR] WARNING: Please consider reporting this to the maintainers of org.codehaus.groovy.vmplugin.v7.Java7$1
12:00:58.297 [Thread-7] ERROR f.i.s.r.p.m.o.MavenFilterOutputHandler - [ERROR] WARNING: Use --illegal-access=warn to enable warnings of further illegal reflective access operations
12:00:58.297 [Thread-7] ERROR f.i.s.r.p.m.o.MavenFilterOutputHandler - [ERROR] WARNING: All illegal access operations will be denied in a future release
12:01:38.817 [Thread-7] ERROR f.i.s.r.p.m.o.MavenFilterOutputHandler - [ERROR] WARNING: An illegal reflective access operation has occurred
12:01:38.817 [Thread-7] ERROR f.i.s.r.p.m.o.MavenFilterOutputHandler - [ERROR] WARNING: Illegal reflective access by xerial.larray.mmap.MMapBuffer (file:/root/workspace/apache-pinot-master-8542_repo/.m2/org/xerial/larray/larray-mmap/0.4.1/larray-mmap-0.4.1.jar) to field java.io.FileDescriptor.fd
12:01:38.817 [Thread-7] ERROR f.i.s.r.p.m.o.MavenFilterOutputHandler - [ERROR] WARNING: Please consider reporting this to the maintainers of xerial.larray.mmap.MMapBuffer
12:01:38.817 [Thread-7] ERROR f.i.s.r.p.m.o.MavenFilterOutputHandler - [ERROR] WARNING: Use --illegal-access=warn to enable warnings of further illegal reflective access operations
12:01:38.817 [Thread-7] ERROR f.i.s.r.p.m.o.MavenFilterOutputHandler - [ERROR] WARNING: All illegal access operations will be denied in a future release
12:05:48.804 [Thread-8] ERROR f.i.s.r.p.m.output.MavenErrorHandler - Exception in thread "Thread-2" org.apache.lucene.store.AlreadyClosedException: this IndexWriter is closed
12:05:48.804 [Thread-8] ERROR f.i.s.r.p.m.output.MavenErrorHandler - 	at org.apache.lucene.index.IndexWriter.ensureOpen(IndexWriter.java:681)
12:05:48.804 [Thread-8] ERROR f.i.s.r.p.m.output.MavenErrorHandler - 	at org.apache.lucene.index.IndexWriter.ensureOpen(IndexWriter.java:695)
12:05:48.804 [Thread-8] ERROR f.i.s.r.p.m.output.MavenErrorHandler - 	at org.apache.lucene.index.IndexWriter.getMaxCompletedSequenceNumber(IndexWriter.java:5176)
12:05:48.804 [Thread-8] ERROR f.i.s.r.p.m.output.MavenErrorHandler - 	at org.apache.lucene.search.ControlledRealTimeReopenThread.run(ControlledRealTimeReopenThread.java:234)
12:08:41.318 [Thread-7] ERROR f.i.s.r.p.m.o.MavenFilterOutputHandler - [ERROR] WARNING: An illegal reflective access operation has occurred
12:08:41.318 [Thread-7] ERROR f.i.s.r.p.m.o.MavenFilterOutputHandler - [ERROR] WARNING: Illegal reflective access by org.codehaus.groovy.vmplugin.v7.Java7$1 (file:/root/workspace/apache-pinot-master-8542_repo/.m2/org/codehaus/groovy/groovy-all/2.4.21/groovy-all-2.4.21.jar) to constructor java.lang.invoke.MethodHandles$Lookup(java.lang.Class,int)
12:08:41.318 [Thread-7] ERROR f.i.s.r.p.m.o.MavenFilterOutputHandler - [ERROR] WARNING: Please consider reporting this to the maintainers of org.codehaus.groovy.vmplugin.v7.Java7$1
12:08:41.318 [Thread-7] ERROR f.i.s.r.p.m.o.MavenFilterOutputHandler - [ERROR] WARNING: Use --illegal-access=warn to enable warnings of further illegal reflective access operations
12:08:41.318 [Thread-7] ERROR f.i.s.r.p.m.o.MavenFilterOutputHandler - [ERROR] WARNING: All illegal access operations will be denied in a future release
12:09:48.092 [Thread-7] ERROR f.i.s.r.p.m.o.MavenFilterOutputHandler - [ERROR] WARNING: An illegal reflective access operation has occurred
12:09:48.092 [Thread-7] ERROR f.i.s.r.p.m.o.MavenFilterOutputHandler - [ERROR] WARNING: Illegal reflective access by org.codehaus.groovy.vmplugin.v7.Java7$1 (file:/root/workspace/apache-pinot-master-8542_repo/.m2/org/codehaus/groovy/groovy-all/2.4.21/groovy-all-2.4.21.jar) to constructor java.lang.invoke.MethodHandles$Lookup(java.lang.Class,int)
12:09:48.092 [Thread-7] ERROR f.i.s.r.p.m.o.MavenFilterOutputHandler - [ERROR] WARNING: Please consider reporting this to the maintainers of org.codehaus.groovy.vmplugin.v7.Java7$1
12:09:48.093 [Thread-7] ERROR f.i.s.r.p.m.o.MavenFilterOutputHandler - [ERROR] WARNING: Use --illegal-access=warn to enable warnings of further illegal reflective access operations
12:09:48.093 [Thread-7] ERROR f.i.s.r.p.m.o.MavenFilterOutputHandler - [ERROR] WARNING: All illegal access operations will be denied in a future release
12:09:48.860 [Thread-7] ERROR f.i.s.r.p.m.o.MavenFilterOutputHandler - [ERROR] WARNING: An illegal reflective access operation has occurred
12:09:48.861 [Thread-7] ERROR f.i.s.r.p.m.o.MavenFilterOutputHandler - [ERROR] WARNING: Illegal reflective access by org.codehaus.groovy.vmplugin.v7.Java7$1 (file:/root/workspace/apache-pinot-master-8542_repo/.m2/org/codehaus/groovy/groovy-all/2.4.21/groovy-all-2.4.21.jar) to constructor java.lang.invoke.MethodHandles$Lookup(java.lang.Class,int)
12:09:48.861 [Thread-7] ERROR f.i.s.r.p.m.o.MavenFilterOutputHandler - [ERROR] WARNING: Please consider reporting this to the maintainers of org.codehaus.groovy.vmplugin.v7.Java7$1
12:09:48.861 [Thread-7] ERROR f.i.s.r.p.m.o.MavenFilterOutputHandler - [ERROR] WARNING: Use --illegal-access=warn to enable warnings of further illegal reflective access operations
12:09:48.861 [Thread-7] ERROR f.i.s.r.p.m.o.MavenFilterOutputHandler - [ERROR] WARNING: All illegal access operations will be denied in a future release
12:09:53.387 [Thread-7] ERROR f.i.s.r.p.m.o.MavenFilterOutputHandler - [ERROR] WARNING: An illegal reflective access operation has occurred
12:09:53.387 [Thread-7] ERROR f.i.s.r.p.m.o.MavenFilterOutputHandler - [ERROR] WARNING: Illegal reflective access by org.codehaus.groovy.vmplugin.v7.Java7$1 (file:/root/workspace/apache-pinot-master-8542_repo/.m2/org/codehaus/groovy/groovy-all/2.4.21/groovy-all-2.4.21.jar) to constructor java.lang.invoke.MethodHandles$Lookup(java.lang.Class,int)
12:09:53.387 [Thread-7] ERROR f.i.s.r.p.m.o.MavenFilterOutputHandler - [ERROR] WARNING: Please consider reporting this to the maintainers of org.codehaus.groovy.vmplugin.v7.Java7$1
12:09:53.387 [Thread-7] ERROR f.i.s.r.p.m.o.MavenFilterOutputHandler - [ERROR] WARNING: Use --illegal-access=warn to enable warnings of further illegal reflective access operations
12:09:53.387 [Thread-7] ERROR f.i.s.r.p.m.o.MavenFilterOutputHandler - [ERROR] WARNING: All illegal access operations will be denied in a future release
12:10:41.313 [Thread-7] ERROR f.i.s.r.p.m.o.MavenFilterOutputHandler - [ERROR] WARNING: An illegal reflective access operation has occurred
12:10:41.314 [Thread-7] ERROR f.i.s.r.p.m.o.MavenFilterOutputHandler - [ERROR] WARNING: Illegal reflective access by org.codehaus.groovy.vmplugin.v7.Java7$1 (file:/root/workspace/apache-pinot-master-8542_repo/.m2/org/codehaus/groovy/groovy-all/2.4.21/groovy-all-2.4.21.jar) to constructor java.lang.invoke.MethodHandles$Lookup(java.lang.Class,int)
12:10:41.314 [Thread-7] ERROR f.i.s.r.p.m.o.MavenFilterOutputHandler - [ERROR] WARNING: Please consider reporting this to the maintainers of org.codehaus.groovy.vmplugin.v7.Java7$1
12:10:41.314 [Thread-7] ERROR f.i.s.r.p.m.o.MavenFilterOutputHandler - [ERROR] WARNING: Use --illegal-access=warn to enable warnings of further illegal reflective access operations
12:10:41.314 [Thread-7] ERROR f.i.s.r.p.m.o.MavenFilterOutputHandler - [ERROR] WARNING: All illegal access operations will be denied in a future release
12:11:42.095 [Thread-7] ERROR f.i.s.r.p.m.o.MavenFilterOutputHandler - [ERROR] WARNING: An illegal reflective access operation has occurred
12:11:42.095 [Thread-7] ERROR f.i.s.r.p.m.o.MavenFilterOutputHandler - [ERROR] WARNING: Illegal reflective access by org.codehaus.groovy.vmplugin.v7.Java7$1 (file:/root/workspace/apache-pinot-master-8542_repo/.m2/org/codehaus/groovy/groovy-all/2.4.21/groovy-all-2.4.21.jar) to constructor java.lang.invoke.MethodHandles$Lookup(java.lang.Class,int)
12:11:42.095 [Thread-7] ERROR f.i.s.r.p.m.o.MavenFilterOutputHandler - [ERROR] WARNING: Please consider reporting this to the maintainers of org.codehaus.groovy.vmplugin.v7.Java7$1
12:11:42.095 [Thread-7] ERROR f.i.s.r.p.m.o.MavenFilterOutputHandler - [ERROR] WARNING: Use --illegal-access=warn to enable warnings of further illegal reflective access operations
12:11:42.095 [Thread-7] ERROR f.i.s.r.p.m.o.MavenFilterOutputHandler - [ERROR] WARNING: All illegal access operations will be denied in a future release
12:12:24.910 [Thread-8] ERROR f.i.s.r.p.m.output.MavenErrorHandler - Apr 14, 2022 12:12:24 PM org.glassfish.grizzly.http.server.NetworkListener start
12:12:24.910 [Thread-8] ERROR f.i.s.r.p.m.output.MavenErrorHandler - INFO: Started listener bound to [0.0.0.0:45583]
12:12:24.910 [Thread-8] ERROR f.i.s.r.p.m.output.MavenErrorHandler - Apr 14, 2022 12:12:24 PM org.glassfish.grizzly.http.server.HttpServer start
12:12:24.910 [Thread-8] ERROR f.i.s.r.p.m.output.MavenErrorHandler - INFO: [HttpServer] Started.
12:12:24.967 [Thread-7] ERROR f.i.s.r.p.m.o.MavenFilterOutputHandler - [ERROR] Tests run: 5, Failures: 1, Errors: 0, Skipped: 4, Time elapsed: 1.442 s <<< FAILURE! - in org.apache.pinot.server.api.AccessControlTest
12:12:24.969 [Thread-7] ERROR f.i.s.r.p.m.o.MavenFilterOutputHandler - [ERROR] org.apache.pinot.server.api.AccessControlTest.setUp  Time elapsed: 1.387 s  <<< FAILURE!
12:12:24.969 [Thread-7] ERROR f.i.s.r.p.m.o.MavenFilterOutputHandler - [ERROR] org.apache.pinot.server.api.AccessControlTest skipped
12:12:24.969 [Thread-7] ERROR f.i.s.r.p.m.o.MavenFilterOutputHandler - [ERROR] org.apache.pinot.server.api.AccessControlTest skipped
12:12:24.969 [Thread-7] ERROR f.i.s.r.p.m.o.MavenFilterOutputHandler - [ERROR] org.apache.pinot.server.api.AccessControlTest skipped
12:12:24.969 [Thread-7] ERROR f.i.s.r.p.m.o.MavenFilterOutputHandler - [ERROR] org.apache.pinot.server.api.AccessControlTest skipped
12:12:29.357 [Thread-8] ERROR f.i.s.r.p.m.output.MavenErrorHandler - Apr 14, 2022 12:12:29 PM org.glassfish.grizzly.http.server.NetworkListener start
12:12:29.357 [Thread-8] ERROR f.i.s.r.p.m.output.MavenErrorHandler - INFO: Started listener bound to [0.0.0.0:8097]
12:12:29.357 [Thread-8] ERROR f.i.s.r.p.m.output.MavenErrorHandler - Apr 14, 2022 12:12:29 PM org.glassfish.grizzly.http.server.HttpServer start
12:12:29.357 [Thread-8] ERROR f.i.s.r.p.m.output.MavenErrorHandler - INFO: [HttpServer] Started.
12:12:29.411 [Thread-7] ERROR f.i.s.r.p.m.o.MavenFilterOutputHandler - [ERROR] Tests run: 6, Failures: 1, Errors: 0, Skipped: 5, Time elapsed: 3.744 s <<< FAILURE! - in org.apache.pinot.server.api.TableSizeResourceTest
12:12:29.412 [Thread-7] ERROR f.i.s.r.p.m.o.MavenFilterOutputHandler - [ERROR] org.apache.pinot.server.api.TableSizeResourceTest.setUp  Time elapsed: 3.692 s  <<< FAILURE!
12:12:29.413 [Thread-7] ERROR f.i.s.r.p.m.o.MavenFilterOutputHandler - [ERROR] org.apache.pinot.server.api.TableSizeResourceTest skipped
12:12:29.413 [Thread-7] ERROR f.i.s.r.p.m.o.MavenFilterOutputHandler - [ERROR] org.apache.pinot.server.api.TableSizeResourceTest skipped
12:12:29.413 [Thread-7] ERROR f.i.s.r.p.m.o.MavenFilterOutputHandler - [ERROR] org.apache.pinot.server.api.TableSizeResourceTest skipped
12:12:29.413 [Thread-7] ERROR f.i.s.r.p.m.o.MavenFilterOutputHandler - [ERROR] org.apache.pinot.server.api.TableSizeResourceTest skipped
12:12:29.413 [Thread-7] ERROR f.i.s.r.p.m.o.MavenFilterOutputHandler - [ERROR] org.apache.pinot.server.api.TableSizeResourceTest skipped
12:12:34.090 [Thread-8] ERROR f.i.s.r.p.m.output.MavenErrorHandler - Apr 14, 2022 12:12:34 PM org.glassfish.grizzly.http.server.NetworkListener start
12:12:34.090 [Thread-8] ERROR f.i.s.r.p.m.output.MavenErrorHandler - INFO: Started listener bound to [0.0.0.0:8097]
12:12:34.090 [Thread-8] ERROR f.i.s.r.p.m.output.MavenErrorHandler - Apr 14, 2022 12:12:34 PM org.glassfish.grizzly.http.server.HttpServer start
12:12:34.090 [Thread-8] ERROR f.i.s.r.p.m.output.MavenErrorHandler - INFO: [HttpServer] Started.
12:12:34.144 [Thread-7] ERROR f.i.s.r.p.m.o.MavenFilterOutputHandler - [ERROR] Tests run: 9, Failures: 1, Errors: 0, Skipped: 8, Time elapsed: 4.012 s <<< FAILURE! - in org.apache.pinot.server.api.TablesResourceTest
12:12:34.145 [Thread-7] ERROR f.i.s.r.p.m.o.MavenFilterOutputHandler - [ERROR] org.apache.pinot.server.api.TablesResourceTest.setUp  Time elapsed: 3.96 s  <<< FAILURE!
12:12:34.147 [Thread-7] ERROR f.i.s.r.p.m.o.MavenFilterOutputHandler - [ERROR] org.apache.pinot.server.api.TablesResourceTest skipped
12:12:34.147 [Thread-7] ERROR f.i.s.r.p.m.o.MavenFilterOutputHandler - [ERROR] org.apache.pinot.server.api.TablesResourceTest skipped
12:12:34.147 [Thread-7] ERROR f.i.s.r.p.m.o.MavenFilterOutputHandler - [ERROR] org.apache.pinot.server.api.TablesResourceTest skipped
12:12:34.147 [Thread-7] ERROR f.i.s.r.p.m.o.MavenFilterOutputHandler - [ERROR] org.apache.pinot.server.api.TablesResourceTest skipped
12:12:34.147 [Thread-7] ERROR f.i.s.r.p.m.o.MavenFilterOutputHandler - [ERROR] org.apache.pinot.server.api.TablesResourceTest skipped
12:12:34.147 [Thread-7] ERROR f.i.s.r.p.m.o.MavenFilterOutputHandler - [ERROR] org.apache.pinot.server.api.TablesResourceTest skipped
12:12:34.147 [Thread-7] ERROR f.i.s.r.p.m.o.MavenFilterOutputHandler - [ERROR] org.apache.pinot.server.api.TablesResourceTest skipped
12:12:34.147 [Thread-7] ERROR f.i.s.r.p.m.o.MavenFilterOutputHandler - [ERROR] org.apache.pinot.server.api.TablesResourceTest skipped
12:12:38.789 [Thread-8] ERROR f.i.s.r.p.m.output.MavenErrorHandler - Apr 14, 2022 12:12:38 PM org.glassfish.grizzly.http.server.NetworkListener start
12:12:38.789 [Thread-8] ERROR f.i.s.r.p.m.output.MavenErrorHandler - INFO: Started listener bound to [0.0.0.0:8097]
12:12:38.789 [Thread-8] ERROR f.i.s.r.p.m.output.MavenErrorHandler - Apr 14, 2022 12:12:38 PM org.glassfish.grizzly.http.server.HttpServer start
12:12:38.789 [Thread-8] ERROR f.i.s.r.p.m.output.MavenErrorHandler - INFO: [HttpServer] Started.
12:12:38.834 [Thread-7] ERROR f.i.s.r.p.m.o.MavenFilterOutputHandler - [ERROR] Tests run: 3, Failures: 1, Errors: 0, Skipped: 2, Time elapsed: 3.957 s <<< FAILURE! - in org.apache.pinot.server.api.PinotServerAppConfigsTest
12:12:38.835 [Thread-7] ERROR f.i.s.r.p.m.o.MavenFilterOutputHandler - [ERROR] org.apache.pinot.server.api.PinotServerAppConfigsTest.setUp  Time elapsed: 3.913 s  <<< FAILURE!
12:12:38.837 [Thread-7] ERROR f.i.s.r.p.m.o.MavenFilterOutputHandler - [ERROR] org.apache.pinot.server.api.PinotServerAppConfigsTest skipped
12:12:38.837 [Thread-7] ERROR f.i.s.r.p.m.o.MavenFilterOutputHandler - [ERROR] org.apache.pinot.server.api.PinotServerAppConfigsTest skipped
12:12:39.767 [Thread-7] ERROR f.i.s.r.p.m.o.MavenFilterOutputHandler - [ERROR] Failures: 
12:12:39.768 [Thread-7] ERROR f.i.s.r.p.m.o.MavenFilterOutputHandler - [ERROR]   AccessControlTest.setUp:86 » NoSuchMethod 'com.fasterxml.jackson.databind.Java...
12:12:39.768 [Thread-7] ERROR f.i.s.r.p.m.o.MavenFilterOutputHandler - [ERROR]   PinotServerAppConfigsTest>BaseResourceTest.setUp:138 » NoSuchMethod 'com.faste...
12:12:39.768 [Thread-7] ERROR f.i.s.r.p.m.o.MavenFilterOutputHandler - [ERROR]   TableSizeResourceTest>BaseResourceTest.setUp:138 » NoSuchMethod 'com.fasterxml...
12:12:39.768 [Thread-7] ERROR f.i.s.r.p.m.o.MavenFilterOutputHandler - [ERROR]   TablesResourceTest>BaseResourceTest.setUp:138 » NoSuchMethod 'com.fasterxml.ja...
12:12:39.768 [Thread-7] ERROR f.i.s.r.p.m.o.MavenFilterOutputHandler - [ERROR] Tests run: 28, Failures: 4, Errors: 0, Skipped: 19
12:12:39.788 [Thread-7] ERROR f.i.s.r.p.m.o.MavenFilterOutputHandler - [ERROR] Failed to execute goal org.apache.maven.plugins:maven-surefire-plugin:3.0.0-M5:test (default-test) on project pinot-server: There are test failures.
12:12:39.788 [Thread-7] ERROR f.i.s.r.p.m.o.MavenFilterOutputHandler - [ERROR] 
12:12:39.788 [Thread-7] ERROR f.i.s.r.p.m.o.MavenFilterOutputHandler - [ERROR] Please refer to /root/workspace/apache-pinot-master-8542_repo/pinot-server/target/surefire-reports for the individual test results.
12:12:39.788 [Thread-7] ERROR f.i.s.r.p.m.o.MavenFilterOutputHandler - [ERROR] Please refer to dump files (if any exist) [date].dump, [date]-jvmRun[N].dump and [date].dumpstream.
12:12:39.788 [Thread-7] ERROR f.i.s.r.p.m.o.MavenFilterOutputHandler - [ERROR] -> [Help 1]
12:12:39.796 [Thread-7] ERROR f.i.s.r.p.m.o.MavenFilterOutputHandler - [ERROR] 
12:12:39.796 [Thread-7] ERROR f.i.s.r.p.m.o.MavenFilterOutputHandler - [ERROR] Re-run Maven using the -X switch to enable full debug logging.
12:12:39.796 [Thread-7] ERROR f.i.s.r.p.m.o.MavenFilterOutputHandler - [ERROR] 
12:12:39.796 [Thread-7] ERROR f.i.s.r.p.m.o.MavenFilterOutputHandler - [ERROR] For more information about the errors and possible solutions, please read the following articles:
12:12:39.796 [Thread-7] ERROR f.i.s.r.p.m.o.MavenFilterOutputHandler - [ERROR] [Help 1] http://cwiki.apache.org/confluence/display/MAVEN/MojoFailureException
12:12:39.796 [Thread-7] ERROR f.i.s.r.p.m.o.MavenFilterOutputHandler - [ERROR] 
12:12:39.796 [Thread-7] ERROR f.i.s.r.p.m.o.MavenFilterOutputHandler - [ERROR] After correcting the problems, you can resume the build with the command
12:12:39.796 [Thread-7] ERROR f.i.s.r.p.m.o.MavenFilterOutputHandler - [ERROR]   mvn <goals> -rf :pinot-server
12:12:45.333 [main] ERROR f.i.s.r.p.s.paths.ComputeClasspath - The classpath file is empty.
12:12:45.333 [main] ERROR f.i.s.r.p.s.paths.ComputeClasspath - The classpath seems not to contain JUnit, maybe this project does not use JUnit for testing.
12:12:45.334 [main] ERROR f.i.s.r.p.s.paths.ComputeClasspath - The file does not exist: /root/./workspace/apache-pinot-master-8542_repo/target/classes.
12:12:45.335 [main] ERROR f.i.s.r.p.s.paths.ComputeClasspath - The file does not exist: /root/./workspace/apache-pinot-master-8542_repo/target/test-classes.
12:12:45.458 [main] ERROR f.i.s.r.p.s.paths.ComputeSourceDir - The source directory is not at default location or specified in build section from pom.xml, and no parent can be found.
12:12:45.462 [main] ERROR f.i.s.r.p.s.paths.ComputeSourceDir - The source directory is not at default location or specified in build section from pom.xml, and no parent can be found.
12:12:45.471 [main] INFO  f.i.s.r.p.s.paths.ComputeSourceDir - 48 source dirs were found:
12:12:45.472 [main] INFO  f.i.s.r.p.s.paths.ComputeSourceDir - /root/workspace/apache-pinot-master-8542_repo/pinot-broker/src/main/java
12:12:45.472 [main] INFO  f.i.s.r.p.s.paths.ComputeSourceDir - /root/workspace/apache-pinot-master-8542_repo/pinot-clients/pinot-java-client/src/main/java
12:12:45.472 [main] INFO  f.i.s.r.p.s.paths.ComputeSourceDir - /root/workspace/apache-pinot-master-8542_repo/pinot-clients/pinot-jdbc-client/src/main/java
12:12:45.472 [main] INFO  f.i.s.r.p.s.paths.ComputeSourceDir - /root/workspace/apache-pinot-master-8542_repo/pinot-common/src/main/java
12:12:45.472 [main] INFO  f.i.s.r.p.s.paths.ComputeSourceDir - /root/workspace/apache-pinot-master-8542_repo/pinot-compatibility-verifier/src/main/java
12:12:45.472 [main] INFO  f.i.s.r.p.s.paths.ComputeSourceDir - /root/workspace/apache-pinot-master-8542_repo/pinot-connectors/pinot-flink-connector/src/main/java
12:12:45.472 [main] INFO  f.i.s.r.p.s.paths.ComputeSourceDir - /root/workspace/apache-pinot-master-8542_repo/pinot-connectors/pinot-spark-connector/src/main/scala
12:12:45.472 [main] INFO  f.i.s.r.p.s.paths.ComputeSourceDir - /root/workspace/apache-pinot-master-8542_repo/pinot-controller/src/main/java
12:12:45.472 [main] INFO  f.i.s.r.p.s.paths.ComputeSourceDir - /root/workspace/apache-pinot-master-8542_repo/pinot-core/src/main/java
12:12:45.472 [main] INFO  f.i.s.r.p.s.paths.ComputeSourceDir - /root/workspace/apache-pinot-master-8542_repo/pinot-integration-tests/src/main/java
12:12:45.472 [main] INFO  f.i.s.r.p.s.paths.ComputeSourceDir - /root/workspace/apache-pinot-master-8542_repo/pinot-minion/src/main/java
12:12:45.472 [main] INFO  f.i.s.r.p.s.paths.ComputeSourceDir - /root/workspace/apache-pinot-master-8542_repo/pinot-perf/src/main/java
12:12:45.472 [main] INFO  f.i.s.r.p.s.paths.ComputeSourceDir - /root/workspace/apache-pinot-master-8542_repo/pinot-plugins/pinot-batch-ingestion/pinot-batch-ingestion-common/src/main/java
12:12:45.472 [main] INFO  f.i.s.r.p.s.paths.ComputeSourceDir - /root/workspace/apache-pinot-master-8542_repo/pinot-plugins/pinot-batch-ingestion/pinot-batch-ingestion-hadoop/src/main/java
12:12:45.472 [main] INFO  f.i.s.r.p.s.paths.ComputeSourceDir - /root/workspace/apache-pinot-master-8542_repo/pinot-plugins/pinot-batch-ingestion/pinot-batch-ingestion-spark/src/main/java
12:12:45.472 [main] INFO  f.i.s.r.p.s.paths.ComputeSourceDir - /root/workspace/apache-pinot-master-8542_repo/pinot-plugins/pinot-batch-ingestion/pinot-batch-ingestion-standalone/src/main/java
12:12:45.472 [main] INFO  f.i.s.r.p.s.paths.ComputeSourceDir - /root/workspace/apache-pinot-master-8542_repo/pinot-plugins/pinot-batch-ingestion/v0_deprecated/pinot-hadoop/src/main/java
12:12:45.472 [main] INFO  f.i.s.r.p.s.paths.ComputeSourceDir - /root/workspace/apache-pinot-master-8542_repo/pinot-plugins/pinot-batch-ingestion/v0_deprecated/pinot-ingestion-common/src/main/java
12:12:45.472 [main] INFO  f.i.s.r.p.s.paths.ComputeSourceDir - /root/workspace/apache-pinot-master-8542_repo/pinot-plugins/pinot-batch-ingestion/v0_deprecated/pinot-spark/src/main/java
12:12:45.472 [main] INFO  f.i.s.r.p.s.paths.ComputeSourceDir - /root/workspace/apache-pinot-master-8542_repo/pinot-plugins/pinot-environment/pinot-azure/src/main/java
12:12:45.472 [main] INFO  f.i.s.r.p.s.paths.ComputeSourceDir - /root/workspace/apache-pinot-master-8542_repo/pinot-plugins/pinot-file-system/pinot-adls/src/main/java
12:12:45.472 [main] INFO  f.i.s.r.p.s.paths.ComputeSourceDir - /root/workspace/apache-pinot-master-8542_repo/pinot-plugins/pinot-file-system/pinot-gcs/src/main/java
12:12:45.472 [main] INFO  f.i.s.r.p.s.paths.ComputeSourceDir - /root/workspace/apache-pinot-master-8542_repo/pinot-plugins/pinot-file-system/pinot-hdfs/src/main/java
12:12:45.472 [main] INFO  f.i.s.r.p.s.paths.ComputeSourceDir - /root/workspace/apache-pinot-master-8542_repo/pinot-plugins/pinot-file-system/pinot-s3/src/main/java
12:12:45.472 [main] INFO  f.i.s.r.p.s.paths.ComputeSourceDir - /root/workspace/apache-pinot-master-8542_repo/pinot-plugins/pinot-input-format/pinot-avro-base/src/main/java
12:12:45.472 [main] INFO  f.i.s.r.p.s.paths.ComputeSourceDir - /root/workspace/apache-pinot-master-8542_repo/pinot-plugins/pinot-input-format/pinot-avro/src/main/java
12:12:45.472 [main] INFO  f.i.s.r.p.s.paths.ComputeSourceDir - /root/workspace/apache-pinot-master-8542_repo/pinot-plugins/pinot-input-format/pinot-confluent-avro/src/main/java
12:12:45.472 [main] INFO  f.i.s.r.p.s.paths.ComputeSourceDir - /root/workspace/apache-pinot-master-8542_repo/pinot-plugins/pinot-input-format/pinot-csv/src/main/java
12:12:45.472 [main] INFO  f.i.s.r.p.s.paths.ComputeSourceDir - /root/workspace/apache-pinot-master-8542_repo/pinot-plugins/pinot-input-format/pinot-json/src/main/java
12:12:45.472 [main] INFO  f.i.s.r.p.s.paths.ComputeSourceDir - /root/workspace/apache-pinot-master-8542_repo/pinot-plugins/pinot-input-format/pinot-orc/src/main/java
12:12:45.472 [main] INFO  f.i.s.r.p.s.paths.ComputeSourceDir - /root/workspace/apache-pinot-master-8542_repo/pinot-plugins/pinot-input-format/pinot-parquet/src/main/java
12:12:45.472 [main] INFO  f.i.s.r.p.s.paths.ComputeSourceDir - /root/workspace/apache-pinot-master-8542_repo/pinot-plugins/pinot-input-format/pinot-protobuf/src/main/java
12:12:45.472 [main] INFO  f.i.s.r.p.s.paths.ComputeSourceDir - /root/workspace/apache-pinot-master-8542_repo/pinot-plugins/pinot-input-format/pinot-thrift/src/main/java
12:12:45.472 [main] INFO  f.i.s.r.p.s.paths.ComputeSourceDir - /root/workspace/apache-pinot-master-8542_repo/pinot-plugins/pinot-metrics/pinot-dropwizard/src/main/java
12:12:45.472 [main] INFO  f.i.s.r.p.s.paths.ComputeSourceDir - /root/workspace/apache-pinot-master-8542_repo/pinot-plugins/pinot-metrics/pinot-yammer/src/main/java
12:12:45.472 [main] INFO  f.i.s.r.p.s.paths.ComputeSourceDir - /root/workspace/apache-pinot-master-8542_repo/pinot-plugins/pinot-minion-tasks/pinot-minion-builtin-tasks/src/main/java
12:12:45.472 [main] INFO  f.i.s.r.p.s.paths.ComputeSourceDir - /root/workspace/apache-pinot-master-8542_repo/pinot-plugins/pinot-segment-uploader/pinot-segment-uploader-default/src/main/java
12:12:45.472 [main] INFO  f.i.s.r.p.s.paths.ComputeSourceDir - /root/workspace/apache-pinot-master-8542_repo/pinot-plugins/pinot-segment-writer/pinot-segment-writer-file-based/src/main/java
12:12:45.472 [main] INFO  f.i.s.r.p.s.paths.ComputeSourceDir - /root/workspace/apache-pinot-master-8542_repo/pinot-plugins/pinot-stream-ingestion/pinot-kafka-0.9/src/main/java
12:12:45.472 [main] INFO  f.i.s.r.p.s.paths.ComputeSourceDir - /root/workspace/apache-pinot-master-8542_repo/pinot-plugins/pinot-stream-ingestion/pinot-kafka-2.0/src/main/java
12:12:45.472 [main] INFO  f.i.s.r.p.s.paths.ComputeSourceDir - /root/workspace/apache-pinot-master-8542_repo/pinot-plugins/pinot-stream-ingestion/pinot-kafka-base/src/main/java
12:12:45.472 [main] INFO  f.i.s.r.p.s.paths.ComputeSourceDir - /root/workspace/apache-pinot-master-8542_repo/pinot-plugins/pinot-stream-ingestion/pinot-kinesis/src/main/java
12:12:45.472 [main] INFO  f.i.s.r.p.s.paths.ComputeSourceDir - /root/workspace/apache-pinot-master-8542_repo/pinot-plugins/pinot-stream-ingestion/pinot-pulsar/src/main/java
12:12:45.472 [main] INFO  f.i.s.r.p.s.paths.ComputeSourceDir - /root/workspace/apache-pinot-master-8542_repo/pinot-segment-local/src/main/java
12:12:45.472 [main] INFO  f.i.s.r.p.s.paths.ComputeSourceDir - /root/workspace/apache-pinot-master-8542_repo/pinot-segment-spi/src/main/java
12:12:45.472 [main] INFO  f.i.s.r.p.s.paths.ComputeSourceDir - /root/workspace/apache-pinot-master-8542_repo/pinot-server/src/main/java
12:12:45.472 [main] INFO  f.i.s.r.p.s.paths.ComputeSourceDir - /root/workspace/apache-pinot-master-8542_repo/pinot-spi/src/main/java
12:12:45.472 [main] INFO  f.i.s.r.p.s.paths.ComputeSourceDir - /root/workspace/apache-pinot-master-8542_repo/pinot-tools/src/main/java
12:12:45.532 [main] ERROR f.i.s.r.p.step.paths.ComputeTestDir - The test directory is not at default location or specified in build section from pom.xml, and no parent can be found.
12:12:45.540 [main] ERROR f.i.s.r.p.step.paths.ComputeTestDir - The test directory is not at default location or specified in build section from pom.xml, and no parent can be found.
12:12:45.591 [main] ERROR f.i.s.r.process.maven.MavenHelper - Error while building complete model. The raw model will be used. Error message: 1 problem was encountered while building the effective model for org.apache.pinot:pinot-s3:0.11.0-SNAPSHOT
[ERROR] Failed to determine Java version for profile disable-java8-doclint @ software.amazon.awssdk:aws-sdk-java-pom:2.14.28

12:12:45.631 [main] ERROR f.i.s.r.p.step.paths.ComputeTestDir - The test directory is not at default location or specified in build section from pom.xml, and no parent can be found.
12:12:45.662 [main] ERROR f.i.s.r.process.maven.MavenHelper - Error while building complete model. The raw model will be used. Error message: 1 problem was encountered while building the effective model for org.apache.pinot:pinot-kinesis:0.11.0-SNAPSHOT
[ERROR] Failed to determine Java version for profile disable-java8-doclint @ software.amazon.awssdk:aws-sdk-java-pom:2.14.28

12:12:45.683 [main] ERROR f.i.s.r.p.step.paths.ComputeTestDir - The test directory is not at default location or specified in build section from pom.xml, and no parent can be found.
12:12:45.687 [main] ERROR f.i.s.r.p.step.paths.ComputeTestDir - The test directory is not at default location or specified in build section from pom.xml, and no parent can be found.
12:12:45.687 [main] ERROR f.i.s.r.p.step.paths.ComputeTestDir - The test directory is not at default location or specified in build section from pom.xml, and no parent can be found.
12:12:45.702 [main] ERROR f.i.s.r.p.step.paths.ComputeTestDir - The test directory is not at default location or specified in build section from pom.xml, and no parent can be found.
12:12:45.702 [main] ERROR f.i.s.r.p.step.paths.ComputeTestDir - The test directory is not at default location or specified in build section from pom.xml, and no parent can be found.
12:12:45.716 [main] ERROR f.i.s.r.p.step.paths.ComputeTestDir - The test directory is not at default location or specified in build section from pom.xml, and no parent can be found.
12:12:45.726 [main] ERROR f.i.s.r.p.step.paths.ComputeTestDir - The test directory is not at default location or specified in build section from pom.xml, and no parent can be found.
12:12:45.742 [main] ERROR f.i.s.r.p.step.paths.ComputeTestDir - The test directory is not at default location or specified in build section from pom.xml, and no parent can be found.
12:12:45.742 [main] INFO  f.i.s.r.p.step.paths.ComputeTestDir - 41 test dirs were found:
12:12:45.742 [main] INFO  f.i.s.r.p.step.paths.ComputeTestDir - /root/workspace/apache-pinot-master-8542_repo/pinot-broker/src/test/java
12:12:45.742 [main] INFO  f.i.s.r.p.step.paths.ComputeTestDir - /root/workspace/apache-pinot-master-8542_repo/pinot-clients/pinot-java-client/src/test/java
12:12:45.742 [main] INFO  f.i.s.r.p.step.paths.ComputeTestDir - /root/workspace/apache-pinot-master-8542_repo/pinot-clients/pinot-jdbc-client/src/test/java
12:12:45.742 [main] INFO  f.i.s.r.p.step.paths.ComputeTestDir - /root/workspace/apache-pinot-master-8542_repo/pinot-common/src/test/java
12:12:45.742 [main] INFO  f.i.s.r.p.step.paths.ComputeTestDir - /root/workspace/apache-pinot-master-8542_repo/pinot-connectors/pinot-flink-connector/src/test/java
12:12:45.742 [main] INFO  f.i.s.r.p.step.paths.ComputeTestDir - /root/workspace/apache-pinot-master-8542_repo/pinot-connectors/pinot-spark-connector/src/test/scala
12:12:45.742 [main] INFO  f.i.s.r.p.step.paths.ComputeTestDir - /root/workspace/apache-pinot-master-8542_repo/pinot-controller/src/test/java
12:12:45.742 [main] INFO  f.i.s.r.p.step.paths.ComputeTestDir - /root/workspace/apache-pinot-master-8542_repo/pinot-core/src/test/java
12:12:45.742 [main] INFO  f.i.s.r.p.step.paths.ComputeTestDir - /root/workspace/apache-pinot-master-8542_repo/pinot-integration-test-base/src/test/java
12:12:45.742 [main] INFO  f.i.s.r.p.step.paths.ComputeTestDir - /root/workspace/apache-pinot-master-8542_repo/pinot-integration-tests/src/test/java
12:12:45.742 [main] INFO  f.i.s.r.p.step.paths.ComputeTestDir - /root/workspace/apache-pinot-master-8542_repo/pinot-minion/src/test/java
12:12:45.742 [main] INFO  f.i.s.r.p.step.paths.ComputeTestDir - /root/workspace/apache-pinot-master-8542_repo/pinot-plugins/pinot-batch-ingestion/pinot-batch-ingestion-common/src/test/java
12:12:45.742 [main] INFO  f.i.s.r.p.step.paths.ComputeTestDir - /root/workspace/apache-pinot-master-8542_repo/pinot-plugins/pinot-batch-ingestion/pinot-batch-ingestion-hadoop/src/test/java
12:12:45.742 [main] INFO  f.i.s.r.p.step.paths.ComputeTestDir - /root/workspace/apache-pinot-master-8542_repo/pinot-plugins/pinot-batch-ingestion/pinot-batch-ingestion-spark/src/test/java
12:12:45.742 [main] INFO  f.i.s.r.p.step.paths.ComputeTestDir - /root/workspace/apache-pinot-master-8542_repo/pinot-plugins/pinot-batch-ingestion/pinot-batch-ingestion-standalone/src/test/java
12:12:45.742 [main] INFO  f.i.s.r.p.step.paths.ComputeTestDir - /root/workspace/apache-pinot-master-8542_repo/pinot-plugins/pinot-batch-ingestion/v0_deprecated/pinot-hadoop/src/test/java
12:12:45.742 [main] INFO  f.i.s.r.p.step.paths.ComputeTestDir - /root/workspace/apache-pinot-master-8542_repo/pinot-plugins/pinot-batch-ingestion/v0_deprecated/pinot-spark/src/test/java
12:12:45.742 [main] INFO  f.i.s.r.p.step.paths.ComputeTestDir - /root/workspace/apache-pinot-master-8542_repo/pinot-plugins/pinot-environment/pinot-azure/src/test/java
12:12:45.742 [main] INFO  f.i.s.r.p.step.paths.ComputeTestDir - /root/workspace/apache-pinot-master-8542_repo/pinot-plugins/pinot-file-system/pinot-adls/src/test/java
12:12:45.742 [main] INFO  f.i.s.r.p.step.paths.ComputeTestDir - /root/workspace/apache-pinot-master-8542_repo/pinot-plugins/pinot-file-system/pinot-gcs/src/test/java
12:12:45.742 [main] INFO  f.i.s.r.p.step.paths.ComputeTestDir - /root/workspace/apache-pinot-master-8542_repo/pinot-plugins/pinot-file-system/pinot-hdfs/src/test/java
12:12:45.742 [main] INFO  f.i.s.r.p.step.paths.ComputeTestDir - /root/workspace/apache-pinot-master-8542_repo/pinot-plugins/pinot-file-system/pinot-s3/src/test/java
12:12:45.742 [main] INFO  f.i.s.r.p.step.paths.ComputeTestDir - /root/workspace/apache-pinot-master-8542_repo/pinot-plugins/pinot-input-format/pinot-avro-base/src/test/java
12:12:45.742 [main] INFO  f.i.s.r.p.step.paths.ComputeTestDir - /root/workspace/apache-pinot-master-8542_repo/pinot-plugins/pinot-input-format/pinot-csv/src/test/java
12:12:45.742 [main] INFO  f.i.s.r.p.step.paths.ComputeTestDir - /root/workspace/apache-pinot-master-8542_repo/pinot-plugins/pinot-input-format/pinot-json/src/test/java
12:12:45.742 [main] INFO  f.i.s.r.p.step.paths.ComputeTestDir - /root/workspace/apache-pinot-master-8542_repo/pinot-plugins/pinot-input-format/pinot-orc/src/test/java
12:12:45.742 [main] INFO  f.i.s.r.p.step.paths.ComputeTestDir - /root/workspace/apache-pinot-master-8542_repo/pinot-plugins/pinot-input-format/pinot-parquet/src/test/java
12:12:45.742 [main] INFO  f.i.s.r.p.step.paths.ComputeTestDir - /root/workspace/apache-pinot-master-8542_repo/pinot-plugins/pinot-input-format/pinot-protobuf/src/test/java
12:12:45.742 [main] INFO  f.i.s.r.p.step.paths.ComputeTestDir - /root/workspace/apache-pinot-master-8542_repo/pinot-plugins/pinot-input-format/pinot-thrift/src/test/java
12:12:45.742 [main] INFO  f.i.s.r.p.step.paths.ComputeTestDir - /root/workspace/apache-pinot-master-8542_repo/pinot-plugins/pinot-minion-tasks/pinot-minion-builtin-tasks/src/test/java
12:12:45.742 [main] INFO  f.i.s.r.p.step.paths.ComputeTestDir - /root/workspace/apache-pinot-master-8542_repo/pinot-plugins/pinot-segment-writer/pinot-segment-writer-file-based/src/test/java
12:12:45.742 [main] INFO  f.i.s.r.p.step.paths.ComputeTestDir - /root/workspace/apache-pinot-master-8542_repo/pinot-plugins/pinot-stream-ingestion/pinot-kafka-0.9/src/test/java
12:12:45.742 [main] INFO  f.i.s.r.p.step.paths.ComputeTestDir - /root/workspace/apache-pinot-master-8542_repo/pinot-plugins/pinot-stream-ingestion/pinot-kafka-2.0/src/test/java
12:12:45.742 [main] INFO  f.i.s.r.p.step.paths.ComputeTestDir - /root/workspace/apache-pinot-master-8542_repo/pinot-plugins/pinot-stream-ingestion/pinot-kafka-base/src/test/java
12:12:45.742 [main] INFO  f.i.s.r.p.step.paths.ComputeTestDir - /root/workspace/apache-pinot-master-8542_repo/pinot-plugins/pinot-stream-ingestion/pinot-kinesis/src/test/java
12:12:45.742 [main] INFO  f.i.s.r.p.step.paths.ComputeTestDir - /root/workspace/apache-pinot-master-8542_repo/pinot-plugins/pinot-stream-ingestion/pinot-pulsar/src/test/java
12:12:45.742 [main] INFO  f.i.s.r.p.step.paths.ComputeTestDir - /root/workspace/apache-pinot-master-8542_repo/pinot-segment-local/src/test/java
12:12:45.742 [main] INFO  f.i.s.r.p.step.paths.ComputeTestDir - /root/workspace/apache-pinot-master-8542_repo/pinot-segment-spi/src/test/java
12:12:45.742 [main] INFO  f.i.s.r.p.step.paths.ComputeTestDir - /root/workspace/apache-pinot-master-8542_repo/pinot-server/src/test/java
12:12:45.742 [main] INFO  f.i.s.r.p.step.paths.ComputeTestDir - /root/workspace/apache-pinot-master-8542_repo/pinot-spi/src/test/java
12:12:45.742 [main] INFO  f.i.s.r.p.step.paths.ComputeTestDir - /root/workspace/apache-pinot-master-8542_repo/pinot-tools/src/test/java
12:12:46.267 [main] INFO  f.i.s.r.p.s.g.GatherTestInformation - Get the following failing module path: /root/workspace/apache-pinot-master-8542_repo/pinot-server
12:12:46.268 [main] INFO  f.i.s.r.p.s.g.GatherTestInformation - Get the following failing module path: /root/workspace/apache-pinot-master-8542_repo/pinot-server
12:12:46.268 [main] INFO  f.i.s.r.p.s.g.GatherTestInformation - Get the following failing module path: /root/workspace/apache-pinot-master-8542_repo/pinot-server
12:12:46.268 [main] INFO  f.i.s.r.p.s.g.GatherTestInformation - Get the following failing module path: /root/workspace/apache-pinot-master-8542_repo/pinot-server
12:12:46.486 [main] INFO  f.i.s.r.p.s.g.GatherTestInformation - ---Test results---
12:12:46.486 [main] INFO  f.i.s.r.p.s.g.GatherTestInformation -    Total tests: 4195
12:12:46.486 [main] INFO  f.i.s.r.p.s.g.GatherTestInformation -    Tests run: 4176
12:12:46.486 [main] INFO  f.i.s.r.p.s.g.GatherTestInformation -    Tests passing: 4172
12:12:46.486 [main] INFO  f.i.s.r.p.s.g.GatherTestInformation -    Failures: 4
12:12:46.486 [main] INFO  f.i.s.r.p.s.g.GatherTestInformation -    Errors: 0
12:12:46.486 [main] INFO  f.i.s.r.p.s.g.GatherTestInformation -    Skipped: 19
[0] INFO Flacoco - Running Flacoco...
[10] WARN TestMethodFilter - NoClassDefFoundError: class org.apache.pinot.server.conf.ServerConf
[11] WARN TestMethodFilter - NoClassDefFoundError: class org.apache.pinot.server.starter.ServerInstance
[12] WARN TestMethodFilter - NoClassDefFoundError: class org.apache.pinot.server.starter.helix.DefaultHelixStarterServerConfig
[17] WARN TestMethodFilter - NoClassDefFoundError: class org.apache.pinot.server.api.resources.ServerResourceUtils
[19] WARN TestMethodFilter - NoClassDefFoundError: class org.apache.pinot.server.api.resources.TablesResource
[20] WARN TestMethodFilter - NoClassDefFoundError: class org.apache.pinot.server.api.resources.SegmentMetadataFetcher
[21] WARN TestMethodFilter - NoClassDefFoundError: class org.apache.pinot.server.starter.helix.HelixInstanceDataManagerTest
[21] WARN TestMethodFilter - NoClassDefFoundError: class org.apache.pinot.server.api.AccessControlTest
[22] WARN TestMethodFilter - NoClassDefFoundError: class org.apache.pinot.server.api.TableSizeResourceTest
[22] WARN TestMethodFilter - NoClassDefFoundError: class org.apache.pinot.server.api.TablesResourceTest
[22] WARN TestMethodFilter - NoClassDefFoundError: class org.apache.pinot.server.api.PinotServerAppConfigsTest
[23] WARN TestMethodFilter - NoClassDefFoundError: class org.apache.pinot.server.conf.ServerConf
[23] WARN TestMethodFilter - NoClassDefFoundError: class org.apache.pinot.server.starter.ServerInstance
[24] WARN TestMethodFilter - NoClassDefFoundError: class org.apache.pinot.server.starter.helix.OffsetBasedConsumptionStatusChecker
[24] WARN TestMethodFilter - NoClassDefFoundError: class org.apache.pinot.server.starter.helix.DefaultHelixStarterServerConfig
[25] WARN TestMethodFilter - NoClassDefFoundError: class org.apache.pinot.server.api.resources.ServerResourceUtils
[26] WARN TestMethodFilter - NoClassDefFoundError: class org.apache.pinot.server.api.resources.TablesResource
[26] WARN TestMethodFilter - NoClassDefFoundError: class org.apache.pinot.server.api.resources.DebugResource
[26] WARN TestMethodFilter - NoClassDefFoundError: class org.apache.pinot.server.api.resources.SegmentMetadataFetcher
[26] WARN TestMethodFilter - NoClassDefFoundError: class org.apache.pinot.server.starter.helix.HelixInstanceDataManagerTest
[27] WARN TestMethodFilter - NoClassDefFoundError: class org.apache.pinot.server.api.AccessControlTest
[27] WARN TestMethodFilter - NoClassDefFoundError: class org.apache.pinot.server.api.TableSizeResourceTest
[27] WARN TestMethodFilter - NoClassDefFoundError: class org.apache.pinot.server.api.TablesResourceTest
[27] WARN TestMethodFilter - NoClassDefFoundError: class org.apache.pinot.server.api.PinotServerAppConfigsTest
[28] INFO CoverageRunner - Tests found: 0
[28] INFO CoverageRunner - Tests executed: 0
12:12:46.977 [main] INFO  fr.inria.jtravis.JTravis - GitHub ratelimit: Limit: 5000 Remaining: 4874 Reset hour: 03:18:54
12:12:48.190 [main] WARN  f.i.s.r.p.s.p.PushFaultLocalizationSuggestionsOnGitHubRepository - Flacoco has found 0 suspicious lines, but none were matched to the diff
12:12:48.191 [main] INFO  f.i.s.r.p.s.f.FlacocoLocalization - 
12:12:51.593 [main] INFO  f.i.s.r.p.i.ProjectInspector - ----------------------------------------------------------------------
12:12:51.593 [main] INFO  f.i.s.r.p.i.ProjectInspector - PIPELINE EXECUTION SUMMARY
12:12:51.593 [main] INFO  f.i.s.r.p.i.ProjectInspector - ----------------------------------------------------------------------
12:12:51.593 [main] INFO  f.i.s.r.p.i.ProjectInspector - CloneCheckoutGitPullRequest..........................SUCCESS [  85 s ]
12:12:51.593 [main] INFO  f.i.s.r.p.i.ProjectInspector - BuildProject.........................................SUCCESS [ 409 s ]
12:12:51.593 [main] INFO  f.i.s.r.p.i.ProjectInspector - TestProject..........................................SUCCESS [ 878 s ]
12:12:51.593 [main] INFO  f.i.s.r.p.i.ProjectInspector - ComputeClasspath.....................................SUCCESS [   5 s ]
12:12:51.593 [main] INFO  f.i.s.r.p.i.ProjectInspector - ComputeSourceDir.....................................SUCCESS [   0 s ]
12:12:51.593 [main] INFO  f.i.s.r.p.i.ProjectInspector - ComputeTestDir.......................................SUCCESS [   0 s ]
12:12:51.593 [main] INFO  f.i.s.r.p.i.ProjectInspector - GatherTestInformation................................SUCCESS [   0 s ]
12:12:51.593 [main] INFO  f.i.s.r.p.i.ProjectInspector - FlacocoLocalization..................................SUCCESS [   0 s ]
12:12:51.593 [main] INFO  f.i.s.r.p.i.ProjectInspector - PushFaultLocalizationSuggestionsOnGitHubRepository...SKIPPED          
12:12:51.593 [main] INFO  f.i.s.r.p.i.ProjectInspector - ----------------------------------------------------------------------
12:12:51.593 [main] INFO  f.i.s.r.p.i.ProjectInspector - PIPELINE FINDING: TEST FAILURE
12:12:51.594 [main] INFO  f.i.s.r.p.i.ProjectInspector - ----------------------------------------------------------------------
12:12:51.594 [main] INFO  f.i.s.r.p.github.GithubMainProcess - Inspector is finished. The process will exit now.
