Execute pipeline with following supplementary args: --smtpPort 25 --listenerMode NOOP --launcherMode FAULT_LOCALIZATION  --gitrepourl https://github.com/apache/pinot --gitrepopullrequest 8473
java -cp /usr/local/openjdk-11/lib/tools.jar:repairnator-pipeline.jar -Dlogback.configurationFile=/root/logback.xml fr.inria.spirals.repairnator.pipeline.Launcher -d --runId null -o /var/log --ghOauth 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 --faultLocalization --flacocoThreshold 0.0 --flacocoTopK null --flacocoResultsRepository flacocobot/2022-flacocobot-experiment --ghOauth  --smtpPort 25 --listenerMode NOOP --launcherMode FAULT_LOCALIZATION  --gitrepourl https://github.com/apache/pinot --gitrepopullrequest 8473

23:53:47.613 [main] INFO  f.i.s.r.p.g.GithubInitSerializerEngines - Initialize file serializer engines.
23:53:47.614 [main] INFO  f.i.s.r.p.g.GithubInitSerializerEngines - MongoDB won't be used for serialization.
23:53:47.614 [main] INFO  f.i.s.r.p.github.GithubInitNotifiers - The email notifier engine won't be used.
23:53:47.631 [main] INFO  f.i.s.r.p.i.ProjectInspector - ----------------------------------------------------------------------
23:53:47.631 [main] INFO  f.i.s.r.p.i.ProjectInspector - PIPELINE STEPS
23:53:47.631 [main] INFO  f.i.s.r.p.i.ProjectInspector - ----------------------------------------------------------------------
23:53:47.632 [main] INFO  f.i.s.r.p.i.ProjectInspector - CloneCheckoutGitPullRequest
23:53:47.632 [main] INFO  f.i.s.r.p.i.ProjectInspector - BuildProject
23:53:47.632 [main] INFO  f.i.s.r.p.i.ProjectInspector - TestProject
23:53:47.632 [main] INFO  f.i.s.r.p.i.ProjectInspector - ComputeClasspath
23:53:47.632 [main] INFO  f.i.s.r.p.i.ProjectInspector - ComputeSourceDir
23:53:47.632 [main] INFO  f.i.s.r.p.i.ProjectInspector - ComputeTestDir
23:53:47.632 [main] INFO  f.i.s.r.p.i.ProjectInspector - GatherTestInformation
23:53:47.632 [main] INFO  f.i.s.r.p.i.ProjectInspector - FlacocoLocalization
23:53:47.632 [main] INFO  f.i.s.r.p.i.ProjectInspector - PushFaultLocalizationSuggestionsOnGitHubRepository
23:53:47.632 [main] INFO  f.i.s.r.p.s.CloneCheckoutGitPullRequest - Cloning repository https://github.com/apache/pinot.git in the following directory: ./workspace/apache-pinot-master-8473_repo
00:00:59.502 [Thread-7] ERROR f.i.s.r.p.m.o.MavenFilterOutputHandler - [ERROR] WARNING: An illegal reflective access operation has occurred
00:00:59.503 [Thread-7] ERROR f.i.s.r.p.m.o.MavenFilterOutputHandler - [ERROR] WARNING: Illegal reflective access by org.apache.pinot.spi.config.ConfigUtilsTest (file:/root/workspace/apache-pinot-master-8473_repo/pinot-spi/target/test-classes/) to field java.util.Collections$UnmodifiableMap.m
00:00:59.503 [Thread-7] ERROR f.i.s.r.p.m.o.MavenFilterOutputHandler - [ERROR] WARNING: Please consider reporting this to the maintainers of org.apache.pinot.spi.config.ConfigUtilsTest
00:00:59.503 [Thread-7] ERROR f.i.s.r.p.m.o.MavenFilterOutputHandler - [ERROR] WARNING: Use --illegal-access=warn to enable warnings of further illegal reflective access operations
00:00:59.503 [Thread-7] ERROR f.i.s.r.p.m.o.MavenFilterOutputHandler - [ERROR] WARNING: All illegal access operations will be denied in a future release
00:01:08.323 [Thread-7] ERROR f.i.s.r.p.m.o.MavenFilterOutputHandler - [ERROR] WARNING: An illegal reflective access operation has occurred
00:01:08.324 [Thread-7] ERROR f.i.s.r.p.m.o.MavenFilterOutputHandler - [ERROR] WARNING: Illegal reflective access by xerial.larray.buffer.UnsafeUtil (file:/root/workspace/apache-pinot-master-8473_repo/.m2/org/xerial/larray/larray-buffer/0.4.1/larray-buffer-0.4.1.jar) to constructor java.nio.DirectByteBuffer(long,int,java.lang.Object)
00:01:08.324 [Thread-7] ERROR f.i.s.r.p.m.o.MavenFilterOutputHandler - [ERROR] WARNING: Please consider reporting this to the maintainers of xerial.larray.buffer.UnsafeUtil
00:01:08.324 [Thread-7] ERROR f.i.s.r.p.m.o.MavenFilterOutputHandler - [ERROR] WARNING: Use --illegal-access=warn to enable warnings of further illegal reflective access operations
00:01:08.324 [Thread-7] ERROR f.i.s.r.p.m.o.MavenFilterOutputHandler - [ERROR] WARNING: All illegal access operations will be denied in a future release
00:01:27.904 [Thread-8] ERROR f.i.s.r.p.m.output.MavenErrorHandler - java.lang.NullPointerException
00:01:27.905 [Thread-8] ERROR f.i.s.r.p.m.output.MavenErrorHandler - 	at org.testng.reporters.JUnitXMLReporter.generateReport(JUnitXMLReporter.java:152)
00:01:27.905 [Thread-8] ERROR f.i.s.r.p.m.output.MavenErrorHandler - 	at org.testng.reporters.JUnitXMLReporter.onFinish(JUnitXMLReporter.java:112)
00:01:27.905 [Thread-8] ERROR f.i.s.r.p.m.output.MavenErrorHandler - 	at org.testng.TestRunner.fireEvent(TestRunner.java:1187)
00:01:27.905 [Thread-8] ERROR f.i.s.r.p.m.output.MavenErrorHandler - 	at org.testng.TestRunner.afterRun(TestRunner.java:976)
00:01:27.905 [Thread-8] ERROR f.i.s.r.p.m.output.MavenErrorHandler - 	at org.testng.TestRunner.run(TestRunner.java:606)
00:01:27.905 [Thread-8] ERROR f.i.s.r.p.m.output.MavenErrorHandler - 	at org.testng.SuiteRunner.runTest(SuiteRunner.java:380)
00:01:27.905 [Thread-8] ERROR f.i.s.r.p.m.output.MavenErrorHandler - 	at org.testng.SuiteRunner.runSequentially(SuiteRunner.java:375)
00:01:27.905 [Thread-8] ERROR f.i.s.r.p.m.output.MavenErrorHandler - 	at org.testng.SuiteRunner.privateRun(SuiteRunner.java:340)
00:01:27.905 [Thread-8] ERROR f.i.s.r.p.m.output.MavenErrorHandler - 	at org.testng.SuiteRunner.run(SuiteRunner.java:289)
00:01:27.905 [Thread-8] ERROR f.i.s.r.p.m.output.MavenErrorHandler - 	at org.testng.SuiteRunnerWorker.runSuite(SuiteRunnerWorker.java:52)
00:01:27.905 [Thread-8] ERROR f.i.s.r.p.m.output.MavenErrorHandler - 	at org.testng.SuiteRunnerWorker.run(SuiteRunnerWorker.java:86)
00:01:27.905 [Thread-8] ERROR f.i.s.r.p.m.output.MavenErrorHandler - 	at org.testng.TestNG.runSuitesSequentially(TestNG.java:1301)
00:01:27.905 [Thread-8] ERROR f.i.s.r.p.m.output.MavenErrorHandler - 	at org.testng.TestNG.runSuitesLocally(TestNG.java:1226)
00:01:27.905 [Thread-8] ERROR f.i.s.r.p.m.output.MavenErrorHandler - 	at org.testng.TestNG.runSuites(TestNG.java:1144)
00:01:27.905 [Thread-8] ERROR f.i.s.r.p.m.output.MavenErrorHandler - 	at org.testng.TestNG.run(TestNG.java:1115)
00:01:27.905 [Thread-8] ERROR f.i.s.r.p.m.output.MavenErrorHandler - 	at org.apache.maven.surefire.testng.TestNGExecutor.run(TestNGExecutor.java:136)
00:01:27.905 [Thread-8] ERROR f.i.s.r.p.m.output.MavenErrorHandler - 	at org.apache.maven.surefire.testng.TestNGDirectoryTestSuite.executeSingleClass(TestNGDirectoryTestSuite.java:112)
00:01:27.905 [Thread-8] ERROR f.i.s.r.p.m.output.MavenErrorHandler - 	at org.apache.maven.surefire.testng.TestNGDirectoryTestSuite.execute(TestNGDirectoryTestSuite.java:99)
00:01:27.905 [Thread-8] ERROR f.i.s.r.p.m.output.MavenErrorHandler - 	at org.apache.maven.surefire.testng.TestNGProvider.invoke(TestNGProvider.java:145)
00:01:27.906 [Thread-8] ERROR f.i.s.r.p.m.output.MavenErrorHandler - 	at org.apache.maven.surefire.booter.ForkedBooter.runSuitesInProcess(ForkedBooter.java:428)
00:01:27.906 [Thread-8] ERROR f.i.s.r.p.m.output.MavenErrorHandler - 	at org.apache.maven.surefire.booter.ForkedBooter.execute(ForkedBooter.java:162)
00:01:27.906 [Thread-8] ERROR f.i.s.r.p.m.output.MavenErrorHandler - 	at org.apache.maven.surefire.booter.ForkedBooter.run(ForkedBooter.java:562)
00:01:27.906 [Thread-8] ERROR f.i.s.r.p.m.output.MavenErrorHandler - 	at org.apache.maven.surefire.booter.ForkedBooter.main(ForkedBooter.java:548)
00:01:27.906 [Thread-8] ERROR f.i.s.r.p.m.output.MavenErrorHandler - [TestNG] Reporter org.testng.reporters.JUnitReportReporter@6a84bc2a failed
00:01:27.906 [Thread-8] ERROR f.i.s.r.p.m.output.MavenErrorHandler - java.lang.NullPointerException
00:01:27.906 [Thread-8] ERROR f.i.s.r.p.m.output.MavenErrorHandler - 	at org.testng.reporters.JUnitReportReporter.generateReport(JUnitReportReporter.java:146)
00:01:27.906 [Thread-8] ERROR f.i.s.r.p.m.output.MavenErrorHandler - 	at org.testng.TestNG.generateReports(TestNG.java:1192)
00:01:27.906 [Thread-8] ERROR f.i.s.r.p.m.output.MavenErrorHandler - 	at org.testng.TestNG.run(TestNG.java:1120)
00:01:27.906 [Thread-8] ERROR f.i.s.r.p.m.output.MavenErrorHandler - 	at org.apache.maven.surefire.testng.TestNGExecutor.run(TestNGExecutor.java:136)
00:01:27.906 [Thread-8] ERROR f.i.s.r.p.m.output.MavenErrorHandler - 	at org.apache.maven.surefire.testng.TestNGDirectoryTestSuite.executeSingleClass(TestNGDirectoryTestSuite.java:112)
00:01:27.906 [Thread-8] ERROR f.i.s.r.p.m.output.MavenErrorHandler - 	at org.apache.maven.surefire.testng.TestNGDirectoryTestSuite.execute(TestNGDirectoryTestSuite.java:99)
00:01:27.906 [Thread-8] ERROR f.i.s.r.p.m.output.MavenErrorHandler - 	at org.apache.maven.surefire.testng.TestNGProvider.invoke(TestNGProvider.java:145)
00:01:27.906 [Thread-8] ERROR f.i.s.r.p.m.output.MavenErrorHandler - 	at org.apache.maven.surefire.booter.ForkedBooter.runSuitesInProcess(ForkedBooter.java:428)
00:01:27.906 [Thread-8] ERROR f.i.s.r.p.m.output.MavenErrorHandler - 	at org.apache.maven.surefire.booter.ForkedBooter.execute(ForkedBooter.java:162)
00:01:27.906 [Thread-8] ERROR f.i.s.r.p.m.output.MavenErrorHandler - 	at org.apache.maven.surefire.booter.ForkedBooter.run(ForkedBooter.java:562)
00:01:27.906 [Thread-8] ERROR f.i.s.r.p.m.output.MavenErrorHandler - 	at org.apache.maven.surefire.booter.ForkedBooter.main(ForkedBooter.java:548)
00:02:39.898 [Thread-7] ERROR f.i.s.r.p.m.o.MavenFilterOutputHandler - [ERROR] WARNING: An illegal reflective access operation has occurred
00:02:39.898 [Thread-7] ERROR f.i.s.r.p.m.o.MavenFilterOutputHandler - [ERROR] WARNING: Illegal reflective access by org.codehaus.groovy.vmplugin.v7.Java7$1 (file:/root/workspace/apache-pinot-master-8473_repo/.m2/org/codehaus/groovy/groovy-all/2.4.21/groovy-all-2.4.21.jar) to constructor java.lang.invoke.MethodHandles$Lookup(java.lang.Class,int)
00:02:39.898 [Thread-7] ERROR f.i.s.r.p.m.o.MavenFilterOutputHandler - [ERROR] WARNING: Please consider reporting this to the maintainers of org.codehaus.groovy.vmplugin.v7.Java7$1
00:02:39.898 [Thread-7] ERROR f.i.s.r.p.m.o.MavenFilterOutputHandler - [ERROR] WARNING: Use --illegal-access=warn to enable warnings of further illegal reflective access operations
00:02:39.898 [Thread-7] ERROR f.i.s.r.p.m.o.MavenFilterOutputHandler - [ERROR] WARNING: All illegal access operations will be denied in a future release
00:02:54.011 [Thread-7] ERROR f.i.s.r.p.m.o.MavenFilterOutputHandler - [ERROR] WARNING: An illegal reflective access operation has occurred
00:02:54.011 [Thread-7] ERROR f.i.s.r.p.m.o.MavenFilterOutputHandler - [ERROR] WARNING: Illegal reflective access by org.codehaus.groovy.vmplugin.v7.Java7$1 (file:/root/workspace/apache-pinot-master-8473_repo/.m2/org/codehaus/groovy/groovy-all/2.4.21/groovy-all-2.4.21.jar) to constructor java.lang.invoke.MethodHandles$Lookup(java.lang.Class,int)
00:02:54.012 [Thread-7] ERROR f.i.s.r.p.m.o.MavenFilterOutputHandler - [ERROR] WARNING: Please consider reporting this to the maintainers of org.codehaus.groovy.vmplugin.v7.Java7$1
00:02:54.012 [Thread-7] ERROR f.i.s.r.p.m.o.MavenFilterOutputHandler - [ERROR] WARNING: Use --illegal-access=warn to enable warnings of further illegal reflective access operations
00:02:54.012 [Thread-7] ERROR f.i.s.r.p.m.o.MavenFilterOutputHandler - [ERROR] WARNING: All illegal access operations will be denied in a future release
00:02:57.411 [Thread-7] ERROR f.i.s.r.p.m.o.MavenFilterOutputHandler - [ERROR] WARNING: An illegal reflective access operation has occurred
00:02:57.411 [Thread-7] ERROR f.i.s.r.p.m.o.MavenFilterOutputHandler - [ERROR] WARNING: Illegal reflective access by org.codehaus.groovy.vmplugin.v7.Java7$1 (file:/root/workspace/apache-pinot-master-8473_repo/.m2/org/codehaus/groovy/groovy-all/2.4.21/groovy-all-2.4.21.jar) to constructor java.lang.invoke.MethodHandles$Lookup(java.lang.Class,int)
00:02:57.411 [Thread-7] ERROR f.i.s.r.p.m.o.MavenFilterOutputHandler - [ERROR] WARNING: Please consider reporting this to the maintainers of org.codehaus.groovy.vmplugin.v7.Java7$1
00:02:57.411 [Thread-7] ERROR f.i.s.r.p.m.o.MavenFilterOutputHandler - [ERROR] WARNING: Use --illegal-access=warn to enable warnings of further illegal reflective access operations
00:02:57.411 [Thread-7] ERROR f.i.s.r.p.m.o.MavenFilterOutputHandler - [ERROR] WARNING: All illegal access operations will be denied in a future release
00:02:59.436 [Thread-7] ERROR f.i.s.r.p.m.o.MavenFilterOutputHandler - [ERROR] WARNING: An illegal reflective access operation has occurred
00:02:59.437 [Thread-7] ERROR f.i.s.r.p.m.o.MavenFilterOutputHandler - [ERROR] WARNING: Illegal reflective access by org.codehaus.groovy.vmplugin.v7.Java7$1 (file:/root/workspace/apache-pinot-master-8473_repo/.m2/org/codehaus/groovy/groovy-all/2.4.21/groovy-all-2.4.21.jar) to constructor java.lang.invoke.MethodHandles$Lookup(java.lang.Class,int)
00:02:59.437 [Thread-7] ERROR f.i.s.r.p.m.o.MavenFilterOutputHandler - [ERROR] WARNING: Please consider reporting this to the maintainers of org.codehaus.groovy.vmplugin.v7.Java7$1
00:02:59.437 [Thread-7] ERROR f.i.s.r.p.m.o.MavenFilterOutputHandler - [ERROR] WARNING: Use --illegal-access=warn to enable warnings of further illegal reflective access operations
00:02:59.437 [Thread-7] ERROR f.i.s.r.p.m.o.MavenFilterOutputHandler - [ERROR] WARNING: All illegal access operations will be denied in a future release
00:03:53.112 [Thread-7] ERROR f.i.s.r.p.m.o.MavenFilterOutputHandler - [ERROR] WARNING: An illegal reflective access operation has occurred
00:03:53.113 [Thread-7] ERROR f.i.s.r.p.m.o.MavenFilterOutputHandler - [ERROR] WARNING: Illegal reflective access by org.codehaus.groovy.vmplugin.v7.Java7$1 (file:/root/workspace/apache-pinot-master-8473_repo/.m2/org/codehaus/groovy/groovy-all/2.4.21/groovy-all-2.4.21.jar) to constructor java.lang.invoke.MethodHandles$Lookup(java.lang.Class,int)
00:03:53.113 [Thread-7] ERROR f.i.s.r.p.m.o.MavenFilterOutputHandler - [ERROR] WARNING: Please consider reporting this to the maintainers of org.codehaus.groovy.vmplugin.v7.Java7$1
00:03:53.113 [Thread-7] ERROR f.i.s.r.p.m.o.MavenFilterOutputHandler - [ERROR] WARNING: Use --illegal-access=warn to enable warnings of further illegal reflective access operations
00:03:53.113 [Thread-7] ERROR f.i.s.r.p.m.o.MavenFilterOutputHandler - [ERROR] WARNING: All illegal access operations will be denied in a future release
00:04:08.835 [Thread-7] ERROR f.i.s.r.p.m.o.MavenFilterOutputHandler - [ERROR] Tests run: 1, Failures: 1, Errors: 0, Skipped: 0, Time elapsed: 0.516 s <<< FAILURE! - in org.apache.pinot.segment.local.segment.index.creator.LuceneFSTIndexCreatorTest
00:04:08.836 [Thread-7] ERROR f.i.s.r.p.m.o.MavenFilterOutputHandler - [ERROR] org.apache.pinot.segment.local.segment.index.creator.LuceneFSTIndexCreatorTest.testIndexWriterReader  Time elapsed: 0.388 s  <<< FAILURE!
00:04:32.868 [Thread-7] ERROR f.i.s.r.p.m.o.MavenFilterOutputHandler - [ERROR] WARNING: An illegal reflective access operation has occurred
00:04:32.868 [Thread-7] ERROR f.i.s.r.p.m.o.MavenFilterOutputHandler - [ERROR] WARNING: Illegal reflective access by xerial.larray.mmap.MMapBuffer (file:/root/workspace/apache-pinot-master-8473_repo/.m2/org/xerial/larray/larray-mmap/0.4.1/larray-mmap-0.4.1.jar) to field java.io.FileDescriptor.fd
00:04:32.868 [Thread-7] ERROR f.i.s.r.p.m.o.MavenFilterOutputHandler - [ERROR] WARNING: Please consider reporting this to the maintainers of xerial.larray.mmap.MMapBuffer
00:04:32.868 [Thread-7] ERROR f.i.s.r.p.m.o.MavenFilterOutputHandler - [ERROR] WARNING: Use --illegal-access=warn to enable warnings of further illegal reflective access operations
00:04:32.868 [Thread-7] ERROR f.i.s.r.p.m.o.MavenFilterOutputHandler - [ERROR] WARNING: All illegal access operations will be denied in a future release
00:05:49.189 [Thread-7] ERROR f.i.s.r.p.m.o.MavenFilterOutputHandler - [ERROR] Tests run: 2, Failures: 2, Errors: 0, Skipped: 0, Time elapsed: 3.318 s <<< FAILURE! - in org.apache.pinot.segment.local.segment.index.JsonIndexTest
00:05:49.190 [Thread-7] ERROR f.i.s.r.p.m.o.MavenFilterOutputHandler - [ERROR] org.apache.pinot.segment.local.segment.index.JsonIndexTest.testLargeIndex  Time elapsed: 3.185 s  <<< FAILURE!
00:05:49.191 [Thread-7] ERROR f.i.s.r.p.m.o.MavenFilterOutputHandler - [ERROR] org.apache.pinot.segment.local.segment.index.JsonIndexTest.testSmallIndex  Time elapsed: 0.003 s  <<< FAILURE!
00:05:56.374 [Thread-7] ERROR f.i.s.r.p.m.o.MavenFilterOutputHandler - [ERROR] Tests run: 12, Failures: 1, Errors: 0, Skipped: 0, Time elapsed: 1.776 s <<< FAILURE! - in org.apache.pinot.segment.local.segment.store.SingleFileIndexDirectoryTest
00:05:56.374 [Thread-7] ERROR f.i.s.r.p.m.o.MavenFilterOutputHandler - [ERROR] org.apache.pinot.segment.local.segment.store.SingleFileIndexDirectoryTest.testCleanupRemovedIndices  Time elapsed: 0.094 s
00:05:56.374 [Thread-7] ERROR f.i.s.r.p.m.o.MavenFilterOutputHandler - [ERROR] org.apache.pinot.segment.local.segment.store.SingleFileIndexDirectoryTest.testCopyIndices  Time elapsed: 0.008 s
00:05:56.374 [Thread-7] ERROR f.i.s.r.p.m.o.MavenFilterOutputHandler - [ERROR] org.apache.pinot.segment.local.segment.store.SingleFileIndexDirectoryTest.testGetColumnIndices  Time elapsed: 0.22 s
00:05:56.374 [Thread-7] ERROR f.i.s.r.p.m.o.MavenFilterOutputHandler - [ERROR] org.apache.pinot.segment.local.segment.store.SingleFileIndexDirectoryTest.testLargeRWDirectBuffer  Time elapsed: 0.139 s
00:05:56.374 [Thread-7] ERROR f.i.s.r.p.m.o.MavenFilterOutputHandler - [ERROR] org.apache.pinot.segment.local.segment.store.SingleFileIndexDirectoryTest.testMissingIndex  Time elapsed: 0.008 s
00:05:56.374 [Thread-7] ERROR f.i.s.r.p.m.o.MavenFilterOutputHandler - [ERROR] org.apache.pinot.segment.local.segment.store.SingleFileIndexDirectoryTest.testMmapLargeBuffer  Time elapsed: 0.079 s
00:05:56.374 [Thread-7] ERROR f.i.s.r.p.m.o.MavenFilterOutputHandler - [ERROR] org.apache.pinot.segment.local.segment.store.SingleFileIndexDirectoryTest.testModeChange  Time elapsed: 0.043 s
00:05:56.374 [Thread-7] ERROR f.i.s.r.p.m.o.MavenFilterOutputHandler - [ERROR] org.apache.pinot.segment.local.segment.store.SingleFileIndexDirectoryTest.testPersistIndexMaps  Time elapsed: 0 s
00:05:56.376 [Thread-7] ERROR f.i.s.r.p.m.o.MavenFilterOutputHandler - [ERROR] org.apache.pinot.segment.local.segment.store.SingleFileIndexDirectoryTest.testRemoveIndex  Time elapsed: 0.002 s
00:05:56.376 [Thread-7] ERROR f.i.s.r.p.m.o.MavenFilterOutputHandler - [ERROR] org.apache.pinot.segment.local.segment.store.SingleFileIndexDirectoryTest.testRemoveTextIndices  Time elapsed: 0.065 s  <<< FAILURE!
00:05:56.376 [Thread-7] ERROR f.i.s.r.p.m.o.MavenFilterOutputHandler - [ERROR] org.apache.pinot.segment.local.segment.store.SingleFileIndexDirectoryTest.testWithEmptyDir  Time elapsed: 0.002 s
00:05:56.376 [Thread-7] ERROR f.i.s.r.p.m.o.MavenFilterOutputHandler - [ERROR] org.apache.pinot.segment.local.segment.store.SingleFileIndexDirectoryTest.testWriteExisting  Time elapsed: 0.006 s
00:06:01.686 [Thread-7] ERROR f.i.s.r.p.m.o.MavenFilterOutputHandler - [ERROR] Tests run: 10, Failures: 1, Errors: 0, Skipped: 0, Time elapsed: 3.125 s <<< FAILURE! - in org.apache.pinot.segment.local.segment.store.FilePerIndexDirectoryTest
00:06:01.686 [Thread-7] ERROR f.i.s.r.p.m.o.MavenFilterOutputHandler - [ERROR] org.apache.pinot.segment.local.segment.store.FilePerIndexDirectoryTest.testEmptyDirectory  Time elapsed: 0.033 s
00:06:01.686 [Thread-7] ERROR f.i.s.r.p.m.o.MavenFilterOutputHandler - [ERROR] org.apache.pinot.segment.local.segment.store.FilePerIndexDirectoryTest.testGetColumnIndices  Time elapsed: 0.192 s
00:06:01.686 [Thread-7] ERROR f.i.s.r.p.m.o.MavenFilterOutputHandler - [ERROR] org.apache.pinot.segment.local.segment.store.FilePerIndexDirectoryTest.testHasIndex  Time elapsed: 0.002 s
00:06:01.686 [Thread-7] ERROR f.i.s.r.p.m.o.MavenFilterOutputHandler - [ERROR] org.apache.pinot.segment.local.segment.store.FilePerIndexDirectoryTest.testLargeRWDirectBuffer  Time elapsed: 0.106 s
00:06:01.686 [Thread-7] ERROR f.i.s.r.p.m.o.MavenFilterOutputHandler - [ERROR] org.apache.pinot.segment.local.segment.store.FilePerIndexDirectoryTest.testMissingIndex  Time elapsed: 0.006 s
00:06:01.686 [Thread-7] ERROR f.i.s.r.p.m.o.MavenFilterOutputHandler - [ERROR] org.apache.pinot.segment.local.segment.store.FilePerIndexDirectoryTest.testMmapLargeBuffer  Time elapsed: 0.064 s
00:06:01.686 [Thread-7] ERROR f.i.s.r.p.m.o.MavenFilterOutputHandler - [ERROR] org.apache.pinot.segment.local.segment.store.FilePerIndexDirectoryTest.testReadModeChange  Time elapsed: 1.467 s
00:06:01.686 [Thread-7] ERROR f.i.s.r.p.m.o.MavenFilterOutputHandler - [ERROR] org.apache.pinot.segment.local.segment.store.FilePerIndexDirectoryTest.testRemoveIndex  Time elapsed: 0.002 s
00:06:01.687 [Thread-7] ERROR f.i.s.r.p.m.o.MavenFilterOutputHandler - [ERROR] org.apache.pinot.segment.local.segment.store.FilePerIndexDirectoryTest.testRemoveTextIndices  Time elapsed: 0.069 s  <<< FAILURE!
00:06:01.688 [Thread-7] ERROR f.i.s.r.p.m.o.MavenFilterOutputHandler - [ERROR] org.apache.pinot.segment.local.segment.store.FilePerIndexDirectoryTest.testWriteExisting  Time elapsed: 0.004 s
00:06:04.960 [Thread-7] ERROR f.i.s.r.p.m.o.MavenFilterOutputHandler - [ERROR] Tests run: 1, Failures: 1, Errors: 0, Skipped: 0, Time elapsed: 1.529 s <<< FAILURE! - in org.apache.pinot.segment.local.indexsegment.mutable.IndexingFailureTest
00:06:04.961 [Thread-7] ERROR f.i.s.r.p.m.o.MavenFilterOutputHandler - [ERROR] org.apache.pinot.segment.local.indexsegment.mutable.IndexingFailureTest.testIndexingFailures  Time elapsed: 0.142 s  <<< FAILURE!
00:06:20.826 [Thread-7] ERROR f.i.s.r.p.m.o.MavenFilterOutputHandler - [ERROR] Failures: 
00:06:20.827 [Thread-7] ERROR f.i.s.r.p.m.o.MavenFilterOutputHandler - [ERROR]   IndexingFailureTest.testIndexingFailures:78 » NullPointer
00:06:20.827 [Thread-7] ERROR f.i.s.r.p.m.o.MavenFilterOutputHandler - [ERROR]   JsonIndexTest.testLargeIndex:195->getMatchingDocIds:223 » NullPointer
00:06:20.827 [Thread-7] ERROR f.i.s.r.p.m.o.MavenFilterOutputHandler - [ERROR]   JsonIndexTest.testSmallIndex:110->getMatchingDocIds:223 » NullPointer
00:06:20.827 [Thread-7] ERROR f.i.s.r.p.m.o.MavenFilterOutputHandler - [ERROR]   LuceneFSTIndexCreatorTest.testIndexWriterReader:65 » Runtime java.lang.NullPoi...
00:06:20.827 [Thread-7] ERROR f.i.s.r.p.m.o.MavenFilterOutputHandler - [ERROR]   FilePerIndexDirectoryTest.testRemoveTextIndices:196 » Runtime Caught excepttio...
00:06:20.827 [Thread-7] ERROR f.i.s.r.p.m.o.MavenFilterOutputHandler - [ERROR]   SingleFileIndexDirectoryTest.testRemoveTextIndices:257 » Runtime Caught except...
00:06:20.827 [Thread-7] ERROR f.i.s.r.p.m.o.MavenFilterOutputHandler - [ERROR] Tests run: 2265, Failures: 6, Errors: 0, Skipped: 0
00:06:20.855 [Thread-7] ERROR f.i.s.r.p.m.o.MavenFilterOutputHandler - [ERROR] Failed to execute goal org.apache.maven.plugins:maven-surefire-plugin:3.0.0-M5:test (default-test) on project pinot-segment-local: There are test failures.
00:06:20.855 [Thread-7] ERROR f.i.s.r.p.m.o.MavenFilterOutputHandler - [ERROR] 
00:06:20.855 [Thread-7] ERROR f.i.s.r.p.m.o.MavenFilterOutputHandler - [ERROR] Please refer to /root/workspace/apache-pinot-master-8473_repo/pinot-segment-local/target/surefire-reports for the individual test results.
00:06:20.855 [Thread-7] ERROR f.i.s.r.p.m.o.MavenFilterOutputHandler - [ERROR] Please refer to dump files (if any exist) [date].dump, [date]-jvmRun[N].dump and [date].dumpstream.
00:06:20.855 [Thread-7] ERROR f.i.s.r.p.m.o.MavenFilterOutputHandler - [ERROR] -> [Help 1]
00:06:20.861 [Thread-7] ERROR f.i.s.r.p.m.o.MavenFilterOutputHandler - [ERROR] 
00:06:20.861 [Thread-7] ERROR f.i.s.r.p.m.o.MavenFilterOutputHandler - [ERROR] Re-run Maven using the -X switch to enable full debug logging.
00:06:20.861 [Thread-7] ERROR f.i.s.r.p.m.o.MavenFilterOutputHandler - [ERROR] 
00:06:20.861 [Thread-7] ERROR f.i.s.r.p.m.o.MavenFilterOutputHandler - [ERROR] For more information about the errors and possible solutions, please read the following articles:
00:06:20.861 [Thread-7] ERROR f.i.s.r.p.m.o.MavenFilterOutputHandler - [ERROR] [Help 1] http://cwiki.apache.org/confluence/display/MAVEN/MojoFailureException
00:06:20.861 [Thread-7] ERROR f.i.s.r.p.m.o.MavenFilterOutputHandler - [ERROR] 
00:06:20.861 [Thread-7] ERROR f.i.s.r.p.m.o.MavenFilterOutputHandler - [ERROR] After correcting the problems, you can resume the build with the command
00:06:20.861 [Thread-7] ERROR f.i.s.r.p.m.o.MavenFilterOutputHandler - [ERROR]   mvn <goals> -rf :pinot-segment-local
00:06:32.435 [main] ERROR f.i.s.r.p.s.paths.ComputeClasspath - The classpath file is empty.
00:06:32.436 [main] ERROR f.i.s.r.p.s.paths.ComputeClasspath - The classpath seems not to contain JUnit, maybe this project does not use JUnit for testing.
00:06:32.436 [main] ERROR f.i.s.r.p.s.paths.ComputeClasspath - The file does not exist: /root/./workspace/apache-pinot-master-8473_repo/target/classes.
00:06:32.436 [main] ERROR f.i.s.r.p.s.paths.ComputeClasspath - The file does not exist: /root/./workspace/apache-pinot-master-8473_repo/target/test-classes.
00:06:32.568 [main] ERROR f.i.s.r.p.s.paths.ComputeSourceDir - The source directory is not at default location or specified in build section from pom.xml, and no parent can be found.
00:06:32.572 [main] ERROR f.i.s.r.p.s.paths.ComputeSourceDir - The source directory is not at default location or specified in build section from pom.xml, and no parent can be found.
00:06:32.580 [main] INFO  f.i.s.r.p.s.paths.ComputeSourceDir - 48 source dirs were found:
00:06:32.580 [main] INFO  f.i.s.r.p.s.paths.ComputeSourceDir - /root/workspace/apache-pinot-master-8473_repo/pinot-broker/src/main/java
00:06:32.580 [main] INFO  f.i.s.r.p.s.paths.ComputeSourceDir - /root/workspace/apache-pinot-master-8473_repo/pinot-clients/pinot-java-client/src/main/java
00:06:32.580 [main] INFO  f.i.s.r.p.s.paths.ComputeSourceDir - /root/workspace/apache-pinot-master-8473_repo/pinot-clients/pinot-jdbc-client/src/main/java
00:06:32.580 [main] INFO  f.i.s.r.p.s.paths.ComputeSourceDir - /root/workspace/apache-pinot-master-8473_repo/pinot-common/src/main/java
00:06:32.580 [main] INFO  f.i.s.r.p.s.paths.ComputeSourceDir - /root/workspace/apache-pinot-master-8473_repo/pinot-compatibility-verifier/src/main/java
00:06:32.580 [main] INFO  f.i.s.r.p.s.paths.ComputeSourceDir - /root/workspace/apache-pinot-master-8473_repo/pinot-connectors/pinot-flink-connector/src/main/java
00:06:32.580 [main] INFO  f.i.s.r.p.s.paths.ComputeSourceDir - /root/workspace/apache-pinot-master-8473_repo/pinot-connectors/pinot-spark-connector/src/main/scala
00:06:32.580 [main] INFO  f.i.s.r.p.s.paths.ComputeSourceDir - /root/workspace/apache-pinot-master-8473_repo/pinot-controller/src/main/java
00:06:32.580 [main] INFO  f.i.s.r.p.s.paths.ComputeSourceDir - /root/workspace/apache-pinot-master-8473_repo/pinot-core/src/main/java
00:06:32.580 [main] INFO  f.i.s.r.p.s.paths.ComputeSourceDir - /root/workspace/apache-pinot-master-8473_repo/pinot-integration-tests/src/main/java
00:06:32.580 [main] INFO  f.i.s.r.p.s.paths.ComputeSourceDir - /root/workspace/apache-pinot-master-8473_repo/pinot-minion/src/main/java
00:06:32.580 [main] INFO  f.i.s.r.p.s.paths.ComputeSourceDir - /root/workspace/apache-pinot-master-8473_repo/pinot-perf/src/main/java
00:06:32.580 [main] INFO  f.i.s.r.p.s.paths.ComputeSourceDir - /root/workspace/apache-pinot-master-8473_repo/pinot-plugins/pinot-batch-ingestion/pinot-batch-ingestion-common/src/main/java
00:06:32.580 [main] INFO  f.i.s.r.p.s.paths.ComputeSourceDir - /root/workspace/apache-pinot-master-8473_repo/pinot-plugins/pinot-batch-ingestion/pinot-batch-ingestion-hadoop/src/main/java
00:06:32.580 [main] INFO  f.i.s.r.p.s.paths.ComputeSourceDir - /root/workspace/apache-pinot-master-8473_repo/pinot-plugins/pinot-batch-ingestion/pinot-batch-ingestion-spark/src/main/java
00:06:32.580 [main] INFO  f.i.s.r.p.s.paths.ComputeSourceDir - /root/workspace/apache-pinot-master-8473_repo/pinot-plugins/pinot-batch-ingestion/pinot-batch-ingestion-standalone/src/main/java
00:06:32.580 [main] INFO  f.i.s.r.p.s.paths.ComputeSourceDir - /root/workspace/apache-pinot-master-8473_repo/pinot-plugins/pinot-batch-ingestion/v0_deprecated/pinot-hadoop/src/main/java
00:06:32.580 [main] INFO  f.i.s.r.p.s.paths.ComputeSourceDir - /root/workspace/apache-pinot-master-8473_repo/pinot-plugins/pinot-batch-ingestion/v0_deprecated/pinot-ingestion-common/src/main/java
00:06:32.581 [main] INFO  f.i.s.r.p.s.paths.ComputeSourceDir - /root/workspace/apache-pinot-master-8473_repo/pinot-plugins/pinot-batch-ingestion/v0_deprecated/pinot-spark/src/main/java
00:06:32.581 [main] INFO  f.i.s.r.p.s.paths.ComputeSourceDir - /root/workspace/apache-pinot-master-8473_repo/pinot-plugins/pinot-environment/pinot-azure/src/main/java
00:06:32.581 [main] INFO  f.i.s.r.p.s.paths.ComputeSourceDir - /root/workspace/apache-pinot-master-8473_repo/pinot-plugins/pinot-file-system/pinot-adls/src/main/java
00:06:32.581 [main] INFO  f.i.s.r.p.s.paths.ComputeSourceDir - /root/workspace/apache-pinot-master-8473_repo/pinot-plugins/pinot-file-system/pinot-gcs/src/main/java
00:06:32.581 [main] INFO  f.i.s.r.p.s.paths.ComputeSourceDir - /root/workspace/apache-pinot-master-8473_repo/pinot-plugins/pinot-file-system/pinot-hdfs/src/main/java
00:06:32.581 [main] INFO  f.i.s.r.p.s.paths.ComputeSourceDir - /root/workspace/apache-pinot-master-8473_repo/pinot-plugins/pinot-file-system/pinot-s3/src/main/java
00:06:32.581 [main] INFO  f.i.s.r.p.s.paths.ComputeSourceDir - /root/workspace/apache-pinot-master-8473_repo/pinot-plugins/pinot-input-format/pinot-avro-base/src/main/java
00:06:32.581 [main] INFO  f.i.s.r.p.s.paths.ComputeSourceDir - /root/workspace/apache-pinot-master-8473_repo/pinot-plugins/pinot-input-format/pinot-avro/src/main/java
00:06:32.581 [main] INFO  f.i.s.r.p.s.paths.ComputeSourceDir - /root/workspace/apache-pinot-master-8473_repo/pinot-plugins/pinot-input-format/pinot-confluent-avro/src/main/java
00:06:32.581 [main] INFO  f.i.s.r.p.s.paths.ComputeSourceDir - /root/workspace/apache-pinot-master-8473_repo/pinot-plugins/pinot-input-format/pinot-csv/src/main/java
00:06:32.581 [main] INFO  f.i.s.r.p.s.paths.ComputeSourceDir - /root/workspace/apache-pinot-master-8473_repo/pinot-plugins/pinot-input-format/pinot-json/src/main/java
00:06:32.581 [main] INFO  f.i.s.r.p.s.paths.ComputeSourceDir - /root/workspace/apache-pinot-master-8473_repo/pinot-plugins/pinot-input-format/pinot-orc/src/main/java
00:06:32.581 [main] INFO  f.i.s.r.p.s.paths.ComputeSourceDir - /root/workspace/apache-pinot-master-8473_repo/pinot-plugins/pinot-input-format/pinot-parquet/src/main/java
00:06:32.581 [main] INFO  f.i.s.r.p.s.paths.ComputeSourceDir - /root/workspace/apache-pinot-master-8473_repo/pinot-plugins/pinot-input-format/pinot-protobuf/src/main/java
00:06:32.581 [main] INFO  f.i.s.r.p.s.paths.ComputeSourceDir - /root/workspace/apache-pinot-master-8473_repo/pinot-plugins/pinot-input-format/pinot-thrift/src/main/java
00:06:32.581 [main] INFO  f.i.s.r.p.s.paths.ComputeSourceDir - /root/workspace/apache-pinot-master-8473_repo/pinot-plugins/pinot-metrics/pinot-dropwizard/src/main/java
00:06:32.581 [main] INFO  f.i.s.r.p.s.paths.ComputeSourceDir - /root/workspace/apache-pinot-master-8473_repo/pinot-plugins/pinot-metrics/pinot-yammer/src/main/java
00:06:32.581 [main] INFO  f.i.s.r.p.s.paths.ComputeSourceDir - /root/workspace/apache-pinot-master-8473_repo/pinot-plugins/pinot-minion-tasks/pinot-minion-builtin-tasks/src/main/java
00:06:32.581 [main] INFO  f.i.s.r.p.s.paths.ComputeSourceDir - /root/workspace/apache-pinot-master-8473_repo/pinot-plugins/pinot-segment-uploader/pinot-segment-uploader-default/src/main/java
00:06:32.581 [main] INFO  f.i.s.r.p.s.paths.ComputeSourceDir - /root/workspace/apache-pinot-master-8473_repo/pinot-plugins/pinot-segment-writer/pinot-segment-writer-file-based/src/main/java
00:06:32.581 [main] INFO  f.i.s.r.p.s.paths.ComputeSourceDir - /root/workspace/apache-pinot-master-8473_repo/pinot-plugins/pinot-stream-ingestion/pinot-kafka-0.9/src/main/java
00:06:32.581 [main] INFO  f.i.s.r.p.s.paths.ComputeSourceDir - /root/workspace/apache-pinot-master-8473_repo/pinot-plugins/pinot-stream-ingestion/pinot-kafka-2.0/src/main/java
00:06:32.581 [main] INFO  f.i.s.r.p.s.paths.ComputeSourceDir - /root/workspace/apache-pinot-master-8473_repo/pinot-plugins/pinot-stream-ingestion/pinot-kafka-base/src/main/java
00:06:32.581 [main] INFO  f.i.s.r.p.s.paths.ComputeSourceDir - /root/workspace/apache-pinot-master-8473_repo/pinot-plugins/pinot-stream-ingestion/pinot-kinesis/src/main/java
00:06:32.581 [main] INFO  f.i.s.r.p.s.paths.ComputeSourceDir - /root/workspace/apache-pinot-master-8473_repo/pinot-plugins/pinot-stream-ingestion/pinot-pulsar/src/main/java
00:06:32.581 [main] INFO  f.i.s.r.p.s.paths.ComputeSourceDir - /root/workspace/apache-pinot-master-8473_repo/pinot-segment-local/src/main/java
00:06:32.581 [main] INFO  f.i.s.r.p.s.paths.ComputeSourceDir - /root/workspace/apache-pinot-master-8473_repo/pinot-segment-spi/src/main/java
00:06:32.581 [main] INFO  f.i.s.r.p.s.paths.ComputeSourceDir - /root/workspace/apache-pinot-master-8473_repo/pinot-server/src/main/java
00:06:32.581 [main] INFO  f.i.s.r.p.s.paths.ComputeSourceDir - /root/workspace/apache-pinot-master-8473_repo/pinot-spi/src/main/java
00:06:32.581 [main] INFO  f.i.s.r.p.s.paths.ComputeSourceDir - /root/workspace/apache-pinot-master-8473_repo/pinot-tools/src/main/java
00:06:32.634 [main] ERROR f.i.s.r.p.step.paths.ComputeTestDir - The test directory is not at default location or specified in build section from pom.xml, and no parent can be found.
00:06:32.642 [main] ERROR f.i.s.r.p.step.paths.ComputeTestDir - The test directory is not at default location or specified in build section from pom.xml, and no parent can be found.
00:06:32.687 [main] ERROR f.i.s.r.process.maven.MavenHelper - Error while building complete model. The raw model will be used. Error message: 1 problem was encountered while building the effective model for org.apache.pinot:pinot-s3:0.11.0-SNAPSHOT
[ERROR] Failed to determine Java version for profile disable-java8-doclint @ software.amazon.awssdk:aws-sdk-java-pom:2.14.28

00:06:32.710 [main] ERROR f.i.s.r.p.step.paths.ComputeTestDir - The test directory is not at default location or specified in build section from pom.xml, and no parent can be found.
00:06:32.727 [main] ERROR f.i.s.r.p.step.paths.ComputeTestDir - The test directory is not at default location or specified in build section from pom.xml, and no parent can be found.
00:06:32.756 [main] ERROR f.i.s.r.process.maven.MavenHelper - Error while building complete model. The raw model will be used. Error message: 1 problem was encountered while building the effective model for org.apache.pinot:pinot-kinesis:0.11.0-SNAPSHOT
[ERROR] Failed to determine Java version for profile disable-java8-doclint @ software.amazon.awssdk:aws-sdk-java-pom:2.14.28

00:06:32.774 [main] ERROR f.i.s.r.p.step.paths.ComputeTestDir - The test directory is not at default location or specified in build section from pom.xml, and no parent can be found.
00:06:32.778 [main] ERROR f.i.s.r.p.step.paths.ComputeTestDir - The test directory is not at default location or specified in build section from pom.xml, and no parent can be found.
00:06:32.778 [main] ERROR f.i.s.r.p.step.paths.ComputeTestDir - The test directory is not at default location or specified in build section from pom.xml, and no parent can be found.
00:06:32.790 [main] ERROR f.i.s.r.p.step.paths.ComputeTestDir - The test directory is not at default location or specified in build section from pom.xml, and no parent can be found.
00:06:32.790 [main] ERROR f.i.s.r.p.step.paths.ComputeTestDir - The test directory is not at default location or specified in build section from pom.xml, and no parent can be found.
00:06:32.803 [main] ERROR f.i.s.r.p.step.paths.ComputeTestDir - The test directory is not at default location or specified in build section from pom.xml, and no parent can be found.
00:06:32.811 [main] ERROR f.i.s.r.p.step.paths.ComputeTestDir - The test directory is not at default location or specified in build section from pom.xml, and no parent can be found.
00:06:32.825 [main] ERROR f.i.s.r.p.step.paths.ComputeTestDir - The test directory is not at default location or specified in build section from pom.xml, and no parent can be found.
00:06:32.825 [main] INFO  f.i.s.r.p.step.paths.ComputeTestDir - 40 test dirs were found:
00:06:32.825 [main] INFO  f.i.s.r.p.step.paths.ComputeTestDir - /root/workspace/apache-pinot-master-8473_repo/pinot-broker/src/test/java
00:06:32.825 [main] INFO  f.i.s.r.p.step.paths.ComputeTestDir - /root/workspace/apache-pinot-master-8473_repo/pinot-clients/pinot-java-client/src/test/java
00:06:32.825 [main] INFO  f.i.s.r.p.step.paths.ComputeTestDir - /root/workspace/apache-pinot-master-8473_repo/pinot-clients/pinot-jdbc-client/src/test/java
00:06:32.825 [main] INFO  f.i.s.r.p.step.paths.ComputeTestDir - /root/workspace/apache-pinot-master-8473_repo/pinot-common/src/test/java
00:06:32.825 [main] INFO  f.i.s.r.p.step.paths.ComputeTestDir - /root/workspace/apache-pinot-master-8473_repo/pinot-connectors/pinot-flink-connector/src/test/java
00:06:32.825 [main] INFO  f.i.s.r.p.step.paths.ComputeTestDir - /root/workspace/apache-pinot-master-8473_repo/pinot-connectors/pinot-spark-connector/src/test/scala
00:06:32.825 [main] INFO  f.i.s.r.p.step.paths.ComputeTestDir - /root/workspace/apache-pinot-master-8473_repo/pinot-controller/src/test/java
00:06:32.825 [main] INFO  f.i.s.r.p.step.paths.ComputeTestDir - /root/workspace/apache-pinot-master-8473_repo/pinot-core/src/test/java
00:06:32.825 [main] INFO  f.i.s.r.p.step.paths.ComputeTestDir - /root/workspace/apache-pinot-master-8473_repo/pinot-integration-test-base/src/test/java
00:06:32.825 [main] INFO  f.i.s.r.p.step.paths.ComputeTestDir - /root/workspace/apache-pinot-master-8473_repo/pinot-integration-tests/src/test/java
00:06:32.825 [main] INFO  f.i.s.r.p.step.paths.ComputeTestDir - /root/workspace/apache-pinot-master-8473_repo/pinot-minion/src/test/java
00:06:32.825 [main] INFO  f.i.s.r.p.step.paths.ComputeTestDir - /root/workspace/apache-pinot-master-8473_repo/pinot-plugins/pinot-batch-ingestion/pinot-batch-ingestion-common/src/test/java
00:06:32.825 [main] INFO  f.i.s.r.p.step.paths.ComputeTestDir - /root/workspace/apache-pinot-master-8473_repo/pinot-plugins/pinot-batch-ingestion/pinot-batch-ingestion-hadoop/src/test/java
00:06:32.825 [main] INFO  f.i.s.r.p.step.paths.ComputeTestDir - /root/workspace/apache-pinot-master-8473_repo/pinot-plugins/pinot-batch-ingestion/pinot-batch-ingestion-standalone/src/test/java
00:06:32.825 [main] INFO  f.i.s.r.p.step.paths.ComputeTestDir - /root/workspace/apache-pinot-master-8473_repo/pinot-plugins/pinot-batch-ingestion/v0_deprecated/pinot-hadoop/src/test/java
00:06:32.825 [main] INFO  f.i.s.r.p.step.paths.ComputeTestDir - /root/workspace/apache-pinot-master-8473_repo/pinot-plugins/pinot-batch-ingestion/v0_deprecated/pinot-spark/src/test/java
00:06:32.825 [main] INFO  f.i.s.r.p.step.paths.ComputeTestDir - /root/workspace/apache-pinot-master-8473_repo/pinot-plugins/pinot-environment/pinot-azure/src/test/java
00:06:32.825 [main] INFO  f.i.s.r.p.step.paths.ComputeTestDir - /root/workspace/apache-pinot-master-8473_repo/pinot-plugins/pinot-file-system/pinot-adls/src/test/java
00:06:32.825 [main] INFO  f.i.s.r.p.step.paths.ComputeTestDir - /root/workspace/apache-pinot-master-8473_repo/pinot-plugins/pinot-file-system/pinot-gcs/src/test/java
00:06:32.825 [main] INFO  f.i.s.r.p.step.paths.ComputeTestDir - /root/workspace/apache-pinot-master-8473_repo/pinot-plugins/pinot-file-system/pinot-hdfs/src/test/java
00:06:32.825 [main] INFO  f.i.s.r.p.step.paths.ComputeTestDir - /root/workspace/apache-pinot-master-8473_repo/pinot-plugins/pinot-file-system/pinot-s3/src/test/java
00:06:32.825 [main] INFO  f.i.s.r.p.step.paths.ComputeTestDir - /root/workspace/apache-pinot-master-8473_repo/pinot-plugins/pinot-input-format/pinot-avro-base/src/test/java
00:06:32.825 [main] INFO  f.i.s.r.p.step.paths.ComputeTestDir - /root/workspace/apache-pinot-master-8473_repo/pinot-plugins/pinot-input-format/pinot-csv/src/test/java
00:06:32.825 [main] INFO  f.i.s.r.p.step.paths.ComputeTestDir - /root/workspace/apache-pinot-master-8473_repo/pinot-plugins/pinot-input-format/pinot-json/src/test/java
00:06:32.825 [main] INFO  f.i.s.r.p.step.paths.ComputeTestDir - /root/workspace/apache-pinot-master-8473_repo/pinot-plugins/pinot-input-format/pinot-orc/src/test/java
00:06:32.825 [main] INFO  f.i.s.r.p.step.paths.ComputeTestDir - /root/workspace/apache-pinot-master-8473_repo/pinot-plugins/pinot-input-format/pinot-parquet/src/test/java
00:06:32.825 [main] INFO  f.i.s.r.p.step.paths.ComputeTestDir - /root/workspace/apache-pinot-master-8473_repo/pinot-plugins/pinot-input-format/pinot-protobuf/src/test/java
00:06:32.825 [main] INFO  f.i.s.r.p.step.paths.ComputeTestDir - /root/workspace/apache-pinot-master-8473_repo/pinot-plugins/pinot-input-format/pinot-thrift/src/test/java
00:06:32.825 [main] INFO  f.i.s.r.p.step.paths.ComputeTestDir - /root/workspace/apache-pinot-master-8473_repo/pinot-plugins/pinot-minion-tasks/pinot-minion-builtin-tasks/src/test/java
00:06:32.825 [main] INFO  f.i.s.r.p.step.paths.ComputeTestDir - /root/workspace/apache-pinot-master-8473_repo/pinot-plugins/pinot-segment-writer/pinot-segment-writer-file-based/src/test/java
00:06:32.825 [main] INFO  f.i.s.r.p.step.paths.ComputeTestDir - /root/workspace/apache-pinot-master-8473_repo/pinot-plugins/pinot-stream-ingestion/pinot-kafka-0.9/src/test/java
00:06:32.825 [main] INFO  f.i.s.r.p.step.paths.ComputeTestDir - /root/workspace/apache-pinot-master-8473_repo/pinot-plugins/pinot-stream-ingestion/pinot-kafka-2.0/src/test/java
00:06:32.825 [main] INFO  f.i.s.r.p.step.paths.ComputeTestDir - /root/workspace/apache-pinot-master-8473_repo/pinot-plugins/pinot-stream-ingestion/pinot-kafka-base/src/test/java
00:06:32.825 [main] INFO  f.i.s.r.p.step.paths.ComputeTestDir - /root/workspace/apache-pinot-master-8473_repo/pinot-plugins/pinot-stream-ingestion/pinot-kinesis/src/test/java
00:06:32.825 [main] INFO  f.i.s.r.p.step.paths.ComputeTestDir - /root/workspace/apache-pinot-master-8473_repo/pinot-plugins/pinot-stream-ingestion/pinot-pulsar/src/test/java
00:06:32.825 [main] INFO  f.i.s.r.p.step.paths.ComputeTestDir - /root/workspace/apache-pinot-master-8473_repo/pinot-segment-local/src/test/java
00:06:32.825 [main] INFO  f.i.s.r.p.step.paths.ComputeTestDir - /root/workspace/apache-pinot-master-8473_repo/pinot-segment-spi/src/test/java
00:06:32.825 [main] INFO  f.i.s.r.p.step.paths.ComputeTestDir - /root/workspace/apache-pinot-master-8473_repo/pinot-server/src/test/java
00:06:32.825 [main] INFO  f.i.s.r.p.step.paths.ComputeTestDir - /root/workspace/apache-pinot-master-8473_repo/pinot-spi/src/test/java
00:06:32.825 [main] INFO  f.i.s.r.p.step.paths.ComputeTestDir - /root/workspace/apache-pinot-master-8473_repo/pinot-tools/src/test/java
00:06:33.381 [main] INFO  f.i.s.r.p.s.g.GatherTestInformation - Get the following failing module path: /root/workspace/apache-pinot-master-8473_repo/pinot-segment-local
00:06:33.383 [main] INFO  f.i.s.r.p.s.g.GatherTestInformation - Get the following failing module path: /root/workspace/apache-pinot-master-8473_repo/pinot-segment-local
00:06:33.383 [main] INFO  f.i.s.r.p.s.g.GatherTestInformation - Get the following failing module path: /root/workspace/apache-pinot-master-8473_repo/pinot-segment-local
00:06:33.383 [main] INFO  f.i.s.r.p.s.g.GatherTestInformation - Get the following failing module path: /root/workspace/apache-pinot-master-8473_repo/pinot-segment-local
00:06:33.383 [main] INFO  f.i.s.r.p.s.g.GatherTestInformation - Get the following failing module path: /root/workspace/apache-pinot-master-8473_repo/pinot-segment-local
00:06:33.391 [main] INFO  f.i.s.r.p.s.g.GatherTestInformation - ---Test results---
00:06:33.391 [main] INFO  f.i.s.r.p.s.g.GatherTestInformation -    Total tests: 2756
00:06:33.391 [main] INFO  f.i.s.r.p.s.g.GatherTestInformation -    Tests run: 2756
00:06:33.391 [main] INFO  f.i.s.r.p.s.g.GatherTestInformation -    Tests passing: 2750
00:06:33.391 [main] INFO  f.i.s.r.p.s.g.GatherTestInformation -    Failures: 6
00:06:33.391 [main] INFO  f.i.s.r.p.s.g.GatherTestInformation -    Errors: 0
00:06:33.391 [main] INFO  f.i.s.r.p.s.g.GatherTestInformation -    Skipped: 0
[0] INFO Flacoco - Running Flacoco...
[20] WARN TestMethodFilter - NoClassDefFoundError: class org.apache.pinot.segment.local.startree.v2.builder.OffHeapSingleTreeBuilder
[22] WARN TestMethodFilter - NoClassDefFoundError: class org.apache.pinot.segment.local.startree.v2.builder.OnHeapSingleTreeBuilder
[23] WARN TestMethodFilter - NoClassDefFoundError: class org.apache.pinot.segment.local.startree.v2.builder.StarTreeV2BuilderConfig
[24] WARN TestMethodFilter - NoClassDefFoundError: class org.apache.pinot.segment.local.startree.v2.store.StarTreeIndexMapUtils
[24] WARN TestMethodFilter - NoClassDefFoundError: class org.apache.pinot.segment.local.startree.v2.store.StarTreeLoaderUtils
[25] WARN TestMethodFilter - NoClassDefFoundError: class org.apache.pinot.segment.local.startree.StarTreeBuilderUtils
[25] WARN TestMethodFilter - NoClassDefFoundError: class org.apache.pinot.segment.local.upsert.PartialUpsertHandler
[26] WARN TestMethodFilter - NoClassDefFoundError: class org.apache.pinot.segment.local.upsert.merger.PartialUpsertMergerFactory
[26] WARN TestMethodFilter - NoClassDefFoundError: class org.apache.pinot.segment.local.upsert.RecordLocation
[26] WARN TestMethodFilter - NoClassDefFoundError: class org.apache.pinot.segment.local.upsert.PartitionUpsertMetadataManager
[27] WARN TestMethodFilter - NoClassDefFoundError: class org.apache.pinot.segment.local.aggregator.SumPrecisionValueAggregator
[27] WARN TestMethodFilter - NoClassDefFoundError: class org.apache.pinot.segment.local.aggregator.MaxValueAggregator
[27] WARN TestMethodFilter - NoClassDefFoundError: class org.apache.pinot.segment.local.aggregator.DistinctCountHLLValueAggregator
[27] WARN TestMethodFilter - NoClassDefFoundError: class org.apache.pinot.segment.local.aggregator.AvgValueAggregator
[28] WARN TestMethodFilter - NoClassDefFoundError: class org.apache.pinot.segment.local.aggregator.PercentileEstValueAggregator
[28] WARN TestMethodFilter - NoClassDefFoundError: class org.apache.pinot.segment.local.aggregator.DistinctCountBitmapValueAggregator
[28] WARN TestMethodFilter - NoClassDefFoundError: class org.apache.pinot.segment.local.aggregator.ValueAggregatorFactory
[28] WARN TestMethodFilter - NoClassDefFoundError: class org.apache.pinot.segment.local.aggregator.CountValueAggregator
[29] WARN TestMethodFilter - NoClassDefFoundError: class org.apache.pinot.segment.local.aggregator.MinValueAggregator
[29] WARN TestMethodFilter - NoClassDefFoundError: class org.apache.pinot.segment.local.aggregator.MinMaxRangeValueAggregator
[29] WARN TestMethodFilter - NoClassDefFoundError: class org.apache.pinot.segment.local.aggregator.SumValueAggregator
[29] WARN TestMethodFilter - NoClassDefFoundError: class org.apache.pinot.segment.local.aggregator.PercentileTDigestValueAggregator
[30] WARN TestMethodFilter - NoClassDefFoundError: class org.apache.pinot.segment.local.utils.SchemaUtils
[30] WARN TestMethodFilter - NoClassDefFoundError: class org.apache.pinot.segment.local.utils.ReplicationUtils
[31] WARN TestMethodFilter - NoClassDefFoundError: class org.apache.pinot.segment.local.utils.SegmentPushUtils
[33] WARN TestMethodFilter - NoClassDefFoundError: class org.apache.pinot.segment.local.utils.nativefst.utils.RegexpMatcher
[33] WARN TestMethodFilter - NoClassDefFoundError: class org.apache.pinot.segment.local.utils.nativefst.utils.RealTimeRegexpMatcher
[34] WARN TestMethodFilter - NoClassDefFoundError: class org.apache.pinot.segment.local.utils.nativefst.builder.FSTUtils
[34] WARN TestMethodFilter - NoClassDefFoundError: class org.apache.pinot.segment.local.utils.nativefst.builder.FSTSerializerImpl
[35] WARN TestMethodFilter - NoClassDefFoundError: class org.apache.pinot.segment.local.utils.nativefst.ImmutableFST
[40] WARN TestMethodFilter - NoClassDefFoundError: class org.apache.pinot.segment.local.utils.nativefst.ConstantArcSizeFST
[41] WARN TestMethodFilter - NoClassDefFoundError: class org.apache.pinot.segment.local.utils.GeometrySerializer
[41] WARN TestMethodFilter - NoClassDefFoundError: class org.apache.pinot.segment.local.utils.GeometryUtils
[42] WARN TestMethodFilter - NoClassDefFoundError: class org.apache.pinot.segment.local.utils.TableConfigUtils
[42] WARN TestMethodFilter - NoClassDefFoundError: class org.apache.pinot.segment.local.utils.fst.FSTBuilder
[43] WARN TestMethodFilter - NoClassDefFoundError: class org.apache.pinot.segment.local.utils.fst.RegexpMatcher
[43] WARN TestMethodFilter - NoClassDefFoundError: class org.apache.pinot.segment.local.utils.IngestionUtils
[43] WARN TestMethodFilter - NoClassDefFoundError: class org.apache.pinot.segment.local.data.manager.TableDataManagerConfig
[44] WARN TestMethodFilter - NoClassDefFoundError: class org.apache.pinot.segment.local.recordtransformer.NullValueTransformer
[44] WARN TestMethodFilter - NoClassDefFoundError: class org.apache.pinot.segment.local.recordtransformer.SanitizationTransformer
[44] WARN TestMethodFilter - NoClassDefFoundError: class org.apache.pinot.segment.local.recordtransformer.DataTypeTransformer
[45] WARN TestMethodFilter - NoClassDefFoundError: class org.apache.pinot.segment.local.recordtransformer.ComplexTypeTransformer
[45] WARN TestMethodFilter - NoClassDefFoundError: class org.apache.pinot.segment.local.recordtransformer.ExpressionTransformer
[45] WARN TestMethodFilter - NoClassDefFoundError: class org.apache.pinot.segment.local.recordtransformer.CompositeTransformer
[45] WARN TestMethodFilter - NoClassDefFoundError: class org.apache.pinot.segment.local.recordtransformer.FilterTransformer
[46] WARN TestMethodFilter - NoClassDefFoundError: class org.apache.pinot.segment.local.realtime.impl.RealtimeSegmentConfig
[51] WARN TestMethodFilter - NoClassDefFoundError: class org.apache.pinot.segment.local.realtime.impl.dictionary.MutableDictionaryFactory
[53] WARN TestMethodFilter - NoClassDefFoundError: class org.apache.pinot.segment.local.realtime.converter.RealtimeSegmentConverter
[54] WARN TestMethodFilter - NoClassDefFoundError: class org.apache.pinot.segment.local.function.GroovyFunctionEvaluator
[55] WARN TestMethodFilter - NoClassDefFoundError: class org.apache.pinot.segment.local.function.InbuiltFunctionEvaluator
[55] WARN TestMethodFilter - NoClassDefFoundError: class org.apache.pinot.segment.local.function.TimeSpecFunctionEvaluator
[55] WARN TestMethodFilter - NoClassDefFoundError: class org.apache.pinot.segment.local.function.FunctionEvaluatorFactory
[58] WARN TestMethodFilter - NoClassDefFoundError: class org.apache.pinot.segment.local.io.util.VarLengthValueReader
[61] WARN TestMethodFilter - NoClassDefFoundError: class org.apache.pinot.segment.local.io.compression.ChunkCompressorFactory
[65] WARN TestMethodFilter - NoClassDefFoundError: class org.apache.pinot.segment.local.segment.creator.impl.inv.BitmapInvertedIndexWriter
[66] WARN TestMethodFilter - NoClassDefFoundError: class org.apache.pinot.segment.local.segment.creator.impl.SegmentCreationDriverFactory
[67] WARN TestMethodFilter - NoClassDefFoundError: class org.apache.pinot.segment.local.segment.creator.impl.nullvalue.NullValueVectorCreator
[72] WARN TestMethodFilter - NoClassDefFoundError: class org.apache.pinot.segment.local.segment.creator.Fixtures
[73] WARN TestMethodFilter - NoClassDefFoundError: class org.apache.pinot.segment.local.segment.creator.TransformPipeline
[74] WARN TestMethodFilter - NoClassDefFoundError: class org.apache.pinot.segment.local.segment.index.column.DefaultNullValueVirtualColumnProvider
[75] WARN TestMethodFilter - NoClassDefFoundError: class org.apache.pinot.segment.local.segment.index.column.IntermediateIndexContainer
[76] WARN TestMethodFilter - NoClassDefFoundError: class org.apache.pinot.segment.local.segment.index.converter.SegmentFormatConverterFactory
[77] WARN TestMethodFilter - NoClassDefFoundError: class org.apache.pinot.segment.local.segment.index.loader.LoaderUtils
[77] WARN TestMethodFilter - NoClassDefFoundError: class org.apache.pinot.segment.local.segment.index.loader.bloomfilter.BloomFilterHandler
[78] WARN TestMethodFilter - NoClassDefFoundError: class org.apache.pinot.segment.local.segment.index.loader.IndexLoadingConfig
[78] WARN TestMethodFilter - NoClassDefFoundError: class org.apache.pinot.segment.local.segment.index.loader.defaultcolumn.DefaultColumnHandlerFactory
[79] WARN TestMethodFilter - NoClassDefFoundError: class org.apache.pinot.segment.local.segment.index.loader.defaultcolumn.V1DefaultColumnHandler
[79] WARN TestMethodFilter - NoClassDefFoundError: class org.apache.pinot.segment.local.segment.index.loader.defaultcolumn.V3DefaultColumnHandler
[79] WARN TestMethodFilter - NoClassDefFoundError: class org.apache.pinot.segment.local.segment.index.loader.invertedindex.FSTIndexHandler
[80] WARN TestMethodFilter - NoClassDefFoundError: class org.apache.pinot.segment.local.segment.index.loader.invertedindex.InvertedIndexHandler
[80] WARN TestMethodFilter - NoClassDefFoundError: class org.apache.pinot.segment.local.segment.index.loader.invertedindex.TextIndexHandler
[80] WARN TestMethodFilter - NoClassDefFoundError: class org.apache.pinot.segment.local.segment.index.loader.invertedindex.JsonIndexHandler
[80] WARN TestMethodFilter - NoClassDefFoundError: class org.apache.pinot.segment.local.segment.index.loader.invertedindex.RangeIndexHandler
[81] WARN TestMethodFilter - NoClassDefFoundError: class org.apache.pinot.segment.local.segment.index.loader.invertedindex.H3IndexHandler
[81] WARN TestMethodFilter - NoClassDefFoundError: class org.apache.pinot.segment.local.segment.index.loader.IndexHandlerFactory
[81] WARN TestMethodFilter - NoClassDefFoundError: class org.apache.pinot.segment.local.segment.index.loader.SegmentPreProcessor
[90] WARN TestMethodFilter - NoClassDefFoundError: class org.apache.pinot.segment.local.segment.index.readers.bloom.BloomFilterReaderFactory
[91] WARN TestMethodFilter - NoClassDefFoundError: class org.apache.pinot.segment.local.segment.readers.PinotSegmentColumnReader
[92] WARN TestMethodFilter - NoClassDefFoundError: class org.apache.pinot.segment.local.segment.store.IndexKey
[93] WARN TestMethodFilter - NoClassDefFoundError: class org.apache.pinot.segment.local.segment.virtualcolumn.DocIdVirtualColumnProvider
[93] WARN TestMethodFilter - NoClassDefFoundError: class org.apache.pinot.segment.local.segment.virtualcolumn.VirtualColumnProviderFactory
[94] WARN TestMethodFilter - NoClassDefFoundError: class org.apache.pinot.segment.local.segment.virtualcolumn.VirtualColumnContext
[100] WARN TestMethodFilter - NoClassDefFoundError: class org.apache.pinot.segment.local.indexsegment.immutable.ImmutableSegmentLoader
[101] WARN TestMethodFilter - NoClassDefFoundError: class org.apache.pinot.segment.local.startree.v2.builder.StarTreeV2BuilderConfigTest
[102] WARN TestMethodFilter - NoClassDefFoundError: class org.apache.pinot.segment.local.upsert.PartitionUpsertMetadataManagerTest
[106] WARN TestMethodFilter - NoClassDefFoundError: class org.apache.pinot.segment.local.utils.nativefst.FSTTraversalTest
[107] WARN TestMethodFilter - NoClassDefFoundError: class org.apache.pinot.segment.local.utils.nativefst.ImmutableFSTSerializerTest
[107] WARN TestMethodFilter - NoClassDefFoundError: class org.apache.pinot.segment.local.utils.nativefst.ImmutableFSTDeserializedTest
[108] WARN TestMethodFilter - NoClassDefFoundError: class org.apache.pinot.segment.local.utils.IngestionUtilsTest
[108] WARN TestMethodFilter - NoClassDefFoundError: class org.apache.pinot.segment.local.utils.fst.FSTBuilderTest
[109] WARN TestMethodFilter - NoClassDefFoundError: class org.apache.pinot.segment.local.recordtransformer.ExpressionTransformerTest
[110] WARN TestMethodFilter - NoClassDefFoundError: class org.apache.pinot.segment.local.recordtransformer.RecordTransformerTest
[112] WARN TestMethodFilter - NoClassDefFoundError: class org.apache.pinot.segment.local.realtime.impl.dictionary.MutableDictionaryTest
[112] WARN TestMethodFilter - NoClassDefFoundError: class org.apache.pinot.segment.local.realtime.impl.dictionary.OffHeapMutableBytesStoreTest
[113] WARN TestMethodFilter - NoClassDefFoundError: class org.apache.pinot.segment.local.realtime.impl.dictionary.MultiValueDictionaryTest
[114] WARN TestMethodFilter - NoClassDefFoundError: class org.apache.pinot.segment.local.io.writer.impl.VarByteChunkSVForwardIndexWriterTest
[114] WARN TestMethodFilter - NoClassDefFoundError: class org.apache.pinot.segment.local.io.writer.impl.MutableOffHeapByteArrayStoreTest
[114] WARN TestMethodFilter - NoClassDefFoundError: class org.apache.pinot.segment.local.io.writer.impl.MmapMemoryManagerTest
[114] WARN TestMethodFilter - NoClassDefFoundError: class org.apache.pinot.segment.local.io.writer.impl.MmapMemoryManagerFileCleanupTest
[116] WARN TestMethodFilter - NoClassDefFoundError: class org.apache.pinot.segment.local.io.compression.TestCompression
[116] WARN TestMethodFilter - NoClassDefFoundError: class org.apache.pinot.segment.local.segment.creator.SegmentTestUtils
[117] WARN TestMethodFilter - NoClassDefFoundError: class org.apache.pinot.segment.local.segment.creator.impl.SegmentColumnarIndexCreatorTest
[118] WARN TestMethodFilter - NoClassDefFoundError: class org.apache.pinot.segment.local.segment.creator.BitmapInvertedIndexTest
[118] WARN TestMethodFilter - NoClassDefFoundError: class org.apache.pinot.segment.local.segment.creator.DictionariesTest
[119] WARN TestMethodFilter - NoClassDefFoundError: class org.apache.pinot.segment.local.segment.creator.FixedIntArrayIdMapTest
[119] WARN TestMethodFilter - NoClassDefFoundError: class org.apache.pinot.segment.local.segment.creator.OnHeapDictionariesTest
[119] WARN TestMethodFilter - NoClassDefFoundError: class org.apache.pinot.segment.local.segment.creator.BitmapInvertedIndexCreatorTest
[119] WARN TestMethodFilter - NoClassDefFoundError: class org.apache.pinot.segment.local.segment.loader.SegmentDirectoryLoaderRegistryTest
[120] WARN TestMethodFilter - NoClassDefFoundError: class org.apache.pinot.segment.local.segment.index.readerwriter.FixedByteSingleValueMultiColumnReaderWriterTest
[120] WARN TestMethodFilter - NoClassDefFoundError: class org.apache.pinot.segment.local.segment.index.column.DefaultNullValueVirtualColumnProviderTest
[120] WARN TestMethodFilter - NoClassDefFoundError: class org.apache.pinot.segment.local.segment.index.creator.SegmentGenerationWithMultipleRecordsTest
[120] WARN TestMethodFilter - NoClassDefFoundError: class org.apache.pinot.segment.local.segment.index.creator.SegmentGenerationWithFilterRecordsTest
[121] WARN TestMethodFilter - NoClassDefFoundError: class org.apache.pinot.segment.local.segment.index.creator.MultiValueVarByteRawIndexCreatorTest
[122] WARN TestMethodFilter - NoClassDefFoundError: class org.apache.pinot.segment.local.segment.index.creator.SegmentGenerationWithBytesTypeTest
[122] WARN TestMethodFilter - NoClassDefFoundError: class org.apache.pinot.segment.local.segment.index.creator.MultiValueFixedByteRawIndexCreatorTest
[122] WARN TestMethodFilter - NoClassDefFoundError: class org.apache.pinot.segment.local.segment.index.creator.BitSlicedIndexCreatorTest
[123] WARN TestMethodFilter - NoClassDefFoundError: class org.apache.pinot.segment.local.segment.index.creator.RawIndexCreatorTest
[123] WARN TestMethodFilter - NoClassDefFoundError: class org.apache.pinot.segment.local.segment.index.creator.SegmentGenerationWithNoRecordsTest
[124] WARN TestMethodFilter - NoClassDefFoundError: class org.apache.pinot.segment.local.segment.index.creator.VarByteChunkV4Test
[124] WARN TestMethodFilter - NoClassDefFoundError: class org.apache.pinot.segment.local.segment.index.creator.RangeIndexCreatorTest
[125] WARN TestMethodFilter - NoClassDefFoundError: class org.apache.pinot.segment.local.segment.index.creator.SegmentGenerationWithTimeColumnTest
[125] WARN TestMethodFilter - NoClassDefFoundError: class org.apache.pinot.segment.local.segment.index.creator.SegmentPartitionTest
[125] WARN TestMethodFilter - NoClassDefFoundError: class org.apache.pinot.segment.local.segment.index.creator.BloomFilterCreatorTest
[126] WARN TestMethodFilter - NoClassDefFoundError: class org.apache.pinot.segment.local.segment.index.forward.mutable.FixedByteSVMutableForwardIndexTest
[126] WARN TestMethodFilter - NoClassDefFoundError: class org.apache.pinot.segment.local.segment.index.forward.mutable.FixedByteMVMutableForwardIndexTest
[126] WARN TestMethodFilter - NoClassDefFoundError: class org.apache.pinot.segment.local.segment.index.forward.mutable.VarByteSVMutableForwardIndexTest
[127] WARN TestMethodFilter - NoClassDefFoundError: class org.apache.pinot.segment.local.segment.index.forward.FixedByteChunkSVForwardIndexTest
[128] WARN TestMethodFilter - NoClassDefFoundError: class org.apache.pinot.segment.local.segment.index.forward.VarByteChunkSVForwardIndexTest
[128] WARN TestMethodFilter - NoClassDefFoundError: class org.apache.pinot.segment.local.segment.index.converter.SegmentV1V2ToV3FormatConverterTest
[128] WARN TestMethodFilter - NoClassDefFoundError: class org.apache.pinot.segment.local.segment.index.ColumnMetadataTest
[128] WARN TestMethodFilter - NoClassDefFoundError: class org.apache.pinot.segment.local.segment.index.H3IndexTest
[129] WARN TestMethodFilter - NoClassDefFoundError: class org.apache.pinot.segment.local.segment.index.IndexOverridesTest
[129] WARN TestMethodFilter - NoClassDefFoundError: class org.apache.pinot.segment.local.segment.index.loader.LoaderTest
[132] WARN TestMethodFilter - NoClassDefFoundError: class org.apache.pinot.segment.local.segment.index.loader.defaultcolumn.BaseDefaultColumnHandlerTest
[133] WARN TestMethodFilter - NoClassDefFoundError: class org.apache.pinot.segment.local.segment.index.readers.NullValueVectorReaderImplTest
[133] WARN TestMethodFilter - NoClassDefFoundError: class org.apache.pinot.segment.local.segment.index.readers.ImmutableDictionaryTest
[134] WARN TestMethodFilter - NoClassDefFoundError: class org.apache.pinot.segment.local.segment.index.readers.ImmutableDictionaryTypeConversionTest
[134] WARN TestMethodFilter - NoClassDefFoundError: class org.apache.pinot.segment.local.segment.index.JsonIndexTest
[135] WARN TestMethodFilter - NoClassDefFoundError: class org.apache.pinot.segment.local.segment.readers.MultiplePinotSegmentRecordReaderTest
[135] WARN TestMethodFilter - NoClassDefFoundError: class org.apache.pinot.segment.local.segment.readers.PinotSegmentUtil
[135] WARN TestMethodFilter - NoClassDefFoundError: class org.apache.pinot.segment.local.segment.readers.PinotSegmentRecordReaderTest
[136] WARN TestMethodFilter - NoClassDefFoundError: class org.apache.pinot.segment.local.segment.store.SingleFileIndexDirectoryTest
[136] WARN TestMethodFilter - NoClassDefFoundError: class org.apache.pinot.segment.local.segment.store.SegmentLocalFSDirectoryTest
[136] WARN TestMethodFilter - NoClassDefFoundError: class org.apache.pinot.segment.local.segment.store.FilePerIndexDirectoryTest
[137] WARN TestMethodFilter - NoClassDefFoundError: class org.apache.pinot.segment.local.indexsegment.mutable.MutableSegmentImplTestUtils
[137] WARN TestMethodFilter - NoClassDefFoundError: class org.apache.pinot.segment.local.indexsegment.mutable.IndexingFailureTest
[137] WARN TestMethodFilter - NoClassDefFoundError: class org.apache.pinot.segment.local.indexsegment.mutable.MutableSegmentImplUpsertTest
[138] WARN TestMethodFilter - NoClassDefFoundError: class org.apache.pinot.segment.local.indexsegment.mutable.MutableSegmentImplTest
[138] WARN TestMethodFilter - NoClassDefFoundError: class org.apache.pinot.segment.local.indexsegment.mutable.IntermediateSegmentTest
[138] WARN TestMethodFilter - NoClassDefFoundError: class org.apache.pinot.segment.local.indexsegment.mutable.MutableSegmentImplAggregateMetricsTest
[139] WARN TestMethodFilter - NoClassDefFoundError: class org.apache.pinot.segment.local.indexsegment.mutable.MutableSegmentImplUpsertComparisonColTest
[145] WARN TestMethodFilter - NoClassDefFoundError: class org.apache.pinot.segment.local.startree.v2.builder.OffHeapSingleTreeBuilder
[145] WARN TestMethodFilter - NoClassDefFoundError: class org.apache.pinot.segment.local.startree.v2.builder.OnHeapSingleTreeBuilder
[145] WARN TestMethodFilter - NoClassDefFoundError: class org.apache.pinot.segment.local.startree.v2.builder.StarTreeV2BuilderConfig
[145] WARN TestMethodFilter - NoClassDefFoundError: class org.apache.pinot.segment.local.startree.v2.builder.MultipleTreesBuilder
[146] WARN TestMethodFilter - NoClassDefFoundError: class org.apache.pinot.segment.local.startree.v2.store.StarTreeIndexMapUtils
[146] WARN TestMethodFilter - NoClassDefFoundError: class org.apache.pinot.segment.local.startree.v2.store.StarTreeLoaderUtils
[146] WARN TestMethodFilter - NoClassDefFoundError: class org.apache.pinot.segment.local.startree.StarTreeBuilderUtils
[146] WARN TestMethodFilter - NoClassDefFoundError: class org.apache.pinot.segment.local.upsert.PartialUpsertHandler
[146] WARN TestMethodFilter - NoClassDefFoundError: class org.apache.pinot.segment.local.upsert.merger.PartialUpsertMergerFactory
[146] WARN TestMethodFilter - NoClassDefFoundError: class org.apache.pinot.segment.local.upsert.RecordLocation
[147] WARN TestMethodFilter - NoClassDefFoundError: class org.apache.pinot.segment.local.upsert.PartitionUpsertMetadataManager
[147] WARN TestMethodFilter - NoClassDefFoundError: class org.apache.pinot.segment.local.aggregator.SumPrecisionValueAggregator
[147] WARN TestMethodFilter - NoClassDefFoundError: class org.apache.pinot.segment.local.aggregator.MaxValueAggregator
[147] WARN TestMethodFilter - NoClassDefFoundError: class org.apache.pinot.segment.local.aggregator.DistinctCountHLLValueAggregator
[147] WARN TestMethodFilter - NoClassDefFoundError: class org.apache.pinot.segment.local.aggregator.AvgValueAggregator
[147] WARN TestMethodFilter - NoClassDefFoundError: class org.apache.pinot.segment.local.aggregator.PercentileEstValueAggregator
[147] WARN TestMethodFilter - NoClassDefFoundError: class org.apache.pinot.segment.local.aggregator.DistinctCountBitmapValueAggregator
[147] WARN TestMethodFilter - NoClassDefFoundError: class org.apache.pinot.segment.local.aggregator.ValueAggregatorFactory
[147] WARN TestMethodFilter - NoClassDefFoundError: class org.apache.pinot.segment.local.aggregator.CountValueAggregator
[147] WARN TestMethodFilter - NoClassDefFoundError: class org.apache.pinot.segment.local.aggregator.MinValueAggregator
[147] WARN TestMethodFilter - NoClassDefFoundError: class org.apache.pinot.segment.local.aggregator.MinMaxRangeValueAggregator
[147] WARN TestMethodFilter - NoClassDefFoundError: class org.apache.pinot.segment.local.aggregator.SumValueAggregator
[147] WARN TestMethodFilter - NoClassDefFoundError: class org.apache.pinot.segment.local.aggregator.PercentileTDigestValueAggregator
[148] WARN TestMethodFilter - NoClassDefFoundError: class org.apache.pinot.segment.local.utils.SchemaUtils
[148] WARN TestMethodFilter - NoClassDefFoundError: class org.apache.pinot.segment.local.utils.ReplicationUtils
[148] WARN TestMethodFilter - NoClassDefFoundError: class org.apache.pinot.segment.local.utils.SegmentPushUtils
[148] WARN TestMethodFilter - NoClassDefFoundError: class org.apache.pinot.segment.local.utils.nativefst.utils.RegexpMatcher
[149] WARN TestMethodFilter - NoClassDefFoundError: class org.apache.pinot.segment.local.utils.nativefst.utils.RealTimeRegexpMatcher
[149] WARN TestMethodFilter - NoClassDefFoundError: class org.apache.pinot.segment.local.utils.nativefst.builder.FSTUtils
[149] WARN TestMethodFilter - NoClassDefFoundError: class org.apache.pinot.segment.local.utils.nativefst.builder.FSTSerializerImpl
[149] WARN TestMethodFilter - NoClassDefFoundError: class org.apache.pinot.segment.local.utils.nativefst.ImmutableFST
[150] WARN TestMethodFilter - NoClassDefFoundError: class org.apache.pinot.segment.local.utils.nativefst.ConstantArcSizeFST
[150] WARN TestMethodFilter - NoClassDefFoundError: class org.apache.pinot.segment.local.utils.GeometrySerializer
[150] WARN TestMethodFilter - NoClassDefFoundError: class org.apache.pinot.segment.local.utils.GeometryUtils
[151] WARN TestMethodFilter - NoClassDefFoundError: class org.apache.pinot.segment.local.utils.TableConfigUtils
[151] WARN TestMethodFilter - NoClassDefFoundError: class org.apache.pinot.segment.local.utils.fst.FSTBuilder
[151] WARN TestMethodFilter - NoClassDefFoundError: class org.apache.pinot.segment.local.utils.fst.RegexpMatcher
[151] WARN TestMethodFilter - NoClassDefFoundError: class org.apache.pinot.segment.local.utils.IngestionUtils
[151] WARN TestMethodFilter - NoClassDefFoundError: class org.apache.pinot.segment.local.data.manager.TableDataManagerConfig
[151] WARN TestMethodFilter - NoClassDefFoundError: class org.apache.pinot.segment.local.recordtransformer.NullValueTransformer
[151] WARN TestMethodFilter - NoClassDefFoundError: class org.apache.pinot.segment.local.recordtransformer.SanitizationTransformer
[151] WARN TestMethodFilter - NoClassDefFoundError: class org.apache.pinot.segment.local.recordtransformer.DataTypeTransformer
[151] WARN TestMethodFilter - NoClassDefFoundError: class org.apache.pinot.segment.local.recordtransformer.ComplexTypeTransformer
[151] WARN TestMethodFilter - NoClassDefFoundError: class org.apache.pinot.segment.local.recordtransformer.ExpressionTransformer
[151] WARN TestMethodFilter - NoClassDefFoundError: class org.apache.pinot.segment.local.recordtransformer.CompositeTransformer
[151] WARN TestMethodFilter - NoClassDefFoundError: class org.apache.pinot.segment.local.recordtransformer.FilterTransformer
[152] WARN TestMethodFilter - NoClassDefFoundError: class org.apache.pinot.segment.local.realtime.impl.RealtimeSegmentConfig
[156] WARN TestMethodFilter - NoClassDefFoundError: class org.apache.pinot.segment.local.realtime.impl.dictionary.MutableDictionaryFactory
[157] WARN TestMethodFilter - NoClassDefFoundError: class org.apache.pinot.segment.local.realtime.converter.RealtimeSegmentConverter
[158] WARN TestMethodFilter - NoClassDefFoundError: class org.apache.pinot.segment.local.function.GroovyFunctionEvaluator
[158] WARN TestMethodFilter - NoClassDefFoundError: class org.apache.pinot.segment.local.function.InbuiltFunctionEvaluator
[158] WARN TestMethodFilter - NoClassDefFoundError: class org.apache.pinot.segment.local.function.TimeSpecFunctionEvaluator
[158] WARN TestMethodFilter - NoClassDefFoundError: class org.apache.pinot.segment.local.function.FunctionEvaluatorFactory
[158] WARN TestMethodFilter - NoClassDefFoundError: class org.apache.pinot.segment.local.io.writer.impl.VarByteChunkSVForwardIndexWriterV4
[159] WARN TestMethodFilter - NoClassDefFoundError: class org.apache.pinot.segment.local.io.util.VarLengthValueReader
[160] WARN TestMethodFilter - NoClassDefFoundError: class org.apache.pinot.segment.local.io.compression.ChunkCompressorFactory
[162] WARN TestMethodFilter - NoClassDefFoundError: class org.apache.pinot.segment.local.segment.creator.impl.inv.BitmapInvertedIndexWriter
[162] WARN TestMethodFilter - NoClassDefFoundError: class org.apache.pinot.segment.local.segment.creator.impl.SegmentCreationDriverFactory
[162] WARN TestMethodFilter - NoClassDefFoundError: class org.apache.pinot.segment.local.segment.creator.impl.nullvalue.NullValueVectorCreator
[166] WARN TestMethodFilter - NoClassDefFoundError: class org.apache.pinot.segment.local.segment.creator.Fixtures
[166] WARN TestMethodFilter - NoClassDefFoundError: class org.apache.pinot.segment.local.segment.creator.TransformPipeline
[166] WARN TestMethodFilter - NoClassDefFoundError: class org.apache.pinot.segment.local.segment.index.column.DefaultNullValueVirtualColumnProvider
[167] WARN TestMethodFilter - NoClassDefFoundError: class org.apache.pinot.segment.local.segment.index.column.IntermediateIndexContainer
[167] WARN TestMethodFilter - NoClassDefFoundError: class org.apache.pinot.segment.local.segment.index.converter.SegmentFormatConverterFactory
[167] WARN TestMethodFilter - NoClassDefFoundError: class org.apache.pinot.segment.local.segment.index.loader.LoaderUtils
[167] WARN TestMethodFilter - NoClassDefFoundError: class org.apache.pinot.segment.local.segment.index.loader.bloomfilter.BloomFilterHandler
[167] WARN TestMethodFilter - NoClassDefFoundError: class org.apache.pinot.segment.local.segment.index.loader.IndexLoadingConfig
[168] WARN TestMethodFilter - NoClassDefFoundError: class org.apache.pinot.segment.local.segment.index.loader.defaultcolumn.DefaultColumnHandlerFactory
[168] WARN TestMethodFilter - NoClassDefFoundError: class org.apache.pinot.segment.local.segment.index.loader.defaultcolumn.V1DefaultColumnHandler
[168] WARN TestMethodFilter - NoClassDefFoundError: class org.apache.pinot.segment.local.segment.index.loader.defaultcolumn.V3DefaultColumnHandler
[168] WARN TestMethodFilter - NoClassDefFoundError: class org.apache.pinot.segment.local.segment.index.loader.invertedindex.FSTIndexHandler
[169] WARN TestMethodFilter - NoClassDefFoundError: class org.apache.pinot.segment.local.segment.index.loader.invertedindex.InvertedIndexHandler
[169] WARN TestMethodFilter - NoClassDefFoundError: class org.apache.pinot.segment.local.segment.index.loader.invertedindex.TextIndexHandler
[169] WARN TestMethodFilter - NoClassDefFoundError: class org.apache.pinot.segment.local.segment.index.loader.invertedindex.JsonIndexHandler
[169] WARN TestMethodFilter - NoClassDefFoundError: class org.apache.pinot.segment.local.segment.index.loader.invertedindex.RangeIndexHandler
[169] WARN TestMethodFilter - NoClassDefFoundError: class org.apache.pinot.segment.local.segment.index.loader.invertedindex.H3IndexHandler
[169] WARN TestMethodFilter - NoClassDefFoundError: class org.apache.pinot.segment.local.segment.index.loader.IndexHandlerFactory
[169] WARN TestMethodFilter - NoClassDefFoundError: class org.apache.pinot.segment.local.segment.index.loader.SegmentPreProcessor
[181] WARN TestMethodFilter - NoClassDefFoundError: class org.apache.pinot.segment.local.segment.index.readers.bloom.BloomFilterReaderFactory
[183] WARN TestMethodFilter - NoClassDefFoundError: class org.apache.pinot.segment.local.segment.readers.PinotSegmentColumnReader
[184] WARN TestMethodFilter - NoClassDefFoundError: class org.apache.pinot.segment.local.segment.store.IndexKey
[185] WARN TestMethodFilter - NoClassDefFoundError: class org.apache.pinot.segment.local.segment.virtualcolumn.DocIdVirtualColumnProvider
[185] WARN TestMethodFilter - NoClassDefFoundError: class org.apache.pinot.segment.local.segment.virtualcolumn.VirtualColumnProviderFactory
[185] WARN TestMethodFilter - NoClassDefFoundError: class org.apache.pinot.segment.local.segment.virtualcolumn.VirtualColumnContext
[187] WARN TestMethodFilter - NoClassDefFoundError: class org.apache.pinot.segment.local.indexsegment.immutable.ImmutableSegmentLoader
[188] WARN TestMethodFilter - NoClassDefFoundError: class org.apache.pinot.segment.local.startree.v2.builder.StarTreeV2BuilderConfigTest
[188] WARN TestMethodFilter - NoClassDefFoundError: class org.apache.pinot.segment.local.upsert.PartitionUpsertMetadataManagerTest
[191] WARN TestMethodFilter - NoClassDefFoundError: class org.apache.pinot.segment.local.utils.nativefst.FSTTraversalTest
[191] WARN TestMethodFilter - NoClassDefFoundError: class org.apache.pinot.segment.local.utils.nativefst.ImmutableFSTSerializerTest
[191] WARN TestMethodFilter - NoClassDefFoundError: class org.apache.pinot.segment.local.utils.nativefst.ImmutableFSTDeserializedTest
[192] WARN TestMethodFilter - NoClassDefFoundError: class org.apache.pinot.segment.local.utils.IngestionUtilsTest
[192] WARN TestMethodFilter - NoClassDefFoundError: class org.apache.pinot.segment.local.utils.fst.FSTBuilderTest
[192] WARN TestMethodFilter - NoClassDefFoundError: class org.apache.pinot.segment.local.recordtransformer.ExpressionTransformerTest
[193] WARN TestMethodFilter - NoClassDefFoundError: class org.apache.pinot.segment.local.recordtransformer.RecordTransformerTest
[193] WARN TestMethodFilter - NoClassDefFoundError: class org.apache.pinot.segment.local.realtime.impl.dictionary.MutableDictionaryTest
[193] WARN TestMethodFilter - NoClassDefFoundError: class org.apache.pinot.segment.local.realtime.impl.dictionary.OffHeapMutableBytesStoreTest
[194] WARN TestMethodFilter - NoClassDefFoundError: class org.apache.pinot.segment.local.realtime.impl.dictionary.MultiValueDictionaryTest
[194] WARN TestMethodFilter - NoClassDefFoundError: class org.apache.pinot.segment.local.io.writer.impl.VarByteChunkSVForwardIndexWriterTest
[194] WARN TestMethodFilter - NoClassDefFoundError: class org.apache.pinot.segment.local.io.writer.impl.MutableOffHeapByteArrayStoreTest
[194] WARN TestMethodFilter - NoClassDefFoundError: class org.apache.pinot.segment.local.io.writer.impl.MmapMemoryManagerTest
[194] WARN TestMethodFilter - NoClassDefFoundError: class org.apache.pinot.segment.local.io.writer.impl.MmapMemoryManagerFileCleanupTest
[195] WARN TestMethodFilter - NoClassDefFoundError: class org.apache.pinot.segment.local.io.util.PinotDataBitSetTest
[195] WARN TestMethodFilter - NoClassDefFoundError: class org.apache.pinot.segment.local.io.compression.TestCompression
[195] WARN TestMethodFilter - NoClassDefFoundError: class org.apache.pinot.segment.local.segment.creator.SegmentTestUtils
[196] WARN TestMethodFilter - NoClassDefFoundError: class org.apache.pinot.segment.local.segment.creator.impl.SegmentColumnarIndexCreatorTest
[196] WARN TestMethodFilter - NoClassDefFoundError: class org.apache.pinot.segment.local.segment.creator.TransformPipelineTest
[196] WARN TestMethodFilter - NoClassDefFoundError: class org.apache.pinot.segment.local.segment.creator.BitmapInvertedIndexTest
[196] WARN TestMethodFilter - NoClassDefFoundError: class org.apache.pinot.segment.local.segment.creator.DictionariesTest
[196] WARN TestMethodFilter - NoClassDefFoundError: class org.apache.pinot.segment.local.segment.creator.FixedIntArrayIdMapTest
[197] WARN TestMethodFilter - NoClassDefFoundError: class org.apache.pinot.segment.local.segment.creator.OnHeapDictionariesTest
[197] WARN TestMethodFilter - NoClassDefFoundError: class org.apache.pinot.segment.local.segment.creator.BitmapInvertedIndexCreatorTest
[197] WARN TestMethodFilter - NoClassDefFoundError: class org.apache.pinot.segment.local.segment.loader.SegmentDirectoryLoaderRegistryTest
[197] WARN TestMethodFilter - NoClassDefFoundError: class org.apache.pinot.segment.local.segment.index.readerwriter.FixedByteSingleValueMultiColumnReaderWriterTest
[197] WARN TestMethodFilter - NoClassDefFoundError: class org.apache.pinot.segment.local.segment.index.column.DefaultNullValueVirtualColumnProviderTest
[197] WARN TestMethodFilter - NoClassDefFoundError: class org.apache.pinot.segment.local.segment.index.creator.SegmentGenerationWithMultipleRecordsTest
[197] WARN TestMethodFilter - NoClassDefFoundError: class org.apache.pinot.segment.local.segment.index.creator.SegmentGenerationWithFilterRecordsTest
[198] WARN TestMethodFilter - NoClassDefFoundError: class org.apache.pinot.segment.local.segment.index.creator.MultiValueVarByteRawIndexCreatorTest
[198] WARN TestMethodFilter - NoClassDefFoundError: class org.apache.pinot.segment.local.segment.index.creator.inv.BitmapInvertedIndexWriterTest
[198] WARN TestMethodFilter - NoClassDefFoundError: class org.apache.pinot.segment.local.segment.index.creator.SegmentGenerationWithBytesTypeTest
[198] WARN TestMethodFilter - NoClassDefFoundError: class org.apache.pinot.segment.local.segment.index.creator.MultiValueFixedByteRawIndexCreatorTest
[198] WARN TestMethodFilter - NoClassDefFoundError: class org.apache.pinot.segment.local.segment.index.creator.BitSlicedIndexCreatorTest
[198] WARN TestMethodFilter - NoClassDefFoundError: class org.apache.pinot.segment.local.segment.index.creator.RawIndexCreatorTest
[198] WARN TestMethodFilter - NoClassDefFoundError: class org.apache.pinot.segment.local.segment.index.creator.SegmentGenerationWithNoRecordsTest
[199] WARN TestMethodFilter - NoClassDefFoundError: class org.apache.pinot.segment.local.segment.index.creator.VarByteChunkV4Test
[199] WARN TestMethodFilter - NoClassDefFoundError: class org.apache.pinot.segment.local.segment.index.creator.RangeIndexCreatorTest
[199] WARN TestMethodFilter - NoClassDefFoundError: class org.apache.pinot.segment.local.segment.index.creator.SegmentGenerationWithTimeColumnTest
[199] WARN TestMethodFilter - NoClassDefFoundError: class org.apache.pinot.segment.local.segment.index.creator.SegmentPartitionTest
[199] WARN TestMethodFilter - NoClassDefFoundError: class org.apache.pinot.segment.local.segment.index.creator.BloomFilterCreatorTest
[199] WARN TestMethodFilter - NoClassDefFoundError: class org.apache.pinot.segment.local.segment.index.forward.mutable.FixedByteSVMutableForwardIndexTest
[199] WARN TestMethodFilter - NoClassDefFoundError: class org.apache.pinot.segment.local.segment.index.forward.mutable.FixedByteMVMutableForwardIndexTest
[200] WARN TestMethodFilter - NoClassDefFoundError: class org.apache.pinot.segment.local.segment.index.forward.mutable.VarByteSVMutableForwardIndexTest
[200] WARN TestMethodFilter - NoClassDefFoundError: class org.apache.pinot.segment.local.segment.index.forward.FixedByteChunkSVForwardIndexTest
[200] WARN TestMethodFilter - NoClassDefFoundError: class org.apache.pinot.segment.local.segment.index.forward.VarByteChunkSVForwardIndexTest
[200] WARN TestMethodFilter - NoClassDefFoundError: class org.apache.pinot.segment.local.segment.index.converter.SegmentV1V2ToV3FormatConverterTest
[200] WARN TestMethodFilter - NoClassDefFoundError: class org.apache.pinot.segment.local.segment.index.ColumnMetadataTest
[200] WARN TestMethodFilter - NoClassDefFoundError: class org.apache.pinot.segment.local.segment.index.H3IndexTest
[201] WARN TestMethodFilter - NoClassDefFoundError: class org.apache.pinot.segment.local.segment.index.IndexOverridesTest
[201] WARN TestMethodFilter - NoClassDefFoundError: class org.apache.pinot.segment.local.segment.index.loader.LoaderTest
[201] WARN TestMethodFilter - NoClassDefFoundError: class org.apache.pinot.segment.local.segment.index.loader.SegmentPreProcessorTest
[201] WARN TestMethodFilter - NoClassDefFoundError: class org.apache.pinot.segment.local.segment.index.loader.defaultcolumn.BaseDefaultColumnHandlerTest
[202] WARN TestMethodFilter - NoClassDefFoundError: class org.apache.pinot.segment.local.segment.index.readers.NullValueVectorReaderImplTest
[202] WARN TestMethodFilter - NoClassDefFoundError: class org.apache.pinot.segment.local.segment.index.readers.ImmutableDictionaryTest
[203] WARN TestMethodFilter - NoClassDefFoundError: class org.apache.pinot.segment.local.segment.index.readers.ImmutableDictionaryTypeConversionTest
[203] WARN TestMethodFilter - NoClassDefFoundError: class org.apache.pinot.segment.local.segment.index.JsonIndexTest
[203] WARN TestMethodFilter - NoClassDefFoundError: class org.apache.pinot.segment.local.segment.readers.RecordReaderSampleDataTest
[203] WARN TestMethodFilter - NoClassDefFoundError: class org.apache.pinot.segment.local.segment.readers.MultiplePinotSegmentRecordReaderTest
[203] WARN TestMethodFilter - NoClassDefFoundError: class org.apache.pinot.segment.local.segment.readers.PinotSegmentUtil
[203] WARN TestMethodFilter - NoClassDefFoundError: class org.apache.pinot.segment.local.segment.readers.PinotSegmentRecordReaderTest
[203] WARN TestMethodFilter - NoClassDefFoundError: class org.apache.pinot.segment.local.segment.store.SingleFileIndexDirectoryTest
[203] WARN TestMethodFilter - NoClassDefFoundError: class org.apache.pinot.segment.local.segment.store.SegmentLocalFSDirectoryTest
[204] WARN TestMethodFilter - NoClassDefFoundError: class org.apache.pinot.segment.local.segment.store.FilePerIndexDirectoryTest
[204] WARN TestMethodFilter - NoClassDefFoundError: class org.apache.pinot.segment.local.segment.store.ColumnIndexDirectoryTestHelper
[204] WARN TestMethodFilter - NoClassDefFoundError: class org.apache.pinot.segment.local.indexsegment.mutable.MutableSegmentImplTestUtils
[204] WARN TestMethodFilter - NoClassDefFoundError: class org.apache.pinot.segment.local.indexsegment.mutable.IndexingFailureTest
[204] WARN TestMethodFilter - NoClassDefFoundError: class org.apache.pinot.segment.local.indexsegment.mutable.MutableSegmentImplUpsertTest
[204] WARN TestMethodFilter - NoClassDefFoundError: class org.apache.pinot.segment.local.indexsegment.mutable.MutableSegmentImplTest
[205] WARN TestMethodFilter - NoClassDefFoundError: class org.apache.pinot.segment.local.indexsegment.mutable.IntermediateSegmentTest
[205] WARN TestMethodFilter - NoClassDefFoundError: class org.apache.pinot.segment.local.indexsegment.mutable.MutableSegmentImplAggregateMetricsTest
[205] WARN TestMethodFilter - NoClassDefFoundError: class org.apache.pinot.segment.local.indexsegment.mutable.MutableSegmentImplUpsertComparisonColTest
[207] INFO CoverageRunner - Tests found: 0
[207] INFO CoverageRunner - Tests executed: 0
00:06:34.133 [main] INFO  fr.inria.jtravis.JTravis - GitHub ratelimit: Limit: 5000 Remaining: 3353 Reset hour: 03:06:38
00:06:35.339 [main] WARN  f.i.s.r.p.s.p.PushFaultLocalizationSuggestionsOnGitHubRepository - Flacoco has found 0 suspicious lines, but none were matched to the diff
00:06:35.339 [main] INFO  f.i.s.r.p.s.f.FlacocoLocalization - 
00:06:39.067 [main] INFO  f.i.s.r.p.i.ProjectInspector - ----------------------------------------------------------------------
00:06:39.067 [main] INFO  f.i.s.r.p.i.ProjectInspector - PIPELINE EXECUTION SUMMARY
00:06:39.067 [main] INFO  f.i.s.r.p.i.ProjectInspector - ----------------------------------------------------------------------
00:06:39.067 [main] INFO  f.i.s.r.p.i.ProjectInspector - CloneCheckoutGitPullRequest..........................SUCCESS [  20 s ]
00:06:39.067 [main] INFO  f.i.s.r.p.i.ProjectInspector - BuildProject.........................................SUCCESS [ 405 s ]
00:06:39.067 [main] INFO  f.i.s.r.p.i.ProjectInspector - TestProject..........................................SUCCESS [ 328 s ]
00:06:39.067 [main] INFO  f.i.s.r.p.i.ProjectInspector - ComputeClasspath.....................................SUCCESS [  11 s ]
00:06:39.067 [main] INFO  f.i.s.r.p.i.ProjectInspector - ComputeSourceDir.....................................SUCCESS [   0 s ]
00:06:39.067 [main] INFO  f.i.s.r.p.i.ProjectInspector - ComputeTestDir.......................................SUCCESS [   0 s ]
00:06:39.067 [main] INFO  f.i.s.r.p.i.ProjectInspector - GatherTestInformation................................SUCCESS [   0 s ]
00:06:39.067 [main] INFO  f.i.s.r.p.i.ProjectInspector - FlacocoLocalization..................................SUCCESS [   0 s ]
00:06:39.067 [main] INFO  f.i.s.r.p.i.ProjectInspector - PushFaultLocalizationSuggestionsOnGitHubRepository...SKIPPED          
00:06:39.068 [main] INFO  f.i.s.r.p.i.ProjectInspector - ----------------------------------------------------------------------
00:06:39.068 [main] INFO  f.i.s.r.p.i.ProjectInspector - PIPELINE FINDING: TEST FAILURE
00:06:39.068 [main] INFO  f.i.s.r.p.i.ProjectInspector - ----------------------------------------------------------------------
00:06:39.068 [main] INFO  f.i.s.r.p.github.GithubMainProcess - Inspector is finished. The process will exit now.
