Execute pipeline with following supplementary args: --smtpPort 25 --listenerMode NOOP --launcherMode FAULT_LOCALIZATION  --gitrepourl https://github.com/apache/pinot --gitrepopullrequest 8503
java -cp /usr/local/openjdk-11/lib/tools.jar:repairnator-pipeline.jar -Dlogback.configurationFile=/root/logback.xml fr.inria.spirals.repairnator.pipeline.Launcher -d --runId null -o /var/log --ghOauth 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 --faultLocalization --flacocoThreshold 0.0 --flacocoTopK null --flacocoResultsRepository flacocobot/2022-flacocobot-experiment --ghOauth  --smtpPort 25 --listenerMode NOOP --launcherMode FAULT_LOCALIZATION  --gitrepourl https://github.com/apache/pinot --gitrepopullrequest 8503

23:13:32.790 [main] INFO  f.i.s.r.p.g.GithubInitSerializerEngines - Initialize file serializer engines.
23:13:32.791 [main] INFO  f.i.s.r.p.g.GithubInitSerializerEngines - MongoDB won't be used for serialization.
23:13:32.792 [main] INFO  f.i.s.r.p.github.GithubInitNotifiers - The email notifier engine won't be used.
23:13:32.805 [main] INFO  f.i.s.r.p.i.ProjectInspector - ----------------------------------------------------------------------
23:13:32.805 [main] INFO  f.i.s.r.p.i.ProjectInspector - PIPELINE STEPS
23:13:32.805 [main] INFO  f.i.s.r.p.i.ProjectInspector - ----------------------------------------------------------------------
23:13:32.805 [main] INFO  f.i.s.r.p.i.ProjectInspector - CloneCheckoutGitPullRequest
23:13:32.805 [main] INFO  f.i.s.r.p.i.ProjectInspector - BuildProject
23:13:32.805 [main] INFO  f.i.s.r.p.i.ProjectInspector - TestProject
23:13:32.805 [main] INFO  f.i.s.r.p.i.ProjectInspector - ComputeClasspath
23:13:32.805 [main] INFO  f.i.s.r.p.i.ProjectInspector - ComputeSourceDir
23:13:32.806 [main] INFO  f.i.s.r.p.i.ProjectInspector - ComputeTestDir
23:13:32.806 [main] INFO  f.i.s.r.p.i.ProjectInspector - GatherTestInformation
23:13:32.806 [main] INFO  f.i.s.r.p.i.ProjectInspector - FlacocoLocalization
23:13:32.806 [main] INFO  f.i.s.r.p.i.ProjectInspector - PushFaultLocalizationSuggestionsOnGitHubRepository
23:13:32.806 [main] INFO  f.i.s.r.p.s.CloneCheckoutGitPullRequest - Cloning repository https://github.com/apache/pinot.git in the following directory: ./workspace/apache-pinot-master-8503_repo
23:14:24.139 [Thread-5] ERROR f.i.s.r.p.m.output.MavenErrorHandler - Warning: Lookahead adequacy checking not being performed since option LOOKAHEAD is more than 1.  Set option FORCE_LA_CHECK to true to force checking.
23:21:11.150 [Thread-7] ERROR f.i.s.r.p.m.o.MavenFilterOutputHandler - [ERROR] WARNING: An illegal reflective access operation has occurred
23:21:11.150 [Thread-7] ERROR f.i.s.r.p.m.o.MavenFilterOutputHandler - [ERROR] WARNING: Illegal reflective access by org.codehaus.groovy.vmplugin.v7.Java7$1 (file:/root/workspace/apache-pinot-master-8503_repo/.m2/org/codehaus/groovy/groovy-all/2.4.21/groovy-all-2.4.21.jar) to constructor java.lang.invoke.MethodHandles$Lookup(java.lang.Class,int)
23:21:11.150 [Thread-7] ERROR f.i.s.r.p.m.o.MavenFilterOutputHandler - [ERROR] WARNING: Please consider reporting this to the maintainers of org.codehaus.groovy.vmplugin.v7.Java7$1
23:21:11.150 [Thread-7] ERROR f.i.s.r.p.m.o.MavenFilterOutputHandler - [ERROR] WARNING: Use --illegal-access=warn to enable warnings of further illegal reflective access operations
23:21:11.150 [Thread-7] ERROR f.i.s.r.p.m.o.MavenFilterOutputHandler - [ERROR] WARNING: All illegal access operations will be denied in a future release
23:21:19.664 [Thread-7] ERROR f.i.s.r.p.m.o.MavenFilterOutputHandler - [ERROR] WARNING: An illegal reflective access operation has occurred
23:21:19.665 [Thread-7] ERROR f.i.s.r.p.m.o.MavenFilterOutputHandler - [ERROR] WARNING: Illegal reflective access by xerial.larray.buffer.UnsafeUtil (file:/root/workspace/apache-pinot-master-8503_repo/.m2/org/xerial/larray/larray-buffer/0.4.1/larray-buffer-0.4.1.jar) to constructor java.nio.DirectByteBuffer(long,int,java.lang.Object)
23:21:19.665 [Thread-7] ERROR f.i.s.r.p.m.o.MavenFilterOutputHandler - [ERROR] WARNING: Please consider reporting this to the maintainers of xerial.larray.buffer.UnsafeUtil
23:21:19.665 [Thread-7] ERROR f.i.s.r.p.m.o.MavenFilterOutputHandler - [ERROR] WARNING: Use --illegal-access=warn to enable warnings of further illegal reflective access operations
23:21:19.665 [Thread-7] ERROR f.i.s.r.p.m.o.MavenFilterOutputHandler - [ERROR] WARNING: All illegal access operations will be denied in a future release
23:21:41.935 [Thread-8] ERROR f.i.s.r.p.m.output.MavenErrorHandler - java.lang.NullPointerException
23:21:41.936 [Thread-8] ERROR f.i.s.r.p.m.output.MavenErrorHandler - 	at org.testng.reporters.JUnitXMLReporter.generateReport(JUnitXMLReporter.java:152)
23:21:41.936 [Thread-8] ERROR f.i.s.r.p.m.output.MavenErrorHandler - 	at org.testng.reporters.JUnitXMLReporter.onFinish(JUnitXMLReporter.java:112)
23:21:41.936 [Thread-8] ERROR f.i.s.r.p.m.output.MavenErrorHandler - 	at org.testng.TestRunner.fireEvent(TestRunner.java:1187)
23:21:41.936 [Thread-8] ERROR f.i.s.r.p.m.output.MavenErrorHandler - 	at org.testng.TestRunner.afterRun(TestRunner.java:976)
23:21:41.936 [Thread-8] ERROR f.i.s.r.p.m.output.MavenErrorHandler - 	at org.testng.TestRunner.run(TestRunner.java:606)
23:21:41.936 [Thread-8] ERROR f.i.s.r.p.m.output.MavenErrorHandler - 	at org.testng.SuiteRunner.runTest(SuiteRunner.java:380)
23:21:41.936 [Thread-8] ERROR f.i.s.r.p.m.output.MavenErrorHandler - 	at org.testng.SuiteRunner.runSequentially(SuiteRunner.java:375)
23:21:41.936 [Thread-8] ERROR f.i.s.r.p.m.output.MavenErrorHandler - 	at org.testng.SuiteRunner.privateRun(SuiteRunner.java:340)
23:21:41.936 [Thread-8] ERROR f.i.s.r.p.m.output.MavenErrorHandler - 	at org.testng.SuiteRunner.run(SuiteRunner.java:289)
23:21:41.936 [Thread-8] ERROR f.i.s.r.p.m.output.MavenErrorHandler - 	at org.testng.SuiteRunnerWorker.runSuite(SuiteRunnerWorker.java:52)
23:21:41.936 [Thread-8] ERROR f.i.s.r.p.m.output.MavenErrorHandler - 	at org.testng.SuiteRunnerWorker.run(SuiteRunnerWorker.java:86)
23:21:41.936 [Thread-8] ERROR f.i.s.r.p.m.output.MavenErrorHandler - 	at org.testng.TestNG.runSuitesSequentially(TestNG.java:1301)
23:21:41.936 [Thread-8] ERROR f.i.s.r.p.m.output.MavenErrorHandler - 	at org.testng.TestNG.runSuitesLocally(TestNG.java:1226)
23:21:41.936 [Thread-8] ERROR f.i.s.r.p.m.output.MavenErrorHandler - 	at org.testng.TestNG.runSuites(TestNG.java:1144)
23:21:41.936 [Thread-8] ERROR f.i.s.r.p.m.output.MavenErrorHandler - 	at org.testng.TestNG.run(TestNG.java:1115)
23:21:41.936 [Thread-8] ERROR f.i.s.r.p.m.output.MavenErrorHandler - 	at org.apache.maven.surefire.testng.TestNGExecutor.run(TestNGExecutor.java:136)
23:21:41.936 [Thread-8] ERROR f.i.s.r.p.m.output.MavenErrorHandler - 	at org.apache.maven.surefire.testng.TestNGDirectoryTestSuite.executeSingleClass(TestNGDirectoryTestSuite.java:112)
23:21:41.936 [Thread-8] ERROR f.i.s.r.p.m.output.MavenErrorHandler - 	at org.apache.maven.surefire.testng.TestNGDirectoryTestSuite.execute(TestNGDirectoryTestSuite.java:99)
23:21:41.936 [Thread-8] ERROR f.i.s.r.p.m.output.MavenErrorHandler - 	at org.apache.maven.surefire.testng.TestNGProvider.invoke(TestNGProvider.java:145)
23:21:41.936 [Thread-8] ERROR f.i.s.r.p.m.output.MavenErrorHandler - 	at org.apache.maven.surefire.booter.ForkedBooter.runSuitesInProcess(ForkedBooter.java:428)
23:21:41.936 [Thread-8] ERROR f.i.s.r.p.m.output.MavenErrorHandler - 	at org.apache.maven.surefire.booter.ForkedBooter.execute(ForkedBooter.java:162)
23:21:41.937 [Thread-8] ERROR f.i.s.r.p.m.output.MavenErrorHandler - 	at org.apache.maven.surefire.booter.ForkedBooter.run(ForkedBooter.java:562)
23:21:41.937 [Thread-8] ERROR f.i.s.r.p.m.output.MavenErrorHandler - 	at org.apache.maven.surefire.booter.ForkedBooter.main(ForkedBooter.java:548)
23:21:41.937 [Thread-8] ERROR f.i.s.r.p.m.output.MavenErrorHandler - [TestNG] Reporter org.testng.reporters.JUnitReportReporter@6a84bc2a failed
23:21:41.937 [Thread-8] ERROR f.i.s.r.p.m.output.MavenErrorHandler - java.lang.NullPointerException
23:21:41.937 [Thread-8] ERROR f.i.s.r.p.m.output.MavenErrorHandler - 	at org.testng.reporters.JUnitReportReporter.generateReport(JUnitReportReporter.java:146)
23:21:41.937 [Thread-8] ERROR f.i.s.r.p.m.output.MavenErrorHandler - 	at org.testng.TestNG.generateReports(TestNG.java:1192)
23:21:41.937 [Thread-8] ERROR f.i.s.r.p.m.output.MavenErrorHandler - 	at org.testng.TestNG.run(TestNG.java:1120)
23:21:41.937 [Thread-8] ERROR f.i.s.r.p.m.output.MavenErrorHandler - 	at org.apache.maven.surefire.testng.TestNGExecutor.run(TestNGExecutor.java:136)
23:21:41.937 [Thread-8] ERROR f.i.s.r.p.m.output.MavenErrorHandler - 	at org.apache.maven.surefire.testng.TestNGDirectoryTestSuite.executeSingleClass(TestNGDirectoryTestSuite.java:112)
23:21:41.937 [Thread-8] ERROR f.i.s.r.p.m.output.MavenErrorHandler - 	at org.apache.maven.surefire.testng.TestNGDirectoryTestSuite.execute(TestNGDirectoryTestSuite.java:99)
23:21:41.937 [Thread-8] ERROR f.i.s.r.p.m.output.MavenErrorHandler - 	at org.apache.maven.surefire.testng.TestNGProvider.invoke(TestNGProvider.java:145)
23:21:41.937 [Thread-8] ERROR f.i.s.r.p.m.output.MavenErrorHandler - 	at org.apache.maven.surefire.booter.ForkedBooter.runSuitesInProcess(ForkedBooter.java:428)
23:21:41.937 [Thread-8] ERROR f.i.s.r.p.m.output.MavenErrorHandler - 	at org.apache.maven.surefire.booter.ForkedBooter.execute(ForkedBooter.java:162)
23:21:41.937 [Thread-8] ERROR f.i.s.r.p.m.output.MavenErrorHandler - 	at org.apache.maven.surefire.booter.ForkedBooter.run(ForkedBooter.java:562)
23:21:41.937 [Thread-8] ERROR f.i.s.r.p.m.output.MavenErrorHandler - 	at org.apache.maven.surefire.booter.ForkedBooter.main(ForkedBooter.java:548)
23:22:36.425 [Thread-7] ERROR f.i.s.r.p.m.o.MavenFilterOutputHandler - [ERROR] Tests run: 1, Failures: 1, Errors: 0, Skipped: 0, Time elapsed: 1.171 s <<< FAILURE! - in org.apache.pinot.plugin.inputformat.json.JSONRecordReaderTest
23:22:36.426 [Thread-7] ERROR f.i.s.r.p.m.o.MavenFilterOutputHandler - [ERROR] org.apache.pinot.plugin.inputformat.json.JSONRecordReaderTest.testRecordReader  Time elapsed: 0.009 s  <<< FAILURE!
23:22:38.812 [Thread-7] ERROR f.i.s.r.p.m.o.MavenFilterOutputHandler - [ERROR] Tests run: 1, Failures: 1, Errors: 0, Skipped: 0, Time elapsed: 2.142 s <<< FAILURE! - in org.apache.pinot.plugin.inputformat.json.GzippedJSONRecordReaderTest
23:22:38.813 [Thread-7] ERROR f.i.s.r.p.m.o.MavenFilterOutputHandler - [ERROR] org.apache.pinot.plugin.inputformat.json.GzippedJSONRecordReaderTest.testRecordReader  Time elapsed: 0.008 s  <<< FAILURE!
23:22:39.385 [Thread-7] ERROR f.i.s.r.p.m.o.MavenFilterOutputHandler - [ERROR] Tests run: 1, Failures: 1, Errors: 0, Skipped: 0, Time elapsed: 0.315 s <<< FAILURE! - in org.apache.pinot.plugin.inputformat.json.JSONRecordExtractorTest
23:22:39.385 [Thread-7] ERROR f.i.s.r.p.m.o.MavenFilterOutputHandler - [ERROR] org.apache.pinot.plugin.inputformat.json.JSONRecordExtractorTest.testRecordExtractor  Time elapsed: 0.008 s  <<< FAILURE!
23:22:39.407 [Thread-7] ERROR f.i.s.r.p.m.o.MavenFilterOutputHandler - [ERROR] Failures: 
23:22:39.407 [Thread-7] ERROR f.i.s.r.p.m.o.MavenFilterOutputHandler - [ERROR]   GzippedJSONRecordReaderTest>AbstractRecordReaderTest.testRecordReader:186->JSONRecordReaderTest.checkValue:70 expected [0.15102065] but found [0.15102064609527588]
23:22:39.408 [Thread-7] ERROR f.i.s.r.p.m.o.MavenFilterOutputHandler - [ERROR]   JSONRecordExtractorTest>AbstractRecordExtractorTest.testRecordExtractor:172->AbstractRecordExtractorTest.checkValue:127->AbstractRecordExtractorTest.checkValue:152 expected [10.2] but found [10.2]
23:22:39.408 [Thread-7] ERROR f.i.s.r.p.m.o.MavenFilterOutputHandler - [ERROR]   JSONRecordReaderTest>AbstractRecordReaderTest.testRecordReader:186->checkValue:70 expected [0.93342763] but found [0.933427631855011]
23:22:39.408 [Thread-7] ERROR f.i.s.r.p.m.o.MavenFilterOutputHandler - [ERROR] Tests run: 3, Failures: 3, Errors: 0, Skipped: 0
23:22:39.412 [Thread-7] ERROR f.i.s.r.p.m.o.MavenFilterOutputHandler - [ERROR] Failed to execute goal org.apache.maven.plugins:maven-surefire-plugin:3.0.0-M5:test (default-test) on project pinot-json: There are test failures.
23:22:39.413 [Thread-7] ERROR f.i.s.r.p.m.o.MavenFilterOutputHandler - [ERROR] 
23:22:39.413 [Thread-7] ERROR f.i.s.r.p.m.o.MavenFilterOutputHandler - [ERROR] Please refer to /root/workspace/apache-pinot-master-8503_repo/pinot-plugins/pinot-input-format/pinot-json/target/surefire-reports for the individual test results.
23:22:39.413 [Thread-7] ERROR f.i.s.r.p.m.o.MavenFilterOutputHandler - [ERROR] Please refer to dump files (if any exist) [date].dump, [date]-jvmRun[N].dump and [date].dumpstream.
23:22:39.413 [Thread-7] ERROR f.i.s.r.p.m.o.MavenFilterOutputHandler - [ERROR] -> [Help 1]
23:22:39.416 [Thread-7] ERROR f.i.s.r.p.m.o.MavenFilterOutputHandler - [ERROR] 
23:22:39.416 [Thread-7] ERROR f.i.s.r.p.m.o.MavenFilterOutputHandler - [ERROR] Re-run Maven using the -X switch to enable full debug logging.
23:22:39.416 [Thread-7] ERROR f.i.s.r.p.m.o.MavenFilterOutputHandler - [ERROR] 
23:22:39.416 [Thread-7] ERROR f.i.s.r.p.m.o.MavenFilterOutputHandler - [ERROR] For more information about the errors and possible solutions, please read the following articles:
23:22:39.416 [Thread-7] ERROR f.i.s.r.p.m.o.MavenFilterOutputHandler - [ERROR] [Help 1] http://cwiki.apache.org/confluence/display/MAVEN/MojoFailureException
23:22:39.416 [Thread-7] ERROR f.i.s.r.p.m.o.MavenFilterOutputHandler - [ERROR] 
23:22:39.416 [Thread-7] ERROR f.i.s.r.p.m.o.MavenFilterOutputHandler - [ERROR] After correcting the problems, you can resume the build with the command
23:22:39.416 [Thread-7] ERROR f.i.s.r.p.m.o.MavenFilterOutputHandler - [ERROR]   mvn <goals> -rf :pinot-json
23:22:44.662 [main] ERROR f.i.s.r.p.s.paths.ComputeClasspath - The classpath file is empty.
23:22:44.663 [main] ERROR f.i.s.r.p.s.paths.ComputeClasspath - The classpath seems not to contain JUnit, maybe this project does not use JUnit for testing.
23:22:44.663 [main] ERROR f.i.s.r.p.s.paths.ComputeClasspath - The file does not exist: /root/./workspace/apache-pinot-master-8503_repo/target/classes.
23:22:44.664 [main] ERROR f.i.s.r.p.s.paths.ComputeClasspath - The file does not exist: /root/./workspace/apache-pinot-master-8503_repo/target/test-classes.
23:22:44.790 [main] ERROR f.i.s.r.p.s.paths.ComputeSourceDir - The source directory is not at default location or specified in build section from pom.xml, and no parent can be found.
23:22:44.794 [main] ERROR f.i.s.r.p.s.paths.ComputeSourceDir - The source directory is not at default location or specified in build section from pom.xml, and no parent can be found.
23:22:44.804 [main] INFO  f.i.s.r.p.s.paths.ComputeSourceDir - 49 source dirs were found:
23:22:44.804 [main] INFO  f.i.s.r.p.s.paths.ComputeSourceDir - /root/workspace/apache-pinot-master-8503_repo/contrib/pinot-fmpp-maven-plugin/src/main/java
23:22:44.804 [main] INFO  f.i.s.r.p.s.paths.ComputeSourceDir - /root/workspace/apache-pinot-master-8503_repo/pinot-broker/src/main/java
23:22:44.804 [main] INFO  f.i.s.r.p.s.paths.ComputeSourceDir - /root/workspace/apache-pinot-master-8503_repo/pinot-clients/pinot-java-client/src/main/java
23:22:44.804 [main] INFO  f.i.s.r.p.s.paths.ComputeSourceDir - /root/workspace/apache-pinot-master-8503_repo/pinot-clients/pinot-jdbc-client/src/main/java
23:22:44.804 [main] INFO  f.i.s.r.p.s.paths.ComputeSourceDir - /root/workspace/apache-pinot-master-8503_repo/pinot-common/src/main/java
23:22:44.804 [main] INFO  f.i.s.r.p.s.paths.ComputeSourceDir - /root/workspace/apache-pinot-master-8503_repo/pinot-compatibility-verifier/src/main/java
23:22:44.804 [main] INFO  f.i.s.r.p.s.paths.ComputeSourceDir - /root/workspace/apache-pinot-master-8503_repo/pinot-connectors/pinot-flink-connector/src/main/java
23:22:44.804 [main] INFO  f.i.s.r.p.s.paths.ComputeSourceDir - /root/workspace/apache-pinot-master-8503_repo/pinot-connectors/pinot-spark-connector/src/main/scala
23:22:44.804 [main] INFO  f.i.s.r.p.s.paths.ComputeSourceDir - /root/workspace/apache-pinot-master-8503_repo/pinot-controller/src/main/java
23:22:44.804 [main] INFO  f.i.s.r.p.s.paths.ComputeSourceDir - /root/workspace/apache-pinot-master-8503_repo/pinot-core/src/main/java
23:22:44.804 [main] INFO  f.i.s.r.p.s.paths.ComputeSourceDir - /root/workspace/apache-pinot-master-8503_repo/pinot-integration-tests/src/main/java
23:22:44.804 [main] INFO  f.i.s.r.p.s.paths.ComputeSourceDir - /root/workspace/apache-pinot-master-8503_repo/pinot-minion/src/main/java
23:22:44.804 [main] INFO  f.i.s.r.p.s.paths.ComputeSourceDir - /root/workspace/apache-pinot-master-8503_repo/pinot-perf/src/main/java
23:22:44.804 [main] INFO  f.i.s.r.p.s.paths.ComputeSourceDir - /root/workspace/apache-pinot-master-8503_repo/pinot-plugins/pinot-batch-ingestion/pinot-batch-ingestion-common/src/main/java
23:22:44.804 [main] INFO  f.i.s.r.p.s.paths.ComputeSourceDir - /root/workspace/apache-pinot-master-8503_repo/pinot-plugins/pinot-batch-ingestion/pinot-batch-ingestion-hadoop/src/main/java
23:22:44.804 [main] INFO  f.i.s.r.p.s.paths.ComputeSourceDir - /root/workspace/apache-pinot-master-8503_repo/pinot-plugins/pinot-batch-ingestion/pinot-batch-ingestion-spark/src/main/java
23:22:44.804 [main] INFO  f.i.s.r.p.s.paths.ComputeSourceDir - /root/workspace/apache-pinot-master-8503_repo/pinot-plugins/pinot-batch-ingestion/pinot-batch-ingestion-standalone/src/main/java
23:22:44.804 [main] INFO  f.i.s.r.p.s.paths.ComputeSourceDir - /root/workspace/apache-pinot-master-8503_repo/pinot-plugins/pinot-batch-ingestion/v0_deprecated/pinot-hadoop/src/main/java
23:22:44.804 [main] INFO  f.i.s.r.p.s.paths.ComputeSourceDir - /root/workspace/apache-pinot-master-8503_repo/pinot-plugins/pinot-batch-ingestion/v0_deprecated/pinot-ingestion-common/src/main/java
23:22:44.804 [main] INFO  f.i.s.r.p.s.paths.ComputeSourceDir - /root/workspace/apache-pinot-master-8503_repo/pinot-plugins/pinot-batch-ingestion/v0_deprecated/pinot-spark/src/main/java
23:22:44.804 [main] INFO  f.i.s.r.p.s.paths.ComputeSourceDir - /root/workspace/apache-pinot-master-8503_repo/pinot-plugins/pinot-environment/pinot-azure/src/main/java
23:22:44.804 [main] INFO  f.i.s.r.p.s.paths.ComputeSourceDir - /root/workspace/apache-pinot-master-8503_repo/pinot-plugins/pinot-file-system/pinot-adls/src/main/java
23:22:44.804 [main] INFO  f.i.s.r.p.s.paths.ComputeSourceDir - /root/workspace/apache-pinot-master-8503_repo/pinot-plugins/pinot-file-system/pinot-gcs/src/main/java
23:22:44.804 [main] INFO  f.i.s.r.p.s.paths.ComputeSourceDir - /root/workspace/apache-pinot-master-8503_repo/pinot-plugins/pinot-file-system/pinot-hdfs/src/main/java
23:22:44.804 [main] INFO  f.i.s.r.p.s.paths.ComputeSourceDir - /root/workspace/apache-pinot-master-8503_repo/pinot-plugins/pinot-file-system/pinot-s3/src/main/java
23:22:44.804 [main] INFO  f.i.s.r.p.s.paths.ComputeSourceDir - /root/workspace/apache-pinot-master-8503_repo/pinot-plugins/pinot-input-format/pinot-avro-base/src/main/java
23:22:44.804 [main] INFO  f.i.s.r.p.s.paths.ComputeSourceDir - /root/workspace/apache-pinot-master-8503_repo/pinot-plugins/pinot-input-format/pinot-avro/src/main/java
23:22:44.804 [main] INFO  f.i.s.r.p.s.paths.ComputeSourceDir - /root/workspace/apache-pinot-master-8503_repo/pinot-plugins/pinot-input-format/pinot-confluent-avro/src/main/java
23:22:44.804 [main] INFO  f.i.s.r.p.s.paths.ComputeSourceDir - /root/workspace/apache-pinot-master-8503_repo/pinot-plugins/pinot-input-format/pinot-csv/src/main/java
23:22:44.804 [main] INFO  f.i.s.r.p.s.paths.ComputeSourceDir - /root/workspace/apache-pinot-master-8503_repo/pinot-plugins/pinot-input-format/pinot-json/src/main/java
23:22:44.804 [main] INFO  f.i.s.r.p.s.paths.ComputeSourceDir - /root/workspace/apache-pinot-master-8503_repo/pinot-plugins/pinot-input-format/pinot-orc/src/main/java
23:22:44.804 [main] INFO  f.i.s.r.p.s.paths.ComputeSourceDir - /root/workspace/apache-pinot-master-8503_repo/pinot-plugins/pinot-input-format/pinot-parquet/src/main/java
23:22:44.804 [main] INFO  f.i.s.r.p.s.paths.ComputeSourceDir - /root/workspace/apache-pinot-master-8503_repo/pinot-plugins/pinot-input-format/pinot-protobuf/src/main/java
23:22:44.804 [main] INFO  f.i.s.r.p.s.paths.ComputeSourceDir - /root/workspace/apache-pinot-master-8503_repo/pinot-plugins/pinot-input-format/pinot-thrift/src/main/java
23:22:44.804 [main] INFO  f.i.s.r.p.s.paths.ComputeSourceDir - /root/workspace/apache-pinot-master-8503_repo/pinot-plugins/pinot-metrics/pinot-dropwizard/src/main/java
23:22:44.805 [main] INFO  f.i.s.r.p.s.paths.ComputeSourceDir - /root/workspace/apache-pinot-master-8503_repo/pinot-plugins/pinot-metrics/pinot-yammer/src/main/java
23:22:44.805 [main] INFO  f.i.s.r.p.s.paths.ComputeSourceDir - /root/workspace/apache-pinot-master-8503_repo/pinot-plugins/pinot-minion-tasks/pinot-minion-builtin-tasks/src/main/java
23:22:44.805 [main] INFO  f.i.s.r.p.s.paths.ComputeSourceDir - /root/workspace/apache-pinot-master-8503_repo/pinot-plugins/pinot-segment-uploader/pinot-segment-uploader-default/src/main/java
23:22:44.805 [main] INFO  f.i.s.r.p.s.paths.ComputeSourceDir - /root/workspace/apache-pinot-master-8503_repo/pinot-plugins/pinot-segment-writer/pinot-segment-writer-file-based/src/main/java
23:22:44.805 [main] INFO  f.i.s.r.p.s.paths.ComputeSourceDir - /root/workspace/apache-pinot-master-8503_repo/pinot-plugins/pinot-stream-ingestion/pinot-kafka-0.9/src/main/java
23:22:44.805 [main] INFO  f.i.s.r.p.s.paths.ComputeSourceDir - /root/workspace/apache-pinot-master-8503_repo/pinot-plugins/pinot-stream-ingestion/pinot-kafka-2.0/src/main/java
23:22:44.805 [main] INFO  f.i.s.r.p.s.paths.ComputeSourceDir - /root/workspace/apache-pinot-master-8503_repo/pinot-plugins/pinot-stream-ingestion/pinot-kafka-base/src/main/java
23:22:44.805 [main] INFO  f.i.s.r.p.s.paths.ComputeSourceDir - /root/workspace/apache-pinot-master-8503_repo/pinot-plugins/pinot-stream-ingestion/pinot-kinesis/src/main/java
23:22:44.805 [main] INFO  f.i.s.r.p.s.paths.ComputeSourceDir - /root/workspace/apache-pinot-master-8503_repo/pinot-plugins/pinot-stream-ingestion/pinot-pulsar/src/main/java
23:22:44.805 [main] INFO  f.i.s.r.p.s.paths.ComputeSourceDir - /root/workspace/apache-pinot-master-8503_repo/pinot-segment-local/src/main/java
23:22:44.805 [main] INFO  f.i.s.r.p.s.paths.ComputeSourceDir - /root/workspace/apache-pinot-master-8503_repo/pinot-segment-spi/src/main/java
23:22:44.805 [main] INFO  f.i.s.r.p.s.paths.ComputeSourceDir - /root/workspace/apache-pinot-master-8503_repo/pinot-server/src/main/java
23:22:44.805 [main] INFO  f.i.s.r.p.s.paths.ComputeSourceDir - /root/workspace/apache-pinot-master-8503_repo/pinot-spi/src/main/java
23:22:44.805 [main] INFO  f.i.s.r.p.s.paths.ComputeSourceDir - /root/workspace/apache-pinot-master-8503_repo/pinot-tools/src/main/java
23:22:44.867 [main] ERROR f.i.s.r.p.step.paths.ComputeTestDir - The test directory is not at default location or specified in build section from pom.xml, and no parent can be found.
23:22:44.877 [main] ERROR f.i.s.r.p.step.paths.ComputeTestDir - The test directory is not at default location or specified in build section from pom.xml, and no parent can be found.
23:22:44.929 [main] ERROR f.i.s.r.process.maven.MavenHelper - Error while building complete model. The raw model will be used. Error message: 1 problem was encountered while building the effective model for org.apache.pinot:pinot-s3:0.11.0-SNAPSHOT
[ERROR] Failed to determine Java version for profile disable-java8-doclint @ software.amazon.awssdk:aws-sdk-java-pom:2.14.28

23:22:44.952 [main] ERROR f.i.s.r.p.step.paths.ComputeTestDir - The test directory is not at default location or specified in build section from pom.xml, and no parent can be found.
23:22:44.971 [main] ERROR f.i.s.r.p.step.paths.ComputeTestDir - The test directory is not at default location or specified in build section from pom.xml, and no parent can be found.
23:22:45.003 [main] ERROR f.i.s.r.process.maven.MavenHelper - Error while building complete model. The raw model will be used. Error message: 1 problem was encountered while building the effective model for org.apache.pinot:pinot-kinesis:0.11.0-SNAPSHOT
[ERROR] Failed to determine Java version for profile disable-java8-doclint @ software.amazon.awssdk:aws-sdk-java-pom:2.14.28

23:22:45.025 [main] ERROR f.i.s.r.p.step.paths.ComputeTestDir - The test directory is not at default location or specified in build section from pom.xml, and no parent can be found.
23:22:45.028 [main] ERROR f.i.s.r.p.step.paths.ComputeTestDir - The test directory is not at default location or specified in build section from pom.xml, and no parent can be found.
23:22:45.028 [main] ERROR f.i.s.r.p.step.paths.ComputeTestDir - The test directory is not at default location or specified in build section from pom.xml, and no parent can be found.
23:22:45.043 [main] ERROR f.i.s.r.p.step.paths.ComputeTestDir - The test directory is not at default location or specified in build section from pom.xml, and no parent can be found.
23:22:45.043 [main] ERROR f.i.s.r.p.step.paths.ComputeTestDir - The test directory is not at default location or specified in build section from pom.xml, and no parent can be found.
23:22:45.057 [main] ERROR f.i.s.r.p.step.paths.ComputeTestDir - The test directory is not at default location or specified in build section from pom.xml, and no parent can be found.
23:22:45.067 [main] ERROR f.i.s.r.p.step.paths.ComputeTestDir - The test directory is not at default location or specified in build section from pom.xml, and no parent can be found.
23:22:45.084 [main] ERROR f.i.s.r.p.step.paths.ComputeTestDir - The test directory is not at default location or specified in build section from pom.xml, and no parent can be found.
23:22:45.087 [main] ERROR f.i.s.r.p.step.paths.ComputeTestDir - The test directory is not at default location or specified in build section from pom.xml, and no parent can be found.
23:22:45.088 [main] INFO  f.i.s.r.p.step.paths.ComputeTestDir - 40 test dirs were found:
23:22:45.088 [main] INFO  f.i.s.r.p.step.paths.ComputeTestDir - /root/workspace/apache-pinot-master-8503_repo/pinot-broker/src/test/java
23:22:45.088 [main] INFO  f.i.s.r.p.step.paths.ComputeTestDir - /root/workspace/apache-pinot-master-8503_repo/pinot-clients/pinot-java-client/src/test/java
23:22:45.088 [main] INFO  f.i.s.r.p.step.paths.ComputeTestDir - /root/workspace/apache-pinot-master-8503_repo/pinot-clients/pinot-jdbc-client/src/test/java
23:22:45.088 [main] INFO  f.i.s.r.p.step.paths.ComputeTestDir - /root/workspace/apache-pinot-master-8503_repo/pinot-common/src/test/java
23:22:45.088 [main] INFO  f.i.s.r.p.step.paths.ComputeTestDir - /root/workspace/apache-pinot-master-8503_repo/pinot-connectors/pinot-flink-connector/src/test/java
23:22:45.088 [main] INFO  f.i.s.r.p.step.paths.ComputeTestDir - /root/workspace/apache-pinot-master-8503_repo/pinot-connectors/pinot-spark-connector/src/test/scala
23:22:45.088 [main] INFO  f.i.s.r.p.step.paths.ComputeTestDir - /root/workspace/apache-pinot-master-8503_repo/pinot-controller/src/test/java
23:22:45.088 [main] INFO  f.i.s.r.p.step.paths.ComputeTestDir - /root/workspace/apache-pinot-master-8503_repo/pinot-core/src/test/java
23:22:45.088 [main] INFO  f.i.s.r.p.step.paths.ComputeTestDir - /root/workspace/apache-pinot-master-8503_repo/pinot-integration-test-base/src/test/java
23:22:45.088 [main] INFO  f.i.s.r.p.step.paths.ComputeTestDir - /root/workspace/apache-pinot-master-8503_repo/pinot-integration-tests/src/test/java
23:22:45.088 [main] INFO  f.i.s.r.p.step.paths.ComputeTestDir - /root/workspace/apache-pinot-master-8503_repo/pinot-minion/src/test/java
23:22:45.088 [main] INFO  f.i.s.r.p.step.paths.ComputeTestDir - /root/workspace/apache-pinot-master-8503_repo/pinot-plugins/pinot-batch-ingestion/pinot-batch-ingestion-common/src/test/java
23:22:45.088 [main] INFO  f.i.s.r.p.step.paths.ComputeTestDir - /root/workspace/apache-pinot-master-8503_repo/pinot-plugins/pinot-batch-ingestion/pinot-batch-ingestion-hadoop/src/test/java
23:22:45.088 [main] INFO  f.i.s.r.p.step.paths.ComputeTestDir - /root/workspace/apache-pinot-master-8503_repo/pinot-plugins/pinot-batch-ingestion/pinot-batch-ingestion-standalone/src/test/java
23:22:45.088 [main] INFO  f.i.s.r.p.step.paths.ComputeTestDir - /root/workspace/apache-pinot-master-8503_repo/pinot-plugins/pinot-batch-ingestion/v0_deprecated/pinot-hadoop/src/test/java
23:22:45.088 [main] INFO  f.i.s.r.p.step.paths.ComputeTestDir - /root/workspace/apache-pinot-master-8503_repo/pinot-plugins/pinot-batch-ingestion/v0_deprecated/pinot-spark/src/test/java
23:22:45.088 [main] INFO  f.i.s.r.p.step.paths.ComputeTestDir - /root/workspace/apache-pinot-master-8503_repo/pinot-plugins/pinot-environment/pinot-azure/src/test/java
23:22:45.088 [main] INFO  f.i.s.r.p.step.paths.ComputeTestDir - /root/workspace/apache-pinot-master-8503_repo/pinot-plugins/pinot-file-system/pinot-adls/src/test/java
23:22:45.088 [main] INFO  f.i.s.r.p.step.paths.ComputeTestDir - /root/workspace/apache-pinot-master-8503_repo/pinot-plugins/pinot-file-system/pinot-gcs/src/test/java
23:22:45.088 [main] INFO  f.i.s.r.p.step.paths.ComputeTestDir - /root/workspace/apache-pinot-master-8503_repo/pinot-plugins/pinot-file-system/pinot-hdfs/src/test/java
23:22:45.088 [main] INFO  f.i.s.r.p.step.paths.ComputeTestDir - /root/workspace/apache-pinot-master-8503_repo/pinot-plugins/pinot-file-system/pinot-s3/src/test/java
23:22:45.088 [main] INFO  f.i.s.r.p.step.paths.ComputeTestDir - /root/workspace/apache-pinot-master-8503_repo/pinot-plugins/pinot-input-format/pinot-avro-base/src/test/java
23:22:45.088 [main] INFO  f.i.s.r.p.step.paths.ComputeTestDir - /root/workspace/apache-pinot-master-8503_repo/pinot-plugins/pinot-input-format/pinot-csv/src/test/java
23:22:45.088 [main] INFO  f.i.s.r.p.step.paths.ComputeTestDir - /root/workspace/apache-pinot-master-8503_repo/pinot-plugins/pinot-input-format/pinot-json/src/test/java
23:22:45.088 [main] INFO  f.i.s.r.p.step.paths.ComputeTestDir - /root/workspace/apache-pinot-master-8503_repo/pinot-plugins/pinot-input-format/pinot-orc/src/test/java
23:22:45.088 [main] INFO  f.i.s.r.p.step.paths.ComputeTestDir - /root/workspace/apache-pinot-master-8503_repo/pinot-plugins/pinot-input-format/pinot-parquet/src/test/java
23:22:45.088 [main] INFO  f.i.s.r.p.step.paths.ComputeTestDir - /root/workspace/apache-pinot-master-8503_repo/pinot-plugins/pinot-input-format/pinot-protobuf/src/test/java
23:22:45.088 [main] INFO  f.i.s.r.p.step.paths.ComputeTestDir - /root/workspace/apache-pinot-master-8503_repo/pinot-plugins/pinot-input-format/pinot-thrift/src/test/java
23:22:45.088 [main] INFO  f.i.s.r.p.step.paths.ComputeTestDir - /root/workspace/apache-pinot-master-8503_repo/pinot-plugins/pinot-minion-tasks/pinot-minion-builtin-tasks/src/test/java
23:22:45.088 [main] INFO  f.i.s.r.p.step.paths.ComputeTestDir - /root/workspace/apache-pinot-master-8503_repo/pinot-plugins/pinot-segment-writer/pinot-segment-writer-file-based/src/test/java
23:22:45.088 [main] INFO  f.i.s.r.p.step.paths.ComputeTestDir - /root/workspace/apache-pinot-master-8503_repo/pinot-plugins/pinot-stream-ingestion/pinot-kafka-0.9/src/test/java
23:22:45.088 [main] INFO  f.i.s.r.p.step.paths.ComputeTestDir - /root/workspace/apache-pinot-master-8503_repo/pinot-plugins/pinot-stream-ingestion/pinot-kafka-2.0/src/test/java
23:22:45.088 [main] INFO  f.i.s.r.p.step.paths.ComputeTestDir - /root/workspace/apache-pinot-master-8503_repo/pinot-plugins/pinot-stream-ingestion/pinot-kafka-base/src/test/java
23:22:45.088 [main] INFO  f.i.s.r.p.step.paths.ComputeTestDir - /root/workspace/apache-pinot-master-8503_repo/pinot-plugins/pinot-stream-ingestion/pinot-kinesis/src/test/java
23:22:45.088 [main] INFO  f.i.s.r.p.step.paths.ComputeTestDir - /root/workspace/apache-pinot-master-8503_repo/pinot-plugins/pinot-stream-ingestion/pinot-pulsar/src/test/java
23:22:45.088 [main] INFO  f.i.s.r.p.step.paths.ComputeTestDir - /root/workspace/apache-pinot-master-8503_repo/pinot-segment-local/src/test/java
23:22:45.088 [main] INFO  f.i.s.r.p.step.paths.ComputeTestDir - /root/workspace/apache-pinot-master-8503_repo/pinot-segment-spi/src/test/java
23:22:45.088 [main] INFO  f.i.s.r.p.step.paths.ComputeTestDir - /root/workspace/apache-pinot-master-8503_repo/pinot-server/src/test/java
23:22:45.088 [main] INFO  f.i.s.r.p.step.paths.ComputeTestDir - /root/workspace/apache-pinot-master-8503_repo/pinot-spi/src/test/java
23:22:45.088 [main] INFO  f.i.s.r.p.step.paths.ComputeTestDir - /root/workspace/apache-pinot-master-8503_repo/pinot-tools/src/test/java
23:22:45.632 [main] INFO  f.i.s.r.p.s.g.GatherTestInformation - Get the following failing module path: /root/workspace/apache-pinot-master-8503_repo/pinot-plugins/pinot-input-format/pinot-json
23:22:45.633 [main] INFO  f.i.s.r.p.s.g.GatherTestInformation - Get the following failing module path: /root/workspace/apache-pinot-master-8503_repo/pinot-plugins/pinot-input-format/pinot-json
23:22:45.633 [main] INFO  f.i.s.r.p.s.g.GatherTestInformation - Get the following failing module path: /root/workspace/apache-pinot-master-8503_repo/pinot-plugins/pinot-input-format/pinot-json
23:22:45.634 [main] INFO  f.i.s.r.p.s.g.GatherTestInformation - ---Test results---
23:22:45.634 [main] INFO  f.i.s.r.p.s.g.GatherTestInformation -    Total tests: 526
23:22:45.634 [main] INFO  f.i.s.r.p.s.g.GatherTestInformation -    Tests run: 526
23:22:45.634 [main] INFO  f.i.s.r.p.s.g.GatherTestInformation -    Tests passing: 523
23:22:45.634 [main] INFO  f.i.s.r.p.s.g.GatherTestInformation -    Failures: 3
23:22:45.634 [main] INFO  f.i.s.r.p.s.g.GatherTestInformation -    Errors: 0
23:22:45.634 [main] INFO  f.i.s.r.p.s.g.GatherTestInformation -    Skipped: 0
[0] INFO Flacoco - Running Flacoco...
[12] INFO CoverageRunner - Tests found: 0
[12] INFO CoverageRunner - Tests executed: 0
23:22:46.167 [main] INFO  fr.inria.jtravis.JTravis - GitHub ratelimit: Limit: 5000 Remaining: 3118 Reset hour: 03:38:15
23:22:47.721 [main] WARN  f.i.s.r.p.s.p.PushFaultLocalizationSuggestionsOnGitHubRepository - Flacoco has found 0 suspicious lines, but none were matched to the diff
23:22:47.721 [main] INFO  f.i.s.r.p.s.f.FlacocoLocalization - 
23:22:51.392 [main] INFO  f.i.s.r.p.i.ProjectInspector - ----------------------------------------------------------------------
23:22:51.392 [main] INFO  f.i.s.r.p.i.ProjectInspector - PIPELINE EXECUTION SUMMARY
23:22:51.392 [main] INFO  f.i.s.r.p.i.ProjectInspector - ----------------------------------------------------------------------
23:22:51.392 [main] INFO  f.i.s.r.p.i.ProjectInspector - CloneCheckoutGitPullRequest..........................SUCCESS [  23 s ]
23:22:51.393 [main] INFO  f.i.s.r.p.i.ProjectInspector - BuildProject.........................................SUCCESS [ 428 s ]
23:22:51.393 [main] INFO  f.i.s.r.p.i.ProjectInspector - TestProject..........................................SUCCESS [  95 s ]
23:22:51.393 [main] INFO  f.i.s.r.p.i.ProjectInspector - ComputeClasspath.....................................SUCCESS [   5 s ]
23:22:51.393 [main] INFO  f.i.s.r.p.i.ProjectInspector - ComputeSourceDir.....................................SUCCESS [   0 s ]
23:22:51.393 [main] INFO  f.i.s.r.p.i.ProjectInspector - ComputeTestDir.......................................SUCCESS [   0 s ]
23:22:51.393 [main] INFO  f.i.s.r.p.i.ProjectInspector - GatherTestInformation................................SUCCESS [   0 s ]
23:22:51.393 [main] INFO  f.i.s.r.p.i.ProjectInspector - FlacocoLocalization..................................SUCCESS [   0 s ]
23:22:51.393 [main] INFO  f.i.s.r.p.i.ProjectInspector - PushFaultLocalizationSuggestionsOnGitHubRepository...SKIPPED          
23:22:51.393 [main] INFO  f.i.s.r.p.i.ProjectInspector - ----------------------------------------------------------------------
23:22:51.393 [main] INFO  f.i.s.r.p.i.ProjectInspector - PIPELINE FINDING: TEST FAILURE
23:22:51.393 [main] INFO  f.i.s.r.p.i.ProjectInspector - ----------------------------------------------------------------------
23:22:51.393 [main] INFO  f.i.s.r.p.github.GithubMainProcess - Inspector is finished. The process will exit now.
