Execute pipeline with following supplementary args: --smtpPort 25 --listenerMode NOOP --launcherMode FAULT_LOCALIZATION  --gitrepourl https://github.com/apache/pinot --gitrepopullrequest 8878
java -cp /usr/local/openjdk-11/lib/tools.jar:repairnator-pipeline.jar -Dlogback.configurationFile=/root/logback.xml fr.inria.spirals.repairnator.pipeline.Launcher -d --runId null -o /var/log --ghOauth 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 --faultLocalization --flacocoThreshold 0.0 --flacocoTopK null --flacocoResultsRepository flacocobot/2022-flacocobot-experiment --ghOauth  --smtpPort 25 --listenerMode NOOP --launcherMode FAULT_LOCALIZATION  --gitrepourl https://github.com/apache/pinot --gitrepopullrequest 8878

04:37:11.517 [main] INFO  f.i.s.r.p.g.GithubInitSerializerEngines - Initialize file serializer engines.
04:37:11.519 [main] INFO  f.i.s.r.p.g.GithubInitSerializerEngines - MongoDB won't be used for serialization.
04:37:11.519 [main] INFO  f.i.s.r.p.github.GithubInitNotifiers - The email notifier engine won't be used.
04:37:11.532 [main] INFO  f.i.s.r.p.i.ProjectInspector - ----------------------------------------------------------------------
04:37:11.532 [main] INFO  f.i.s.r.p.i.ProjectInspector - PIPELINE STEPS
04:37:11.532 [main] INFO  f.i.s.r.p.i.ProjectInspector - ----------------------------------------------------------------------
04:37:11.532 [main] INFO  f.i.s.r.p.i.ProjectInspector - CloneCheckoutGitPullRequest
04:37:11.532 [main] INFO  f.i.s.r.p.i.ProjectInspector - BuildProject
04:37:11.532 [main] INFO  f.i.s.r.p.i.ProjectInspector - TestProject
04:37:11.532 [main] INFO  f.i.s.r.p.i.ProjectInspector - ComputeClasspath
04:37:11.532 [main] INFO  f.i.s.r.p.i.ProjectInspector - ComputeSourceDir
04:37:11.532 [main] INFO  f.i.s.r.p.i.ProjectInspector - ComputeTestDir
04:37:11.532 [main] INFO  f.i.s.r.p.i.ProjectInspector - GatherTestInformation
04:37:11.532 [main] INFO  f.i.s.r.p.i.ProjectInspector - FlacocoLocalization
04:37:11.532 [main] INFO  f.i.s.r.p.i.ProjectInspector - PushFaultLocalizationSuggestionsOnGitHubRepository
04:37:11.532 [main] INFO  f.i.s.r.p.s.CloneCheckoutGitPullRequest - Cloning repository https://github.com/apache/pinot.git in the following directory: ./workspace/apache-pinot-master-8878_repo
04:37:57.154 [Thread-5] ERROR f.i.s.r.p.m.output.MavenErrorHandler - Warning: Lookahead adequacy checking not being performed since option LOOKAHEAD is more than 1.  Set option FORCE_LA_CHECK to true to force checking.
04:45:49.677 [Thread-7] ERROR f.i.s.r.p.m.o.MavenFilterOutputHandler - [ERROR] WARNING: An illegal reflective access operation has occurred
04:45:49.677 [Thread-7] ERROR f.i.s.r.p.m.o.MavenFilterOutputHandler - [ERROR] WARNING: Illegal reflective access by org.codehaus.groovy.vmplugin.v7.Java7$1 (file:/root/workspace/apache-pinot-master-8878_repo/.m2/org/codehaus/groovy/groovy-all/2.4.21/groovy-all-2.4.21.jar) to constructor java.lang.invoke.MethodHandles$Lookup(java.lang.Class,int)
04:45:49.677 [Thread-7] ERROR f.i.s.r.p.m.o.MavenFilterOutputHandler - [ERROR] WARNING: Please consider reporting this to the maintainers of org.codehaus.groovy.vmplugin.v7.Java7$1
04:45:49.677 [Thread-7] ERROR f.i.s.r.p.m.o.MavenFilterOutputHandler - [ERROR] WARNING: Use --illegal-access=warn to enable warnings of further illegal reflective access operations
04:45:49.678 [Thread-7] ERROR f.i.s.r.p.m.o.MavenFilterOutputHandler - [ERROR] WARNING: All illegal access operations will be denied in a future release
04:45:58.343 [Thread-7] ERROR f.i.s.r.p.m.o.MavenFilterOutputHandler - [ERROR] WARNING: An illegal reflective access operation has occurred
04:45:58.343 [Thread-7] ERROR f.i.s.r.p.m.o.MavenFilterOutputHandler - [ERROR] WARNING: Illegal reflective access by xerial.larray.buffer.UnsafeUtil (file:/root/workspace/apache-pinot-master-8878_repo/.m2/org/xerial/larray/larray-buffer/0.4.1/larray-buffer-0.4.1.jar) to constructor java.nio.DirectByteBuffer(long,int,java.lang.Object)
04:45:58.343 [Thread-7] ERROR f.i.s.r.p.m.o.MavenFilterOutputHandler - [ERROR] WARNING: Please consider reporting this to the maintainers of xerial.larray.buffer.UnsafeUtil
04:45:58.343 [Thread-7] ERROR f.i.s.r.p.m.o.MavenFilterOutputHandler - [ERROR] WARNING: Use --illegal-access=warn to enable warnings of further illegal reflective access operations
04:45:58.343 [Thread-7] ERROR f.i.s.r.p.m.o.MavenFilterOutputHandler - [ERROR] WARNING: All illegal access operations will be denied in a future release
04:46:20.953 [Thread-8] ERROR f.i.s.r.p.m.output.MavenErrorHandler - java.lang.NullPointerException
04:46:20.953 [Thread-8] ERROR f.i.s.r.p.m.output.MavenErrorHandler - 	at org.testng.reporters.JUnitXMLReporter.generateReport(JUnitXMLReporter.java:152)
04:46:20.953 [Thread-8] ERROR f.i.s.r.p.m.output.MavenErrorHandler - 	at org.testng.reporters.JUnitXMLReporter.onFinish(JUnitXMLReporter.java:112)
04:46:20.953 [Thread-8] ERROR f.i.s.r.p.m.output.MavenErrorHandler - 	at org.testng.TestRunner.fireEvent(TestRunner.java:1187)
04:46:20.953 [Thread-8] ERROR f.i.s.r.p.m.output.MavenErrorHandler - 	at org.testng.TestRunner.afterRun(TestRunner.java:976)
04:46:20.953 [Thread-8] ERROR f.i.s.r.p.m.output.MavenErrorHandler - 	at org.testng.TestRunner.run(TestRunner.java:606)
04:46:20.953 [Thread-8] ERROR f.i.s.r.p.m.output.MavenErrorHandler - 	at org.testng.SuiteRunner.runTest(SuiteRunner.java:380)
04:46:20.953 [Thread-8] ERROR f.i.s.r.p.m.output.MavenErrorHandler - 	at org.testng.SuiteRunner.runSequentially(SuiteRunner.java:375)
04:46:20.953 [Thread-8] ERROR f.i.s.r.p.m.output.MavenErrorHandler - 	at org.testng.SuiteRunner.privateRun(SuiteRunner.java:340)
04:46:20.953 [Thread-8] ERROR f.i.s.r.p.m.output.MavenErrorHandler - 	at org.testng.SuiteRunner.run(SuiteRunner.java:289)
04:46:20.953 [Thread-8] ERROR f.i.s.r.p.m.output.MavenErrorHandler - 	at org.testng.SuiteRunnerWorker.runSuite(SuiteRunnerWorker.java:52)
04:46:20.953 [Thread-8] ERROR f.i.s.r.p.m.output.MavenErrorHandler - 	at org.testng.SuiteRunnerWorker.run(SuiteRunnerWorker.java:86)
04:46:20.953 [Thread-8] ERROR f.i.s.r.p.m.output.MavenErrorHandler - 	at org.testng.TestNG.runSuitesSequentially(TestNG.java:1301)
04:46:20.953 [Thread-8] ERROR f.i.s.r.p.m.output.MavenErrorHandler - 	at org.testng.TestNG.runSuitesLocally(TestNG.java:1226)
04:46:20.953 [Thread-8] ERROR f.i.s.r.p.m.output.MavenErrorHandler - 	at org.testng.TestNG.runSuites(TestNG.java:1144)
04:46:20.953 [Thread-8] ERROR f.i.s.r.p.m.output.MavenErrorHandler - 	at org.testng.TestNG.run(TestNG.java:1115)
04:46:20.953 [Thread-8] ERROR f.i.s.r.p.m.output.MavenErrorHandler - 	at org.apache.maven.surefire.testng.TestNGExecutor.run(TestNGExecutor.java:136)
04:46:20.953 [Thread-8] ERROR f.i.s.r.p.m.output.MavenErrorHandler - 	at org.apache.maven.surefire.testng.TestNGDirectoryTestSuite.executeSingleClass(TestNGDirectoryTestSuite.java:112)
04:46:20.953 [Thread-8] ERROR f.i.s.r.p.m.output.MavenErrorHandler - 	at org.apache.maven.surefire.testng.TestNGDirectoryTestSuite.execute(TestNGDirectoryTestSuite.java:99)
04:46:20.953 [Thread-8] ERROR f.i.s.r.p.m.output.MavenErrorHandler - 	at org.apache.maven.surefire.testng.TestNGProvider.invoke(TestNGProvider.java:145)
04:46:20.953 [Thread-8] ERROR f.i.s.r.p.m.output.MavenErrorHandler - 	at org.apache.maven.surefire.booter.ForkedBooter.runSuitesInProcess(ForkedBooter.java:428)
04:46:20.954 [Thread-8] ERROR f.i.s.r.p.m.output.MavenErrorHandler - 	at org.apache.maven.surefire.booter.ForkedBooter.execute(ForkedBooter.java:162)
04:46:20.954 [Thread-8] ERROR f.i.s.r.p.m.output.MavenErrorHandler - 	at org.apache.maven.surefire.booter.ForkedBooter.run(ForkedBooter.java:562)
04:46:20.954 [Thread-8] ERROR f.i.s.r.p.m.output.MavenErrorHandler - 	at org.apache.maven.surefire.booter.ForkedBooter.main(ForkedBooter.java:548)
04:46:20.954 [Thread-8] ERROR f.i.s.r.p.m.output.MavenErrorHandler - [TestNG] Reporter org.testng.reporters.JUnitReportReporter@5d39f2d8 failed
04:46:20.954 [Thread-8] ERROR f.i.s.r.p.m.output.MavenErrorHandler - java.lang.NullPointerException
04:46:20.954 [Thread-8] ERROR f.i.s.r.p.m.output.MavenErrorHandler - 	at org.testng.reporters.JUnitReportReporter.generateReport(JUnitReportReporter.java:146)
04:46:20.954 [Thread-8] ERROR f.i.s.r.p.m.output.MavenErrorHandler - 	at org.testng.TestNG.generateReports(TestNG.java:1192)
04:46:20.954 [Thread-8] ERROR f.i.s.r.p.m.output.MavenErrorHandler - 	at org.testng.TestNG.run(TestNG.java:1120)
04:46:20.954 [Thread-8] ERROR f.i.s.r.p.m.output.MavenErrorHandler - 	at org.apache.maven.surefire.testng.TestNGExecutor.run(TestNGExecutor.java:136)
04:46:20.954 [Thread-8] ERROR f.i.s.r.p.m.output.MavenErrorHandler - 	at org.apache.maven.surefire.testng.TestNGDirectoryTestSuite.executeSingleClass(TestNGDirectoryTestSuite.java:112)
04:46:20.954 [Thread-8] ERROR f.i.s.r.p.m.output.MavenErrorHandler - 	at org.apache.maven.surefire.testng.TestNGDirectoryTestSuite.execute(TestNGDirectoryTestSuite.java:99)
04:46:20.954 [Thread-8] ERROR f.i.s.r.p.m.output.MavenErrorHandler - 	at org.apache.maven.surefire.testng.TestNGProvider.invoke(TestNGProvider.java:145)
04:46:20.954 [Thread-8] ERROR f.i.s.r.p.m.output.MavenErrorHandler - 	at org.apache.maven.surefire.booter.ForkedBooter.runSuitesInProcess(ForkedBooter.java:428)
04:46:20.954 [Thread-8] ERROR f.i.s.r.p.m.output.MavenErrorHandler - 	at org.apache.maven.surefire.booter.ForkedBooter.execute(ForkedBooter.java:162)
04:46:20.954 [Thread-8] ERROR f.i.s.r.p.m.output.MavenErrorHandler - 	at org.apache.maven.surefire.booter.ForkedBooter.run(ForkedBooter.java:562)
04:46:20.954 [Thread-8] ERROR f.i.s.r.p.m.output.MavenErrorHandler - 	at org.apache.maven.surefire.booter.ForkedBooter.main(ForkedBooter.java:548)
04:47:35.063 [Thread-7] ERROR f.i.s.r.p.m.o.MavenFilterOutputHandler - [ERROR] WARNING: An illegal reflective access operation has occurred
04:47:35.063 [Thread-7] ERROR f.i.s.r.p.m.o.MavenFilterOutputHandler - [ERROR] WARNING: Illegal reflective access by org.codehaus.groovy.vmplugin.v7.Java7$1 (file:/root/workspace/apache-pinot-master-8878_repo/.m2/org/codehaus/groovy/groovy-all/2.4.21/groovy-all-2.4.21.jar) to constructor java.lang.invoke.MethodHandles$Lookup(java.lang.Class,int)
04:47:35.063 [Thread-7] ERROR f.i.s.r.p.m.o.MavenFilterOutputHandler - [ERROR] WARNING: Please consider reporting this to the maintainers of org.codehaus.groovy.vmplugin.v7.Java7$1
04:47:35.063 [Thread-7] ERROR f.i.s.r.p.m.o.MavenFilterOutputHandler - [ERROR] WARNING: Use --illegal-access=warn to enable warnings of further illegal reflective access operations
04:47:35.063 [Thread-7] ERROR f.i.s.r.p.m.o.MavenFilterOutputHandler - [ERROR] WARNING: All illegal access operations will be denied in a future release
04:47:49.037 [Thread-7] ERROR f.i.s.r.p.m.o.MavenFilterOutputHandler - [ERROR] WARNING: An illegal reflective access operation has occurred
04:47:49.037 [Thread-7] ERROR f.i.s.r.p.m.o.MavenFilterOutputHandler - [ERROR] WARNING: Illegal reflective access by org.codehaus.groovy.vmplugin.v7.Java7$1 (file:/root/workspace/apache-pinot-master-8878_repo/.m2/org/codehaus/groovy/groovy-all/2.4.21/groovy-all-2.4.21.jar) to constructor java.lang.invoke.MethodHandles$Lookup(java.lang.Class,int)
04:47:49.037 [Thread-7] ERROR f.i.s.r.p.m.o.MavenFilterOutputHandler - [ERROR] WARNING: Please consider reporting this to the maintainers of org.codehaus.groovy.vmplugin.v7.Java7$1
04:47:49.037 [Thread-7] ERROR f.i.s.r.p.m.o.MavenFilterOutputHandler - [ERROR] WARNING: Use --illegal-access=warn to enable warnings of further illegal reflective access operations
04:47:49.037 [Thread-7] ERROR f.i.s.r.p.m.o.MavenFilterOutputHandler - [ERROR] WARNING: All illegal access operations will be denied in a future release
04:47:52.581 [Thread-7] ERROR f.i.s.r.p.m.o.MavenFilterOutputHandler - [ERROR] WARNING: An illegal reflective access operation has occurred
04:47:52.581 [Thread-7] ERROR f.i.s.r.p.m.o.MavenFilterOutputHandler - [ERROR] WARNING: Illegal reflective access by org.codehaus.groovy.vmplugin.v7.Java7$1 (file:/root/workspace/apache-pinot-master-8878_repo/.m2/org/codehaus/groovy/groovy-all/2.4.21/groovy-all-2.4.21.jar) to constructor java.lang.invoke.MethodHandles$Lookup(java.lang.Class,int)
04:47:52.581 [Thread-7] ERROR f.i.s.r.p.m.o.MavenFilterOutputHandler - [ERROR] WARNING: Please consider reporting this to the maintainers of org.codehaus.groovy.vmplugin.v7.Java7$1
04:47:52.581 [Thread-7] ERROR f.i.s.r.p.m.o.MavenFilterOutputHandler - [ERROR] WARNING: Use --illegal-access=warn to enable warnings of further illegal reflective access operations
04:47:52.581 [Thread-7] ERROR f.i.s.r.p.m.o.MavenFilterOutputHandler - [ERROR] WARNING: All illegal access operations will be denied in a future release
04:47:54.678 [Thread-7] ERROR f.i.s.r.p.m.o.MavenFilterOutputHandler - [ERROR] WARNING: An illegal reflective access operation has occurred
04:47:54.678 [Thread-7] ERROR f.i.s.r.p.m.o.MavenFilterOutputHandler - [ERROR] WARNING: Illegal reflective access by org.codehaus.groovy.vmplugin.v7.Java7$1 (file:/root/workspace/apache-pinot-master-8878_repo/.m2/org/codehaus/groovy/groovy-all/2.4.21/groovy-all-2.4.21.jar) to constructor java.lang.invoke.MethodHandles$Lookup(java.lang.Class,int)
04:47:54.678 [Thread-7] ERROR f.i.s.r.p.m.o.MavenFilterOutputHandler - [ERROR] WARNING: Please consider reporting this to the maintainers of org.codehaus.groovy.vmplugin.v7.Java7$1
04:47:54.678 [Thread-7] ERROR f.i.s.r.p.m.o.MavenFilterOutputHandler - [ERROR] WARNING: Use --illegal-access=warn to enable warnings of further illegal reflective access operations
04:47:54.678 [Thread-7] ERROR f.i.s.r.p.m.o.MavenFilterOutputHandler - [ERROR] WARNING: All illegal access operations will be denied in a future release
04:48:47.708 [Thread-7] ERROR f.i.s.r.p.m.o.MavenFilterOutputHandler - [ERROR] Tests run: 1, Failures: 1, Errors: 0, Skipped: 0, Time elapsed: 1.286 s <<< FAILURE! - in org.apache.pinot.segment.local.segment.creator.BitmapInvertedIndexTest
04:48:47.709 [Thread-7] ERROR f.i.s.r.p.m.o.MavenFilterOutputHandler - [ERROR] org.apache.pinot.segment.local.segment.creator.BitmapInvertedIndexTest.testBitmapInvertedIndex  Time elapsed: 0.114 s  <<< FAILURE!
04:48:59.066 [Thread-7] ERROR f.i.s.r.p.m.o.MavenFilterOutputHandler - [ERROR] WARNING: An illegal reflective access operation has occurred
04:48:59.066 [Thread-7] ERROR f.i.s.r.p.m.o.MavenFilterOutputHandler - [ERROR] WARNING: Illegal reflective access by org.codehaus.groovy.vmplugin.v7.Java7$1 (file:/root/workspace/apache-pinot-master-8878_repo/.m2/org/codehaus/groovy/groovy-all/2.4.21/groovy-all-2.4.21.jar) to constructor java.lang.invoke.MethodHandles$Lookup(java.lang.Class,int)
04:48:59.066 [Thread-7] ERROR f.i.s.r.p.m.o.MavenFilterOutputHandler - [ERROR] WARNING: Please consider reporting this to the maintainers of org.codehaus.groovy.vmplugin.v7.Java7$1
04:48:59.066 [Thread-7] ERROR f.i.s.r.p.m.o.MavenFilterOutputHandler - [ERROR] WARNING: Use --illegal-access=warn to enable warnings of further illegal reflective access operations
04:48:59.066 [Thread-7] ERROR f.i.s.r.p.m.o.MavenFilterOutputHandler - [ERROR] WARNING: All illegal access operations will be denied in a future release
04:49:12.147 [Thread-7] ERROR f.i.s.r.p.m.o.MavenFilterOutputHandler - [ERROR] Tests run: 4, Failures: 1, Errors: 0, Skipped: 0, Time elapsed: 1.239 s <<< FAILURE! - in org.apache.pinot.segment.local.segment.index.creator.SegmentGenerationWithBytesTypeTest
04:49:12.147 [Thread-7] ERROR f.i.s.r.p.m.o.MavenFilterOutputHandler - [ERROR] org.apache.pinot.segment.local.segment.index.creator.SegmentGenerationWithBytesTypeTest.test  Time elapsed: 0.031 s
04:49:12.148 [Thread-7] ERROR f.i.s.r.p.m.o.MavenFilterOutputHandler - [ERROR] org.apache.pinot.segment.local.segment.index.creator.SegmentGenerationWithBytesTypeTest.testDictionary  Time elapsed: 0.003 s  <<< FAILURE!
04:49:12.149 [Thread-7] ERROR f.i.s.r.p.m.o.MavenFilterOutputHandler - [ERROR] org.apache.pinot.segment.local.segment.index.creator.SegmentGenerationWithBytesTypeTest.testMetadata  Time elapsed: 0 s
04:49:12.149 [Thread-7] ERROR f.i.s.r.p.m.o.MavenFilterOutputHandler - [ERROR] org.apache.pinot.segment.local.segment.index.creator.SegmentGenerationWithBytesTypeTest.testTDigestAvro  Time elapsed: 0.287 s
04:49:39.925 [Thread-7] ERROR f.i.s.r.p.m.o.MavenFilterOutputHandler - [ERROR] WARNING: An illegal reflective access operation has occurred
04:49:39.925 [Thread-7] ERROR f.i.s.r.p.m.o.MavenFilterOutputHandler - [ERROR] WARNING: Illegal reflective access by xerial.larray.mmap.MMapBuffer (file:/root/workspace/apache-pinot-master-8878_repo/.m2/org/xerial/larray/larray-mmap/0.4.1/larray-mmap-0.4.1.jar) to field java.io.FileDescriptor.fd
04:49:39.925 [Thread-7] ERROR f.i.s.r.p.m.o.MavenFilterOutputHandler - [ERROR] WARNING: Please consider reporting this to the maintainers of xerial.larray.mmap.MMapBuffer
04:49:39.925 [Thread-7] ERROR f.i.s.r.p.m.o.MavenFilterOutputHandler - [ERROR] WARNING: Use --illegal-access=warn to enable warnings of further illegal reflective access operations
04:49:39.925 [Thread-7] ERROR f.i.s.r.p.m.o.MavenFilterOutputHandler - [ERROR] WARNING: All illegal access operations will be denied in a future release
04:49:50.951 [Thread-7] ERROR f.i.s.r.p.m.o.MavenFilterOutputHandler - [ERROR] Tests run: 1, Failures: 1, Errors: 0, Skipped: 0, Time elapsed: 0.181 s <<< FAILURE! - in org.apache.pinot.segment.local.segment.index.H3IndexTest
04:49:50.952 [Thread-7] ERROR f.i.s.r.p.m.o.MavenFilterOutputHandler - [ERROR] org.apache.pinot.segment.local.segment.index.H3IndexTest.testH3Index  Time elapsed: 0.048 s  <<< FAILURE!
04:50:04.287 [Thread-7] ERROR f.i.s.r.p.m.o.MavenFilterOutputHandler - [ERROR] Tests run: 9, Failures: 1, Errors: 0, Skipped: 0, Time elapsed: 10.46 s <<< FAILURE! - in org.apache.pinot.segment.local.segment.index.loader.LoaderTest
04:50:04.288 [Thread-7] ERROR f.i.s.r.p.m.o.MavenFilterOutputHandler - [ERROR] org.apache.pinot.segment.local.segment.index.loader.LoaderTest.testBuiltInVirtualColumns  Time elapsed: 1.454 s
04:50:04.288 [Thread-7] ERROR f.i.s.r.p.m.o.MavenFilterOutputHandler - [ERROR] org.apache.pinot.segment.local.segment.index.loader.LoaderTest.testDefaultBytesColumn  Time elapsed: 0.905 s
04:50:04.288 [Thread-7] ERROR f.i.s.r.p.m.o.MavenFilterOutputHandler - [ERROR] org.apache.pinot.segment.local.segment.index.loader.LoaderTest.testDefaultEmptyValueStringColumn  Time elapsed: 0.884 s
04:50:04.288 [Thread-7] ERROR f.i.s.r.p.m.o.MavenFilterOutputHandler - [ERROR] org.apache.pinot.segment.local.segment.index.loader.LoaderTest.testFSTIndexLoad  Time elapsed: 1.682 s
04:50:04.288 [Thread-7] ERROR f.i.s.r.p.m.o.MavenFilterOutputHandler - [ERROR] org.apache.pinot.segment.local.segment.index.loader.LoaderTest.testIfNeedConvertSegmentFormat  Time elapsed: 0.818 s
04:50:04.288 [Thread-7] ERROR f.i.s.r.p.m.o.MavenFilterOutputHandler - [ERROR] org.apache.pinot.segment.local.segment.index.loader.LoaderTest.testLoad  Time elapsed: 0.846 s
04:50:04.288 [Thread-7] ERROR f.i.s.r.p.m.o.MavenFilterOutputHandler - [ERROR] org.apache.pinot.segment.local.segment.index.loader.LoaderTest.testLoadWithStaleConversionDir  Time elapsed: 0.839 s
04:50:04.288 [Thread-7] ERROR f.i.s.r.p.m.o.MavenFilterOutputHandler - [ERROR] org.apache.pinot.segment.local.segment.index.loader.LoaderTest.testPadding  Time elapsed: 0.028 s  <<< FAILURE!
04:50:04.288 [Thread-7] ERROR f.i.s.r.p.m.o.MavenFilterOutputHandler - [ERROR] org.apache.pinot.segment.local.segment.index.loader.LoaderTest.testTextIndexLoad  Time elapsed: 2.504 s
04:50:38.725 [Thread-7] ERROR f.i.s.r.p.m.o.MavenFilterOutputHandler - [ERROR] Tests run: 18, Failures: 4, Errors: 0, Skipped: 0, Time elapsed: 34.046 s <<< FAILURE! - in org.apache.pinot.segment.local.segment.index.loader.SegmentPreProcessorTest
04:50:38.725 [Thread-7] ERROR f.i.s.r.p.m.o.MavenFilterOutputHandler - [ERROR] org.apache.pinot.segment.local.segment.index.loader.SegmentPreProcessorTest.testColumnMinMaxValue  Time elapsed: 1.42 s
04:50:38.725 [Thread-7] ERROR f.i.s.r.p.m.o.MavenFilterOutputHandler - [ERROR] org.apache.pinot.segment.local.segment.index.loader.SegmentPreProcessorTest.testEnableFSTIndexOnExistingColumnDictEncoded  Time elapsed: 1.781 s
04:50:38.725 [Thread-7] ERROR f.i.s.r.p.m.o.MavenFilterOutputHandler - [ERROR] org.apache.pinot.segment.local.segment.index.loader.SegmentPreProcessorTest.testEnableFSTIndexOnExistingColumnRaw  Time elapsed: 1.721 s
04:50:38.725 [Thread-7] ERROR f.i.s.r.p.m.o.MavenFilterOutputHandler - [ERROR] org.apache.pinot.segment.local.segment.index.loader.SegmentPreProcessorTest.testEnableFSTIndexOnNewColumnDictEncoded  Time elapsed: 1.728 s
04:50:38.725 [Thread-7] ERROR f.i.s.r.p.m.o.MavenFilterOutputHandler - [ERROR] org.apache.pinot.segment.local.segment.index.loader.SegmentPreProcessorTest.testEnableTextIndexOnExistingDictEncodedColumn  Time elapsed: 3.02 s
04:50:38.726 [Thread-7] ERROR f.i.s.r.p.m.o.MavenFilterOutputHandler - [ERROR] org.apache.pinot.segment.local.segment.index.loader.SegmentPreProcessorTest.testEnableTextIndexOnExistingRawColumn  Time elapsed: 1.835 s
04:50:38.726 [Thread-7] ERROR f.i.s.r.p.m.o.MavenFilterOutputHandler - [ERROR] org.apache.pinot.segment.local.segment.index.loader.SegmentPreProcessorTest.testEnableTextIndexOnNewColumnDictEncoded  Time elapsed: 2.137 s
04:50:38.726 [Thread-7] ERROR f.i.s.r.p.m.o.MavenFilterOutputHandler - [ERROR] org.apache.pinot.segment.local.segment.index.loader.SegmentPreProcessorTest.testEnableTextIndexOnNewColumnRaw  Time elapsed: 2.351 s
04:50:38.726 [Thread-7] ERROR f.i.s.r.p.m.o.MavenFilterOutputHandler - [ERROR] org.apache.pinot.segment.local.segment.index.loader.SegmentPreProcessorTest.testV1CleanupH3AndTextIndices  Time elapsed: 0.99 s  <<< FAILURE!
04:50:38.727 [Thread-7] ERROR f.i.s.r.p.m.o.MavenFilterOutputHandler - [ERROR] org.apache.pinot.segment.local.segment.index.loader.SegmentPreProcessorTest.testV1CleanupIndices  Time elapsed: 0.936 s
04:50:38.727 [Thread-7] ERROR f.i.s.r.p.m.o.MavenFilterOutputHandler - [ERROR] org.apache.pinot.segment.local.segment.index.loader.SegmentPreProcessorTest.testV1CreateInvertedIndices  Time elapsed: 4.775 s
04:50:38.728 [Thread-7] ERROR f.i.s.r.p.m.o.MavenFilterOutputHandler - [ERROR] org.apache.pinot.segment.local.segment.index.loader.SegmentPreProcessorTest.testV1IfNeedProcess  Time elapsed: 0.909 s  <<< FAILURE!
04:50:38.729 [Thread-7] ERROR f.i.s.r.p.m.o.MavenFilterOutputHandler - [ERROR] org.apache.pinot.segment.local.segment.index.loader.SegmentPreProcessorTest.testV1UpdateDefaultColumns  Time elapsed: 1.182 s
04:50:38.730 [Thread-7] ERROR f.i.s.r.p.m.o.MavenFilterOutputHandler - [ERROR] org.apache.pinot.segment.local.segment.index.loader.SegmentPreProcessorTest.testV3CleanupH3AndTextIndices  Time elapsed: 0.904 s  <<< FAILURE!
04:50:38.731 [Thread-7] ERROR f.i.s.r.p.m.o.MavenFilterOutputHandler - [ERROR] org.apache.pinot.segment.local.segment.index.loader.SegmentPreProcessorTest.testV3CleanupIndices  Time elapsed: 0.925 s
04:50:38.731 [Thread-7] ERROR f.i.s.r.p.m.o.MavenFilterOutputHandler - [ERROR] org.apache.pinot.segment.local.segment.index.loader.SegmentPreProcessorTest.testV3CreateInvertedIndices  Time elapsed: 4.821 s
04:50:38.733 [Thread-7] ERROR f.i.s.r.p.m.o.MavenFilterOutputHandler - [ERROR] org.apache.pinot.segment.local.segment.index.loader.SegmentPreProcessorTest.testV3IfNeedProcess  Time elapsed: 0.965 s  <<< FAILURE!
04:50:38.733 [Thread-7] ERROR f.i.s.r.p.m.o.MavenFilterOutputHandler - [ERROR] org.apache.pinot.segment.local.segment.index.loader.SegmentPreProcessorTest.testV3UpdateDefaultColumns  Time elapsed: 0.966 s
04:50:48.345 [Thread-7] ERROR f.i.s.r.p.m.o.MavenFilterOutputHandler - [ERROR] Tests run: 12, Failures: 2, Errors: 0, Skipped: 0, Time elapsed: 0.607 s <<< FAILURE! - in org.apache.pinot.segment.local.segment.index.readers.ImmutableDictionaryTest
04:50:48.345 [Thread-7] ERROR f.i.s.r.p.m.o.MavenFilterOutputHandler - [ERROR] org.apache.pinot.segment.local.segment.index.readers.ImmutableDictionaryTest.testBigDecimalDictionary  Time elapsed: 0.024 s
04:50:48.346 [Thread-7] ERROR f.i.s.r.p.m.o.MavenFilterOutputHandler - [ERROR] org.apache.pinot.segment.local.segment.index.readers.ImmutableDictionaryTest.testBytesDictionary  Time elapsed: 0.005 s  <<< FAILURE!
04:50:48.346 [Thread-7] ERROR f.i.s.r.p.m.o.MavenFilterOutputHandler - [ERROR] org.apache.pinot.segment.local.segment.index.readers.ImmutableDictionaryTest.testDoubleDictionary  Time elapsed: 0.007 s
04:50:48.346 [Thread-7] ERROR f.i.s.r.p.m.o.MavenFilterOutputHandler - [ERROR] org.apache.pinot.segment.local.segment.index.readers.ImmutableDictionaryTest.testFloatDictionary  Time elapsed: 0.007 s
04:50:48.346 [Thread-7] ERROR f.i.s.r.p.m.o.MavenFilterOutputHandler - [ERROR] org.apache.pinot.segment.local.segment.index.readers.ImmutableDictionaryTest.testIntDictionary  Time elapsed: 0.004 s
04:50:48.346 [Thread-7] ERROR f.i.s.r.p.m.o.MavenFilterOutputHandler - [ERROR] org.apache.pinot.segment.local.segment.index.readers.ImmutableDictionaryTest.testLongDictionary  Time elapsed: 0.005 s
04:50:48.346 [Thread-7] ERROR f.i.s.r.p.m.o.MavenFilterOutputHandler - [ERROR] org.apache.pinot.segment.local.segment.index.readers.ImmutableDictionaryTest.testOnHeapDoubleDictionary  Time elapsed: 0.004 s
04:50:48.346 [Thread-7] ERROR f.i.s.r.p.m.o.MavenFilterOutputHandler - [ERROR] org.apache.pinot.segment.local.segment.index.readers.ImmutableDictionaryTest.testOnHeapFloatDictionary  Time elapsed: 0.004 s
04:50:48.348 [Thread-7] ERROR f.i.s.r.p.m.o.MavenFilterOutputHandler - [ERROR] org.apache.pinot.segment.local.segment.index.readers.ImmutableDictionaryTest.testOnHeapIntDictionary  Time elapsed: 0.002 s
04:50:48.348 [Thread-7] ERROR f.i.s.r.p.m.o.MavenFilterOutputHandler - [ERROR] org.apache.pinot.segment.local.segment.index.readers.ImmutableDictionaryTest.testOnHeapLongDictionary  Time elapsed: 0.002 s
04:50:48.348 [Thread-7] ERROR f.i.s.r.p.m.o.MavenFilterOutputHandler - [ERROR] org.apache.pinot.segment.local.segment.index.readers.ImmutableDictionaryTest.testOnHeapStringDictionary  Time elapsed: 0.006 s
04:50:48.348 [Thread-7] ERROR f.i.s.r.p.m.o.MavenFilterOutputHandler - [ERROR] org.apache.pinot.segment.local.segment.index.readers.ImmutableDictionaryTest.testStringDictionary  Time elapsed: 0.001 s  <<< FAILURE!
04:51:29.921 [Thread-7] ERROR f.i.s.r.p.m.o.MavenFilterOutputHandler - [ERROR] Failures: 
04:51:29.921 [Thread-7] ERROR f.i.s.r.p.m.o.MavenFilterOutputHandler - [ERROR]   BitmapInvertedIndexTest.testBitmapInvertedIndex:85->testBitmapInvertedIndex:126 expected [false] but found [true]
04:51:29.921 [Thread-7] ERROR f.i.s.r.p.m.o.MavenFilterOutputHandler - [ERROR]   H3IndexTest.testH3Index:84 » UnsatisfiedLink /tmp/libh3-java146106534086758315...
04:51:29.921 [Thread-7] ERROR f.i.s.r.p.m.o.MavenFilterOutputHandler - [ERROR]   SegmentGenerationWithBytesTypeTest.testDictionary:171 expected [0] but found [-1]
04:51:29.921 [Thread-7] ERROR f.i.s.r.p.m.o.MavenFilterOutputHandler - [ERROR]   LoaderTest.testPadding:240 expected [1] but found [-1]
04:51:29.921 [Thread-7] ERROR f.i.s.r.p.m.o.MavenFilterOutputHandler - [ERROR]   SegmentPreProcessorTest.testV1CleanupH3AndTextIndices:1034 » UnsatisfiedLink /...
04:51:29.921 [Thread-7] ERROR f.i.s.r.p.m.o.MavenFilterOutputHandler - [ERROR]   SegmentPreProcessorTest.testV1IfNeedProcess:1115->testIfNeedProcess:1177 » NoClassDefFound
04:51:29.922 [Thread-7] ERROR f.i.s.r.p.m.o.MavenFilterOutputHandler - [ERROR]   SegmentPreProcessorTest.testV3CleanupH3AndTextIndices:1085 » NoClassDefFound C...
04:51:29.922 [Thread-7] ERROR f.i.s.r.p.m.o.MavenFilterOutputHandler - [ERROR]   SegmentPreProcessorTest.testV3IfNeedProcess:1125->testIfNeedProcess:1177 » NoClassDefFound
04:51:29.922 [Thread-7] ERROR f.i.s.r.p.m.o.MavenFilterOutputHandler - [ERROR]   ImmutableDictionaryTest.testBytesDictionary:393->testBytesDictionary:403 expected [0] but found [-1]
04:51:29.922 [Thread-7] ERROR f.i.s.r.p.m.o.MavenFilterOutputHandler - [ERROR]   ImmutableDictionaryTest.testStringDictionary:360->testStringDictionary:379 expected [0] but found [499]
04:51:29.922 [Thread-7] ERROR f.i.s.r.p.m.o.MavenFilterOutputHandler - [ERROR] Tests run: 2292, Failures: 10, Errors: 0, Skipped: 0
04:51:29.944 [Thread-7] ERROR f.i.s.r.p.m.o.MavenFilterOutputHandler - [ERROR] Failed to execute goal org.apache.maven.plugins:maven-surefire-plugin:3.0.0-M5:test (default-test) on project pinot-segment-local: There are test failures.
04:51:29.944 [Thread-7] ERROR f.i.s.r.p.m.o.MavenFilterOutputHandler - [ERROR] 
04:51:29.944 [Thread-7] ERROR f.i.s.r.p.m.o.MavenFilterOutputHandler - [ERROR] Please refer to /root/workspace/apache-pinot-master-8878_repo/pinot-segment-local/target/surefire-reports for the individual test results.
04:51:29.944 [Thread-7] ERROR f.i.s.r.p.m.o.MavenFilterOutputHandler - [ERROR] Please refer to dump files (if any exist) [date].dump, [date]-jvmRun[N].dump and [date].dumpstream.
04:51:29.944 [Thread-7] ERROR f.i.s.r.p.m.o.MavenFilterOutputHandler - [ERROR] -> [Help 1]
04:51:29.949 [Thread-7] ERROR f.i.s.r.p.m.o.MavenFilterOutputHandler - [ERROR] 
04:51:29.949 [Thread-7] ERROR f.i.s.r.p.m.o.MavenFilterOutputHandler - [ERROR] Re-run Maven using the -X switch to enable full debug logging.
04:51:29.949 [Thread-7] ERROR f.i.s.r.p.m.o.MavenFilterOutputHandler - [ERROR] 
04:51:29.949 [Thread-7] ERROR f.i.s.r.p.m.o.MavenFilterOutputHandler - [ERROR] For more information about the errors and possible solutions, please read the following articles:
04:51:29.949 [Thread-7] ERROR f.i.s.r.p.m.o.MavenFilterOutputHandler - [ERROR] [Help 1] http://cwiki.apache.org/confluence/display/MAVEN/MojoFailureException
04:51:29.949 [Thread-7] ERROR f.i.s.r.p.m.o.MavenFilterOutputHandler - [ERROR] 
04:51:29.949 [Thread-7] ERROR f.i.s.r.p.m.o.MavenFilterOutputHandler - [ERROR] After correcting the problems, you can resume the build with the command
04:51:29.949 [Thread-7] ERROR f.i.s.r.p.m.o.MavenFilterOutputHandler - [ERROR]   mvn <goals> -rf :pinot-segment-local
04:51:35.253 [main] ERROR f.i.s.r.p.s.paths.ComputeClasspath - The classpath file is empty.
04:51:35.253 [main] ERROR f.i.s.r.p.s.paths.ComputeClasspath - The classpath seems not to contain JUnit, maybe this project does not use JUnit for testing.
04:51:35.254 [main] ERROR f.i.s.r.p.s.paths.ComputeClasspath - The file does not exist: /root/./workspace/apache-pinot-master-8878_repo/target/classes.
04:51:35.254 [main] ERROR f.i.s.r.p.s.paths.ComputeClasspath - The file does not exist: /root/./workspace/apache-pinot-master-8878_repo/target/test-classes.
04:51:35.380 [main] ERROR f.i.s.r.p.s.paths.ComputeSourceDir - The source directory is not at default location or specified in build section from pom.xml, and no parent can be found.
04:51:35.384 [main] ERROR f.i.s.r.p.s.paths.ComputeSourceDir - The source directory is not at default location or specified in build section from pom.xml, and no parent can be found.
04:51:35.394 [main] INFO  f.i.s.r.p.s.paths.ComputeSourceDir - 52 source dirs were found:
04:51:35.394 [main] INFO  f.i.s.r.p.s.paths.ComputeSourceDir - /root/workspace/apache-pinot-master-8878_repo/contrib/pinot-fmpp-maven-plugin/src/main/java
04:51:35.394 [main] INFO  f.i.s.r.p.s.paths.ComputeSourceDir - /root/workspace/apache-pinot-master-8878_repo/pinot-broker/src/main/java
04:51:35.394 [main] INFO  f.i.s.r.p.s.paths.ComputeSourceDir - /root/workspace/apache-pinot-master-8878_repo/pinot-clients/pinot-java-client/src/main/java
04:51:35.394 [main] INFO  f.i.s.r.p.s.paths.ComputeSourceDir - /root/workspace/apache-pinot-master-8878_repo/pinot-clients/pinot-jdbc-client/src/main/java
04:51:35.394 [main] INFO  f.i.s.r.p.s.paths.ComputeSourceDir - /root/workspace/apache-pinot-master-8878_repo/pinot-common/src/main/java
04:51:35.394 [main] INFO  f.i.s.r.p.s.paths.ComputeSourceDir - /root/workspace/apache-pinot-master-8878_repo/pinot-compatibility-verifier/src/main/java
04:51:35.394 [main] INFO  f.i.s.r.p.s.paths.ComputeSourceDir - /root/workspace/apache-pinot-master-8878_repo/pinot-connectors/pinot-flink-connector/src/main/java
04:51:35.394 [main] INFO  f.i.s.r.p.s.paths.ComputeSourceDir - /root/workspace/apache-pinot-master-8878_repo/pinot-connectors/pinot-spark-connector/src/main/scala
04:51:35.394 [main] INFO  f.i.s.r.p.s.paths.ComputeSourceDir - /root/workspace/apache-pinot-master-8878_repo/pinot-controller/src/main/java
04:51:35.394 [main] INFO  f.i.s.r.p.s.paths.ComputeSourceDir - /root/workspace/apache-pinot-master-8878_repo/pinot-core/src/main/java
04:51:35.394 [main] INFO  f.i.s.r.p.s.paths.ComputeSourceDir - /root/workspace/apache-pinot-master-8878_repo/pinot-integration-tests/src/main/java
04:51:35.394 [main] INFO  f.i.s.r.p.s.paths.ComputeSourceDir - /root/workspace/apache-pinot-master-8878_repo/pinot-minion/src/main/java
04:51:35.394 [main] INFO  f.i.s.r.p.s.paths.ComputeSourceDir - /root/workspace/apache-pinot-master-8878_repo/pinot-perf/src/main/java
04:51:35.394 [main] INFO  f.i.s.r.p.s.paths.ComputeSourceDir - /root/workspace/apache-pinot-master-8878_repo/pinot-plugins/pinot-batch-ingestion/pinot-batch-ingestion-common/src/main/java
04:51:35.394 [main] INFO  f.i.s.r.p.s.paths.ComputeSourceDir - /root/workspace/apache-pinot-master-8878_repo/pinot-plugins/pinot-batch-ingestion/pinot-batch-ingestion-hadoop/src/main/java
04:51:35.394 [main] INFO  f.i.s.r.p.s.paths.ComputeSourceDir - /root/workspace/apache-pinot-master-8878_repo/pinot-plugins/pinot-batch-ingestion/pinot-batch-ingestion-spark-2.4/src/main/java
04:51:35.394 [main] INFO  f.i.s.r.p.s.paths.ComputeSourceDir - /root/workspace/apache-pinot-master-8878_repo/pinot-plugins/pinot-batch-ingestion/pinot-batch-ingestion-spark-3.2/src/main/java
04:51:35.394 [main] INFO  f.i.s.r.p.s.paths.ComputeSourceDir - /root/workspace/apache-pinot-master-8878_repo/pinot-plugins/pinot-batch-ingestion/pinot-batch-ingestion-standalone/src/main/java
04:51:35.394 [main] INFO  f.i.s.r.p.s.paths.ComputeSourceDir - /root/workspace/apache-pinot-master-8878_repo/pinot-plugins/pinot-batch-ingestion/v0_deprecated/pinot-hadoop/src/main/java
04:51:35.394 [main] INFO  f.i.s.r.p.s.paths.ComputeSourceDir - /root/workspace/apache-pinot-master-8878_repo/pinot-plugins/pinot-batch-ingestion/v0_deprecated/pinot-ingestion-common/src/main/java
04:51:35.394 [main] INFO  f.i.s.r.p.s.paths.ComputeSourceDir - /root/workspace/apache-pinot-master-8878_repo/pinot-plugins/pinot-batch-ingestion/v0_deprecated/pinot-spark/src/main/java
04:51:35.394 [main] INFO  f.i.s.r.p.s.paths.ComputeSourceDir - /root/workspace/apache-pinot-master-8878_repo/pinot-plugins/pinot-environment/pinot-azure/src/main/java
04:51:35.394 [main] INFO  f.i.s.r.p.s.paths.ComputeSourceDir - /root/workspace/apache-pinot-master-8878_repo/pinot-plugins/pinot-file-system/pinot-adls/src/main/java
04:51:35.394 [main] INFO  f.i.s.r.p.s.paths.ComputeSourceDir - /root/workspace/apache-pinot-master-8878_repo/pinot-plugins/pinot-file-system/pinot-gcs/src/main/java
04:51:35.394 [main] INFO  f.i.s.r.p.s.paths.ComputeSourceDir - /root/workspace/apache-pinot-master-8878_repo/pinot-plugins/pinot-file-system/pinot-hdfs/src/main/java
04:51:35.394 [main] INFO  f.i.s.r.p.s.paths.ComputeSourceDir - /root/workspace/apache-pinot-master-8878_repo/pinot-plugins/pinot-file-system/pinot-s3/src/main/java
04:51:35.394 [main] INFO  f.i.s.r.p.s.paths.ComputeSourceDir - /root/workspace/apache-pinot-master-8878_repo/pinot-plugins/pinot-input-format/pinot-avro-base/src/main/java
04:51:35.394 [main] INFO  f.i.s.r.p.s.paths.ComputeSourceDir - /root/workspace/apache-pinot-master-8878_repo/pinot-plugins/pinot-input-format/pinot-avro/src/main/java
04:51:35.394 [main] INFO  f.i.s.r.p.s.paths.ComputeSourceDir - /root/workspace/apache-pinot-master-8878_repo/pinot-plugins/pinot-input-format/pinot-confluent-avro/src/main/java
04:51:35.394 [main] INFO  f.i.s.r.p.s.paths.ComputeSourceDir - /root/workspace/apache-pinot-master-8878_repo/pinot-plugins/pinot-input-format/pinot-csv/src/main/java
04:51:35.394 [main] INFO  f.i.s.r.p.s.paths.ComputeSourceDir - /root/workspace/apache-pinot-master-8878_repo/pinot-plugins/pinot-input-format/pinot-json/src/main/java
04:51:35.395 [main] INFO  f.i.s.r.p.s.paths.ComputeSourceDir - /root/workspace/apache-pinot-master-8878_repo/pinot-plugins/pinot-input-format/pinot-orc/src/main/java
04:51:35.395 [main] INFO  f.i.s.r.p.s.paths.ComputeSourceDir - /root/workspace/apache-pinot-master-8878_repo/pinot-plugins/pinot-input-format/pinot-parquet/src/main/java
04:51:35.395 [main] INFO  f.i.s.r.p.s.paths.ComputeSourceDir - /root/workspace/apache-pinot-master-8878_repo/pinot-plugins/pinot-input-format/pinot-protobuf/src/main/java
04:51:35.395 [main] INFO  f.i.s.r.p.s.paths.ComputeSourceDir - /root/workspace/apache-pinot-master-8878_repo/pinot-plugins/pinot-input-format/pinot-thrift/src/main/java
04:51:35.395 [main] INFO  f.i.s.r.p.s.paths.ComputeSourceDir - /root/workspace/apache-pinot-master-8878_repo/pinot-plugins/pinot-metrics/pinot-dropwizard/src/main/java
04:51:35.395 [main] INFO  f.i.s.r.p.s.paths.ComputeSourceDir - /root/workspace/apache-pinot-master-8878_repo/pinot-plugins/pinot-metrics/pinot-yammer/src/main/java
04:51:35.395 [main] INFO  f.i.s.r.p.s.paths.ComputeSourceDir - /root/workspace/apache-pinot-master-8878_repo/pinot-plugins/pinot-minion-tasks/pinot-minion-builtin-tasks/src/main/java
04:51:35.395 [main] INFO  f.i.s.r.p.s.paths.ComputeSourceDir - /root/workspace/apache-pinot-master-8878_repo/pinot-plugins/pinot-segment-uploader/pinot-segment-uploader-default/src/main/java
04:51:35.395 [main] INFO  f.i.s.r.p.s.paths.ComputeSourceDir - /root/workspace/apache-pinot-master-8878_repo/pinot-plugins/pinot-segment-writer/pinot-segment-writer-file-based/src/main/java
04:51:35.395 [main] INFO  f.i.s.r.p.s.paths.ComputeSourceDir - /root/workspace/apache-pinot-master-8878_repo/pinot-plugins/pinot-stream-ingestion/pinot-kafka-0.9/src/main/java
04:51:35.395 [main] INFO  f.i.s.r.p.s.paths.ComputeSourceDir - /root/workspace/apache-pinot-master-8878_repo/pinot-plugins/pinot-stream-ingestion/pinot-kafka-2.0/src/main/java
04:51:35.395 [main] INFO  f.i.s.r.p.s.paths.ComputeSourceDir - /root/workspace/apache-pinot-master-8878_repo/pinot-plugins/pinot-stream-ingestion/pinot-kafka-base/src/main/java
04:51:35.395 [main] INFO  f.i.s.r.p.s.paths.ComputeSourceDir - /root/workspace/apache-pinot-master-8878_repo/pinot-plugins/pinot-stream-ingestion/pinot-kinesis/src/main/java
04:51:35.395 [main] INFO  f.i.s.r.p.s.paths.ComputeSourceDir - /root/workspace/apache-pinot-master-8878_repo/pinot-plugins/pinot-stream-ingestion/pinot-pulsar/src/main/java
04:51:35.395 [main] INFO  f.i.s.r.p.s.paths.ComputeSourceDir - /root/workspace/apache-pinot-master-8878_repo/pinot-query-planner/src/main/java
04:51:35.395 [main] INFO  f.i.s.r.p.s.paths.ComputeSourceDir - /root/workspace/apache-pinot-master-8878_repo/pinot-query-runtime/src/main/java
04:51:35.395 [main] INFO  f.i.s.r.p.s.paths.ComputeSourceDir - /root/workspace/apache-pinot-master-8878_repo/pinot-segment-local/src/main/java
04:51:35.395 [main] INFO  f.i.s.r.p.s.paths.ComputeSourceDir - /root/workspace/apache-pinot-master-8878_repo/pinot-segment-spi/src/main/java
04:51:35.395 [main] INFO  f.i.s.r.p.s.paths.ComputeSourceDir - /root/workspace/apache-pinot-master-8878_repo/pinot-server/src/main/java
04:51:35.395 [main] INFO  f.i.s.r.p.s.paths.ComputeSourceDir - /root/workspace/apache-pinot-master-8878_repo/pinot-spi/src/main/java
04:51:35.395 [main] INFO  f.i.s.r.p.s.paths.ComputeSourceDir - /root/workspace/apache-pinot-master-8878_repo/pinot-tools/src/main/java
04:51:35.456 [main] ERROR f.i.s.r.p.step.paths.ComputeTestDir - The test directory is not at default location or specified in build section from pom.xml, and no parent can be found.
04:51:35.464 [main] ERROR f.i.s.r.p.step.paths.ComputeTestDir - The test directory is not at default location or specified in build section from pom.xml, and no parent can be found.
04:51:35.514 [main] ERROR f.i.s.r.process.maven.MavenHelper - Error while building complete model. The raw model will be used. Error message: 1 problem was encountered while building the effective model for org.apache.pinot:pinot-s3:0.11.0-SNAPSHOT
[ERROR] Failed to determine Java version for profile disable-java8-doclint @ software.amazon.awssdk:aws-sdk-java-pom:2.14.28

04:51:35.555 [main] ERROR f.i.s.r.p.step.paths.ComputeTestDir - The test directory is not at default location or specified in build section from pom.xml, and no parent can be found.
04:51:35.582 [main] ERROR f.i.s.r.process.maven.MavenHelper - Error while building complete model. The raw model will be used. Error message: 1 problem was encountered while building the effective model for org.apache.pinot:pinot-kinesis:0.11.0-SNAPSHOT
[ERROR] Failed to determine Java version for profile disable-java8-doclint @ software.amazon.awssdk:aws-sdk-java-pom:2.14.28

04:51:35.599 [main] ERROR f.i.s.r.p.step.paths.ComputeTestDir - The test directory is not at default location or specified in build section from pom.xml, and no parent can be found.
04:51:35.602 [main] ERROR f.i.s.r.p.step.paths.ComputeTestDir - The test directory is not at default location or specified in build section from pom.xml, and no parent can be found.
04:51:35.602 [main] ERROR f.i.s.r.p.step.paths.ComputeTestDir - The test directory is not at default location or specified in build section from pom.xml, and no parent can be found.
04:51:35.614 [main] ERROR f.i.s.r.p.step.paths.ComputeTestDir - The test directory is not at default location or specified in build section from pom.xml, and no parent can be found.
04:51:35.614 [main] ERROR f.i.s.r.p.step.paths.ComputeTestDir - The test directory is not at default location or specified in build section from pom.xml, and no parent can be found.
04:51:35.627 [main] ERROR f.i.s.r.p.step.paths.ComputeTestDir - The test directory is not at default location or specified in build section from pom.xml, and no parent can be found.
04:51:35.636 [main] ERROR f.i.s.r.p.step.paths.ComputeTestDir - The test directory is not at default location or specified in build section from pom.xml, and no parent can be found.
04:51:35.651 [main] ERROR f.i.s.r.p.step.paths.ComputeTestDir - The test directory is not at default location or specified in build section from pom.xml, and no parent can be found.
04:51:35.654 [main] ERROR f.i.s.r.p.step.paths.ComputeTestDir - The test directory is not at default location or specified in build section from pom.xml, and no parent can be found.
04:51:35.660 [main] INFO  f.i.s.r.p.step.paths.ComputeTestDir - 44 test dirs were found:
04:51:35.660 [main] INFO  f.i.s.r.p.step.paths.ComputeTestDir - /root/workspace/apache-pinot-master-8878_repo/pinot-broker/src/test/java
04:51:35.660 [main] INFO  f.i.s.r.p.step.paths.ComputeTestDir - /root/workspace/apache-pinot-master-8878_repo/pinot-clients/pinot-java-client/src/test/java
04:51:35.660 [main] INFO  f.i.s.r.p.step.paths.ComputeTestDir - /root/workspace/apache-pinot-master-8878_repo/pinot-clients/pinot-jdbc-client/src/test/java
04:51:35.660 [main] INFO  f.i.s.r.p.step.paths.ComputeTestDir - /root/workspace/apache-pinot-master-8878_repo/pinot-common/src/test/java
04:51:35.660 [main] INFO  f.i.s.r.p.step.paths.ComputeTestDir - /root/workspace/apache-pinot-master-8878_repo/pinot-connectors/pinot-flink-connector/src/test/java
04:51:35.660 [main] INFO  f.i.s.r.p.step.paths.ComputeTestDir - /root/workspace/apache-pinot-master-8878_repo/pinot-connectors/pinot-spark-connector/src/test/scala
04:51:35.660 [main] INFO  f.i.s.r.p.step.paths.ComputeTestDir - /root/workspace/apache-pinot-master-8878_repo/pinot-controller/src/test/java
04:51:35.660 [main] INFO  f.i.s.r.p.step.paths.ComputeTestDir - /root/workspace/apache-pinot-master-8878_repo/pinot-core/src/test/java
04:51:35.660 [main] INFO  f.i.s.r.p.step.paths.ComputeTestDir - /root/workspace/apache-pinot-master-8878_repo/pinot-integration-test-base/src/test/java
04:51:35.660 [main] INFO  f.i.s.r.p.step.paths.ComputeTestDir - /root/workspace/apache-pinot-master-8878_repo/pinot-integration-tests/src/test/java
04:51:35.660 [main] INFO  f.i.s.r.p.step.paths.ComputeTestDir - /root/workspace/apache-pinot-master-8878_repo/pinot-minion/src/test/java
04:51:35.660 [main] INFO  f.i.s.r.p.step.paths.ComputeTestDir - /root/workspace/apache-pinot-master-8878_repo/pinot-plugins/pinot-batch-ingestion/pinot-batch-ingestion-common/src/test/java
04:51:35.660 [main] INFO  f.i.s.r.p.step.paths.ComputeTestDir - /root/workspace/apache-pinot-master-8878_repo/pinot-plugins/pinot-batch-ingestion/pinot-batch-ingestion-hadoop/src/test/java
04:51:35.660 [main] INFO  f.i.s.r.p.step.paths.ComputeTestDir - /root/workspace/apache-pinot-master-8878_repo/pinot-plugins/pinot-batch-ingestion/pinot-batch-ingestion-spark-2.4/src/test/java
04:51:35.660 [main] INFO  f.i.s.r.p.step.paths.ComputeTestDir - /root/workspace/apache-pinot-master-8878_repo/pinot-plugins/pinot-batch-ingestion/pinot-batch-ingestion-spark-3.2/src/test/java
04:51:35.660 [main] INFO  f.i.s.r.p.step.paths.ComputeTestDir - /root/workspace/apache-pinot-master-8878_repo/pinot-plugins/pinot-batch-ingestion/pinot-batch-ingestion-standalone/src/test/java
04:51:35.660 [main] INFO  f.i.s.r.p.step.paths.ComputeTestDir - /root/workspace/apache-pinot-master-8878_repo/pinot-plugins/pinot-batch-ingestion/v0_deprecated/pinot-hadoop/src/test/java
04:51:35.660 [main] INFO  f.i.s.r.p.step.paths.ComputeTestDir - /root/workspace/apache-pinot-master-8878_repo/pinot-plugins/pinot-batch-ingestion/v0_deprecated/pinot-spark/src/test/java
04:51:35.660 [main] INFO  f.i.s.r.p.step.paths.ComputeTestDir - /root/workspace/apache-pinot-master-8878_repo/pinot-plugins/pinot-environment/pinot-azure/src/test/java
04:51:35.660 [main] INFO  f.i.s.r.p.step.paths.ComputeTestDir - /root/workspace/apache-pinot-master-8878_repo/pinot-plugins/pinot-file-system/pinot-adls/src/test/java
04:51:35.660 [main] INFO  f.i.s.r.p.step.paths.ComputeTestDir - /root/workspace/apache-pinot-master-8878_repo/pinot-plugins/pinot-file-system/pinot-gcs/src/test/java
04:51:35.660 [main] INFO  f.i.s.r.p.step.paths.ComputeTestDir - /root/workspace/apache-pinot-master-8878_repo/pinot-plugins/pinot-file-system/pinot-hdfs/src/test/java
04:51:35.660 [main] INFO  f.i.s.r.p.step.paths.ComputeTestDir - /root/workspace/apache-pinot-master-8878_repo/pinot-plugins/pinot-file-system/pinot-s3/src/test/java
04:51:35.660 [main] INFO  f.i.s.r.p.step.paths.ComputeTestDir - /root/workspace/apache-pinot-master-8878_repo/pinot-plugins/pinot-input-format/pinot-avro-base/src/test/java
04:51:35.660 [main] INFO  f.i.s.r.p.step.paths.ComputeTestDir - /root/workspace/apache-pinot-master-8878_repo/pinot-plugins/pinot-input-format/pinot-csv/src/test/java
04:51:35.660 [main] INFO  f.i.s.r.p.step.paths.ComputeTestDir - /root/workspace/apache-pinot-master-8878_repo/pinot-plugins/pinot-input-format/pinot-json/src/test/java
04:51:35.660 [main] INFO  f.i.s.r.p.step.paths.ComputeTestDir - /root/workspace/apache-pinot-master-8878_repo/pinot-plugins/pinot-input-format/pinot-orc/src/test/java
04:51:35.660 [main] INFO  f.i.s.r.p.step.paths.ComputeTestDir - /root/workspace/apache-pinot-master-8878_repo/pinot-plugins/pinot-input-format/pinot-parquet/src/test/java
04:51:35.660 [main] INFO  f.i.s.r.p.step.paths.ComputeTestDir - /root/workspace/apache-pinot-master-8878_repo/pinot-plugins/pinot-input-format/pinot-protobuf/src/test/java
04:51:35.660 [main] INFO  f.i.s.r.p.step.paths.ComputeTestDir - /root/workspace/apache-pinot-master-8878_repo/pinot-plugins/pinot-input-format/pinot-thrift/src/test/java
04:51:35.660 [main] INFO  f.i.s.r.p.step.paths.ComputeTestDir - /root/workspace/apache-pinot-master-8878_repo/pinot-plugins/pinot-minion-tasks/pinot-minion-builtin-tasks/src/test/java
04:51:35.660 [main] INFO  f.i.s.r.p.step.paths.ComputeTestDir - /root/workspace/apache-pinot-master-8878_repo/pinot-plugins/pinot-segment-writer/pinot-segment-writer-file-based/src/test/java
04:51:35.660 [main] INFO  f.i.s.r.p.step.paths.ComputeTestDir - /root/workspace/apache-pinot-master-8878_repo/pinot-plugins/pinot-stream-ingestion/pinot-kafka-0.9/src/test/java
04:51:35.660 [main] INFO  f.i.s.r.p.step.paths.ComputeTestDir - /root/workspace/apache-pinot-master-8878_repo/pinot-plugins/pinot-stream-ingestion/pinot-kafka-2.0/src/test/java
04:51:35.660 [main] INFO  f.i.s.r.p.step.paths.ComputeTestDir - /root/workspace/apache-pinot-master-8878_repo/pinot-plugins/pinot-stream-ingestion/pinot-kafka-base/src/test/java
04:51:35.660 [main] INFO  f.i.s.r.p.step.paths.ComputeTestDir - /root/workspace/apache-pinot-master-8878_repo/pinot-plugins/pinot-stream-ingestion/pinot-kinesis/src/test/java
04:51:35.660 [main] INFO  f.i.s.r.p.step.paths.ComputeTestDir - /root/workspace/apache-pinot-master-8878_repo/pinot-plugins/pinot-stream-ingestion/pinot-pulsar/src/test/java
04:51:35.660 [main] INFO  f.i.s.r.p.step.paths.ComputeTestDir - /root/workspace/apache-pinot-master-8878_repo/pinot-query-planner/src/test/java
04:51:35.660 [main] INFO  f.i.s.r.p.step.paths.ComputeTestDir - /root/workspace/apache-pinot-master-8878_repo/pinot-query-runtime/src/test/java
04:51:35.660 [main] INFO  f.i.s.r.p.step.paths.ComputeTestDir - /root/workspace/apache-pinot-master-8878_repo/pinot-segment-local/src/test/java
04:51:35.660 [main] INFO  f.i.s.r.p.step.paths.ComputeTestDir - /root/workspace/apache-pinot-master-8878_repo/pinot-segment-spi/src/test/java
04:51:35.660 [main] INFO  f.i.s.r.p.step.paths.ComputeTestDir - /root/workspace/apache-pinot-master-8878_repo/pinot-server/src/test/java
04:51:35.660 [main] INFO  f.i.s.r.p.step.paths.ComputeTestDir - /root/workspace/apache-pinot-master-8878_repo/pinot-spi/src/test/java
04:51:35.660 [main] INFO  f.i.s.r.p.step.paths.ComputeTestDir - /root/workspace/apache-pinot-master-8878_repo/pinot-tools/src/test/java
04:51:36.277 [main] INFO  f.i.s.r.p.s.g.GatherTestInformation - Get the following failing module path: /root/workspace/apache-pinot-master-8878_repo/pinot-segment-local
04:51:36.278 [main] INFO  f.i.s.r.p.s.g.GatherTestInformation - Get the following failing module path: /root/workspace/apache-pinot-master-8878_repo/pinot-segment-local
04:51:36.278 [main] INFO  f.i.s.r.p.s.g.GatherTestInformation - Get the following failing module path: /root/workspace/apache-pinot-master-8878_repo/pinot-segment-local
04:51:36.279 [main] INFO  f.i.s.r.p.s.g.GatherTestInformation - Get the following failing module path: /root/workspace/apache-pinot-master-8878_repo/pinot-segment-local
04:51:36.279 [main] INFO  f.i.s.r.p.s.g.GatherTestInformation - Get the following failing module path: /root/workspace/apache-pinot-master-8878_repo/pinot-segment-local
04:51:36.279 [main] INFO  f.i.s.r.p.s.g.GatherTestInformation - Get the following failing module path: /root/workspace/apache-pinot-master-8878_repo/pinot-segment-local
04:51:36.287 [main] INFO  f.i.s.r.p.s.g.GatherTestInformation - ---Test results---
04:51:36.287 [main] INFO  f.i.s.r.p.s.g.GatherTestInformation -    Total tests: 2845
04:51:36.287 [main] INFO  f.i.s.r.p.s.g.GatherTestInformation -    Tests run: 2845
04:51:36.287 [main] INFO  f.i.s.r.p.s.g.GatherTestInformation -    Tests passing: 2835
04:51:36.287 [main] INFO  f.i.s.r.p.s.g.GatherTestInformation -    Failures: 10
04:51:36.287 [main] INFO  f.i.s.r.p.s.g.GatherTestInformation -    Errors: 0
04:51:36.287 [main] INFO  f.i.s.r.p.s.g.GatherTestInformation -    Skipped: 0
[0] INFO Flacoco - Running Flacoco...
[18] WARN TestMethodFilter - NoClassDefFoundError: class org.apache.pinot.segment.local.startree.v2.builder.OffHeapSingleTreeBuilder
[19] WARN TestMethodFilter - NoClassDefFoundError: class org.apache.pinot.segment.local.startree.v2.builder.OnHeapSingleTreeBuilder
[19] WARN TestMethodFilter - NoClassDefFoundError: class org.apache.pinot.segment.local.startree.v2.builder.StarTreeV2BuilderConfig
[20] WARN TestMethodFilter - NoClassDefFoundError: class org.apache.pinot.segment.local.startree.v2.store.StarTreeIndexMapUtils
[20] WARN TestMethodFilter - NoClassDefFoundError: class org.apache.pinot.segment.local.startree.v2.store.StarTreeLoaderUtils
[21] WARN TestMethodFilter - NoClassDefFoundError: class org.apache.pinot.segment.local.startree.StarTreeBuilderUtils
[21] WARN TestMethodFilter - NoClassDefFoundError: class org.apache.pinot.segment.local.upsert.PartialUpsertHandler
[22] WARN TestMethodFilter - NoClassDefFoundError: class org.apache.pinot.segment.local.upsert.merger.PartialUpsertMergerFactory
[22] WARN TestMethodFilter - NoClassDefFoundError: class org.apache.pinot.segment.local.upsert.RecordLocation
[23] WARN TestMethodFilter - NoClassDefFoundError: class org.apache.pinot.segment.local.upsert.PartitionUpsertMetadataManager
[23] WARN TestMethodFilter - NoClassDefFoundError: class org.apache.pinot.segment.local.aggregator.SumPrecisionValueAggregator
[23] WARN TestMethodFilter - NoClassDefFoundError: class org.apache.pinot.segment.local.aggregator.MaxValueAggregator
[24] WARN TestMethodFilter - NoClassDefFoundError: class org.apache.pinot.segment.local.aggregator.DistinctCountHLLValueAggregator
[24] WARN TestMethodFilter - NoClassDefFoundError: class org.apache.pinot.segment.local.aggregator.AvgValueAggregator
[25] WARN TestMethodFilter - NoClassDefFoundError: class org.apache.pinot.segment.local.aggregator.PercentileEstValueAggregator
[25] WARN TestMethodFilter - NoClassDefFoundError: class org.apache.pinot.segment.local.aggregator.DistinctCountBitmapValueAggregator
[25] WARN TestMethodFilter - NoClassDefFoundError: class org.apache.pinot.segment.local.aggregator.ValueAggregatorFactory
[25] WARN TestMethodFilter - NoClassDefFoundError: class org.apache.pinot.segment.local.aggregator.CountValueAggregator
[26] WARN TestMethodFilter - NoClassDefFoundError: class org.apache.pinot.segment.local.aggregator.MinValueAggregator
[26] WARN TestMethodFilter - NoClassDefFoundError: class org.apache.pinot.segment.local.aggregator.MinMaxRangeValueAggregator
[26] WARN TestMethodFilter - NoClassDefFoundError: class org.apache.pinot.segment.local.aggregator.SumValueAggregator
[26] WARN TestMethodFilter - NoClassDefFoundError: class org.apache.pinot.segment.local.aggregator.PercentileTDigestValueAggregator
[27] WARN TestMethodFilter - NoClassDefFoundError: class org.apache.pinot.segment.local.utils.SchemaUtils
[27] WARN TestMethodFilter - NoClassDefFoundError: class org.apache.pinot.segment.local.utils.HashUtils
[28] WARN TestMethodFilter - NoClassDefFoundError: class org.apache.pinot.segment.local.utils.ReplicationUtils
[28] WARN TestMethodFilter - NoClassDefFoundError: class org.apache.pinot.segment.local.utils.SegmentPushUtils
[28] WARN TestMethodFilter - NoClassDefFoundError: class org.apache.pinot.segment.local.utils.H3Utils
[30] WARN TestMethodFilter - NoClassDefFoundError: class org.apache.pinot.segment.local.utils.nativefst.utils.RegexpMatcher
[31] WARN TestMethodFilter - NoClassDefFoundError: class org.apache.pinot.segment.local.utils.nativefst.utils.RealTimeRegexpMatcher
[31] WARN TestMethodFilter - NoClassDefFoundError: class org.apache.pinot.segment.local.utils.nativefst.builder.FSTUtils
[32] WARN TestMethodFilter - NoClassDefFoundError: class org.apache.pinot.segment.local.utils.nativefst.builder.FSTSerializerImpl
[32] WARN TestMethodFilter - NoClassDefFoundError: class org.apache.pinot.segment.local.utils.nativefst.ImmutableFST
[37] WARN TestMethodFilter - NoClassDefFoundError: class org.apache.pinot.segment.local.utils.nativefst.ConstantArcSizeFST
[38] WARN TestMethodFilter - NoClassDefFoundError: class org.apache.pinot.segment.local.utils.RecordInfo
[38] WARN TestMethodFilter - NoClassDefFoundError: class org.apache.pinot.segment.local.utils.GeometrySerializer
[39] WARN TestMethodFilter - NoClassDefFoundError: class org.apache.pinot.segment.local.utils.GeometryUtils
[39] WARN TestMethodFilter - NoClassDefFoundError: class org.apache.pinot.segment.local.utils.tablestate.TableStateUtils
[40] WARN TestMethodFilter - NoClassDefFoundError: class org.apache.pinot.segment.local.utils.TableConfigUtils
[40] WARN TestMethodFilter - NoClassDefFoundError: class org.apache.pinot.segment.local.utils.fst.FSTBuilder
[40] WARN TestMethodFilter - NoClassDefFoundError: class org.apache.pinot.segment.local.utils.fst.RegexpMatcher
[41] WARN TestMethodFilter - NoClassDefFoundError: class org.apache.pinot.segment.local.utils.IngestionUtils
[41] WARN TestMethodFilter - NoClassDefFoundError: class org.apache.pinot.segment.local.data.manager.TableDataManagerConfig
[42] WARN TestMethodFilter - NoClassDefFoundError: class org.apache.pinot.segment.local.recordtransformer.NullValueTransformer
[42] WARN TestMethodFilter - NoClassDefFoundError: class org.apache.pinot.segment.local.recordtransformer.SanitizationTransformer
[42] WARN TestMethodFilter - NoClassDefFoundError: class org.apache.pinot.segment.local.recordtransformer.DataTypeTransformer
[43] WARN TestMethodFilter - NoClassDefFoundError: class org.apache.pinot.segment.local.recordtransformer.ComplexTypeTransformer
[43] WARN TestMethodFilter - NoClassDefFoundError: class org.apache.pinot.segment.local.recordtransformer.ExpressionTransformer
[43] WARN TestMethodFilter - NoClassDefFoundError: class org.apache.pinot.segment.local.recordtransformer.CompositeTransformer
[43] WARN TestMethodFilter - NoClassDefFoundError: class org.apache.pinot.segment.local.recordtransformer.FilterTransformer
[44] WARN TestMethodFilter - NoClassDefFoundError: class org.apache.pinot.segment.local.realtime.impl.RealtimeSegmentConfig
[48] WARN TestMethodFilter - NoClassDefFoundError: class org.apache.pinot.segment.local.realtime.impl.dictionary.MutableDictionaryFactory
[51] WARN TestMethodFilter - NoClassDefFoundError: class org.apache.pinot.segment.local.realtime.converter.RealtimeSegmentConverter
[52] WARN TestMethodFilter - NoClassDefFoundError: class org.apache.pinot.segment.local.function.GroovyFunctionEvaluator
[52] WARN TestMethodFilter - NoClassDefFoundError: class org.apache.pinot.segment.local.function.InbuiltFunctionEvaluator
[52] WARN TestMethodFilter - NoClassDefFoundError: class org.apache.pinot.segment.local.function.TimeSpecFunctionEvaluator
[52] WARN TestMethodFilter - NoClassDefFoundError: class org.apache.pinot.segment.local.function.FunctionEvaluatorFactory
[53] WARN TestMethodFilter - NoClassDefFoundError: class org.apache.pinot.segment.local.dedup.PartitionDedupMetadataManager
[56] WARN TestMethodFilter - NoClassDefFoundError: class org.apache.pinot.segment.local.io.util.VarLengthValueReader
[59] WARN TestMethodFilter - NoClassDefFoundError: class org.apache.pinot.segment.local.io.compression.ChunkCompressorFactory
[61] WARN TestMethodFilter - NoClassDefFoundError: class org.apache.pinot.segment.local.segment.creator.impl.inv.BitmapInvertedIndexWriter
[62] WARN TestMethodFilter - NoClassDefFoundError: class org.apache.pinot.segment.local.segment.creator.impl.SegmentCreationDriverFactory
[62] WARN TestMethodFilter - NoClassDefFoundError: class org.apache.pinot.segment.local.segment.creator.impl.nullvalue.NullValueVectorCreator
[67] WARN TestMethodFilter - NoClassDefFoundError: class org.apache.pinot.segment.local.segment.creator.Fixtures
[67] WARN TestMethodFilter - NoClassDefFoundError: class org.apache.pinot.segment.local.segment.creator.TransformPipeline
[68] WARN TestMethodFilter - NoClassDefFoundError: class org.apache.pinot.segment.local.segment.index.column.DefaultNullValueVirtualColumnProvider
[68] WARN TestMethodFilter - NoClassDefFoundError: class org.apache.pinot.segment.local.segment.index.column.IntermediateIndexContainer
[69] WARN TestMethodFilter - NoClassDefFoundError: class org.apache.pinot.segment.local.segment.index.converter.SegmentFormatConverterFactory
[70] WARN TestMethodFilter - NoClassDefFoundError: class org.apache.pinot.segment.local.segment.index.loader.LoaderUtils
[70] WARN TestMethodFilter - NoClassDefFoundError: class org.apache.pinot.segment.local.segment.index.loader.bloomfilter.BloomFilterHandler
[70] WARN TestMethodFilter - NoClassDefFoundError: class org.apache.pinot.segment.local.segment.index.loader.IndexLoadingConfig
[71] WARN TestMethodFilter - NoClassDefFoundError: class org.apache.pinot.segment.local.segment.index.loader.defaultcolumn.DefaultColumnHandlerFactory
[71] WARN TestMethodFilter - NoClassDefFoundError: class org.apache.pinot.segment.local.segment.index.loader.defaultcolumn.V1DefaultColumnHandler
[72] WARN TestMethodFilter - NoClassDefFoundError: class org.apache.pinot.segment.local.segment.index.loader.defaultcolumn.V3DefaultColumnHandler
[72] WARN TestMethodFilter - NoClassDefFoundError: class org.apache.pinot.segment.local.segment.index.loader.invertedindex.FSTIndexHandler
[72] WARN TestMethodFilter - NoClassDefFoundError: class org.apache.pinot.segment.local.segment.index.loader.invertedindex.InvertedIndexHandler
[72] WARN TestMethodFilter - NoClassDefFoundError: class org.apache.pinot.segment.local.segment.index.loader.invertedindex.TextIndexHandler
[73] WARN TestMethodFilter - NoClassDefFoundError: class org.apache.pinot.segment.local.segment.index.loader.invertedindex.JsonIndexHandler
[73] WARN TestMethodFilter - NoClassDefFoundError: class org.apache.pinot.segment.local.segment.index.loader.invertedindex.RangeIndexHandler
[73] WARN TestMethodFilter - NoClassDefFoundError: class org.apache.pinot.segment.local.segment.index.loader.invertedindex.H3IndexHandler
[73] WARN TestMethodFilter - NoClassDefFoundError: class org.apache.pinot.segment.local.segment.index.loader.IndexHandlerFactory
[74] WARN TestMethodFilter - NoClassDefFoundError: class org.apache.pinot.segment.local.segment.index.loader.SegmentPreProcessor
[82] WARN TestMethodFilter - NoClassDefFoundError: class org.apache.pinot.segment.local.segment.index.readers.bloom.BloomFilterReaderFactory
[83] WARN TestMethodFilter - NoClassDefFoundError: class org.apache.pinot.segment.local.segment.readers.PinotSegmentColumnReader
[84] WARN TestMethodFilter - NoClassDefFoundError: class org.apache.pinot.segment.local.segment.store.IndexKey
[85] WARN TestMethodFilter - NoClassDefFoundError: class org.apache.pinot.segment.local.segment.store.TextIndexUtils
[85] WARN TestMethodFilter - NoClassDefFoundError: class org.apache.pinot.segment.local.segment.virtualcolumn.DocIdVirtualColumnProvider
[85] WARN TestMethodFilter - NoClassDefFoundError: class org.apache.pinot.segment.local.segment.virtualcolumn.VirtualColumnProviderFactory
[86] WARN TestMethodFilter - NoClassDefFoundError: class org.apache.pinot.segment.local.segment.virtualcolumn.VirtualColumnContext
[90] WARN TestMethodFilter - NoClassDefFoundError: class org.apache.pinot.segment.local.indexsegment.immutable.ImmutableSegmentLoader
[90] WARN TestMethodFilter - NoClassDefFoundError: class org.apache.pinot.segment.local.startree.v2.builder.StarTreeV2BuilderConfigTest
[91] WARN TestMethodFilter - NoClassDefFoundError: class org.apache.pinot.segment.local.upsert.PartitionUpsertMetadataManagerTest
[92] WARN TestMethodFilter - NoClassDefFoundError: class org.apache.pinot.segment.local.utils.TableConfigUtilsTest
[94] WARN TestMethodFilter - NoClassDefFoundError: class org.apache.pinot.segment.local.utils.nativefst.FSTTraversalTest
[95] WARN TestMethodFilter - NoClassDefFoundError: class org.apache.pinot.segment.local.utils.nativefst.ImmutableFSTSerializerTest
[95] WARN TestMethodFilter - NoClassDefFoundError: class org.apache.pinot.segment.local.utils.nativefst.ImmutableFSTDeserializedTest
[96] WARN TestMethodFilter - NoClassDefFoundError: class org.apache.pinot.segment.local.utils.IngestionUtilsTest
[97] WARN TestMethodFilter - NoClassDefFoundError: class org.apache.pinot.segment.local.utils.fst.FSTBuilderTest
[97] WARN TestMethodFilter - NoClassDefFoundError: class org.apache.pinot.segment.local.recordtransformer.ExpressionTransformerTest
[98] WARN TestMethodFilter - NoClassDefFoundError: class org.apache.pinot.segment.local.recordtransformer.RecordTransformerTest
[99] WARN TestMethodFilter - NoClassDefFoundError: class org.apache.pinot.segment.local.realtime.impl.dictionary.MutableDictionaryTest
[100] WARN TestMethodFilter - NoClassDefFoundError: class org.apache.pinot.segment.local.realtime.impl.dictionary.OffHeapMutableBytesStoreTest
[100] WARN TestMethodFilter - NoClassDefFoundError: class org.apache.pinot.segment.local.realtime.impl.dictionary.MultiValueDictionaryTest
[101] WARN TestMethodFilter - NoClassDefFoundError: class org.apache.pinot.segment.local.dedup.PartitionDedupMetadataManagerTest
[102] WARN TestMethodFilter - NoClassDefFoundError: class org.apache.pinot.segment.local.io.writer.impl.VarByteChunkSVForwardIndexWriterTest
[102] WARN TestMethodFilter - NoClassDefFoundError: class org.apache.pinot.segment.local.io.writer.impl.MutableOffHeapByteArrayStoreTest
[102] WARN TestMethodFilter - NoClassDefFoundError: class org.apache.pinot.segment.local.io.writer.impl.MmapMemoryManagerTest
[103] WARN TestMethodFilter - NoClassDefFoundError: class org.apache.pinot.segment.local.io.writer.impl.MmapMemoryManagerFileCleanupTest
[104] WARN TestMethodFilter - NoClassDefFoundError: class org.apache.pinot.segment.local.io.compression.TestCompression
[105] WARN TestMethodFilter - NoClassDefFoundError: class org.apache.pinot.segment.local.segment.creator.SegmentTestUtils
[105] WARN TestMethodFilter - NoClassDefFoundError: class org.apache.pinot.segment.local.segment.creator.impl.SegmentColumnarIndexCreatorTest
[106] WARN TestMethodFilter - NoClassDefFoundError: class org.apache.pinot.segment.local.segment.creator.BitmapInvertedIndexTest
[106] WARN TestMethodFilter - NoClassDefFoundError: class org.apache.pinot.segment.local.segment.creator.DictionaryOptimiserTest
[107] WARN TestMethodFilter - NoClassDefFoundError: class org.apache.pinot.segment.local.segment.creator.DictionariesTest
[107] WARN TestMethodFilter - NoClassDefFoundError: class org.apache.pinot.segment.local.segment.creator.FixedIntArrayIdMapTest
[107] WARN TestMethodFilter - NoClassDefFoundError: class org.apache.pinot.segment.local.segment.creator.OnHeapDictionariesTest
[107] WARN TestMethodFilter - NoClassDefFoundError: class org.apache.pinot.segment.local.segment.creator.BitmapInvertedIndexCreatorTest
[108] WARN TestMethodFilter - NoClassDefFoundError: class org.apache.pinot.segment.local.segment.loader.SegmentDirectoryLoaderRegistryTest
[108] WARN TestMethodFilter - NoClassDefFoundError: class org.apache.pinot.segment.local.segment.index.readerwriter.FixedByteSingleValueMultiColumnReaderWriterTest
[108] WARN TestMethodFilter - NoClassDefFoundError: class org.apache.pinot.segment.local.segment.index.column.DefaultNullValueVirtualColumnProviderTest
[109] WARN TestMethodFilter - NoClassDefFoundError: class org.apache.pinot.segment.local.segment.index.creator.SegmentGenerationWithMultipleRecordsTest
[109] WARN TestMethodFilter - NoClassDefFoundError: class org.apache.pinot.segment.local.segment.index.creator.SegmentGenerationWithFilterRecordsTest
[109] WARN TestMethodFilter - NoClassDefFoundError: class org.apache.pinot.segment.local.segment.index.creator.MultiValueVarByteRawIndexCreatorTest
[110] WARN TestMethodFilter - NoClassDefFoundError: class org.apache.pinot.segment.local.segment.index.creator.SegmentGenerationWithBytesTypeTest
[110] WARN TestMethodFilter - NoClassDefFoundError: class org.apache.pinot.segment.local.segment.index.creator.MultiValueFixedByteRawIndexCreatorTest
[111] WARN TestMethodFilter - NoClassDefFoundError: class org.apache.pinot.segment.local.segment.index.creator.BitSlicedIndexCreatorTest
[111] WARN TestMethodFilter - NoClassDefFoundError: class org.apache.pinot.segment.local.segment.index.creator.RawIndexCreatorTest
[112] WARN TestMethodFilter - NoClassDefFoundError: class org.apache.pinot.segment.local.segment.index.creator.SegmentGenerationWithNoRecordsTest
[112] WARN TestMethodFilter - NoClassDefFoundError: class org.apache.pinot.segment.local.segment.index.creator.VarByteChunkV4Test
[113] WARN TestMethodFilter - NoClassDefFoundError: class org.apache.pinot.segment.local.segment.index.creator.RangeIndexCreatorTest
[113] WARN TestMethodFilter - NoClassDefFoundError: class org.apache.pinot.segment.local.segment.index.creator.SegmentGenerationWithTimeColumnTest
[113] WARN TestMethodFilter - NoClassDefFoundError: class org.apache.pinot.segment.local.segment.index.creator.SegmentPartitionTest
[113] WARN TestMethodFilter - NoClassDefFoundError: class org.apache.pinot.segment.local.segment.index.creator.BloomFilterCreatorTest
[114] WARN TestMethodFilter - NoClassDefFoundError: class org.apache.pinot.segment.local.segment.index.forward.mutable.FixedByteSVMutableForwardIndexTest
[114] WARN TestMethodFilter - NoClassDefFoundError: class org.apache.pinot.segment.local.segment.index.forward.mutable.FixedByteMVMutableForwardIndexTest
[114] WARN TestMethodFilter - NoClassDefFoundError: class org.apache.pinot.segment.local.segment.index.forward.mutable.VarByteSVMutableForwardIndexTest
[115] WARN TestMethodFilter - NoClassDefFoundError: class org.apache.pinot.segment.local.segment.index.forward.FixedByteChunkSVForwardIndexTest
[115] WARN TestMethodFilter - NoClassDefFoundError: class org.apache.pinot.segment.local.segment.index.forward.VarByteChunkSVForwardIndexTest
[116] WARN TestMethodFilter - NoClassDefFoundError: class org.apache.pinot.segment.local.segment.index.converter.SegmentV1V2ToV3FormatConverterTest
[116] WARN TestMethodFilter - NoClassDefFoundError: class org.apache.pinot.segment.local.segment.index.ColumnMetadataTest
[116] WARN TestMethodFilter - NoClassDefFoundError: class org.apache.pinot.segment.local.segment.index.H3IndexTest
[117] WARN TestMethodFilter - NoClassDefFoundError: class org.apache.pinot.segment.local.segment.index.IndexOverridesTest
[117] WARN TestMethodFilter - NoClassDefFoundError: class org.apache.pinot.segment.local.segment.index.loader.LoaderTest
[120] WARN TestMethodFilter - NoClassDefFoundError: class org.apache.pinot.segment.local.segment.index.loader.defaultcolumn.BaseDefaultColumnHandlerTest
[121] WARN TestMethodFilter - NoClassDefFoundError: class org.apache.pinot.segment.local.segment.index.readers.NullValueVectorReaderImplTest
[121] WARN TestMethodFilter - NoClassDefFoundError: class org.apache.pinot.segment.local.segment.index.readers.ImmutableDictionaryTest
[122] WARN TestMethodFilter - NoClassDefFoundError: class org.apache.pinot.segment.local.segment.index.readers.ImmutableDictionaryTypeConversionTest
[122] WARN TestMethodFilter - NoClassDefFoundError: class org.apache.pinot.segment.local.segment.index.JsonIndexTest
[123] WARN TestMethodFilter - NoClassDefFoundError: class org.apache.pinot.segment.local.segment.readers.MultiplePinotSegmentRecordReaderTest
[123] WARN TestMethodFilter - NoClassDefFoundError: class org.apache.pinot.segment.local.segment.readers.PinotSegmentUtil
[123] WARN TestMethodFilter - NoClassDefFoundError: class org.apache.pinot.segment.local.segment.readers.PinotSegmentRecordReaderTest
[124] WARN TestMethodFilter - NoClassDefFoundError: class org.apache.pinot.segment.local.segment.store.SingleFileIndexDirectoryTest
[124] WARN TestMethodFilter - NoClassDefFoundError: class org.apache.pinot.segment.local.segment.store.SegmentLocalFSDirectoryTest
[124] WARN TestMethodFilter - NoClassDefFoundError: class org.apache.pinot.segment.local.segment.store.FilePerIndexDirectoryTest
[125] WARN TestMethodFilter - NoClassDefFoundError: class org.apache.pinot.segment.local.indexsegment.mutable.MutableSegmentImplIngestionAggregationTest
[125] WARN TestMethodFilter - NoClassDefFoundError: class org.apache.pinot.segment.local.indexsegment.mutable.MutableSegmentImplTestUtils
[125] WARN TestMethodFilter - NoClassDefFoundError: class org.apache.pinot.segment.local.indexsegment.mutable.IndexingFailureTest
[126] WARN TestMethodFilter - NoClassDefFoundError: class org.apache.pinot.segment.local.indexsegment.mutable.MutableSegmentImplUpsertTest
[126] WARN TestMethodFilter - NoClassDefFoundError: class org.apache.pinot.segment.local.indexsegment.mutable.MutableSegmentImplTest
[126] WARN TestMethodFilter - NoClassDefFoundError: class org.apache.pinot.segment.local.indexsegment.mutable.IntermediateSegmentTest
[126] WARN TestMethodFilter - NoClassDefFoundError: class org.apache.pinot.segment.local.indexsegment.mutable.MutableSegmentImplAggregateMetricsTest
[127] WARN TestMethodFilter - NoClassDefFoundError: class org.apache.pinot.segment.local.indexsegment.mutable.MutableSegmentImplUpsertComparisonColTest
[133] WARN TestMethodFilter - NoClassDefFoundError: class org.apache.pinot.segment.local.startree.v2.builder.OffHeapSingleTreeBuilder
[133] WARN TestMethodFilter - NoClassDefFoundError: class org.apache.pinot.segment.local.startree.v2.builder.OnHeapSingleTreeBuilder
[133] WARN TestMethodFilter - NoClassDefFoundError: class org.apache.pinot.segment.local.startree.v2.builder.StarTreeV2BuilderConfig
[134] WARN TestMethodFilter - NoClassDefFoundError: class org.apache.pinot.segment.local.startree.v2.builder.MultipleTreesBuilder
[134] WARN TestMethodFilter - NoClassDefFoundError: class org.apache.pinot.segment.local.startree.v2.store.StarTreeIndexMapUtils
[134] WARN TestMethodFilter - NoClassDefFoundError: class org.apache.pinot.segment.local.startree.v2.store.StarTreeLoaderUtils
[134] WARN TestMethodFilter - NoClassDefFoundError: class org.apache.pinot.segment.local.startree.StarTreeBuilderUtils
[134] WARN TestMethodFilter - NoClassDefFoundError: class org.apache.pinot.segment.local.upsert.PartialUpsertHandler
[134] WARN TestMethodFilter - NoClassDefFoundError: class org.apache.pinot.segment.local.upsert.merger.PartialUpsertMergerFactory
[134] WARN TestMethodFilter - NoClassDefFoundError: class org.apache.pinot.segment.local.upsert.RecordLocation
[135] WARN TestMethodFilter - NoClassDefFoundError: class org.apache.pinot.segment.local.upsert.PartitionUpsertMetadataManager
[135] WARN TestMethodFilter - NoClassDefFoundError: class org.apache.pinot.segment.local.aggregator.SumPrecisionValueAggregator
[135] WARN TestMethodFilter - NoClassDefFoundError: class org.apache.pinot.segment.local.aggregator.MaxValueAggregator
[135] WARN TestMethodFilter - NoClassDefFoundError: class org.apache.pinot.segment.local.aggregator.DistinctCountHLLValueAggregator
[135] WARN TestMethodFilter - NoClassDefFoundError: class org.apache.pinot.segment.local.aggregator.AvgValueAggregator
[135] WARN TestMethodFilter - NoClassDefFoundError: class org.apache.pinot.segment.local.aggregator.PercentileEstValueAggregator
[135] WARN TestMethodFilter - NoClassDefFoundError: class org.apache.pinot.segment.local.aggregator.DistinctCountBitmapValueAggregator
[135] WARN TestMethodFilter - NoClassDefFoundError: class org.apache.pinot.segment.local.aggregator.ValueAggregatorFactory
[135] WARN TestMethodFilter - NoClassDefFoundError: class org.apache.pinot.segment.local.aggregator.CountValueAggregator
[135] WARN TestMethodFilter - NoClassDefFoundError: class org.apache.pinot.segment.local.aggregator.MinValueAggregator
[135] WARN TestMethodFilter - NoClassDefFoundError: class org.apache.pinot.segment.local.aggregator.MinMaxRangeValueAggregator
[135] WARN TestMethodFilter - NoClassDefFoundError: class org.apache.pinot.segment.local.aggregator.SumValueAggregator
[135] WARN TestMethodFilter - NoClassDefFoundError: class org.apache.pinot.segment.local.aggregator.PercentileTDigestValueAggregator
[135] WARN TestMethodFilter - NoClassDefFoundError: class org.apache.pinot.segment.local.utils.SchemaUtils
[135] WARN TestMethodFilter - NoClassDefFoundError: class org.apache.pinot.segment.local.utils.HashUtils
[136] WARN TestMethodFilter - NoClassDefFoundError: class org.apache.pinot.segment.local.utils.ReplicationUtils
[136] WARN TestMethodFilter - NoClassDefFoundError: class org.apache.pinot.segment.local.utils.SegmentPushUtils
[136] WARN TestMethodFilter - NoClassDefFoundError: class org.apache.pinot.segment.local.utils.H3Utils
[136] WARN TestMethodFilter - NoClassDefFoundError: class org.apache.pinot.segment.local.utils.nativefst.utils.RegexpMatcher
[136] WARN TestMethodFilter - NoClassDefFoundError: class org.apache.pinot.segment.local.utils.nativefst.utils.RealTimeRegexpMatcher
[136] WARN TestMethodFilter - NoClassDefFoundError: class org.apache.pinot.segment.local.utils.nativefst.builder.FSTUtils
[136] WARN TestMethodFilter - NoClassDefFoundError: class org.apache.pinot.segment.local.utils.nativefst.builder.FSTSerializerImpl
[137] WARN TestMethodFilter - NoClassDefFoundError: class org.apache.pinot.segment.local.utils.nativefst.ImmutableFST
[137] WARN TestMethodFilter - NoClassDefFoundError: class org.apache.pinot.segment.local.utils.nativefst.ConstantArcSizeFST
[138] WARN TestMethodFilter - NoClassDefFoundError: class org.apache.pinot.segment.local.utils.RecordInfo
[138] WARN TestMethodFilter - NoClassDefFoundError: class org.apache.pinot.segment.local.utils.GeometrySerializer
[138] WARN TestMethodFilter - NoClassDefFoundError: class org.apache.pinot.segment.local.utils.GeometryUtils
[138] WARN TestMethodFilter - NoClassDefFoundError: class org.apache.pinot.segment.local.utils.tablestate.TableStateUtils
[139] WARN TestMethodFilter - NoClassDefFoundError: class org.apache.pinot.segment.local.utils.TableConfigUtils
[139] WARN TestMethodFilter - NoClassDefFoundError: class org.apache.pinot.segment.local.utils.fst.FSTBuilder
[139] WARN TestMethodFilter - NoClassDefFoundError: class org.apache.pinot.segment.local.utils.fst.RegexpMatcher
[139] WARN TestMethodFilter - NoClassDefFoundError: class org.apache.pinot.segment.local.utils.IngestionUtils
[139] WARN TestMethodFilter - NoClassDefFoundError: class org.apache.pinot.segment.local.data.manager.TableDataManagerConfig
[139] WARN TestMethodFilter - NoClassDefFoundError: class org.apache.pinot.segment.local.recordtransformer.NullValueTransformer
[139] WARN TestMethodFilter - NoClassDefFoundError: class org.apache.pinot.segment.local.recordtransformer.SanitizationTransformer
[139] WARN TestMethodFilter - NoClassDefFoundError: class org.apache.pinot.segment.local.recordtransformer.DataTypeTransformer
[139] WARN TestMethodFilter - NoClassDefFoundError: class org.apache.pinot.segment.local.recordtransformer.ComplexTypeTransformer
[139] WARN TestMethodFilter - NoClassDefFoundError: class org.apache.pinot.segment.local.recordtransformer.ExpressionTransformer
[139] WARN TestMethodFilter - NoClassDefFoundError: class org.apache.pinot.segment.local.recordtransformer.CompositeTransformer
[140] WARN TestMethodFilter - NoClassDefFoundError: class org.apache.pinot.segment.local.recordtransformer.FilterTransformer
[140] WARN TestMethodFilter - NoClassDefFoundError: class org.apache.pinot.segment.local.realtime.impl.RealtimeSegmentConfig
[143] WARN TestMethodFilter - NoClassDefFoundError: class org.apache.pinot.segment.local.realtime.impl.dictionary.MutableDictionaryFactory
[145] WARN TestMethodFilter - NoClassDefFoundError: class org.apache.pinot.segment.local.realtime.converter.RealtimeSegmentConverter
[145] WARN TestMethodFilter - NoClassDefFoundError: class org.apache.pinot.segment.local.function.GroovyFunctionEvaluator
[145] WARN TestMethodFilter - NoClassDefFoundError: class org.apache.pinot.segment.local.function.InbuiltFunctionEvaluator
[145] WARN TestMethodFilter - NoClassDefFoundError: class org.apache.pinot.segment.local.function.TimeSpecFunctionEvaluator
[145] WARN TestMethodFilter - NoClassDefFoundError: class org.apache.pinot.segment.local.function.FunctionEvaluatorFactory
[145] WARN TestMethodFilter - NoClassDefFoundError: class org.apache.pinot.segment.local.dedup.PartitionDedupMetadataManager
[146] WARN TestMethodFilter - NoClassDefFoundError: class org.apache.pinot.segment.local.io.writer.impl.VarByteChunkSVForwardIndexWriterV4
[146] WARN TestMethodFilter - NoClassDefFoundError: class org.apache.pinot.segment.local.io.util.VarLengthValueReader
[148] WARN TestMethodFilter - NoClassDefFoundError: class org.apache.pinot.segment.local.io.compression.ChunkCompressorFactory
[149] WARN TestMethodFilter - NoClassDefFoundError: class org.apache.pinot.segment.local.segment.creator.impl.inv.BitmapInvertedIndexWriter
[150] WARN TestMethodFilter - NoClassDefFoundError: class org.apache.pinot.segment.local.segment.creator.impl.SegmentCreationDriverFactory
[150] WARN TestMethodFilter - NoClassDefFoundError: class org.apache.pinot.segment.local.segment.creator.impl.nullvalue.NullValueVectorCreator
[154] WARN TestMethodFilter - NoClassDefFoundError: class org.apache.pinot.segment.local.segment.creator.Fixtures
[154] WARN TestMethodFilter - NoClassDefFoundError: class org.apache.pinot.segment.local.segment.creator.TransformPipeline
[154] WARN TestMethodFilter - NoClassDefFoundError: class org.apache.pinot.segment.local.segment.index.column.DefaultNullValueVirtualColumnProvider
[155] WARN TestMethodFilter - NoClassDefFoundError: class org.apache.pinot.segment.local.segment.index.column.IntermediateIndexContainer
[155] WARN TestMethodFilter - NoClassDefFoundError: class org.apache.pinot.segment.local.segment.index.converter.SegmentFormatConverterFactory
[155] WARN TestMethodFilter - NoClassDefFoundError: class org.apache.pinot.segment.local.segment.index.loader.LoaderUtils
[155] WARN TestMethodFilter - NoClassDefFoundError: class org.apache.pinot.segment.local.segment.index.loader.bloomfilter.BloomFilterHandler
[155] WARN TestMethodFilter - NoClassDefFoundError: class org.apache.pinot.segment.local.segment.index.loader.IndexLoadingConfig
[155] WARN TestMethodFilter - NoClassDefFoundError: class org.apache.pinot.segment.local.segment.index.loader.defaultcolumn.DefaultColumnHandlerFactory
[155] WARN TestMethodFilter - NoClassDefFoundError: class org.apache.pinot.segment.local.segment.index.loader.defaultcolumn.V1DefaultColumnHandler
[156] WARN TestMethodFilter - NoClassDefFoundError: class org.apache.pinot.segment.local.segment.index.loader.defaultcolumn.V3DefaultColumnHandler
[156] WARN TestMethodFilter - NoClassDefFoundError: class org.apache.pinot.segment.local.segment.index.loader.invertedindex.FSTIndexHandler
[156] WARN TestMethodFilter - NoClassDefFoundError: class org.apache.pinot.segment.local.segment.index.loader.invertedindex.InvertedIndexHandler
[156] WARN TestMethodFilter - NoClassDefFoundError: class org.apache.pinot.segment.local.segment.index.loader.invertedindex.TextIndexHandler
[156] WARN TestMethodFilter - NoClassDefFoundError: class org.apache.pinot.segment.local.segment.index.loader.invertedindex.JsonIndexHandler
[156] WARN TestMethodFilter - NoClassDefFoundError: class org.apache.pinot.segment.local.segment.index.loader.invertedindex.RangeIndexHandler
[156] WARN TestMethodFilter - NoClassDefFoundError: class org.apache.pinot.segment.local.segment.index.loader.invertedindex.H3IndexHandler
[156] WARN TestMethodFilter - NoClassDefFoundError: class org.apache.pinot.segment.local.segment.index.loader.IndexHandlerFactory
[156] WARN TestMethodFilter - NoClassDefFoundError: class org.apache.pinot.segment.local.segment.index.loader.SegmentPreProcessor
[164] WARN TestMethodFilter - NoClassDefFoundError: class org.apache.pinot.segment.local.segment.index.readers.bloom.BloomFilterReaderFactory
[165] WARN TestMethodFilter - NoClassDefFoundError: class org.apache.pinot.segment.local.segment.readers.PinotSegmentColumnReader
[165] WARN TestMethodFilter - NoClassDefFoundError: class org.apache.pinot.segment.local.segment.store.IndexKey
[166] WARN TestMethodFilter - NoClassDefFoundError: class org.apache.pinot.segment.local.segment.store.TextIndexUtils
[166] WARN TestMethodFilter - NoClassDefFoundError: class org.apache.pinot.segment.local.segment.virtualcolumn.DocIdVirtualColumnProvider
[166] WARN TestMethodFilter - NoClassDefFoundError: class org.apache.pinot.segment.local.segment.virtualcolumn.VirtualColumnProviderFactory
[166] WARN TestMethodFilter - NoClassDefFoundError: class org.apache.pinot.segment.local.segment.virtualcolumn.VirtualColumnContext
[168] WARN TestMethodFilter - NoClassDefFoundError: class org.apache.pinot.segment.local.indexsegment.immutable.ImmutableSegmentLoader
[168] WARN TestMethodFilter - NoClassDefFoundError: class org.apache.pinot.segment.local.startree.v2.builder.StarTreeV2BuilderConfigTest
[169] WARN TestMethodFilter - NoClassDefFoundError: class org.apache.pinot.segment.local.upsert.PartitionUpsertMetadataManagerTest
[169] WARN TestMethodFilter - NoClassDefFoundError: class org.apache.pinot.segment.local.utils.TableConfigUtilsTest
[170] WARN TestMethodFilter - NoClassDefFoundError: class org.apache.pinot.segment.local.utils.nativefst.FSTTraversalTest
[170] WARN TestMethodFilter - NoClassDefFoundError: class org.apache.pinot.segment.local.utils.nativefst.ImmutableFSTSerializerTest
[170] WARN TestMethodFilter - NoClassDefFoundError: class org.apache.pinot.segment.local.utils.nativefst.ImmutableFSTDeserializedTest
[171] WARN TestMethodFilter - NoClassDefFoundError: class org.apache.pinot.segment.local.utils.IngestionUtilsTest
[171] WARN TestMethodFilter - NoClassDefFoundError: class org.apache.pinot.segment.local.utils.fst.FSTBuilderTest
[171] WARN TestMethodFilter - NoClassDefFoundError: class org.apache.pinot.segment.local.recordtransformer.ExpressionTransformerTest
[171] WARN TestMethodFilter - NoClassDefFoundError: class org.apache.pinot.segment.local.recordtransformer.RecordTransformerTest
[172] WARN TestMethodFilter - NoClassDefFoundError: class org.apache.pinot.segment.local.realtime.impl.dictionary.MutableDictionaryTest
[172] WARN TestMethodFilter - NoClassDefFoundError: class org.apache.pinot.segment.local.realtime.impl.dictionary.OffHeapMutableBytesStoreTest
[172] WARN TestMethodFilter - NoClassDefFoundError: class org.apache.pinot.segment.local.realtime.impl.dictionary.MultiValueDictionaryTest
[172] WARN TestMethodFilter - NoClassDefFoundError: class org.apache.pinot.segment.local.realtime.impl.invertedindex.NativeMutableTextIndexConcurrentTest
[173] WARN TestMethodFilter - NoClassDefFoundError: class org.apache.pinot.segment.local.dedup.PartitionDedupMetadataManagerTest
[173] WARN TestMethodFilter - NoClassDefFoundError: class org.apache.pinot.segment.local.io.writer.impl.VarByteChunkSVForwardIndexWriterTest
[173] WARN TestMethodFilter - NoClassDefFoundError: class org.apache.pinot.segment.local.io.writer.impl.MutableOffHeapByteArrayStoreTest
[173] WARN TestMethodFilter - NoClassDefFoundError: class org.apache.pinot.segment.local.io.writer.impl.MmapMemoryManagerTest
[173] WARN TestMethodFilter - NoClassDefFoundError: class org.apache.pinot.segment.local.io.writer.impl.MmapMemoryManagerFileCleanupTest
[173] WARN TestMethodFilter - NoClassDefFoundError: class org.apache.pinot.segment.local.io.util.PinotDataBitSetTest
[173] WARN TestMethodFilter - NoClassDefFoundError: class org.apache.pinot.segment.local.io.compression.TestCompression
[174] WARN TestMethodFilter - NoClassDefFoundError: class org.apache.pinot.segment.local.segment.creator.SegmentTestUtils
[174] WARN TestMethodFilter - NoClassDefFoundError: class org.apache.pinot.segment.local.segment.creator.impl.SegmentColumnarIndexCreatorTest
[174] WARN TestMethodFilter - NoClassDefFoundError: class org.apache.pinot.segment.local.segment.creator.TransformPipelineTest
[174] WARN TestMethodFilter - NoClassDefFoundError: class org.apache.pinot.segment.local.segment.creator.BitmapInvertedIndexTest
[174] WARN TestMethodFilter - NoClassDefFoundError: class org.apache.pinot.segment.local.segment.creator.DictionaryOptimiserTest
[174] WARN TestMethodFilter - NoClassDefFoundError: class org.apache.pinot.segment.local.segment.creator.DictionariesTest
[174] WARN TestMethodFilter - NoClassDefFoundError: class org.apache.pinot.segment.local.segment.creator.FixedIntArrayIdMapTest
[174] WARN TestMethodFilter - NoClassDefFoundError: class org.apache.pinot.segment.local.segment.creator.OnHeapDictionariesTest
[174] WARN TestMethodFilter - NoClassDefFoundError: class org.apache.pinot.segment.local.segment.creator.BitmapInvertedIndexCreatorTest
[175] WARN TestMethodFilter - NoClassDefFoundError: class org.apache.pinot.segment.local.segment.loader.SegmentDirectoryLoaderRegistryTest
[175] WARN TestMethodFilter - NoClassDefFoundError: class org.apache.pinot.segment.local.segment.index.readerwriter.FixedByteSingleValueMultiColumnReaderWriterTest
[175] WARN TestMethodFilter - NoClassDefFoundError: class org.apache.pinot.segment.local.segment.index.column.DefaultNullValueVirtualColumnProviderTest
[175] WARN TestMethodFilter - NoClassDefFoundError: class org.apache.pinot.segment.local.segment.index.creator.SegmentGenerationWithMultipleRecordsTest
[175] WARN TestMethodFilter - NoClassDefFoundError: class org.apache.pinot.segment.local.segment.index.creator.SegmentGenerationWithFilterRecordsTest
[175] WARN TestMethodFilter - NoClassDefFoundError: class org.apache.pinot.segment.local.segment.index.creator.MultiValueVarByteRawIndexCreatorTest
[175] WARN TestMethodFilter - NoClassDefFoundError: class org.apache.pinot.segment.local.segment.index.creator.inv.BitmapInvertedIndexWriterTest
[175] WARN TestMethodFilter - NoClassDefFoundError: class org.apache.pinot.segment.local.segment.index.creator.SegmentGenerationWithBytesTypeTest
[175] WARN TestMethodFilter - NoClassDefFoundError: class org.apache.pinot.segment.local.segment.index.creator.MultiValueFixedByteRawIndexCreatorTest
[176] WARN TestMethodFilter - NoClassDefFoundError: class org.apache.pinot.segment.local.segment.index.creator.BitSlicedIndexCreatorTest
[176] WARN TestMethodFilter - NoClassDefFoundError: class org.apache.pinot.segment.local.segment.index.creator.RawIndexCreatorTest
[176] WARN TestMethodFilter - NoClassDefFoundError: class org.apache.pinot.segment.local.segment.index.creator.SegmentGenerationWithNoRecordsTest
[176] WARN TestMethodFilter - NoClassDefFoundError: class org.apache.pinot.segment.local.segment.index.creator.VarByteChunkV4Test
[176] WARN TestMethodFilter - NoClassDefFoundError: class org.apache.pinot.segment.local.segment.index.creator.RangeIndexCreatorTest
[176] WARN TestMethodFilter - NoClassDefFoundError: class org.apache.pinot.segment.local.segment.index.creator.SegmentGenerationWithTimeColumnTest
[176] WARN TestMethodFilter - NoClassDefFoundError: class org.apache.pinot.segment.local.segment.index.creator.SegmentPartitionTest
[176] WARN TestMethodFilter - NoClassDefFoundError: class org.apache.pinot.segment.local.segment.index.creator.BloomFilterCreatorTest
[176] WARN TestMethodFilter - NoClassDefFoundError: class org.apache.pinot.segment.local.segment.index.forward.mutable.FixedByteSVMutableForwardIndexTest
[177] WARN TestMethodFilter - NoClassDefFoundError: class org.apache.pinot.segment.local.segment.index.forward.mutable.FixedByteMVMutableForwardIndexTest
[177] WARN TestMethodFilter - NoClassDefFoundError: class org.apache.pinot.segment.local.segment.index.forward.mutable.VarByteSVMutableForwardIndexTest
[177] WARN TestMethodFilter - NoClassDefFoundError: class org.apache.pinot.segment.local.segment.index.forward.FixedByteChunkSVForwardIndexTest
[177] WARN TestMethodFilter - NoClassDefFoundError: class org.apache.pinot.segment.local.segment.index.forward.VarByteChunkSVForwardIndexTest
[177] WARN TestMethodFilter - NoClassDefFoundError: class org.apache.pinot.segment.local.segment.index.converter.SegmentV1V2ToV3FormatConverterTest
[177] WARN TestMethodFilter - NoClassDefFoundError: class org.apache.pinot.segment.local.segment.index.ColumnMetadataTest
[177] WARN TestMethodFilter - NoClassDefFoundError: class org.apache.pinot.segment.local.segment.index.H3IndexTest
[177] WARN TestMethodFilter - NoClassDefFoundError: class org.apache.pinot.segment.local.segment.index.IndexOverridesTest
[177] WARN TestMethodFilter - NoClassDefFoundError: class org.apache.pinot.segment.local.segment.index.loader.LoaderTest
[177] WARN TestMethodFilter - NoClassDefFoundError: class org.apache.pinot.segment.local.segment.index.loader.SegmentPreProcessorTest
[178] WARN TestMethodFilter - NoClassDefFoundError: class org.apache.pinot.segment.local.segment.index.loader.defaultcolumn.BaseDefaultColumnHandlerTest
[178] WARN TestMethodFilter - NoClassDefFoundError: class org.apache.pinot.segment.local.segment.index.readers.NullValueVectorReaderImplTest
[178] WARN TestMethodFilter - NoClassDefFoundError: class org.apache.pinot.segment.local.segment.index.readers.ImmutableDictionaryTest
[179] WARN TestMethodFilter - NoClassDefFoundError: class org.apache.pinot.segment.local.segment.index.readers.ImmutableDictionaryTypeConversionTest
[179] WARN TestMethodFilter - NoClassDefFoundError: class org.apache.pinot.segment.local.segment.index.JsonIndexTest
[179] WARN TestMethodFilter - NoClassDefFoundError: class org.apache.pinot.segment.local.segment.readers.RecordReaderSampleDataTest
[179] WARN TestMethodFilter - NoClassDefFoundError: class org.apache.pinot.segment.local.segment.readers.MultiplePinotSegmentRecordReaderTest
[179] WARN TestMethodFilter - NoClassDefFoundError: class org.apache.pinot.segment.local.segment.readers.PinotSegmentUtil
[179] WARN TestMethodFilter - NoClassDefFoundError: class org.apache.pinot.segment.local.segment.readers.PinotSegmentRecordReaderTest
[179] WARN TestMethodFilter - NoClassDefFoundError: class org.apache.pinot.segment.local.segment.store.SingleFileIndexDirectoryTest
[179] WARN TestMethodFilter - NoClassDefFoundError: class org.apache.pinot.segment.local.segment.store.SegmentLocalFSDirectoryTest
[179] WARN TestMethodFilter - NoClassDefFoundError: class org.apache.pinot.segment.local.segment.store.FilePerIndexDirectoryTest
[179] WARN TestMethodFilter - NoClassDefFoundError: class org.apache.pinot.segment.local.segment.store.ColumnIndexDirectoryTestHelper
[180] WARN TestMethodFilter - NoClassDefFoundError: class org.apache.pinot.segment.local.indexsegment.mutable.MutableSegmentImplIngestionAggregationTest
[180] WARN TestMethodFilter - NoClassDefFoundError: class org.apache.pinot.segment.local.indexsegment.mutable.MutableSegmentImplTestUtils
[180] WARN TestMethodFilter - NoClassDefFoundError: class org.apache.pinot.segment.local.indexsegment.mutable.IndexingFailureTest
[180] WARN TestMethodFilter - NoClassDefFoundError: class org.apache.pinot.segment.local.indexsegment.mutable.MutableSegmentImplUpsertTest
[180] WARN TestMethodFilter - NoClassDefFoundError: class org.apache.pinot.segment.local.indexsegment.mutable.MutableSegmentImplTest
[180] WARN TestMethodFilter - NoClassDefFoundError: class org.apache.pinot.segment.local.indexsegment.mutable.IntermediateSegmentTest
[180] WARN TestMethodFilter - NoClassDefFoundError: class org.apache.pinot.segment.local.indexsegment.mutable.MutableSegmentImplAggregateMetricsTest
[180] WARN TestMethodFilter - NoClassDefFoundError: class org.apache.pinot.segment.local.indexsegment.mutable.MutableSegmentImplUpsertComparisonColTest
[182] INFO CoverageRunner - Tests found: 0
[182] INFO CoverageRunner - Tests executed: 0
04:51:36.962 [main] INFO  fr.inria.jtravis.JTravis - GitHub ratelimit: Limit: 5000 Remaining: 3385 Reset hour: 04:40:30
04:51:38.072 [main] WARN  f.i.s.r.p.s.p.PushFaultLocalizationSuggestionsOnGitHubRepository - Flacoco has found 0 suspicious lines, but none were matched to the diff
04:51:38.072 [main] INFO  f.i.s.r.p.s.f.FlacocoLocalization - 
04:51:41.930 [main] INFO  f.i.s.r.p.i.ProjectInspector - ----------------------------------------------------------------------
04:51:41.930 [main] INFO  f.i.s.r.p.i.ProjectInspector - PIPELINE EXECUTION SUMMARY
04:51:41.930 [main] INFO  f.i.s.r.p.i.ProjectInspector - ----------------------------------------------------------------------
04:51:41.931 [main] INFO  f.i.s.r.p.i.ProjectInspector - CloneCheckoutGitPullRequest..........................SUCCESS [  20 s ]
04:51:41.931 [main] INFO  f.i.s.r.p.i.ProjectInspector - BuildProject.........................................SUCCESS [ 491 s ]
04:51:41.931 [main] INFO  f.i.s.r.p.i.ProjectInspector - TestProject..........................................SUCCESS [ 347 s ]
04:51:41.931 [main] INFO  f.i.s.r.p.i.ProjectInspector - ComputeClasspath.....................................SUCCESS [   5 s ]
04:51:41.931 [main] INFO  f.i.s.r.p.i.ProjectInspector - ComputeSourceDir.....................................SUCCESS [   0 s ]
04:51:41.931 [main] INFO  f.i.s.r.p.i.ProjectInspector - ComputeTestDir.......................................SUCCESS [   0 s ]
04:51:41.931 [main] INFO  f.i.s.r.p.i.ProjectInspector - GatherTestInformation................................SUCCESS [   0 s ]
04:51:41.931 [main] INFO  f.i.s.r.p.i.ProjectInspector - FlacocoLocalization..................................SUCCESS [   0 s ]
04:51:41.931 [main] INFO  f.i.s.r.p.i.ProjectInspector - PushFaultLocalizationSuggestionsOnGitHubRepository...SKIPPED          
04:51:41.931 [main] INFO  f.i.s.r.p.i.ProjectInspector - ----------------------------------------------------------------------
04:51:41.931 [main] INFO  f.i.s.r.p.i.ProjectInspector - PIPELINE FINDING: TEST FAILURE
04:51:41.931 [main] INFO  f.i.s.r.p.i.ProjectInspector - ----------------------------------------------------------------------
04:51:41.931 [main] INFO  f.i.s.r.p.github.GithubMainProcess - Inspector is finished. The process will exit now.
