Execute pipeline with following supplementary args: --smtpPort 25 --listenerMode NOOP --launcherMode FAULT_LOCALIZATION  --gitrepourl https://github.com/INRIA/spoon --gitrepopullrequest 4702
java -cp /usr/local/openjdk-11/lib/tools.jar:repairnator-pipeline.jar -Dlogback.configurationFile=/root/logback.xml fr.inria.spirals.repairnator.pipeline.Launcher -d --runId null -o /var/log --ghOauth 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 --faultLocalization --flacocoThreshold 0.0 --flacocoTopK null --flacocoResultsRepository null --ghOauth  --smtpPort 25 --listenerMode NOOP --launcherMode FAULT_LOCALIZATION  --gitrepourl https://github.com/INRIA/spoon --gitrepopullrequest 4702

20:01:34.658 [main] INFO  f.i.s.r.p.g.GithubInitSerializerEngines - Initialize file serializer engines.
20:01:34.659 [main] INFO  f.i.s.r.p.g.GithubInitSerializerEngines - MongoDB won't be used for serialization.
20:01:34.659 [main] INFO  f.i.s.r.p.github.GithubInitNotifiers - The email notifier engine won't be used.
20:01:34.674 [main] INFO  f.i.s.r.p.i.ProjectInspector - ----------------------------------------------------------------------
20:01:34.674 [main] INFO  f.i.s.r.p.i.ProjectInspector - PIPELINE STEPS
20:01:34.674 [main] INFO  f.i.s.r.p.i.ProjectInspector - ----------------------------------------------------------------------
20:01:34.674 [main] INFO  f.i.s.r.p.i.ProjectInspector - CloneCheckoutGitPullRequest
20:01:34.674 [main] INFO  f.i.s.r.p.i.ProjectInspector - BuildProject
20:01:34.674 [main] INFO  f.i.s.r.p.i.ProjectInspector - TestProject
20:01:34.674 [main] INFO  f.i.s.r.p.i.ProjectInspector - ComputeClasspath
20:01:34.674 [main] INFO  f.i.s.r.p.i.ProjectInspector - ComputeSourceDir
20:01:34.674 [main] INFO  f.i.s.r.p.i.ProjectInspector - ComputeTestDir
20:01:34.674 [main] INFO  f.i.s.r.p.i.ProjectInspector - GatherTestInformation
20:01:34.675 [main] INFO  f.i.s.r.p.i.ProjectInspector - FlacocoLocalization
20:01:34.675 [main] INFO  f.i.s.r.p.i.ProjectInspector - PushFaultLocalizationSuggestions
20:01:34.675 [main] INFO  f.i.s.r.p.s.CloneCheckoutGitPullRequest - Cloning repository https://github.com/INRIA/spoon.git in the following directory: ./workspace/INRIA-spoon-master-4702_repo
20:02:35.987 [Thread-8] ERROR f.i.s.r.p.m.output.MavenErrorHandler - Apr 21, 2022 8:02:35 PM org.junit.jupiter.engine.discovery.MethodSelectorResolver resolve
20:02:35.988 [Thread-8] ERROR f.i.s.r.p.m.output.MavenErrorHandler - WARNING: Possible configuration error: method [public void spoon.test.prettyprinter.TestSniperPrinter.testNoChangeDiff(java.io.File) throws java.io.IOException] resulted in multiple TestDescriptors [org.junit.jupiter.engine.descriptor.TestMethodTestDescriptor, org.junit.jupiter.engine.descriptor.TestTemplateTestDescriptor]. This is typically the result of annotating a method with multiple competing annotations such as @Test, @RepeatedTest, @ParameterizedTest, @TestFactory, etc.
20:02:36.086 [Thread-8] ERROR f.i.s.r.p.m.output.MavenErrorHandler - Apr 21, 2022 8:02:36 PM org.junit.jupiter.engine.discovery.MethodSelectorResolver resolve
20:02:36.086 [Thread-8] ERROR f.i.s.r.p.m.output.MavenErrorHandler - WARNING: Possible configuration error: method [public void spoon.test.prettyprinter.TestSniperPrinter.testNoChangeDiff(java.io.File) throws java.io.IOException] resulted in multiple TestDescriptors [org.junit.jupiter.engine.descriptor.TestTemplateTestDescriptor, org.junit.jupiter.engine.descriptor.TestMethodTestDescriptor]. This is typically the result of annotating a method with multiple competing annotations such as @Test, @RepeatedTest, @ParameterizedTest, @TestFactory, etc.
20:04:25.994 [Thread-7] ERROR f.i.s.r.p.m.o.MavenFilterOutputHandler - [ERROR] Tests run: 4, Failures: 0, Errors: 2, Skipped: 0, Time elapsed: 9.137 s <<< FAILURE! - in spoon.test.main.MainTest
20:04:25.994 [Thread-7] ERROR f.i.s.r.p.m.o.MavenFilterOutputHandler - [ERROR] spoon.test.main.MainTest.testTest  Time elapsed: 8.123 s  <<< ERROR!
20:04:26.000 [Thread-7] ERROR f.i.s.r.p.m.o.MavenFilterOutputHandler - [ERROR] spoon.test.main.MainTest.testGenericContract  Time elapsed: 0.947 s  <<< ERROR!
20:04:59.423 [Thread-7] ERROR f.i.s.r.p.m.o.MavenFilterOutputHandler - [ERROR] Tests run: 4, Failures: 2, Errors: 0, Skipped: 2, Time elapsed: 0.309 s <<< FAILURE! - in spoon.test.spoonifier.SpoonifierTest
20:04:59.424 [Thread-7] ERROR f.i.s.r.p.m.o.MavenFilterOutputHandler - [ERROR] spoon.test.spoonifier.SpoonifierTest.testSpoonifier  Time elapsed: 0.298 s  <<< FAILURE!
20:04:59.432 [Thread-7] ERROR f.i.s.r.p.m.o.MavenFilterOutputHandler - [ERROR] spoon.test.spoonifier.SpoonifierTest.testGeneratedSpoonifierCode  Time elapsed: 0.008 s  <<< FAILURE!
20:05:06.635 [Thread-8] ERROR f.i.s.r.p.m.output.MavenErrorHandler - Apr 21, 2022 8:05:06 PM org.junit.jupiter.engine.descriptor.MethodBasedTestDescriptor lambda$invokeTestWatchers$3
20:05:06.635 [Thread-8] ERROR f.i.s.r.p.m.output.MavenErrorHandler - WARNING: Failed to invoke TestWatcher [spoon.test.GitHubIssue$UnresolvedBugExtension] for method [spoon.test.prettyprinter.TestSniperPrinter#testNoChangeDiff(java.io.File)] with display name [[2] src/test/java/spoon/test/prettyprinter/testclasses/difftest/ExceptionTest.java]
20:05:06.636 [Thread-8] ERROR f.i.s.r.p.m.output.MavenErrorHandler - org.opentest4j.AssertionFailedError: Method testNoChangeDiff must fail
20:05:06.636 [Thread-8] ERROR f.i.s.r.p.m.output.MavenErrorHandler - 	at org.junit.jupiter.api.AssertionUtils.fail(AssertionUtils.java:39)
20:05:06.636 [Thread-8] ERROR f.i.s.r.p.m.output.MavenErrorHandler - 	at org.junit.jupiter.api.Assertions.fail(Assertions.java:134)
20:05:06.636 [Thread-8] ERROR f.i.s.r.p.m.output.MavenErrorHandler - 	at spoon.test.GitHubIssue$UnresolvedBugExtension.testSuccessful(GitHubIssue.java:63)
20:05:06.636 [Thread-8] ERROR f.i.s.r.p.m.output.MavenErrorHandler - 	at org.junit.jupiter.engine.descriptor.TestMethodTestDescriptor.lambda$nodeFinished$15(TestMethodTestDescriptor.java:297)
20:05:06.636 [Thread-8] ERROR f.i.s.r.p.m.output.MavenErrorHandler - 	at org.junit.jupiter.engine.descriptor.MethodBasedTestDescriptor.lambda$invokeTestWatchers$3(MethodBasedTestDescriptor.java:134)
20:05:06.636 [Thread-8] ERROR f.i.s.r.p.m.output.MavenErrorHandler - 	at java.base/java.util.ArrayList.forEach(ArrayList.java:1540)
20:05:06.636 [Thread-8] ERROR f.i.s.r.p.m.output.MavenErrorHandler - 	at org.junit.jupiter.engine.descriptor.MethodBasedTestDescriptor.invokeTestWatchers(MethodBasedTestDescriptor.java:132)
20:05:06.636 [Thread-8] ERROR f.i.s.r.p.m.output.MavenErrorHandler - 	at org.junit.jupiter.engine.descriptor.TestMethodTestDescriptor.nodeFinished(TestMethodTestDescriptor.java:294)
20:05:06.636 [Thread-8] ERROR f.i.s.r.p.m.output.MavenErrorHandler - 	at org.junit.jupiter.engine.descriptor.TestMethodTestDescriptor.nodeFinished(TestMethodTestDescriptor.java:66)
20:05:06.636 [Thread-8] ERROR f.i.s.r.p.m.output.MavenErrorHandler - 	at org.junit.platform.engine.support.hierarchical.NodeTestTask.reportCompletion(NodeTestTask.java:188)
20:05:06.636 [Thread-8] ERROR f.i.s.r.p.m.output.MavenErrorHandler - 	at org.junit.platform.engine.support.hierarchical.NodeTestTask.execute(NodeTestTask.java:100)
20:05:06.636 [Thread-8] ERROR f.i.s.r.p.m.output.MavenErrorHandler - 	at org.junit.platform.engine.support.hierarchical.SameThreadHierarchicalTestExecutorService.submit(SameThreadHierarchicalTestExecutorService.java:35)
20:05:06.636 [Thread-8] ERROR f.i.s.r.p.m.output.MavenErrorHandler - 	at org.junit.platform.engine.support.hierarchical.NodeTestTask$DefaultDynamicTestExecutor.execute(NodeTestTask.java:226)
20:05:06.636 [Thread-8] ERROR f.i.s.r.p.m.output.MavenErrorHandler - 	at org.junit.platform.engine.support.hierarchical.NodeTestTask$DefaultDynamicTestExecutor.execute(NodeTestTask.java:204)
20:05:06.636 [Thread-8] ERROR f.i.s.r.p.m.output.MavenErrorHandler - 	at org.junit.jupiter.engine.descriptor.TestTemplateTestDescriptor.execute(TestTemplateTestDescriptor.java:139)
20:05:06.637 [Thread-8] ERROR f.i.s.r.p.m.output.MavenErrorHandler - 	at org.junit.jupiter.engine.descriptor.TestTemplateTestDescriptor.lambda$execute$2(TestTemplateTestDescriptor.java:107)
20:05:06.637 [Thread-8] ERROR f.i.s.r.p.m.output.MavenErrorHandler - 	at java.base/java.util.stream.ForEachOps$ForEachOp$OfRef.accept(ForEachOps.java:183)
20:05:06.637 [Thread-8] ERROR f.i.s.r.p.m.output.MavenErrorHandler - 	at java.base/java.util.stream.ReferencePipeline$3$1.accept(ReferencePipeline.java:195)
20:05:06.637 [Thread-8] ERROR f.i.s.r.p.m.output.MavenErrorHandler - 	at java.base/java.util.stream.ReferencePipeline$2$1.accept(ReferencePipeline.java:177)
20:05:06.637 [Thread-8] ERROR f.i.s.r.p.m.output.MavenErrorHandler - 	at java.base/java.util.stream.ReferencePipeline$3$1.accept(ReferencePipeline.java:195)
20:05:06.637 [Thread-8] ERROR f.i.s.r.p.m.output.MavenErrorHandler - 	at java.base/java.util.stream.ForEachOps$ForEachOp$OfRef.accept(ForEachOps.java:183)
20:05:06.637 [Thread-8] ERROR f.i.s.r.p.m.output.MavenErrorHandler - 	at java.base/java.util.stream.ReferencePipeline$3$1.accept(ReferencePipeline.java:195)
20:05:06.637 [Thread-8] ERROR f.i.s.r.p.m.output.MavenErrorHandler - 	at java.base/java.util.stream.ReferencePipeline$3$1.accept(ReferencePipeline.java:195)
20:05:06.637 [Thread-8] ERROR f.i.s.r.p.m.output.MavenErrorHandler - 	at java.base/java.util.stream.ReferencePipeline$3$1.accept(ReferencePipeline.java:195)
20:05:06.637 [Thread-8] ERROR f.i.s.r.p.m.output.MavenErrorHandler - 	at java.base/java.util.stream.ForEachOps$ForEachOp$OfRef.accept(ForEachOps.java:183)
20:05:06.637 [Thread-8] ERROR f.i.s.r.p.m.output.MavenErrorHandler - 	at java.base/java.util.stream.ReferencePipeline$3$1.accept(ReferencePipeline.java:195)
20:05:06.638 [Thread-8] ERROR f.i.s.r.p.m.output.MavenErrorHandler - 	at java.base/java.util.ArrayList$ArrayListSpliterator.forEachRemaining(ArrayList.java:1654)
20:05:06.638 [Thread-8] ERROR f.i.s.r.p.m.output.MavenErrorHandler - 	at java.base/java.util.stream.ReferencePipeline$Head.forEach(ReferencePipeline.java:658)
20:05:06.638 [Thread-8] ERROR f.i.s.r.p.m.output.MavenErrorHandler - 	at java.base/java.util.stream.ReferencePipeline$7$1.accept(ReferencePipeline.java:274)
20:05:06.638 [Thread-8] ERROR f.i.s.r.p.m.output.MavenErrorHandler - 	at java.base/java.util.stream.ReferencePipeline$3$1.accept(ReferencePipeline.java:195)
20:05:06.638 [Thread-8] ERROR f.i.s.r.p.m.output.MavenErrorHandler - 	at java.base/java.util.stream.ReferencePipeline$3$1.accept(ReferencePipeline.java:195)
20:05:06.638 [Thread-8] ERROR f.i.s.r.p.m.output.MavenErrorHandler - 	at java.base/java.util.Spliterators$ArraySpliterator.forEachRemaining(Spliterators.java:948)
20:05:06.638 [Thread-8] ERROR f.i.s.r.p.m.output.MavenErrorHandler - 	at java.base/java.util.stream.AbstractPipeline.copyInto(AbstractPipeline.java:484)
20:05:06.638 [Thread-8] ERROR f.i.s.r.p.m.output.MavenErrorHandler - 	at java.base/java.util.stream.AbstractPipeline.wrapAndCopyInto(AbstractPipeline.java:474)
20:05:06.638 [Thread-8] ERROR f.i.s.r.p.m.output.MavenErrorHandler - 	at java.base/java.util.stream.ForEachOps$ForEachOp.evaluateSequential(ForEachOps.java:150)
20:05:06.638 [Thread-8] ERROR f.i.s.r.p.m.output.MavenErrorHandler - 	at java.base/java.util.stream.ForEachOps$ForEachOp$OfRef.evaluateSequential(ForEachOps.java:173)
20:05:06.638 [Thread-8] ERROR f.i.s.r.p.m.output.MavenErrorHandler - 	at java.base/java.util.stream.AbstractPipeline.evaluate(AbstractPipeline.java:234)
20:05:06.638 [Thread-8] ERROR f.i.s.r.p.m.output.MavenErrorHandler - 	at java.base/java.util.stream.ReferencePipeline.forEach(ReferencePipeline.java:497)
20:05:06.638 [Thread-8] ERROR f.i.s.r.p.m.output.MavenErrorHandler - 	at java.base/java.util.stream.ReferencePipeline$7$1.accept(ReferencePipeline.java:274)
20:05:06.638 [Thread-8] ERROR f.i.s.r.p.m.output.MavenErrorHandler - 	at java.base/java.util.stream.ReferencePipeline$3$1.accept(ReferencePipeline.java:195)
20:05:06.638 [Thread-8] ERROR f.i.s.r.p.m.output.MavenErrorHandler - 	at java.base/java.util.stream.ReferencePipeline$3$1.accept(ReferencePipeline.java:195)
20:05:06.638 [Thread-8] ERROR f.i.s.r.p.m.output.MavenErrorHandler - 	at java.base/java.util.stream.ReferencePipeline$3$1.accept(ReferencePipeline.java:195)
20:05:06.639 [Thread-8] ERROR f.i.s.r.p.m.output.MavenErrorHandler - 	at java.base/java.util.ArrayList$ArrayListSpliterator.forEachRemaining(ArrayList.java:1654)
20:05:06.639 [Thread-8] ERROR f.i.s.r.p.m.output.MavenErrorHandler - 	at java.base/java.util.stream.AbstractPipeline.copyInto(AbstractPipeline.java:484)
20:05:06.639 [Thread-8] ERROR f.i.s.r.p.m.output.MavenErrorHandler - 	at java.base/java.util.stream.AbstractPipeline.wrapAndCopyInto(AbstractPipeline.java:474)
20:05:06.639 [Thread-8] ERROR f.i.s.r.p.m.output.MavenErrorHandler - 	at java.base/java.util.stream.ForEachOps$ForEachOp.evaluateSequential(ForEachOps.java:150)
20:05:06.639 [Thread-8] ERROR f.i.s.r.p.m.output.MavenErrorHandler - 	at java.base/java.util.stream.ForEachOps$ForEachOp$OfRef.evaluateSequential(ForEachOps.java:173)
20:05:06.639 [Thread-8] ERROR f.i.s.r.p.m.output.MavenErrorHandler - 	at java.base/java.util.stream.AbstractPipeline.evaluate(AbstractPipeline.java:234)
20:05:06.639 [Thread-8] ERROR f.i.s.r.p.m.output.MavenErrorHandler - 	at java.base/java.util.stream.ReferencePipeline.forEach(ReferencePipeline.java:497)
20:05:06.639 [Thread-8] ERROR f.i.s.r.p.m.output.MavenErrorHandler - 	at java.base/java.util.stream.ReferencePipeline$7$1.accept(ReferencePipeline.java:274)
20:05:06.639 [Thread-8] ERROR f.i.s.r.p.m.output.MavenErrorHandler - 	at java.base/java.util.ArrayList$ArrayListSpliterator.forEachRemaining(ArrayList.java:1654)
20:05:06.639 [Thread-8] ERROR f.i.s.r.p.m.output.MavenErrorHandler - 	at java.base/java.util.stream.AbstractPipeline.copyInto(AbstractPipeline.java:484)
20:05:06.639 [Thread-8] ERROR f.i.s.r.p.m.output.MavenErrorHandler - 	at java.base/java.util.stream.AbstractPipeline.wrapAndCopyInto(AbstractPipeline.java:474)
20:05:06.639 [Thread-8] ERROR f.i.s.r.p.m.output.MavenErrorHandler - 	at java.base/java.util.stream.ForEachOps$ForEachOp.evaluateSequential(ForEachOps.java:150)
20:05:06.639 [Thread-8] ERROR f.i.s.r.p.m.output.MavenErrorHandler - 	at java.base/java.util.stream.ForEachOps$ForEachOp$OfRef.evaluateSequential(ForEachOps.java:173)
20:05:06.639 [Thread-8] ERROR f.i.s.r.p.m.output.MavenErrorHandler - 	at java.base/java.util.stream.AbstractPipeline.evaluate(AbstractPipeline.java:234)
20:05:06.639 [Thread-8] ERROR f.i.s.r.p.m.output.MavenErrorHandler - 	at java.base/java.util.stream.ReferencePipeline.forEach(ReferencePipeline.java:497)
20:05:06.639 [Thread-8] ERROR f.i.s.r.p.m.output.MavenErrorHandler - 	at org.junit.jupiter.engine.descriptor.TestTemplateTestDescriptor.execute(TestTemplateTestDescriptor.java:107)
20:05:06.639 [Thread-8] ERROR f.i.s.r.p.m.output.MavenErrorHandler - 	at org.junit.jupiter.engine.descriptor.TestTemplateTestDescriptor.execute(TestTemplateTestDescriptor.java:42)
20:05:06.640 [Thread-8] ERROR f.i.s.r.p.m.output.MavenErrorHandler - 	at org.junit.platform.engine.support.hierarchical.NodeTestTask.lambda$executeRecursively$6(NodeTestTask.java:151)
20:05:06.640 [Thread-8] ERROR f.i.s.r.p.m.output.MavenErrorHandler - 	at org.junit.platform.engine.support.hierarchical.ThrowableCollector.execute(ThrowableCollector.java:73)
20:05:06.640 [Thread-8] ERROR f.i.s.r.p.m.output.MavenErrorHandler - 	at org.junit.platform.engine.support.hierarchical.NodeTestTask.lambda$executeRecursively$8(NodeTestTask.java:141)
20:05:06.640 [Thread-8] ERROR f.i.s.r.p.m.output.MavenErrorHandler - 	at org.junit.platform.engine.support.hierarchical.Node.around(Node.java:137)
20:05:06.640 [Thread-8] ERROR f.i.s.r.p.m.output.MavenErrorHandler - 	at org.junit.platform.engine.support.hierarchical.NodeTestTask.lambda$executeRecursively$9(NodeTestTask.java:139)
20:05:06.640 [Thread-8] ERROR f.i.s.r.p.m.output.MavenErrorHandler - 	at org.junit.platform.engine.support.hierarchical.ThrowableCollector.execute(ThrowableCollector.java:73)
20:05:06.640 [Thread-8] ERROR f.i.s.r.p.m.output.MavenErrorHandler - 	at org.junit.platform.engine.support.hierarchical.NodeTestTask.executeRecursively(NodeTestTask.java:138)
20:05:06.640 [Thread-8] ERROR f.i.s.r.p.m.output.MavenErrorHandler - 	at org.junit.platform.engine.support.hierarchical.NodeTestTask.execute(NodeTestTask.java:95)
20:05:06.640 [Thread-8] ERROR f.i.s.r.p.m.output.MavenErrorHandler - 	at java.base/java.util.ArrayList.forEach(ArrayList.java:1540)
20:05:06.640 [Thread-8] ERROR f.i.s.r.p.m.output.MavenErrorHandler - 	at org.junit.platform.engine.support.hierarchical.SameThreadHierarchicalTestExecutorService.invokeAll(SameThreadHierarchicalTestExecutorService.java:41)
20:05:06.641 [Thread-8] ERROR f.i.s.r.p.m.output.MavenErrorHandler - 	at org.junit.platform.engine.support.hierarchical.NodeTestTask.lambda$executeRecursively$6(NodeTestTask.java:155)
20:05:06.641 [Thread-8] ERROR f.i.s.r.p.m.output.MavenErrorHandler - 	at org.junit.platform.engine.support.hierarchical.ThrowableCollector.execute(ThrowableCollector.java:73)
20:05:06.641 [Thread-8] ERROR f.i.s.r.p.m.output.MavenErrorHandler - 	at org.junit.platform.engine.support.hierarchical.NodeTestTask.lambda$executeRecursively$8(NodeTestTask.java:141)
20:05:06.641 [Thread-8] ERROR f.i.s.r.p.m.output.MavenErrorHandler - 	at org.junit.platform.engine.support.hierarchical.Node.around(Node.java:137)
20:05:06.641 [Thread-8] ERROR f.i.s.r.p.m.output.MavenErrorHandler - 	at org.junit.platform.engine.support.hierarchical.NodeTestTask.lambda$executeRecursively$9(NodeTestTask.java:139)
20:05:06.641 [Thread-8] ERROR f.i.s.r.p.m.output.MavenErrorHandler - 	at org.junit.platform.engine.support.hierarchical.ThrowableCollector.execute(ThrowableCollector.java:73)
20:05:06.641 [Thread-8] ERROR f.i.s.r.p.m.output.MavenErrorHandler - 	at org.junit.platform.engine.support.hierarchical.NodeTestTask.executeRecursively(NodeTestTask.java:138)
20:05:06.641 [Thread-8] ERROR f.i.s.r.p.m.output.MavenErrorHandler - 	at org.junit.platform.engine.support.hierarchical.NodeTestTask.execute(NodeTestTask.java:95)
20:05:06.641 [Thread-8] ERROR f.i.s.r.p.m.output.MavenErrorHandler - 	at java.base/java.util.ArrayList.forEach(ArrayList.java:1540)
20:05:06.641 [Thread-8] ERROR f.i.s.r.p.m.output.MavenErrorHandler - 	at org.junit.platform.engine.support.hierarchical.SameThreadHierarchicalTestExecutorService.invokeAll(SameThreadHierarchicalTestExecutorService.java:41)
20:05:06.641 [Thread-8] ERROR f.i.s.r.p.m.output.MavenErrorHandler - 	at org.junit.platform.engine.support.hierarchical.NodeTestTask.lambda$executeRecursively$6(NodeTestTask.java:155)
20:05:06.641 [Thread-8] ERROR f.i.s.r.p.m.output.MavenErrorHandler - 	at org.junit.platform.engine.support.hierarchical.ThrowableCollector.execute(ThrowableCollector.java:73)
20:05:06.641 [Thread-8] ERROR f.i.s.r.p.m.output.MavenErrorHandler - 	at org.junit.platform.engine.support.hierarchical.NodeTestTask.lambda$executeRecursively$8(NodeTestTask.java:141)
20:05:06.641 [Thread-8] ERROR f.i.s.r.p.m.output.MavenErrorHandler - 	at org.junit.platform.engine.support.hierarchical.Node.around(Node.java:137)
20:05:06.641 [Thread-8] ERROR f.i.s.r.p.m.output.MavenErrorHandler - 	at org.junit.platform.engine.support.hierarchical.NodeTestTask.lambda$executeRecursively$9(NodeTestTask.java:139)
20:05:06.642 [Thread-8] ERROR f.i.s.r.p.m.output.MavenErrorHandler - 	at org.junit.platform.engine.support.hierarchical.ThrowableCollector.execute(ThrowableCollector.java:73)
20:05:06.642 [Thread-8] ERROR f.i.s.r.p.m.output.MavenErrorHandler - 	at org.junit.platform.engine.support.hierarchical.NodeTestTask.executeRecursively(NodeTestTask.java:138)
20:05:06.642 [Thread-8] ERROR f.i.s.r.p.m.output.MavenErrorHandler - 	at org.junit.platform.engine.support.hierarchical.NodeTestTask.execute(NodeTestTask.java:95)
20:05:06.642 [Thread-8] ERROR f.i.s.r.p.m.output.MavenErrorHandler - 	at org.junit.platform.engine.support.hierarchical.SameThreadHierarchicalTestExecutorService.submit(SameThreadHierarchicalTestExecutorService.java:35)
20:05:06.642 [Thread-8] ERROR f.i.s.r.p.m.output.MavenErrorHandler - 	at org.junit.platform.engine.support.hierarchical.HierarchicalTestExecutor.execute(HierarchicalTestExecutor.java:57)
20:05:06.642 [Thread-8] ERROR f.i.s.r.p.m.output.MavenErrorHandler - 	at org.junit.platform.engine.support.hierarchical.HierarchicalTestEngine.execute(HierarchicalTestEngine.java:54)
20:05:06.642 [Thread-8] ERROR f.i.s.r.p.m.output.MavenErrorHandler - 	at org.junit.platform.launcher.core.EngineExecutionOrchestrator.execute(EngineExecutionOrchestrator.java:107)
20:05:06.642 [Thread-8] ERROR f.i.s.r.p.m.output.MavenErrorHandler - 	at org.junit.platform.launcher.core.EngineExecutionOrchestrator.execute(EngineExecutionOrchestrator.java:88)
20:05:06.642 [Thread-8] ERROR f.i.s.r.p.m.output.MavenErrorHandler - 	at org.junit.platform.launcher.core.EngineExecutionOrchestrator.lambda$execute$0(EngineExecutionOrchestrator.java:54)
20:05:06.642 [Thread-8] ERROR f.i.s.r.p.m.output.MavenErrorHandler - 	at org.junit.platform.launcher.core.EngineExecutionOrchestrator.withInterceptedStreams(EngineExecutionOrchestrator.java:67)
20:05:06.642 [Thread-8] ERROR f.i.s.r.p.m.output.MavenErrorHandler - 	at org.junit.platform.launcher.core.EngineExecutionOrchestrator.execute(EngineExecutionOrchestrator.java:52)
20:05:06.642 [Thread-8] ERROR f.i.s.r.p.m.output.MavenErrorHandler - 	at org.junit.platform.launcher.core.DefaultLauncher.execute(DefaultLauncher.java:114)
20:05:06.642 [Thread-8] ERROR f.i.s.r.p.m.output.MavenErrorHandler - 	at org.junit.platform.launcher.core.DefaultLauncher.execute(DefaultLauncher.java:86)
20:05:06.642 [Thread-8] ERROR f.i.s.r.p.m.output.MavenErrorHandler - 	at org.junit.platform.launcher.core.DefaultLauncherSession$DelegatingLauncher.execute(DefaultLauncherSession.java:86)
20:05:06.643 [Thread-8] ERROR f.i.s.r.p.m.output.MavenErrorHandler - 	at org.apache.maven.surefire.junitplatform.LazyLauncher.execute(LazyLauncher.java:55)
20:05:06.643 [Thread-8] ERROR f.i.s.r.p.m.output.MavenErrorHandler - 	at org.apache.maven.surefire.junitplatform.JUnitPlatformProvider.execute(JUnitPlatformProvider.java:223)
20:05:06.643 [Thread-8] ERROR f.i.s.r.p.m.output.MavenErrorHandler - 	at org.apache.maven.surefire.junitplatform.JUnitPlatformProvider.invokeAllTests(JUnitPlatformProvider.java:175)
20:05:06.643 [Thread-8] ERROR f.i.s.r.p.m.output.MavenErrorHandler - 	at org.apache.maven.surefire.junitplatform.JUnitPlatformProvider.invoke(JUnitPlatformProvider.java:139)
20:05:06.643 [Thread-8] ERROR f.i.s.r.p.m.output.MavenErrorHandler - 	at org.apache.maven.surefire.booter.ForkedBooter.runSuitesInProcess(ForkedBooter.java:456)
20:05:06.643 [Thread-8] ERROR f.i.s.r.p.m.output.MavenErrorHandler - 	at org.apache.maven.surefire.booter.ForkedBooter.execute(ForkedBooter.java:169)
20:05:06.643 [Thread-8] ERROR f.i.s.r.p.m.output.MavenErrorHandler - 	at org.apache.maven.surefire.booter.ForkedBooter.run(ForkedBooter.java:595)
20:05:06.643 [Thread-8] ERROR f.i.s.r.p.m.output.MavenErrorHandler - 	at org.apache.maven.surefire.booter.ForkedBooter.main(ForkedBooter.java:581)
20:05:06.643 [Thread-8] ERROR f.i.s.r.p.m.output.MavenErrorHandler - 
20:05:06.850 [Thread-8] ERROR f.i.s.r.p.m.output.MavenErrorHandler - Apr 21, 2022 8:05:06 PM org.junit.jupiter.engine.descriptor.MethodBasedTestDescriptor lambda$invokeTestWatchers$3
20:05:06.850 [Thread-8] ERROR f.i.s.r.p.m.output.MavenErrorHandler - WARNING: Failed to invoke TestWatcher [spoon.test.GitHubIssue$UnresolvedBugExtension] for method [spoon.test.prettyprinter.TestSniperPrinter#testSniperDoesNotPrintTheDeletedAnnotation()] with display name [testSniperDoesNotPrintTheDeletedAnnotation()]
20:05:06.850 [Thread-8] ERROR f.i.s.r.p.m.output.MavenErrorHandler - org.opentest4j.AssertionFailedError: Method testSniperDoesNotPrintTheDeletedAnnotation must fail
20:05:06.850 [Thread-8] ERROR f.i.s.r.p.m.output.MavenErrorHandler - 	at org.junit.jupiter.api.AssertionUtils.fail(AssertionUtils.java:39)
20:05:06.850 [Thread-8] ERROR f.i.s.r.p.m.output.MavenErrorHandler - 	at org.junit.jupiter.api.Assertions.fail(Assertions.java:134)
20:05:06.850 [Thread-8] ERROR f.i.s.r.p.m.output.MavenErrorHandler - 	at spoon.test.GitHubIssue$UnresolvedBugExtension.testSuccessful(GitHubIssue.java:63)
20:05:06.850 [Thread-8] ERROR f.i.s.r.p.m.output.MavenErrorHandler - 	at org.junit.jupiter.engine.descriptor.TestMethodTestDescriptor.lambda$nodeFinished$15(TestMethodTestDescriptor.java:297)
20:05:06.850 [Thread-8] ERROR f.i.s.r.p.m.output.MavenErrorHandler - 	at org.junit.jupiter.engine.descriptor.MethodBasedTestDescriptor.lambda$invokeTestWatchers$3(MethodBasedTestDescriptor.java:134)
20:05:06.851 [Thread-8] ERROR f.i.s.r.p.m.output.MavenErrorHandler - 	at java.base/java.util.ArrayList.forEach(ArrayList.java:1540)
20:05:06.851 [Thread-8] ERROR f.i.s.r.p.m.output.MavenErrorHandler - 	at org.junit.jupiter.engine.descriptor.MethodBasedTestDescriptor.invokeTestWatchers(MethodBasedTestDescriptor.java:132)
20:05:06.851 [Thread-8] ERROR f.i.s.r.p.m.output.MavenErrorHandler - 	at org.junit.jupiter.engine.descriptor.TestMethodTestDescriptor.nodeFinished(TestMethodTestDescriptor.java:294)
20:05:06.851 [Thread-8] ERROR f.i.s.r.p.m.output.MavenErrorHandler - 	at org.junit.jupiter.engine.descriptor.TestMethodTestDescriptor.nodeFinished(TestMethodTestDescriptor.java:66)
20:05:06.851 [Thread-8] ERROR f.i.s.r.p.m.output.MavenErrorHandler - 	at org.junit.platform.engine.support.hierarchical.NodeTestTask.reportCompletion(NodeTestTask.java:188)
20:05:06.851 [Thread-8] ERROR f.i.s.r.p.m.output.MavenErrorHandler - 	at org.junit.platform.engine.support.hierarchical.NodeTestTask.execute(NodeTestTask.java:100)
20:05:06.851 [Thread-8] ERROR f.i.s.r.p.m.output.MavenErrorHandler - 	at java.base/java.util.ArrayList.forEach(ArrayList.java:1540)
20:05:06.851 [Thread-8] ERROR f.i.s.r.p.m.output.MavenErrorHandler - 	at org.junit.platform.engine.support.hierarchical.SameThreadHierarchicalTestExecutorService.invokeAll(SameThreadHierarchicalTestExecutorService.java:41)
20:05:06.851 [Thread-8] ERROR f.i.s.r.p.m.output.MavenErrorHandler - 	at org.junit.platform.engine.support.hierarchical.NodeTestTask.lambda$executeRecursively$6(NodeTestTask.java:155)
20:05:06.851 [Thread-8] ERROR f.i.s.r.p.m.output.MavenErrorHandler - 	at org.junit.platform.engine.support.hierarchical.ThrowableCollector.execute(ThrowableCollector.java:73)
20:05:06.851 [Thread-8] ERROR f.i.s.r.p.m.output.MavenErrorHandler - 	at org.junit.platform.engine.support.hierarchical.NodeTestTask.lambda$executeRecursively$8(NodeTestTask.java:141)
20:05:06.851 [Thread-8] ERROR f.i.s.r.p.m.output.MavenErrorHandler - 	at org.junit.platform.engine.support.hierarchical.Node.around(Node.java:137)
20:05:06.851 [Thread-8] ERROR f.i.s.r.p.m.output.MavenErrorHandler - 	at org.junit.platform.engine.support.hierarchical.NodeTestTask.lambda$executeRecursively$9(NodeTestTask.java:139)
20:05:06.851 [Thread-8] ERROR f.i.s.r.p.m.output.MavenErrorHandler - 	at org.junit.platform.engine.support.hierarchical.ThrowableCollector.execute(ThrowableCollector.java:73)
20:05:06.851 [Thread-8] ERROR f.i.s.r.p.m.output.MavenErrorHandler - 	at org.junit.platform.engine.support.hierarchical.NodeTestTask.executeRecursively(NodeTestTask.java:138)
20:05:06.851 [Thread-8] ERROR f.i.s.r.p.m.output.MavenErrorHandler - 	at org.junit.platform.engine.support.hierarchical.NodeTestTask.execute(NodeTestTask.java:95)
20:05:06.851 [Thread-8] ERROR f.i.s.r.p.m.output.MavenErrorHandler - 	at java.base/java.util.ArrayList.forEach(ArrayList.java:1540)
20:05:06.852 [Thread-8] ERROR f.i.s.r.p.m.output.MavenErrorHandler - 	at org.junit.platform.engine.support.hierarchical.SameThreadHierarchicalTestExecutorService.invokeAll(SameThreadHierarchicalTestExecutorService.java:41)
20:05:06.852 [Thread-8] ERROR f.i.s.r.p.m.output.MavenErrorHandler - 	at org.junit.platform.engine.support.hierarchical.NodeTestTask.lambda$executeRecursively$6(NodeTestTask.java:155)
20:05:06.852 [Thread-8] ERROR f.i.s.r.p.m.output.MavenErrorHandler - 	at org.junit.platform.engine.support.hierarchical.ThrowableCollector.execute(ThrowableCollector.java:73)
20:05:06.852 [Thread-8] ERROR f.i.s.r.p.m.output.MavenErrorHandler - 	at org.junit.platform.engine.support.hierarchical.NodeTestTask.lambda$executeRecursively$8(NodeTestTask.java:141)
20:05:06.852 [Thread-8] ERROR f.i.s.r.p.m.output.MavenErrorHandler - 	at org.junit.platform.engine.support.hierarchical.Node.around(Node.java:137)
20:05:06.852 [Thread-8] ERROR f.i.s.r.p.m.output.MavenErrorHandler - 	at org.junit.platform.engine.support.hierarchical.NodeTestTask.lambda$executeRecursively$9(NodeTestTask.java:139)
20:05:06.852 [Thread-8] ERROR f.i.s.r.p.m.output.MavenErrorHandler - 	at org.junit.platform.engine.support.hierarchical.ThrowableCollector.execute(ThrowableCollector.java:73)
20:05:06.852 [Thread-8] ERROR f.i.s.r.p.m.output.MavenErrorHandler - 	at org.junit.platform.engine.support.hierarchical.NodeTestTask.executeRecursively(NodeTestTask.java:138)
20:05:06.852 [Thread-8] ERROR f.i.s.r.p.m.output.MavenErrorHandler - 	at org.junit.platform.engine.support.hierarchical.NodeTestTask.execute(NodeTestTask.java:95)
20:05:06.852 [Thread-8] ERROR f.i.s.r.p.m.output.MavenErrorHandler - 	at org.junit.platform.engine.support.hierarchical.SameThreadHierarchicalTestExecutorService.submit(SameThreadHierarchicalTestExecutorService.java:35)
20:05:06.852 [Thread-8] ERROR f.i.s.r.p.m.output.MavenErrorHandler - 	at org.junit.platform.engine.support.hierarchical.HierarchicalTestExecutor.execute(HierarchicalTestExecutor.java:57)
20:05:06.852 [Thread-8] ERROR f.i.s.r.p.m.output.MavenErrorHandler - 	at org.junit.platform.engine.support.hierarchical.HierarchicalTestEngine.execute(HierarchicalTestEngine.java:54)
20:05:06.852 [Thread-8] ERROR f.i.s.r.p.m.output.MavenErrorHandler - 	at org.junit.platform.launcher.core.EngineExecutionOrchestrator.execute(EngineExecutionOrchestrator.java:107)
20:05:06.852 [Thread-8] ERROR f.i.s.r.p.m.output.MavenErrorHandler - 	at org.junit.platform.launcher.core.EngineExecutionOrchestrator.execute(EngineExecutionOrchestrator.java:88)
20:05:06.852 [Thread-8] ERROR f.i.s.r.p.m.output.MavenErrorHandler - 	at org.junit.platform.launcher.core.EngineExecutionOrchestrator.lambda$execute$0(EngineExecutionOrchestrator.java:54)
20:05:06.852 [Thread-8] ERROR f.i.s.r.p.m.output.MavenErrorHandler - 	at org.junit.platform.launcher.core.EngineExecutionOrchestrator.withInterceptedStreams(EngineExecutionOrchestrator.java:67)
20:05:06.852 [Thread-8] ERROR f.i.s.r.p.m.output.MavenErrorHandler - 	at org.junit.platform.launcher.core.EngineExecutionOrchestrator.execute(EngineExecutionOrchestrator.java:52)
20:05:06.852 [Thread-8] ERROR f.i.s.r.p.m.output.MavenErrorHandler - 	at org.junit.platform.launcher.core.DefaultLauncher.execute(DefaultLauncher.java:114)
20:05:06.852 [Thread-8] ERROR f.i.s.r.p.m.output.MavenErrorHandler - 	at org.junit.platform.launcher.core.DefaultLauncher.execute(DefaultLauncher.java:86)
20:05:06.852 [Thread-8] ERROR f.i.s.r.p.m.output.MavenErrorHandler - 	at org.junit.platform.launcher.core.DefaultLauncherSession$DelegatingLauncher.execute(DefaultLauncherSession.java:86)
20:05:06.852 [Thread-8] ERROR f.i.s.r.p.m.output.MavenErrorHandler - 	at org.apache.maven.surefire.junitplatform.LazyLauncher.execute(LazyLauncher.java:55)
20:05:06.852 [Thread-8] ERROR f.i.s.r.p.m.output.MavenErrorHandler - 	at org.apache.maven.surefire.junitplatform.JUnitPlatformProvider.execute(JUnitPlatformProvider.java:223)
20:05:06.853 [Thread-8] ERROR f.i.s.r.p.m.output.MavenErrorHandler - 	at org.apache.maven.surefire.junitplatform.JUnitPlatformProvider.invokeAllTests(JUnitPlatformProvider.java:175)
20:05:06.853 [Thread-8] ERROR f.i.s.r.p.m.output.MavenErrorHandler - 	at org.apache.maven.surefire.junitplatform.JUnitPlatformProvider.invoke(JUnitPlatformProvider.java:139)
20:05:06.853 [Thread-8] ERROR f.i.s.r.p.m.output.MavenErrorHandler - 	at org.apache.maven.surefire.booter.ForkedBooter.runSuitesInProcess(ForkedBooter.java:456)
20:05:06.853 [Thread-8] ERROR f.i.s.r.p.m.output.MavenErrorHandler - 	at org.apache.maven.surefire.booter.ForkedBooter.execute(ForkedBooter.java:169)
20:05:06.853 [Thread-8] ERROR f.i.s.r.p.m.output.MavenErrorHandler - 	at org.apache.maven.surefire.booter.ForkedBooter.run(ForkedBooter.java:595)
20:05:06.853 [Thread-8] ERROR f.i.s.r.p.m.output.MavenErrorHandler - 	at org.apache.maven.surefire.booter.ForkedBooter.main(ForkedBooter.java:581)
20:05:06.853 [Thread-8] ERROR f.i.s.r.p.m.output.MavenErrorHandler - 
20:05:16.223 [Thread-7] ERROR f.i.s.r.p.m.o.MavenFilterOutputHandler - [ERROR] Tests run: 7, Failures: 0, Errors: 1, Skipped: 0, Time elapsed: 0.094 s <<< FAILURE! - in spoon.test.factory.FactoryTest
20:05:16.225 [Thread-7] ERROR f.i.s.r.p.m.o.MavenFilterOutputHandler - [ERROR] spoon.test.factory.FactoryTest.factoryTest  Time elapsed: 0.058 s  <<< ERROR!
20:05:39.865 [Thread-7] ERROR f.i.s.r.p.m.o.MavenFilterOutputHandler - [ERROR] Tests run: 13, Failures: 0, Errors: 7, Skipped: 0, Time elapsed: 0.16 s <<< FAILURE! - in spoon.test.eval.EvalTest
20:05:39.865 [Thread-7] ERROR f.i.s.r.p.m.o.MavenFilterOutputHandler - [ERROR] spoon.test.eval.EvalTest.testDoNotSimplify  Time elapsed: 0.012 s  <<< ERROR!
20:05:39.871 [Thread-7] ERROR f.i.s.r.p.m.o.MavenFilterOutputHandler - [ERROR] spoon.test.eval.EvalTest.testVisitorPartialEvaluator_if  Time elapsed: 0.008 s  <<< ERROR!
20:05:39.876 [Thread-7] ERROR f.i.s.r.p.m.o.MavenFilterOutputHandler - [ERROR] spoon.test.eval.EvalTest.testTryCatchAndStatement  Time elapsed: 0.008 s  <<< ERROR!
20:05:39.884 [Thread-7] ERROR f.i.s.r.p.m.o.MavenFilterOutputHandler - [ERROR] spoon.test.eval.EvalTest.testStringConcatenation  Time elapsed: 0.01 s  <<< ERROR!
20:05:39.890 [Thread-7] ERROR f.i.s.r.p.m.o.MavenFilterOutputHandler - [ERROR] spoon.test.eval.EvalTest.testScanAPartiallyEvaluatedElement  Time elapsed: 0.009 s  <<< ERROR!
20:05:39.896 [Thread-7] ERROR f.i.s.r.p.m.o.MavenFilterOutputHandler - [ERROR] spoon.test.eval.EvalTest.testDoNotSimplifyCasts  Time elapsed: 0.008 s  <<< ERROR!
20:05:39.903 [Thread-7] ERROR f.i.s.r.p.m.o.MavenFilterOutputHandler - [ERROR] spoon.test.eval.EvalTest.testVisitorPartialEvaluatorScanner  Time elapsed: 0.006 s  <<< ERROR!
20:05:40.114 [Thread-7] ERROR f.i.s.r.p.m.o.MavenFilterOutputHandler - [ERROR] Failures: 
20:05:40.114 [Thread-7] ERROR f.i.s.r.p.m.o.MavenFilterOutputHandler - [ERROR]   SpoonifierTest.testGeneratedSpoonifierCode:283 expected: <	CtClass ctClass0 = factory.createClass();
20:05:40.119 [Thread-7] ERROR f.i.s.r.p.m.o.MavenFilterOutputHandler - [ERROR]   SpoonifierTest.testSpoonifier:82->testSpoonifierWith:137->testSpoonifierWith:170 expected: spoon.support.reflect.declaration.CtClassImpl@29df76d6</**
20:05:40.121 [Thread-7] ERROR f.i.s.r.p.m.o.MavenFilterOutputHandler - [ERROR] Errors: 
20:05:40.121 [Thread-7] ERROR f.i.s.r.p.m.o.MavenFilterOutputHandler - [ERROR]   EvalTest.testDoNotSimplify:87 » Spoon The default behavior has changed, a new check has been added! Don't worry, you can disable this check
20:05:40.122 [Thread-7] ERROR f.i.s.r.p.m.o.MavenFilterOutputHandler - [ERROR]   EvalTest.testDoNotSimplifyCasts:98 » Spoon The default behavior has changed, a new check has been added! Don't worry, you can disable this check
20:05:40.122 [Thread-7] ERROR f.i.s.r.p.m.o.MavenFilterOutputHandler - [ERROR]   EvalTest.testScanAPartiallyEvaluatedElement:110 » Spoon The default behavior has changed, a new check has been added! Don't worry, you can disable this check
20:05:40.122 [Thread-7] ERROR f.i.s.r.p.m.o.MavenFilterOutputHandler - [ERROR]   EvalTest.testStringConcatenation:62 » Spoon The default behavior has changed, a new check has been added! Don't worry, you can disable this check
20:05:40.123 [Thread-7] ERROR f.i.s.r.p.m.o.MavenFilterOutputHandler - [ERROR]   EvalTest.testTryCatchAndStatement:124 » Spoon The default behavior has changed, a new check has been added! Don't worry, you can disable this check
20:05:40.123 [Thread-7] ERROR f.i.s.r.p.m.o.MavenFilterOutputHandler - [ERROR]   EvalTest.testVisitorPartialEvaluatorScanner:283 » Spoon The default behavior has changed, a new check has been added! Don't worry, you can disable this check
20:05:40.124 [Thread-7] ERROR f.i.s.r.p.m.o.MavenFilterOutputHandler - [ERROR]   EvalTest.testVisitorPartialEvaluator_if:269 » Spoon The default behavior has changed, a new check has been added! Don't worry, you can disable this check
20:05:40.124 [Thread-7] ERROR f.i.s.r.p.m.o.MavenFilterOutputHandler - [ERROR]   FactoryTest.factoryTest:288 » Spoon The default behavior has changed, a new check has been added! Don't worry, you can disable this check
20:05:40.124 [Thread-7] ERROR f.i.s.r.p.m.o.MavenFilterOutputHandler - [ERROR]   MainTest.testGenericContract:108 » Spoon The default behavior has changed, a new check has been added! Don't worry, you can disable this check
20:05:40.125 [Thread-7] ERROR f.i.s.r.p.m.o.MavenFilterOutputHandler - [ERROR]   MainTest.testTest:130 » Spoon The default behavior has changed, a new check has been added! Don't worry, you can disable this check
20:05:40.125 [Thread-7] ERROR f.i.s.r.p.m.o.MavenFilterOutputHandler - [ERROR] Tests run: 2171, Failures: 2, Errors: 10, Skipped: 13
20:05:40.665 [Thread-7] ERROR f.i.s.r.p.m.o.MavenFilterOutputHandler - [ERROR] Failed to execute goal org.apache.maven.plugins:maven-surefire-plugin:3.0.0-M6:test (default-test) on project spoon-core: There are test failures.
20:05:40.665 [Thread-7] ERROR f.i.s.r.p.m.o.MavenFilterOutputHandler - [ERROR] 
20:05:40.665 [Thread-7] ERROR f.i.s.r.p.m.o.MavenFilterOutputHandler - [ERROR] Please refer to /root/workspace/INRIA-spoon-master-4702_repo/target/surefire-reports for the individual test results.
20:05:40.665 [Thread-7] ERROR f.i.s.r.p.m.o.MavenFilterOutputHandler - [ERROR] Please refer to dump files (if any exist) [date].dump, [date]-jvmRun[N].dump and [date].dumpstream.
20:05:40.665 [Thread-7] ERROR f.i.s.r.p.m.o.MavenFilterOutputHandler - [ERROR] -> [Help 1]
20:05:40.670 [Thread-7] ERROR f.i.s.r.p.m.o.MavenFilterOutputHandler - [ERROR] 
20:05:40.670 [Thread-7] ERROR f.i.s.r.p.m.o.MavenFilterOutputHandler - [ERROR] Re-run Maven using the -X switch to enable full debug logging.
20:05:40.670 [Thread-7] ERROR f.i.s.r.p.m.o.MavenFilterOutputHandler - [ERROR] 
20:05:40.670 [Thread-7] ERROR f.i.s.r.p.m.o.MavenFilterOutputHandler - [ERROR] For more information about the errors and possible solutions, please read the following articles:
20:05:40.670 [Thread-7] ERROR f.i.s.r.p.m.o.MavenFilterOutputHandler - [ERROR] [Help 1] http://cwiki.apache.org/confluence/display/MAVEN/MojoFailureException
20:05:45.670 [main] INFO  f.i.s.r.p.s.paths.ComputeSourceDir - 1 source dir was found:
20:05:45.670 [main] INFO  f.i.s.r.p.s.paths.ComputeSourceDir - /root/workspace/INRIA-spoon-master-4702_repo/src/main/java
20:05:45.712 [main] INFO  f.i.s.r.p.step.paths.ComputeTestDir - It seems the step is entering in a loop while searching the test dir. The following file has already been visited: /root/workspace/INRIA-spoon-master-4702_repo/pom.xml
20:05:45.712 [main] INFO  f.i.s.r.p.step.paths.ComputeTestDir - 1 test dir was found:
20:05:45.712 [main] INFO  f.i.s.r.p.step.paths.ComputeTestDir - /root/workspace/INRIA-spoon-master-4702_repo/src/test/java
20:05:45.973 [main] INFO  f.i.s.r.p.s.g.GatherTestInformation - Get the following failing module path: /root/workspace/INRIA-spoon-master-4702_repo
20:05:45.988 [main] INFO  f.i.s.r.p.s.g.GatherTestInformation - Get the following failing module path: /root/workspace/INRIA-spoon-master-4702_repo
20:05:45.988 [main] INFO  f.i.s.r.p.s.g.GatherTestInformation - Get the following failing module path: /root/workspace/INRIA-spoon-master-4702_repo
20:05:46.018 [main] INFO  f.i.s.r.p.s.g.GatherTestInformation - Get the following failing module path: /root/workspace/INRIA-spoon-master-4702_repo
20:05:46.026 [main] INFO  f.i.s.r.p.s.g.GatherTestInformation - ---Test results---
20:05:46.026 [main] INFO  f.i.s.r.p.s.g.GatherTestInformation -    Total tests: 2171
20:05:46.026 [main] INFO  f.i.s.r.p.s.g.GatherTestInformation -    Tests run: 2158
20:05:46.026 [main] INFO  f.i.s.r.p.s.g.GatherTestInformation -    Tests passing: 2146
20:05:46.026 [main] INFO  f.i.s.r.p.s.g.GatherTestInformation -    Failures: 2
20:05:46.026 [main] INFO  f.i.s.r.p.s.g.GatherTestInformation -    Errors: 10
20:05:46.026 [main] INFO  f.i.s.r.p.s.g.GatherTestInformation -    Skipped: 13
[0] INFO Flacoco - Running Flacoco...
[194] WARN Processor - ClassNotFoundException: spoon.support.visitor.java.internal.RecordComponentRuntimeBuilderContext
[194] WARN Processor - [file:/root/workspace/INRIA-spoon-master-4702_repo/target/classes/, file:/root/workspace/INRIA-spoon-master-4702_repo/target/test-classes/, file:/root/./workspace/INRIA-spoon-master-4702_repo/.m2/org/eclipse/jdt/org.eclipse.jdt.core/3.29.0/org.eclipse.jdt.core-3.29.0.jar, file:/root/./workspace/INRIA-spoon-master-4702_repo/.m2/com/martiansoftware/jsap/2.1/jsap-2.1.jar, file:/root/./workspace/INRIA-spoon-master-4702_repo/.m2/org/slf4j/slf4j-api/1.7.36/slf4j-api-1.7.36.jar, file:/root/./workspace/INRIA-spoon-master-4702_repo/.m2/commons-io/commons-io/2.11.0/commons-io-2.11.0.jar, file:/root/./workspace/INRIA-spoon-master-4702_repo/.m2/org/apache/maven/maven-model/3.8.5/maven-model-3.8.5.jar, file:/root/./workspace/INRIA-spoon-master-4702_repo/.m2/org/codehaus/plexus/plexus-utils/3.3.0/plexus-utils-3.3.0.jar, file:/root/./workspace/INRIA-spoon-master-4702_repo/.m2/org/apache/commons/commons-lang3/3.12.0/commons-lang3-3.12.0.jar, file:/root/./workspace/INRIA-spoon-master-4702_repo/.m2/org/tukaani/xz/1.9/xz-1.9.jar, file:/root/./workspace/INRIA-spoon-master-4702_repo/.m2/com/fasterxml/jackson/core/jackson-databind/2.13.2.2/jackson-databind-2.13.2.2.jar, file:/root/./workspace/INRIA-spoon-master-4702_repo/.m2/com/fasterxml/jackson/core/jackson-annotations/2.13.2/jackson-annotations-2.13.2.jar, file:/root/./workspace/INRIA-spoon-master-4702_repo/.m2/com/fasterxml/jackson/core/jackson-core/2.13.2/jackson-core-2.13.2.jar, file:/root/./workspace/INRIA-spoon-master-4702_repo/.m2/org/apache/commons/commons-compress/1.21/commons-compress-1.21.jar, file:/root/./workspace/INRIA-spoon-master-4702_repo/.m2/com/google/guava/guava/31.1-jre/guava-31.1-jre.jar, file:/root/./workspace/INRIA-spoon-master-4702_repo/.m2/com/google/guava/failureaccess/1.0.1/failureaccess-1.0.1.jar, file:/root/./workspace/INRIA-spoon-master-4702_repo/.m2/com/google/guava/listenablefuture/9999.0-empty-to-avoid-conflict-with-guava/listenablefuture-9999.0-empty-to-avoid-conflict-with-guava.jar, file:/root/./workspace/INRIA-spoon-master-4702_repo/.m2/com/google/code/findbugs/jsr305/3.0.2/jsr305-3.0.2.jar, file:/root/./workspace/INRIA-spoon-master-4702_repo/.m2/org/checkerframework/checker-qual/3.12.0/checker-qual-3.12.0.jar, file:/root/./workspace/INRIA-spoon-master-4702_repo/.m2/com/google/errorprone/error_prone_annotations/2.11.0/error_prone_annotations-2.11.0.jar, file:/root/./workspace/INRIA-spoon-master-4702_repo/.m2/com/google/j2objc/j2objc-annotations/1.3/j2objc-annotations-1.3.jar, file:/root/./workspace/INRIA-spoon-master-4702_repo/.m2/ch/qos/logback/logback-classic/1.2.11/logback-classic-1.2.11.jar, file:/root/./workspace/INRIA-spoon-master-4702_repo/.m2/ch/qos/logback/logback-core/1.2.11/logback-core-1.2.11.jar, file:/root/./workspace/INRIA-spoon-master-4702_repo/.m2/com/mysema/querydsl/querydsl-core/3.7.4/querydsl-core-3.7.4.jar, file:/root/./workspace/INRIA-spoon-master-4702_repo/.m2/org/apache/maven/shared/maven-invoker/3.2.0/maven-invoker-3.2.0.jar, file:/root/./workspace/INRIA-spoon-master-4702_repo/.m2/org/apache/maven/shared/maven-shared-utils/3.3.4/maven-shared-utils-3.3.4.jar, file:/root/./workspace/INRIA-spoon-master-4702_repo/.m2/javax/inject/javax.inject/1/javax.inject-1.jar, file:/root/./workspace/INRIA-spoon-master-4702_repo/.m2/javax/validation/validation-api/2.0.1.Final/validation-api-2.0.1.Final.jar, file:/root/./workspace/INRIA-spoon-master-4702_repo/.m2/uk/org/lidalia/slf4j-test/1.2.0/slf4j-test-1.2.0.jar, file:/root/./workspace/INRIA-spoon-master-4702_repo/.m2/uk/org/lidalia/lidalia-lang/1.0.0/lidalia-lang-1.0.0.jar, file:/root/./workspace/INRIA-spoon-master-4702_repo/.m2/uk/org/lidalia/lidalia-slf4j-ext/1.0.0/lidalia-slf4j-ext-1.0.0.jar, file:/root/./workspace/INRIA-spoon-master-4702_repo/.m2/joda-time/joda-time/2.2/joda-time-2.2.jar, file:/root/./workspace/INRIA-spoon-master-4702_repo/.m2/org/kohsuke/metainf-services/metainf-services/1.9/metainf-services-1.9.jar, file:/root/./workspace/INRIA-spoon-master-4702_repo/.m2/org/mockito/mockito-core/4.4.0/mockito-core-4.4.0.jar, file:/root/./workspace/INRIA-spoon-master-4702_repo/.m2/net/bytebuddy/byte-buddy/1.12.8/byte-buddy-1.12.8.jar, file:/root/./workspace/INRIA-spoon-master-4702_repo/.m2/net/bytebuddy/byte-buddy-agent/1.12.8/byte-buddy-agent-1.12.8.jar, file:/root/./workspace/INRIA-spoon-master-4702_repo/.m2/org/objenesis/objenesis/3.2/objenesis-3.2.jar, file:/root/./workspace/INRIA-spoon-master-4702_repo/.m2/org/junit/jupiter/junit-jupiter-engine/5.8.2/junit-jupiter-engine-5.8.2.jar, file:/root/./workspace/INRIA-spoon-master-4702_repo/.m2/org/junit/platform/junit-platform-engine/1.8.2/junit-platform-engine-1.8.2.jar, file:/root/./workspace/INRIA-spoon-master-4702_repo/.m2/org/opentest4j/opentest4j/1.2.0/opentest4j-1.2.0.jar, file:/root/./workspace/INRIA-spoon-master-4702_repo/.m2/org/junit/platform/junit-platform-commons/1.8.2/junit-platform-commons-1.8.2.jar, file:/root/./workspace/INRIA-spoon-master-4702_repo/.m2/org/junit/jupiter/junit-jupiter-api/5.8.2/junit-jupiter-api-5.8.2.jar, file:/root/./workspace/INRIA-spoon-master-4702_repo/.m2/org/apiguardian/apiguardian-api/1.1.2/apiguardian-api-1.1.2.jar, file:/root/./workspace/INRIA-spoon-master-4702_repo/.m2/org/junit/jupiter/junit-jupiter-params/5.8.2/junit-jupiter-params-5.8.2.jar, file:/root/./workspace/INRIA-spoon-master-4702_repo/.m2/org/junit/platform/junit-platform-launcher/1.8.2/junit-platform-launcher-1.8.2.jar, file:/root/./workspace/INRIA-spoon-master-4702_repo/.m2/org/mockito/mockito-junit-jupiter/4.4.0/mockito-junit-jupiter-4.4.0.jar, file:/root/./workspace/INRIA-spoon-master-4702_repo/.m2/com/github/stefanbirkner/system-rules/1.19.0/system-rules-1.19.0.jar, file:/root/./workspace/INRIA-spoon-master-4702_repo/.m2/junit/junit/4.11-beta-1/junit-4.11-beta-1.jar, file:/root/./workspace/INRIA-spoon-master-4702_repo/.m2/org/hamcrest/hamcrest-core/1.3/hamcrest-core-1.3.jar, file:/root/./workspace/INRIA-spoon-master-4702_repo/target/classes/, file:/root/./workspace/INRIA-spoon-master-4702_repo/target/test-classes/]
[582] WARN Processor - ClassNotFoundException: spoon.support.visitor.java.internal.RecordComponentRuntimeBuilderContext
[582] WARN Processor - [file:/root/workspace/INRIA-spoon-master-4702_repo/target/classes/, file:/root/workspace/INRIA-spoon-master-4702_repo/target/test-classes/, file:/root/./workspace/INRIA-spoon-master-4702_repo/.m2/org/eclipse/jdt/org.eclipse.jdt.core/3.29.0/org.eclipse.jdt.core-3.29.0.jar, file:/root/./workspace/INRIA-spoon-master-4702_repo/.m2/com/martiansoftware/jsap/2.1/jsap-2.1.jar, file:/root/./workspace/INRIA-spoon-master-4702_repo/.m2/org/slf4j/slf4j-api/1.7.36/slf4j-api-1.7.36.jar, file:/root/./workspace/INRIA-spoon-master-4702_repo/.m2/commons-io/commons-io/2.11.0/commons-io-2.11.0.jar, file:/root/./workspace/INRIA-spoon-master-4702_repo/.m2/org/apache/maven/maven-model/3.8.5/maven-model-3.8.5.jar, file:/root/./workspace/INRIA-spoon-master-4702_repo/.m2/org/codehaus/plexus/plexus-utils/3.3.0/plexus-utils-3.3.0.jar, file:/root/./workspace/INRIA-spoon-master-4702_repo/.m2/org/apache/commons/commons-lang3/3.12.0/commons-lang3-3.12.0.jar, file:/root/./workspace/INRIA-spoon-master-4702_repo/.m2/org/tukaani/xz/1.9/xz-1.9.jar, file:/root/./workspace/INRIA-spoon-master-4702_repo/.m2/com/fasterxml/jackson/core/jackson-databind/2.13.2.2/jackson-databind-2.13.2.2.jar, file:/root/./workspace/INRIA-spoon-master-4702_repo/.m2/com/fasterxml/jackson/core/jackson-annotations/2.13.2/jackson-annotations-2.13.2.jar, file:/root/./workspace/INRIA-spoon-master-4702_repo/.m2/com/fasterxml/jackson/core/jackson-core/2.13.2/jackson-core-2.13.2.jar, file:/root/./workspace/INRIA-spoon-master-4702_repo/.m2/org/apache/commons/commons-compress/1.21/commons-compress-1.21.jar, file:/root/./workspace/INRIA-spoon-master-4702_repo/.m2/com/google/guava/guava/31.1-jre/guava-31.1-jre.jar, file:/root/./workspace/INRIA-spoon-master-4702_repo/.m2/com/google/guava/failureaccess/1.0.1/failureaccess-1.0.1.jar, file:/root/./workspace/INRIA-spoon-master-4702_repo/.m2/com/google/guava/listenablefuture/9999.0-empty-to-avoid-conflict-with-guava/listenablefuture-9999.0-empty-to-avoid-conflict-with-guava.jar, file:/root/./workspace/INRIA-spoon-master-4702_repo/.m2/com/google/code/findbugs/jsr305/3.0.2/jsr305-3.0.2.jar, file:/root/./workspace/INRIA-spoon-master-4702_repo/.m2/org/checkerframework/checker-qual/3.12.0/checker-qual-3.12.0.jar, file:/root/./workspace/INRIA-spoon-master-4702_repo/.m2/com/google/errorprone/error_prone_annotations/2.11.0/error_prone_annotations-2.11.0.jar, file:/root/./workspace/INRIA-spoon-master-4702_repo/.m2/com/google/j2objc/j2objc-annotations/1.3/j2objc-annotations-1.3.jar, file:/root/./workspace/INRIA-spoon-master-4702_repo/.m2/ch/qos/logback/logback-classic/1.2.11/logback-classic-1.2.11.jar, file:/root/./workspace/INRIA-spoon-master-4702_repo/.m2/ch/qos/logback/logback-core/1.2.11/logback-core-1.2.11.jar, file:/root/./workspace/INRIA-spoon-master-4702_repo/.m2/com/mysema/querydsl/querydsl-core/3.7.4/querydsl-core-3.7.4.jar, file:/root/./workspace/INRIA-spoon-master-4702_repo/.m2/org/apache/maven/shared/maven-invoker/3.2.0/maven-invoker-3.2.0.jar, file:/root/./workspace/INRIA-spoon-master-4702_repo/.m2/org/apache/maven/shared/maven-shared-utils/3.3.4/maven-shared-utils-3.3.4.jar, file:/root/./workspace/INRIA-spoon-master-4702_repo/.m2/javax/inject/javax.inject/1/javax.inject-1.jar, file:/root/./workspace/INRIA-spoon-master-4702_repo/.m2/javax/validation/validation-api/2.0.1.Final/validation-api-2.0.1.Final.jar, file:/root/./workspace/INRIA-spoon-master-4702_repo/.m2/uk/org/lidalia/slf4j-test/1.2.0/slf4j-test-1.2.0.jar, file:/root/./workspace/INRIA-spoon-master-4702_repo/.m2/uk/org/lidalia/lidalia-lang/1.0.0/lidalia-lang-1.0.0.jar, file:/root/./workspace/INRIA-spoon-master-4702_repo/.m2/uk/org/lidalia/lidalia-slf4j-ext/1.0.0/lidalia-slf4j-ext-1.0.0.jar, file:/root/./workspace/INRIA-spoon-master-4702_repo/.m2/joda-time/joda-time/2.2/joda-time-2.2.jar, file:/root/./workspace/INRIA-spoon-master-4702_repo/.m2/org/kohsuke/metainf-services/metainf-services/1.9/metainf-services-1.9.jar, file:/root/./workspace/INRIA-spoon-master-4702_repo/.m2/org/mockito/mockito-core/4.4.0/mockito-core-4.4.0.jar, file:/root/./workspace/INRIA-spoon-master-4702_repo/.m2/net/bytebuddy/byte-buddy/1.12.8/byte-buddy-1.12.8.jar, file:/root/./workspace/INRIA-spoon-master-4702_repo/.m2/net/bytebuddy/byte-buddy-agent/1.12.8/byte-buddy-agent-1.12.8.jar, file:/root/./workspace/INRIA-spoon-master-4702_repo/.m2/org/objenesis/objenesis/3.2/objenesis-3.2.jar, file:/root/./workspace/INRIA-spoon-master-4702_repo/.m2/org/junit/jupiter/junit-jupiter-engine/5.8.2/junit-jupiter-engine-5.8.2.jar, file:/root/./workspace/INRIA-spoon-master-4702_repo/.m2/org/junit/platform/junit-platform-engine/1.8.2/junit-platform-engine-1.8.2.jar, file:/root/./workspace/INRIA-spoon-master-4702_repo/.m2/org/opentest4j/opentest4j/1.2.0/opentest4j-1.2.0.jar, file:/root/./workspace/INRIA-spoon-master-4702_repo/.m2/org/junit/platform/junit-platform-commons/1.8.2/junit-platform-commons-1.8.2.jar, file:/root/./workspace/INRIA-spoon-master-4702_repo/.m2/org/junit/jupiter/junit-jupiter-api/5.8.2/junit-jupiter-api-5.8.2.jar, file:/root/./workspace/INRIA-spoon-master-4702_repo/.m2/org/apiguardian/apiguardian-api/1.1.2/apiguardian-api-1.1.2.jar, file:/root/./workspace/INRIA-spoon-master-4702_repo/.m2/org/junit/jupiter/junit-jupiter-params/5.8.2/junit-jupiter-params-5.8.2.jar, file:/root/./workspace/INRIA-spoon-master-4702_repo/.m2/org/junit/platform/junit-platform-launcher/1.8.2/junit-platform-launcher-1.8.2.jar, file:/root/./workspace/INRIA-spoon-master-4702_repo/.m2/org/mockito/mockito-junit-jupiter/4.4.0/mockito-junit-jupiter-4.4.0.jar, file:/root/./workspace/INRIA-spoon-master-4702_repo/.m2/com/github/stefanbirkner/system-rules/1.19.0/system-rules-1.19.0.jar, file:/root/./workspace/INRIA-spoon-master-4702_repo/.m2/junit/junit/4.11-beta-1/junit-4.11-beta-1.jar, file:/root/./workspace/INRIA-spoon-master-4702_repo/.m2/org/hamcrest/hamcrest-core/1.3/hamcrest-core-1.3.jar, file:/root/./workspace/INRIA-spoon-master-4702_repo/target/classes/, file:/root/./workspace/INRIA-spoon-master-4702_repo/target/test-classes/]
[632] WARN Processor - ClassNotFoundException: spoon.support.visitor.java.internal.RecordComponentRuntimeBuilderContext
[632] WARN Processor - [file:/root/workspace/INRIA-spoon-master-4702_repo/target/classes/, file:/root/workspace/INRIA-spoon-master-4702_repo/target/test-classes/, file:/root/./workspace/INRIA-spoon-master-4702_repo/.m2/org/eclipse/jdt/org.eclipse.jdt.core/3.29.0/org.eclipse.jdt.core-3.29.0.jar, file:/root/./workspace/INRIA-spoon-master-4702_repo/.m2/com/martiansoftware/jsap/2.1/jsap-2.1.jar, file:/root/./workspace/INRIA-spoon-master-4702_repo/.m2/org/slf4j/slf4j-api/1.7.36/slf4j-api-1.7.36.jar, file:/root/./workspace/INRIA-spoon-master-4702_repo/.m2/commons-io/commons-io/2.11.0/commons-io-2.11.0.jar, file:/root/./workspace/INRIA-spoon-master-4702_repo/.m2/org/apache/maven/maven-model/3.8.5/maven-model-3.8.5.jar, file:/root/./workspace/INRIA-spoon-master-4702_repo/.m2/org/codehaus/plexus/plexus-utils/3.3.0/plexus-utils-3.3.0.jar, file:/root/./workspace/INRIA-spoon-master-4702_repo/.m2/org/apache/commons/commons-lang3/3.12.0/commons-lang3-3.12.0.jar, file:/root/./workspace/INRIA-spoon-master-4702_repo/.m2/org/tukaani/xz/1.9/xz-1.9.jar, file:/root/./workspace/INRIA-spoon-master-4702_repo/.m2/com/fasterxml/jackson/core/jackson-databind/2.13.2.2/jackson-databind-2.13.2.2.jar, file:/root/./workspace/INRIA-spoon-master-4702_repo/.m2/com/fasterxml/jackson/core/jackson-annotations/2.13.2/jackson-annotations-2.13.2.jar, file:/root/./workspace/INRIA-spoon-master-4702_repo/.m2/com/fasterxml/jackson/core/jackson-core/2.13.2/jackson-core-2.13.2.jar, file:/root/./workspace/INRIA-spoon-master-4702_repo/.m2/org/apache/commons/commons-compress/1.21/commons-compress-1.21.jar, file:/root/./workspace/INRIA-spoon-master-4702_repo/.m2/com/google/guava/guava/31.1-jre/guava-31.1-jre.jar, file:/root/./workspace/INRIA-spoon-master-4702_repo/.m2/com/google/guava/failureaccess/1.0.1/failureaccess-1.0.1.jar, file:/root/./workspace/INRIA-spoon-master-4702_repo/.m2/com/google/guava/listenablefuture/9999.0-empty-to-avoid-conflict-with-guava/listenablefuture-9999.0-empty-to-avoid-conflict-with-guava.jar, file:/root/./workspace/INRIA-spoon-master-4702_repo/.m2/com/google/code/findbugs/jsr305/3.0.2/jsr305-3.0.2.jar, file:/root/./workspace/INRIA-spoon-master-4702_repo/.m2/org/checkerframework/checker-qual/3.12.0/checker-qual-3.12.0.jar, file:/root/./workspace/INRIA-spoon-master-4702_repo/.m2/com/google/errorprone/error_prone_annotations/2.11.0/error_prone_annotations-2.11.0.jar, file:/root/./workspace/INRIA-spoon-master-4702_repo/.m2/com/google/j2objc/j2objc-annotations/1.3/j2objc-annotations-1.3.jar, file:/root/./workspace/INRIA-spoon-master-4702_repo/.m2/ch/qos/logback/logback-classic/1.2.11/logback-classic-1.2.11.jar, file:/root/./workspace/INRIA-spoon-master-4702_repo/.m2/ch/qos/logback/logback-core/1.2.11/logback-core-1.2.11.jar, file:/root/./workspace/INRIA-spoon-master-4702_repo/.m2/com/mysema/querydsl/querydsl-core/3.7.4/querydsl-core-3.7.4.jar, file:/root/./workspace/INRIA-spoon-master-4702_repo/.m2/org/apache/maven/shared/maven-invoker/3.2.0/maven-invoker-3.2.0.jar, file:/root/./workspace/INRIA-spoon-master-4702_repo/.m2/org/apache/maven/shared/maven-shared-utils/3.3.4/maven-shared-utils-3.3.4.jar, file:/root/./workspace/INRIA-spoon-master-4702_repo/.m2/javax/inject/javax.inject/1/javax.inject-1.jar, file:/root/./workspace/INRIA-spoon-master-4702_repo/.m2/javax/validation/validation-api/2.0.1.Final/validation-api-2.0.1.Final.jar, file:/root/./workspace/INRIA-spoon-master-4702_repo/.m2/uk/org/lidalia/slf4j-test/1.2.0/slf4j-test-1.2.0.jar, file:/root/./workspace/INRIA-spoon-master-4702_repo/.m2/uk/org/lidalia/lidalia-lang/1.0.0/lidalia-lang-1.0.0.jar, file:/root/./workspace/INRIA-spoon-master-4702_repo/.m2/uk/org/lidalia/lidalia-slf4j-ext/1.0.0/lidalia-slf4j-ext-1.0.0.jar, file:/root/./workspace/INRIA-spoon-master-4702_repo/.m2/joda-time/joda-time/2.2/joda-time-2.2.jar, file:/root/./workspace/INRIA-spoon-master-4702_repo/.m2/org/kohsuke/metainf-services/metainf-services/1.9/metainf-services-1.9.jar, file:/root/./workspace/INRIA-spoon-master-4702_repo/.m2/org/mockito/mockito-core/4.4.0/mockito-core-4.4.0.jar, file:/root/./workspace/INRIA-spoon-master-4702_repo/.m2/net/bytebuddy/byte-buddy/1.12.8/byte-buddy-1.12.8.jar, file:/root/./workspace/INRIA-spoon-master-4702_repo/.m2/net/bytebuddy/byte-buddy-agent/1.12.8/byte-buddy-agent-1.12.8.jar, file:/root/./workspace/INRIA-spoon-master-4702_repo/.m2/org/objenesis/objenesis/3.2/objenesis-3.2.jar, file:/root/./workspace/INRIA-spoon-master-4702_repo/.m2/org/junit/jupiter/junit-jupiter-engine/5.8.2/junit-jupiter-engine-5.8.2.jar, file:/root/./workspace/INRIA-spoon-master-4702_repo/.m2/org/junit/platform/junit-platform-engine/1.8.2/junit-platform-engine-1.8.2.jar, file:/root/./workspace/INRIA-spoon-master-4702_repo/.m2/org/opentest4j/opentest4j/1.2.0/opentest4j-1.2.0.jar, file:/root/./workspace/INRIA-spoon-master-4702_repo/.m2/org/junit/platform/junit-platform-commons/1.8.2/junit-platform-commons-1.8.2.jar, file:/root/./workspace/INRIA-spoon-master-4702_repo/.m2/org/junit/jupiter/junit-jupiter-api/5.8.2/junit-jupiter-api-5.8.2.jar, file:/root/./workspace/INRIA-spoon-master-4702_repo/.m2/org/apiguardian/apiguardian-api/1.1.2/apiguardian-api-1.1.2.jar, file:/root/./workspace/INRIA-spoon-master-4702_repo/.m2/org/junit/jupiter/junit-jupiter-params/5.8.2/junit-jupiter-params-5.8.2.jar, file:/root/./workspace/INRIA-spoon-master-4702_repo/.m2/org/junit/platform/junit-platform-launcher/1.8.2/junit-platform-launcher-1.8.2.jar, file:/root/./workspace/INRIA-spoon-master-4702_repo/.m2/org/mockito/mockito-junit-jupiter/4.4.0/mockito-junit-jupiter-4.4.0.jar, file:/root/./workspace/INRIA-spoon-master-4702_repo/.m2/com/github/stefanbirkner/system-rules/1.19.0/system-rules-1.19.0.jar, file:/root/./workspace/INRIA-spoon-master-4702_repo/.m2/junit/junit/4.11-beta-1/junit-4.11-beta-1.jar, file:/root/./workspace/INRIA-spoon-master-4702_repo/.m2/org/hamcrest/hamcrest-core/1.3/hamcrest-core-1.3.jar, file:/root/./workspace/INRIA-spoon-master-4702_repo/target/classes/, file:/root/./workspace/INRIA-spoon-master-4702_repo/target/test-classes/]
[674] WARN Processor - ClassNotFoundException: spoon.support.visitor.java.internal.RecordComponentRuntimeBuilderContext
[674] WARN Processor - [file:/root/workspace/INRIA-spoon-master-4702_repo/target/classes/, file:/root/workspace/INRIA-spoon-master-4702_repo/target/test-classes/, file:/root/./workspace/INRIA-spoon-master-4702_repo/.m2/org/eclipse/jdt/org.eclipse.jdt.core/3.29.0/org.eclipse.jdt.core-3.29.0.jar, file:/root/./workspace/INRIA-spoon-master-4702_repo/.m2/com/martiansoftware/jsap/2.1/jsap-2.1.jar, file:/root/./workspace/INRIA-spoon-master-4702_repo/.m2/org/slf4j/slf4j-api/1.7.36/slf4j-api-1.7.36.jar, file:/root/./workspace/INRIA-spoon-master-4702_repo/.m2/commons-io/commons-io/2.11.0/commons-io-2.11.0.jar, file:/root/./workspace/INRIA-spoon-master-4702_repo/.m2/org/apache/maven/maven-model/3.8.5/maven-model-3.8.5.jar, file:/root/./workspace/INRIA-spoon-master-4702_repo/.m2/org/codehaus/plexus/plexus-utils/3.3.0/plexus-utils-3.3.0.jar, file:/root/./workspace/INRIA-spoon-master-4702_repo/.m2/org/apache/commons/commons-lang3/3.12.0/commons-lang3-3.12.0.jar, file:/root/./workspace/INRIA-spoon-master-4702_repo/.m2/org/tukaani/xz/1.9/xz-1.9.jar, file:/root/./workspace/INRIA-spoon-master-4702_repo/.m2/com/fasterxml/jackson/core/jackson-databind/2.13.2.2/jackson-databind-2.13.2.2.jar, file:/root/./workspace/INRIA-spoon-master-4702_repo/.m2/com/fasterxml/jackson/core/jackson-annotations/2.13.2/jackson-annotations-2.13.2.jar, file:/root/./workspace/INRIA-spoon-master-4702_repo/.m2/com/fasterxml/jackson/core/jackson-core/2.13.2/jackson-core-2.13.2.jar, file:/root/./workspace/INRIA-spoon-master-4702_repo/.m2/org/apache/commons/commons-compress/1.21/commons-compress-1.21.jar, file:/root/./workspace/INRIA-spoon-master-4702_repo/.m2/com/google/guava/guava/31.1-jre/guava-31.1-jre.jar, file:/root/./workspace/INRIA-spoon-master-4702_repo/.m2/com/google/guava/failureaccess/1.0.1/failureaccess-1.0.1.jar, file:/root/./workspace/INRIA-spoon-master-4702_repo/.m2/com/google/guava/listenablefuture/9999.0-empty-to-avoid-conflict-with-guava/listenablefuture-9999.0-empty-to-avoid-conflict-with-guava.jar, file:/root/./workspace/INRIA-spoon-master-4702_repo/.m2/com/google/code/findbugs/jsr305/3.0.2/jsr305-3.0.2.jar, file:/root/./workspace/INRIA-spoon-master-4702_repo/.m2/org/checkerframework/checker-qual/3.12.0/checker-qual-3.12.0.jar, file:/root/./workspace/INRIA-spoon-master-4702_repo/.m2/com/google/errorprone/error_prone_annotations/2.11.0/error_prone_annotations-2.11.0.jar, file:/root/./workspace/INRIA-spoon-master-4702_repo/.m2/com/google/j2objc/j2objc-annotations/1.3/j2objc-annotations-1.3.jar, file:/root/./workspace/INRIA-spoon-master-4702_repo/.m2/ch/qos/logback/logback-classic/1.2.11/logback-classic-1.2.11.jar, file:/root/./workspace/INRIA-spoon-master-4702_repo/.m2/ch/qos/logback/logback-core/1.2.11/logback-core-1.2.11.jar, file:/root/./workspace/INRIA-spoon-master-4702_repo/.m2/com/mysema/querydsl/querydsl-core/3.7.4/querydsl-core-3.7.4.jar, file:/root/./workspace/INRIA-spoon-master-4702_repo/.m2/org/apache/maven/shared/maven-invoker/3.2.0/maven-invoker-3.2.0.jar, file:/root/./workspace/INRIA-spoon-master-4702_repo/.m2/org/apache/maven/shared/maven-shared-utils/3.3.4/maven-shared-utils-3.3.4.jar, file:/root/./workspace/INRIA-spoon-master-4702_repo/.m2/javax/inject/javax.inject/1/javax.inject-1.jar, file:/root/./workspace/INRIA-spoon-master-4702_repo/.m2/javax/validation/validation-api/2.0.1.Final/validation-api-2.0.1.Final.jar, file:/root/./workspace/INRIA-spoon-master-4702_repo/.m2/uk/org/lidalia/slf4j-test/1.2.0/slf4j-test-1.2.0.jar, file:/root/./workspace/INRIA-spoon-master-4702_repo/.m2/uk/org/lidalia/lidalia-lang/1.0.0/lidalia-lang-1.0.0.jar, file:/root/./workspace/INRIA-spoon-master-4702_repo/.m2/uk/org/lidalia/lidalia-slf4j-ext/1.0.0/lidalia-slf4j-ext-1.0.0.jar, file:/root/./workspace/INRIA-spoon-master-4702_repo/.m2/joda-time/joda-time/2.2/joda-time-2.2.jar, file:/root/./workspace/INRIA-spoon-master-4702_repo/.m2/org/kohsuke/metainf-services/metainf-services/1.9/metainf-services-1.9.jar, file:/root/./workspace/INRIA-spoon-master-4702_repo/.m2/org/mockito/mockito-core/4.4.0/mockito-core-4.4.0.jar, file:/root/./workspace/INRIA-spoon-master-4702_repo/.m2/net/bytebuddy/byte-buddy/1.12.8/byte-buddy-1.12.8.jar, file:/root/./workspace/INRIA-spoon-master-4702_repo/.m2/net/bytebuddy/byte-buddy-agent/1.12.8/byte-buddy-agent-1.12.8.jar, file:/root/./workspace/INRIA-spoon-master-4702_repo/.m2/org/objenesis/objenesis/3.2/objenesis-3.2.jar, file:/root/./workspace/INRIA-spoon-master-4702_repo/.m2/org/junit/jupiter/junit-jupiter-engine/5.8.2/junit-jupiter-engine-5.8.2.jar, file:/root/./workspace/INRIA-spoon-master-4702_repo/.m2/org/junit/platform/junit-platform-engine/1.8.2/junit-platform-engine-1.8.2.jar, file:/root/./workspace/INRIA-spoon-master-4702_repo/.m2/org/opentest4j/opentest4j/1.2.0/opentest4j-1.2.0.jar, file:/root/./workspace/INRIA-spoon-master-4702_repo/.m2/org/junit/platform/junit-platform-commons/1.8.2/junit-platform-commons-1.8.2.jar, file:/root/./workspace/INRIA-spoon-master-4702_repo/.m2/org/junit/jupiter/junit-jupiter-api/5.8.2/junit-jupiter-api-5.8.2.jar, file:/root/./workspace/INRIA-spoon-master-4702_repo/.m2/org/apiguardian/apiguardian-api/1.1.2/apiguardian-api-1.1.2.jar, file:/root/./workspace/INRIA-spoon-master-4702_repo/.m2/org/junit/jupiter/junit-jupiter-params/5.8.2/junit-jupiter-params-5.8.2.jar, file:/root/./workspace/INRIA-spoon-master-4702_repo/.m2/org/junit/platform/junit-platform-launcher/1.8.2/junit-platform-launcher-1.8.2.jar, file:/root/./workspace/INRIA-spoon-master-4702_repo/.m2/org/mockito/mockito-junit-jupiter/4.4.0/mockito-junit-jupiter-4.4.0.jar, file:/root/./workspace/INRIA-spoon-master-4702_repo/.m2/com/github/stefanbirkner/system-rules/1.19.0/system-rules-1.19.0.jar, file:/root/./workspace/INRIA-spoon-master-4702_repo/.m2/junit/junit/4.11-beta-1/junit-4.11-beta-1.jar, file:/root/./workspace/INRIA-spoon-master-4702_repo/.m2/org/hamcrest/hamcrest-core/1.3/hamcrest-core-1.3.jar, file:/root/./workspace/INRIA-spoon-master-4702_repo/target/classes/, file:/root/./workspace/INRIA-spoon-master-4702_repo/target/test-classes/]
[58460] WARN CoverageRunner - Test [Manual]TestMethod=spoon.MavenLauncherTest#testTypeResolution result was not reported by test-runner.
[128862] WARN CoverageRunner - Test [Manual]TestMethod=spoon.generating.CorrectIdentifierTest#keyWord result was not reported by test-runner.
[128862] WARN CoverageRunner - Test [Manual]TestMethod=spoon.generating.CorrectIdentifierTest#keyWord2 result was not reported by test-runner.
[128862] WARN CoverageRunner - Test [Manual]TestMethod=spoon.generating.CorrectIdentifierTest#keyWord3 result was not reported by test-runner.
[137175] WARN CoverageRunner - Test [Manual]TestMethod=spoon.support.visitor.java.JavaReflectionTreeBuilderTest#testShadowRecords result was not reported by test-runner.
[377567] WARN CoverageRunner - Test [Manual]TestMethod=spoon.test.intercession.IntercessionTest#testResetCollectionInSetters result was not reported by test-runner.
[672824] WARN CoverageRunner - Test [Manual]TestMethod=spoon.test.spoonifier.SpoonifierTest#testOnAllTestClasses result was not reported by test-runner.
[674630] WARN CoverageRunner - Test [Manual]TestMethod=spoon.test.spoonifier.SpoonifierTest#testSpoonifierElement result was not reported by test-runner.
[771584] WARN CoverageRunner - Test [Manual]TestMethod=spoon.test.comment.CommentTest#testDocumentationContract result was not reported by test-runner.
[890506] WARN CoverageRunner - Test [Manual]TestMethod=spoon.test.parent.ParentTest#testParentSetInSetter result was not reported by test-runner.
[1036980] WARN CoverageRunner - Test [Manual]TestMethod=spoon.test.prettyprinter.LoopSniperJavaPrettyPrinterTest#whileWithBraces result was not reported by test-runner.
[1112272] WARN CoverageRunner - Test [Manual]TestMethod=spoon.test.prettyprinter.DefaultPrettyPrinterTest#testCheckstyleCompliance result was not reported by test-runner.
[1112272] WARN CoverageRunner - Test [Manual]TestMethod=spoon.test.module.TestModule#testCompleteModuleInfoContentNoClasspath result was not reported by test-runner.
[1112272] WARN CoverageRunner - Test [Manual]TestMethod=spoon.test.module.TestModule#testModuleInfoShouldBeCorrectlyPrettyPrinted result was not reported by test-runner.
[1112272] WARN CoverageRunner - Test [Manual]TestMethod=spoon.test.module.TestModule#testModuleInfoWithComments result was not reported by test-runner.
[1112272] WARN CoverageRunner - Test [Manual]TestMethod=spoon.test.module.TestModule#testDirectiveOrders result was not reported by test-runner.
[1112272] WARN CoverageRunner - Test [Manual]TestMethod=spoon.test.module.TestModule#testGetParentOfRootPackageOfModule result was not reported by test-runner.
[1112272] WARN CoverageRunner - Test [Manual]TestMethod=spoon.test.module.TestModule#testGetModuleAfterChangingItsName result was not reported by test-runner.
[1112272] WARN CoverageRunner - Test [Manual]TestMethod=spoon.test.module.TestModule#testModuleNames result was not reported by test-runner.
[1112272] WARN CoverageRunner - Test [Manual]TestMethod=spoon.test.module.TestModule#testSimpleModuleCanBeBuilt result was not reported by test-runner.
[1112273] WARN CoverageRunner - Test [Manual]TestMethod=spoon.test.module.TestModule#testMultipleModulesAndParents result was not reported by test-runner.
[1112273] WARN CoverageRunner - Test [Manual]TestMethod=spoon.test.module.TestModule#testModuleComplianceLevelException result was not reported by test-runner.
[1112273] WARN CoverageRunner - Test [Manual]TestMethod=spoon.test.module.TestModule#testModuleOverlappingPackages result was not reported by test-runner.
[1546607] WARN CoverageRunner - Test [Manual]TestMethod=spoon.MavenLauncherTest#testTypeResolution result was not reported by test-runner.
[1616110] WARN CoverageRunner - Test [Manual]TestMethod=spoon.generating.CorrectIdentifierTest#keyWord result was not reported by test-runner.
[1616110] WARN CoverageRunner - Test [Manual]TestMethod=spoon.generating.CorrectIdentifierTest#keyWord2 result was not reported by test-runner.
[1616110] WARN CoverageRunner - Test [Manual]TestMethod=spoon.generating.CorrectIdentifierTest#keyWord3 result was not reported by test-runner.
[1624324] WARN CoverageRunner - Test [Manual]TestMethod=spoon.support.visitor.java.JavaReflectionTreeBuilderTest#testShadowRecords result was not reported by test-runner.
[1863655] WARN CoverageRunner - Test [Manual]TestMethod=spoon.test.intercession.IntercessionTest#testResetCollectionInSetters result was not reported by test-runner.
[2158361] WARN CoverageRunner - Test [Manual]TestMethod=spoon.test.spoonifier.SpoonifierTest#testOnAllTestClasses result was not reported by test-runner.
[2160133] WARN CoverageRunner - Test [Manual]TestMethod=spoon.test.spoonifier.SpoonifierTest#testSpoonifierElement result was not reported by test-runner.
[2257631] WARN CoverageRunner - Test [Manual]TestMethod=spoon.test.comment.CommentTest#testDocumentationContract result was not reported by test-runner.
[2375986] WARN CoverageRunner - Test [Manual]TestMethod=spoon.test.parent.ParentTest#testParentSetInSetter result was not reported by test-runner.
[2522080] WARN CoverageRunner - Test [Manual]TestMethod=spoon.test.prettyprinter.LoopSniperJavaPrettyPrinterTest#whileWithBraces result was not reported by test-runner.
[2597836] WARN CoverageRunner - Test [Manual]TestMethod=spoon.test.prettyprinter.DefaultPrettyPrinterTest#testCheckstyleCompliance result was not reported by test-runner.
[2597836] WARN CoverageRunner - Test [Manual]TestMethod=spoon.test.module.TestModule#testCompleteModuleInfoContentNoClasspath result was not reported by test-runner.
[2597836] WARN CoverageRunner - Test [Manual]TestMethod=spoon.test.module.TestModule#testModuleInfoShouldBeCorrectlyPrettyPrinted result was not reported by test-runner.
[2597836] WARN CoverageRunner - Test [Manual]TestMethod=spoon.test.module.TestModule#testModuleInfoWithComments result was not reported by test-runner.
[2597836] WARN CoverageRunner - Test [Manual]TestMethod=spoon.test.module.TestModule#testDirectiveOrders result was not reported by test-runner.
[2597836] WARN CoverageRunner - Test [Manual]TestMethod=spoon.test.module.TestModule#testGetParentOfRootPackageOfModule result was not reported by test-runner.
[2597836] WARN CoverageRunner - Test [Manual]TestMethod=spoon.test.module.TestModule#testGetModuleAfterChangingItsName result was not reported by test-runner.
[2597836] WARN CoverageRunner - Test [Manual]TestMethod=spoon.test.module.TestModule#testModuleNames result was not reported by test-runner.
[2597836] WARN CoverageRunner - Test [Manual]TestMethod=spoon.test.module.TestModule#testSimpleModuleCanBeBuilt result was not reported by test-runner.
[2597836] WARN CoverageRunner - Test [Manual]TestMethod=spoon.test.module.TestModule#testMultipleModulesAndParents result was not reported by test-runner.
[2597836] WARN CoverageRunner - Test [Manual]TestMethod=spoon.test.module.TestModule#testModuleComplianceLevelException result was not reported by test-runner.
[2597836] WARN CoverageRunner - Test [Manual]TestMethod=spoon.test.module.TestModule#testModuleOverlappingPackages result was not reported by test-runner.
[3028307] INFO CoverageRunner - Tests found: 3112
[3028307] INFO CoverageRunner - Tests executed: 3066
20:56:15.923 [main] INFO  fr.inria.jtravis.JTravis - GitHub ratelimit: Limit: 5000 Remaining: 4411 Reset hour: 03:29:27
20:56:19.351 [main] INFO  f.i.s.r.p.s.f.FlacocoLocalization - 
20:56:20.257 [main] INFO  f.i.s.r.p.i.ProjectInspector - ----------------------------------------------------------------------
20:56:20.257 [main] INFO  f.i.s.r.p.i.ProjectInspector - PIPELINE EXECUTION SUMMARY
20:56:20.257 [main] INFO  f.i.s.r.p.i.ProjectInspector - ----------------------------------------------------------------------
20:56:20.258 [main] INFO  f.i.s.r.p.i.ProjectInspector - CloneCheckoutGitPullRequest.........................SUCCESS [    8 s ]
20:56:20.258 [main] INFO  f.i.s.r.p.i.ProjectInspector - BuildProject........................................SUCCESS [   47 s ]
20:56:20.258 [main] INFO  f.i.s.r.p.i.ProjectInspector - TestProject.........................................SUCCESS [  191 s ]
20:56:20.258 [main] INFO  f.i.s.r.p.i.ProjectInspector - ComputeClasspath....................................SUCCESS [    4 s ]
20:56:20.258 [main] INFO  f.i.s.r.p.i.ProjectInspector - ComputeSourceDir....................................SUCCESS [    0 s ]
20:56:20.258 [main] INFO  f.i.s.r.p.i.ProjectInspector - ComputeTestDir......................................SUCCESS [    0 s ]
20:56:20.258 [main] INFO  f.i.s.r.p.i.ProjectInspector - GatherTestInformation...............................SUCCESS [    0 s ]
20:56:20.258 [main] INFO  f.i.s.r.p.i.ProjectInspector - FlacocoLocalization.................................SUCCESS [ 3029 s ]
20:56:20.258 [main] INFO  f.i.s.r.p.i.ProjectInspector - PushFaultLocalizationSuggestions....................SUCCESS [    3 s ]
20:56:20.258 [main] INFO  f.i.s.r.p.i.ProjectInspector - ----------------------------------------------------------------------
20:56:20.258 [main] INFO  f.i.s.r.p.i.ProjectInspector - PIPELINE FINDING: TEST FAILURE
20:56:20.258 [main] INFO  f.i.s.r.p.i.ProjectInspector - ----------------------------------------------------------------------
20:56:20.258 [main] INFO  f.i.s.r.p.github.GithubMainProcess - Inspector is finished. The process will exit now.
